<ueReceptionReport>
  <arriveTime>2014-12-29T07:56:20.520+00:00</arriveTime>
  <requestURI>http://mbadp-ohcn01-e.myvzw.com:80/reportingService/ericsson_bmsc/16776210_1001_2001</requestURI>
  <sourceAddress>2001:4888:4:3ee0:b0:d::</sourceAddress>
  <userAgent><![CDATA[TestAgent]]></userAgent>
  <contentType><![CDATA[multipart/mixed; boundary=frontier]]></contentType>
  <requestXML><![CDATA[MIME-Version: 1.0
Content-Type: multipart/mixed; boundary=frontier

--frontier
Content-Type: text/xml

<g1:receptionReport xmlns="urn:3gpp:ns:metadata" xmlns:g1="urn:3gpp:metadata:2008:MBMS:receptionreport" xmlns:xsi="http://www.w3.org/2001/XMLSchema-instance" xsi:schemaLocation="urn:3gpp:metadata:2008:MBMS:receptionreport receptionReportingRequestRestricted.xsd">
  <g1:statisticalReport clientId="990034600019" serviceId="urn:wpst:test:16776210:1001:2001">
    <g1:qoeMetrics networkResourceCellId="240012AF05A62 240012AF053A2 240012AF05745 240012AF05D9A 240012AF053A2 240012AF04F5D 240012AF053A2 240012AF04766 240012AF04F5D 240012AF04D19 240012AF053A2 = = 240012AF04766 240012AF05D9A 240012AF04D19 240012AF04A25 240012AF053A2 240012AF04766 240012AF05A62 240012AF05745 = 240012AF04A25 240012AF04D19 240012AF05D9A 240012AF053A2 240012AF04A25 = 240012AF05A62 240012AF053A2 240012AF05B22 240012AF04766 240012AF05745 240012AF04F5D 240012AF053A2 240012AF05B22 240012AF04A25 240012AF05745 240012AF04D19 240012AF053A2" numberOfLostObjects="17 15 11 17 13 16 16 8 12 15 11 14 13 14 11 11 12 8 12 8 10 7 9 7 5 10 9 8 10 6 5 7 4 6 4 5 6 2 6 0" numberOfReceivedObjects="43 45 49 43 47 44 44 52 48 45 49 46 47 46 49 49 48 52 48 52 50 53 51 53 55 50 51 52 50 54 55 53 56 54 56 55 54 58 54 60" sessionStartTime="3628825149" sessionStopTime="3628827549"></g1:qoeMetrics>
  </g1:statisticalReport>
</g1:receptionReport>

--frontier--
]]></requestXML>
</ueReceptionReport>
<ueReceptionReport>
  <arriveTime>2014-12-29T08:36:30.520+00:00</arriveTime>
  <requestURI>http://mbadp-ohcn01-e.myvzw.com:80/reportingService/ericsson_bmsc/16776210_1001_2001</requestURI>
  <sourceAddress>2001:4888:4:3ee0:b0:d::</sourceAddress>
  <userAgent><![CDATA[TestAgent]]></userAgent>
  <contentType><![CDATA[multipart/mixed; boundary=frontier]]></contentType>
  <requestXML><![CDATA[MIME-Version: 1.0
Content-Type: multipart/mixed; boundary=frontier

--frontier
Content-Type: text/xml

<g1:receptionReport xmlns="urn:3gpp:ns:metadata" xmlns:g1="urn:3gpp:metadata:2008:MBMS:receptionreport" xmlns:xsi="http://www.w3.org/2001/XMLSchema-instance" xsi:schemaLocation="urn:3gpp:metadata:2008:MBMS:receptionreport receptionReportingRequestRestricted.xsd">
  <g1:statisticalReport clientId="990034600019" serviceId="urn:wpst:test:16776210:1001:2001">
    <g1:qoeMetrics networkResourceCellId="240012AF053A2 = 240012AF05139 240012AF04A25 240012AF053A2 240012AF05D9A 240012AF05A62 240012AF05745 240012AF04D19 240012AF053A2 240012AF05D9A 240012AF04766 240012AF05D9A 240012AF05745 240012AF04A25 = 240012AF04D19 240012AF05745 240012AF053A2 240012AF05A62 240012AF04766 240012AF04F5D 240012AF05A62 240012AF04D19 240012AF05745 240012AF05A62 240012AF05D9A 240012AF04A25 240012AF05745 240012AF04A25 = 240012AF05B22 240012AF04F5D 240012AF04A25 = 240012AF05B22 240012AF05745 240012AF05B22 240012AF04F5D 240012AF05745" numberOfLostObjects="19 18 11 8 10 16 14 8 10 10 13 13 8 11 12 8 8 12 14 10 13 7 10 8 13 6 12 12 9 9 4 4 6 4 7 6 4 4 6 3" numberOfReceivedObjects="41 42 49 52 50 44 46 52 50 50 47 47 52 49 48 52 52 48 46 50 47 53 50 52 47 54 48 48 51 51 56 56 54 56 53 54 56 56 54 57" sessionStartTime="3628827549" sessionStopTime="3628829949"></g1:qoeMetrics>
  </g1:statisticalReport>
</g1:receptionReport>

--frontier--
]]></requestXML>
</ueReceptionReport>
<ueReceptionReport>
  <arriveTime>2014-12-29T09:16:26.520+00:00</arriveTime>
  <requestURI>http://mbadp-ohcn01-e.myvzw.com:80/reportingService/ericsson_bmsc/16776210_1001_2001</requestURI>
  <sourceAddress>2001:4888:4:3ee0:b0:d::</sourceAddress>
  <userAgent><![CDATA[TestAgent]]></userAgent>
  <contentType><![CDATA[multipart/mixed; boundary=frontier]]></contentType>
  <requestXML><![CDATA[MIME-Version: 1.0
Content-Type: multipart/mixed; boundary=frontier

--frontier
Content-Type: text/xml

<g1:receptionReport xmlns="urn:3gpp:ns:metadata" xmlns:g1="urn:3gpp:metadata:2008:MBMS:receptionreport" xmlns:xsi="http://www.w3.org/2001/XMLSchema-instance" xsi:schemaLocation="urn:3gpp:metadata:2008:MBMS:receptionreport receptionReportingRequestRestricted.xsd">
  <g1:statisticalReport clientId="990034600020" serviceId="urn:wpst:test:16776210:1001:2001">
    <g1:qoeMetrics networkResourceCellId="240012AF0571A 240012AF054C2 = 240012AF0571A = 240012AF047E9 240012AF05B71 240012AF04EF0 = 240012AF05DB5 240012AF0582A 240012AF05B71 240012AF04B79 240012AF05B71 240012AF054C2 240012AF0582A 240012AF05B71 240012AF0582A 240012AF055A7 240012AF0571A = 240012AF04B79 240012AF05B71 240012AF054C2 = 240012AF047E9 240012AF054C2 240012AF0571A 240012AF0582A 240012AF055A7 240012AF054C2 240012AF05B71 240012AF054C2 240012AF04B79 = 240012AF04EF0 240012AF0571A 240012AF04EF0 240012AF04B79 240012AF0571A 240012AF05DB5 240012AF05D06 240012AF0582A 240012AF047E9 240012AF05B71 240012AF0571A = 240012AF05D06 240012AF05B71 240012AF05DB5 240012AF04EF0 240012AF05B71 240012AF047E9 240012AF055A7 240012AF05DB5 240012AF0582A 240012AF05D06 240012AF04EF0 240012AF05B71 240012AF0582A 240012AF0571A 240012AF05DB5 240012AF047E9 240012AF04EF0 240012AF054C2 240012AF055A7 240012AF047E9 240012AF04EF0 240012AF0571A 240012AF05DB5 240012AF054C2 240012AF055A7 = 240012AF0571A 240012AF05D06 240012AF05B71 240012AF055A7 240012AF04EF0 240012AF0582A 240012AF05B71 240012AF05DB5 240012AF0571A 240012AF05D06 240012AF054C2 240012AF0582A 240012AF0571A 240012AF055A7 240012AF0582A 240012AF0571A 240012AF054C2 240012AF04B79 240012AF05D06 240012AF04EF0 240012AF05DB5 240012AF054C2 240012AF047E9 240012AF05B71 = = = 240012AF04B79 240012AF05DB5 240012AF047E9 240012AF054C2 240012AF055A7 240012AF047E9 240012AF055A7 = 240012AF05B71 240012AF04B79 240012AF054C2 = 240012AF047E9 240012AF054C2 240012AF0582A 240012AF0571A 240012AF054C2 240012AF047E9 240012AF05DB5 240012AF04EF0" numberOfLostObjects="4 3 3 2 4 3 4 4 4 5 3 5 2 5 3 3 2 5 3 3 5 5 3 3 4 4 4 4 3 2 5 4 3 2 4 4 4 2 3 2 5 4 5 2 3 3 3 4 2 4 5 2 4 3 3 2 5 5 4 2 5 4 3 2 3 2 2 2 2 2 3 3 2 2 3 2 3 4 3 3 2 3 2 2 4 2 4 4 3 3 2 4 2 3 4 4 2 1 2 4 2 3 2 2 1 3 3 1 1 2 2 2 1 3 3 2 1 1 2 1" numberOfReceivedObjects="56 57 57 58 56 57 56 56 56 55 57 55 58 55 57 57 58 55 57 57 55 55 57 57 56 56 56 56 57 58 55 56 57 58 56 56 56 58 57 58 55 56 55 58 57 57 57 56 58 56 55 58 56 57 57 58 55 55 56 58 55 56 57 58 57 58 58 58 58 58 57 57 58 58 57 58 57 56 57 57 58 57 58 58 56 58 56 56 57 57 58 56 58 57 56 56 58 59 58 56 58 57 58 58 59 57 57 59 59 58 58 58 59 57 57 58 59 59 58 59" sessionStartTime="3628825149" sessionStopTime="3628832349"></g1:qoeMetrics>
  </g1:statisticalReport>
</g1:receptionReport>

--frontier--
]]></requestXML>
</ueReceptionReport>
<ueReceptionReport>
  <arriveTime>2014-12-29T07:56:06.520+00:00</arriveTime>
  <requestURI>http://mbadp-ohcn01-e.myvzw.com:80/reportingService/ericsson_bmsc/16776210_1001_2001</requestURI>
  <sourceAddress>2001:4888:4:3ee0:b0:d::</sourceAddress>
  <userAgent><![CDATA[TestAgent]]></userAgent>
  <contentType><![CDATA[multipart/mixed; boundary=frontier]]></contentType>
  <requestXML><![CDATA[MIME-Version: 1.0
Content-Type: multipart/mixed; boundary=frontier

--frontier
Content-Type: text/xml

<g1:receptionReport xmlns="urn:3gpp:ns:metadata" xmlns:g1="urn:3gpp:metadata:2008:MBMS:receptionreport" xmlns:xsi="http://www.w3.org/2001/XMLSchema-instance" xsi:schemaLocation="urn:3gpp:metadata:2008:MBMS:receptionreport receptionReportingRequestRestricted.xsd">
  <g1:statisticalReport clientId="990034600021" serviceId="urn:wpst:test:16776210:1001:2001">
    <g1:qoeMetrics networkResourceCellId="240012AF05BE0 240012AF05157 = 240012AF05D3A 240012AF05023 240012AF047D9 240012AF05D3A 240012AF047D9 240012AF047EC 240012AF04A5C 240012AF05023 = 240012AF047D9 240012AF05023 240012AF05157 240012AF04A5C 240012AF047D9 = 240012AF05BE0 240012AF052CF 240012AF05157 240012AF05D3A 240012AF04AA8 240012AF05023 240012AF05157 240012AF04AA8 240012AF05157 240012AF04A5C 240012AF05157 240012AF047EC 240012AF05023 240012AF052CF 240012AF05BE0 240012AF04A5C 240012AF052CF = 240012AF05D3A 240012AF052CF 240012AF04910 240012AF047D9" numberOfLostObjects="10 14 11 10 17 16 12 13 13 10 13 9 16 10 11 10 14 10 8 9 12 6 9 13 7 7 11 9 8 11 5 7 8 8 3 4 5 4 5 2" numberOfReceivedObjects="50 46 49 50 43 44 48 47 47 50 47 51 44 50 49 50 46 50 52 51 48 54 51 47 53 53 49 51 52 49 55 53 52 52 57 56 55 56 55 58" sessionStartTime="3628825149" sessionStopTime="3628827549"></g1:qoeMetrics>
  </g1:statisticalReport>
</g1:receptionReport>

--frontier--
]]></requestXML>
</ueReceptionReport>
<ueReceptionReport>
  <arriveTime>2014-12-29T08:36:35.520+00:00</arriveTime>
  <requestURI>http://mbadp-ohcn01-e.myvzw.com:80/reportingService/ericsson_bmsc/16776210_1001_2001</requestURI>
  <sourceAddress>2001:4888:4:3ee0:b0:d::</sourceAddress>
  <userAgent><![CDATA[TestAgent]]></userAgent>
  <contentType><![CDATA[multipart/mixed; boundary=frontier]]></contentType>
  <requestXML><![CDATA[MIME-Version: 1.0
Content-Type: multipart/mixed; boundary=frontier

--frontier
Content-Type: text/xml

<g1:receptionReport xmlns="urn:3gpp:ns:metadata" xmlns:g1="urn:3gpp:metadata:2008:MBMS:receptionreport" xmlns:xsi="http://www.w3.org/2001/XMLSchema-instance" xsi:schemaLocation="urn:3gpp:metadata:2008:MBMS:receptionreport receptionReportingRequestRestricted.xsd">
  <g1:statisticalReport clientId="990034600021" serviceId="urn:wpst:test:16776210:1001:2001">
    <g1:qoeMetrics networkResourceCellId="240012AF05BE0 240012AF04910 240012AF047D9 240012AF04910 240012AF047D9 240012AF05157 240012AF052CF 240012AF04A5C 240012AF04AA8 240012AF04A5C 240012AF05157 240012AF047EC 240012AF05023 240012AF047D9 240012AF04AA8 240012AF05D3A 240012AF052CF 240012AF047D9 = = 240012AF047EC = = 240012AF05157 240012AF047D9 240012AF04910 240012AF05BE0 240012AF05D3A = 240012AF047D9 240012AF04AA8 240012AF05BE0 240012AF05D3A 240012AF05023 240012AF047EC 240012AF047D9 240012AF047EC 240012AF05023 240012AF047EC 240012AF05157" numberOfLostObjects="16 14 13 18 12 8 15 14 13 10 10 16 12 10 15 10 14 10 7 9 7 10 10 9 8 9 9 11 8 7 6 8 8 5 3 3 6 2 5 0" numberOfReceivedObjects="44 46 47 42 48 52 45 46 47 50 50 44 48 50 45 50 46 50 53 51 53 50 50 51 52 51 51 49 52 53 54 52 52 55 57 57 54 58 55 60" sessionStartTime="3628827549" sessionStopTime="3628829949"></g1:qoeMetrics>
  </g1:statisticalReport>
</g1:receptionReport>

--frontier--
]]></requestXML>
</ueReceptionReport>
<ueReceptionReport>
  <arriveTime>2014-12-29T07:55:57.520+00:00</arriveTime>
  <requestURI>http://mbadp-ohcn01-e.myvzw.com:80/reportingService/ericsson_bmsc/16776210_1001_2001</requestURI>
  <sourceAddress>2001:4888:4:3ee0:b0:d::</sourceAddress>
  <userAgent><![CDATA[TestAgent]]></userAgent>
  <contentType><![CDATA[multipart/mixed; boundary=frontier]]></contentType>
  <requestXML><![CDATA[MIME-Version: 1.0
Content-Type: multipart/mixed; boundary=frontier

--frontier
Content-Type: text/xml

<g1:receptionReport xmlns="urn:3gpp:ns:metadata" xmlns:g1="urn:3gpp:metadata:2008:MBMS:receptionreport" xmlns:xsi="http://www.w3.org/2001/XMLSchema-instance" xsi:schemaLocation="urn:3gpp:metadata:2008:MBMS:receptionreport receptionReportingRequestRestricted.xsd">
  <g1:statisticalReport clientId="990034600022" serviceId="urn:wpst:test:16776210:1001:2001">
    <g1:qoeMetrics networkResourceCellId="240012AF04D60 = 240012AF059D0 240012AF0560B 240012AF059D0 240012AF04C0C 240012AF04B97 240012AF05D78 240012AF059D0 240012AF0560B 240012AF04F16 240012AF0517F 240012AF04D60 240012AF059D0 240012AF04F16 240012AF04B97 240012AF059D0 240012AF04D60 240012AF059D0 240012AF05806 = 240012AF059D0 240012AF0517F = 240012AF04B97 240012AF04D60 240012AF05806 240012AF0517F 240012AF05D78 240012AF05372 240012AF04C0C 240012AF0517F = 240012AF0560B 240012AF05D78 240012AF04F16 240012AF05D78 240012AF04D60 240012AF05D78 240012AF0560B" numberOfLostObjects="13 15 15 18 10 12 15 16 14 15 7 13 12 11 7 8 13 13 12 13 6 8 6 11 7 10 7 9 6 9 8 4 4 6 6 5 6 6 2 2" numberOfReceivedObjects="47 45 45 42 50 48 45 44 46 45 53 47 48 49 53 52 47 47 48 47 54 52 54 49 53 50 53 51 54 51 52 56 56 54 54 55 54 54 58 58" sessionStartTime="3628825149" sessionStopTime="3628827549"></g1:qoeMetrics>
  </g1:statisticalReport>
</g1:receptionReport>

--frontier--
]]></requestXML>
</ueReceptionReport>
<ueReceptionReport>
  <arriveTime>2014-12-29T08:36:32.520+00:00</arriveTime>
  <requestURI>http://mbadp-ohcn01-e.myvzw.com:80/reportingService/ericsson_bmsc/16776210_1001_2001</requestURI>
  <sourceAddress>2001:4888:4:3ee0:b0:d::</sourceAddress>
  <userAgent><![CDATA[TestAgent]]></userAgent>
  <contentType><![CDATA[multipart/mixed; boundary=frontier]]></contentType>
  <requestXML><![CDATA[MIME-Version: 1.0
Content-Type: multipart/mixed; boundary=frontier

--frontier
Content-Type: text/xml

<g1:receptionReport xmlns="urn:3gpp:ns:metadata" xmlns:g1="urn:3gpp:metadata:2008:MBMS:receptionreport" xmlns:xsi="http://www.w3.org/2001/XMLSchema-instance" xsi:schemaLocation="urn:3gpp:metadata:2008:MBMS:receptionreport receptionReportingRequestRestricted.xsd">
  <g1:statisticalReport clientId="990034600022" serviceId="urn:wpst:test:16776210:1001:2001">
    <g1:qoeMetrics networkResourceCellId="240012AF04D60 = 240012AF05806 240012AF04F16 240012AF04B97 240012AF04D60 240012AF04C0C 240012AF04B97 240012AF059D0 240012AF05372 240012AF05D78 240012AF0560B 240012AF04F16 240012AF04D60 240012AF05D78 240012AF0560B 240012AF05D78 240012AF059D0 240012AF0517F 240012AF05372 240012AF04D60 240012AF04B97 240012AF04F16 240012AF0560B 240012AF0517F 240012AF05372 240012AF05806 240012AF04C0C 240012AF04D60 240012AF04B97 240012AF0560B 240012AF04B97 240012AF05806 240012AF04B97 = = 240012AF05372 240012AF04D60 = 240012AF059D0" numberOfLostObjects="15 10 10 10 12 18 13 10 15 16 12 8 15 12 14 9 8 10 10 8 7 13 10 12 10 10 8 10 9 9 5 7 5 7 6 4 5 4 3 1" numberOfReceivedObjects="45 50 50 50 48 42 47 50 45 44 48 52 45 48 46 51 52 50 50 52 53 47 50 48 50 50 52 50 51 51 55 53 55 53 54 56 55 56 57 59" sessionStartTime="3628827549" sessionStopTime="3628829949"></g1:qoeMetrics>
  </g1:statisticalReport>
</g1:receptionReport>

--frontier--
]]></requestXML>
</ueReceptionReport>
<ueReceptionReport>
  <arriveTime>2014-12-29T07:55:53.520+00:00</arriveTime>
  <requestURI>http://mbadp-ohcn01-e.myvzw.com:80/reportingService/ericsson_bmsc/16776210_1001_2001</requestURI>
  <sourceAddress>2001:4888:4:3ee0:b0:d::</sourceAddress>
  <userAgent><![CDATA[TestAgent]]></userAgent>
  <contentType><![CDATA[multipart/mixed; boundary=frontier]]></contentType>
  <requestXML><![CDATA[MIME-Version: 1.0
Content-Type: multipart/mixed; boundary=frontier

--frontier
Content-Type: text/xml

<g1:receptionReport xmlns="urn:3gpp:ns:metadata" xmlns:g1="urn:3gpp:metadata:2008:MBMS:receptionreport" xmlns:xsi="http://www.w3.org/2001/XMLSchema-instance" xsi:schemaLocation="urn:3gpp:metadata:2008:MBMS:receptionreport receptionReportingRequestRestricted.xsd">
  <g1:statisticalReport clientId="990034600023" serviceId="urn:wpst:test:16776210:1001:2001">
    <g1:qoeMetrics networkResourceCellId="240012AF058C2 240012AF05688 240012AF0471D 240012AF0474E 240012AF04909 240012AF05688 240012AF0569E 240012AF0471D 240012AF0474E 240012AF0569E 240012AF0474E 240012AF0569E 240012AF0474E 240012AF0471D 240012AF0474E = 240012AF0471D 240012AF058C2 240012AF05688 240012AF058C2 240012AF0569E 240012AF04D4C 240012AF0471D 240012AF05AF0 240012AF04909 240012AF0471D 240012AF0474E 240012AF04909 240012AF05234 = 240012AF0474E 240012AF04D4C 240012AF0471D 240012AF04D4C 240012AF05234 240012AF058C2 240012AF04B0B 240012AF058C2 240012AF04B0B 240012AF04909" numberOfLostObjects="19 11 11 9 13 15 13 14 9 9 9 8 10 12 13 12 14 7 7 14 13 11 13 10 7 8 8 7 7 10 10 8 5 8 4 6 4 4 4 4" numberOfReceivedObjects="41 49 49 51 47 45 47 46 51 51 51 52 50 48 47 48 46 53 53 46 47 49 47 50 53 52 52 53 53 50 50 52 55 52 56 54 56 56 56 56" sessionStartTime="3628825149" sessionStopTime="3628827549"></g1:qoeMetrics>
  </g1:statisticalReport>
</g1:receptionReport>

--frontier--
]]></requestXML>
</ueReceptionReport>
<ueReceptionReport>
  <arriveTime>2014-12-29T08:35:58.520+00:00</arriveTime>
  <requestURI>http://mbadp-ohcn01-e.myvzw.com:80/reportingService/ericsson_bmsc/16776210_1001_2001</requestURI>
  <sourceAddress>2001:4888:4:3ee0:b0:d::</sourceAddress>
  <userAgent><![CDATA[TestAgent]]></userAgent>
  <contentType><![CDATA[multipart/mixed; boundary=frontier]]></contentType>
  <requestXML><![CDATA[MIME-Version: 1.0
Content-Type: multipart/mixed; boundary=frontier

--frontier
Content-Type: text/xml

<g1:receptionReport xmlns="urn:3gpp:ns:metadata" xmlns:g1="urn:3gpp:metadata:2008:MBMS:receptionreport" xmlns:xsi="http://www.w3.org/2001/XMLSchema-instance" xsi:schemaLocation="urn:3gpp:metadata:2008:MBMS:receptionreport receptionReportingRequestRestricted.xsd">
  <g1:statisticalReport clientId="990034600023" serviceId="urn:wpst:test:16776210:1001:2001">
    <g1:qoeMetrics networkResourceCellId="240012AF0569E 240012AF04909 240012AF05AF0 240012AF0474E = 240012AF05234 240012AF0471D = 240012AF04909 240012AF0569E 240012AF0474E 240012AF058C2 240012AF0471D = 240012AF05234 240012AF0474E = 240012AF05234 240012AF05AF0 240012AF058C2 240012AF04B0B 240012AF04909 240012AF05688 240012AF04909 = 240012AF05234 240012AF04909 240012AF0569E 240012AF05AF0 240012AF058C2 240012AF0569E 240012AF05AF0 240012AF05688 240012AF05AF0 240012AF05234 240012AF05AF0 240012AF05234 240012AF04D4C 240012AF058C2 240012AF0569E" numberOfLostObjects="15 18 11 11 11 17 16 16 16 14 14 10 15 8 8 14 6 13 6 6 10 10 6 11 9 9 5 9 7 7 6 5 6 6 6 5 6 5 5 2" numberOfReceivedObjects="45 42 49 49 49 43 44 44 44 46 46 50 45 52 52 46 54 47 54 54 50 50 54 49 51 51 55 51 53 53 54 55 54 54 54 55 54 55 55 58" sessionStartTime="3628827549" sessionStopTime="3628829949"></g1:qoeMetrics>
  </g1:statisticalReport>
</g1:receptionReport>

--frontier--
]]></requestXML>
</ueReceptionReport>
<ueReceptionReport>
  <arriveTime>2014-12-29T09:16:39.520+00:00</arriveTime>
  <requestURI>http://mbadp-ohcn01-e.myvzw.com:80/reportingService/ericsson_bmsc/16776210_1001_2001</requestURI>
  <sourceAddress>2001:4888:4:3ee0:b0:d::</sourceAddress>
  <userAgent><![CDATA[TestAgent]]></userAgent>
  <contentType><![CDATA[multipart/mixed; boundary=frontier]]></contentType>
  <requestXML><![CDATA[MIME-Version: 1.0
Content-Type: multipart/mixed; boundary=frontier

--frontier
Content-Type: text/xml

<g1:receptionReport xmlns="urn:3gpp:ns:metadata" xmlns:g1="urn:3gpp:metadata:2008:MBMS:receptionreport" xmlns:xsi="http://www.w3.org/2001/XMLSchema-instance" xsi:schemaLocation="urn:3gpp:metadata:2008:MBMS:receptionreport receptionReportingRequestRestricted.xsd">
  <g1:statisticalReport clientId="990034600024" serviceId="urn:wpst:test:16776210:1001:2001">
    <g1:qoeMetrics networkResourceCellId="240012AF0505D 240012AF05473 240012AF04F00 240012AF05473 240012AF0505D 240012AF04D9D 240012AF05D42 240012AF05473 = = 240012AF0566F 240012AF04D9D 240012AF0566F 240012AF04D9D 240012AF0568E 240012AF04D9D 240012AF0568E 240012AF05937 240012AF04F00 240012AF04D9D 240012AF04F00 240012AF04D9D 240012AF0492E 240012AF05473 240012AF0505D 240012AF05937 240012AF05473 240012AF05D42 240012AF0566F 240012AF05473 240012AF04F00 240012AF04D9D 240012AF05473 240012AF04F00 240012AF05218 240012AF05937 240012AF05473 240012AF0492E 240012AF05937 240012AF0568E 240012AF0505D 240012AF0568E 240012AF04D9D = 240012AF05D42 240012AF05218 = = 240012AF04F00 240012AF0568E 240012AF05D42 240012AF04F00 240012AF05D42 240012AF05218 240012AF05937 240012AF0568E 240012AF05473 240012AF0492E 240012AF05218 240012AF05D42 240012AF04F00 240012AF05218 240012AF05937 240012AF05473 240012AF0568E 240012AF0492E 240012AF0566F 240012AF05473 240012AF0566F 240012AF05218 240012AF05473 = 240012AF05218 = 240012AF04D9D 240012AF0505D 240012AF05937 240012AF05D42 240012AF05473 240012AF0505D 240012AF0566F = 240012AF0505D 240012AF05473 240012AF0492E 240012AF05D42 240012AF04F00 240012AF05937 240012AF0568E 240012AF05218 240012AF04D9D 240012AF05473 240012AF0566F 240012AF0492E 240012AF0568E 240012AF0566F = 240012AF05937 240012AF0505D 240012AF0492E 240012AF04F00 240012AF05937 240012AF04F00 240012AF0568E = 240012AF04D9D 240012AF05937 240012AF0505D 240012AF05D42 240012AF0492E 240012AF05218 240012AF05473 240012AF0568E 240012AF0492E 240012AF0568E 240012AF05473 = 240012AF04F00 240012AF0492E 240012AF05473" numberOfLostObjects="3 5 2 4 5 3 4 4 5 5 3 4 3 3 4 4 3 2 3 4 2 3 3 2 2 3 3 5 2 2 5 2 4 5 5 3 2 3 5 2 3 2 4 4 4 2 2 5 3 3 3 3 4 4 3 5 5 4 4 5 4 3 2 2 3 5 2 4 2 4 2 3 4 3 4 4 2 2 4 3 4 2 3 2 4 2 4 3 4 4 1 3 3 1 1 3 1 2 3 3 2 1 2 2 3 1 1 1 4 1 2 2 2 1 4 2 1 1 2 2" numberOfReceivedObjects="57 55 58 56 55 57 56 56 55 55 57 56 57 57 56 56 57 58 57 56 58 57 57 58 58 57 57 55 58 58 55 58 56 55 55 57 58 57 55 58 57 58 56 56 56 58 58 55 57 57 57 57 56 56 57 55 55 56 56 55 56 57 58 58 57 55 58 56 58 56 58 57 56 57 56 56 58 58 56 57 56 58 57 58 56 58 56 57 56 56 59 57 57 59 59 57 59 58 57 57 58 59 58 58 57 59 59 59 56 59 58 58 58 59 56 58 59 59 58 58" sessionStartTime="3628825149" sessionStopTime="3628832349"></g1:qoeMetrics>
  </g1:statisticalReport>
</g1:receptionReport>

--frontier--
]]></requestXML>
</ueReceptionReport>
