<ueReceptionReport>
  <arriveTime>2014-12-29T09:16:14.520+00:00</arriveTime>
  <requestURI>http://mbadp-ohcn01-e.myvzw.com:80/reportingService/ericsson_bmsc/16776210_1001_2001</requestURI>
  <sourceAddress>2001:4888:4:3ee0:b0:d::</sourceAddress>
  <userAgent><![CDATA[TestAgent]]></userAgent>
  <contentType><![CDATA[multipart/mixed; boundary=frontier]]></contentType>
  <requestXML><![CDATA[MIME-Version: 1.0
Content-Type: multipart/mixed; boundary=frontier

--frontier
Content-Type: text/xml

<g1:receptionReport xmlns="urn:3gpp:ns:metadata" xmlns:g1="urn:3gpp:metadata:2008:MBMS:receptionreport" xmlns:xsi="http://www.w3.org/2001/XMLSchema-instance" xsi:schemaLocation="urn:3gpp:metadata:2008:MBMS:receptionreport receptionReportingRequestRestricted.xsd">
  <g1:statisticalReport clientId="990034600049" serviceId="urn:wpst:test:16776210:1001:2001">
    <g1:qoeMetrics networkResourceCellId="240012AF0C6F3 240012AF0D0B3 240012AF0BE9D 240012AF0CE05 240012AF0C812 240012AF0C32A = 240012AF0C812 240012AF0BE9D = 240012AF0C32A 240012AF0BE38 240012AF0BE9D 240012AF0C32A = 240012AF0C812 240012AF0D111 240012AF0C812 240012AF0BED9 240012AF0BE9D 240012AF0D111 240012AF0BCE6 240012AF0BED9 240012AF0CE05 240012AF0C6F3 = 240012AF0D0B3 240012AF0CE05 240012AF0C812 240012AF0BE9D 240012AF0C32A 240012AF0BE9D 240012AF0BCE6 240012AF0C32A 240012AF0CE05 240012AF0C32A 240012AF0D0B3 240012AF0BE38 240012AF0BCE6 240012AF0D111 240012AF0BE38 240012AF0BED9 240012AF0BE9D = 240012AF0D111 240012AF0D0B3 240012AF0C812 = 240012AF0BED9 240012AF0BE9D 240012AF0CE05 240012AF0C812 240012AF0BCE6 240012AF0D0B3 240012AF0BED9 240012AF0D0B3 240012AF0CE05 240012AF0BCE6 240012AF0BE38 240012AF0BED9 240012AF0C812 240012AF0CE05 240012AF0BED9 240012AF0CE05 = 240012AF0D111 240012AF0CE05 240012AF0C6F3 240012AF0C32A 240012AF0D0B3 240012AF0BE38 240012AF0C32A 240012AF0BCE6 240012AF0D0B3 240012AF0C32A 240012AF0C6F3 240012AF0C32A 240012AF0BCE6 240012AF0D111 = 240012AF0C812 240012AF0BE38 240012AF0C32A 240012AF0BE38 240012AF0C32A 240012AF0D111 240012AF0C32A 240012AF0C812 240012AF0C6F3 240012AF0CE05 240012AF0BE38 240012AF0D0B3 240012AF0BCE6 = 240012AF0C32A 240012AF0BE9D 240012AF0CE05 240012AF0C812 240012AF0C32A 240012AF0C812 240012AF0C6F3 = 240012AF0C812 240012AF0D0B3 240012AF0C812 = = 240012AF0C6F3 240012AF0BE38 = 240012AF0CE05 240012AF0BED9 240012AF0C812 240012AF0CE05 240012AF0BE9D 240012AF0BCE6 240012AF0D0B3 = = 240012AF0C812" numberOfLostObjects="4 4 2 5 5 4 3 5 2 5 3 2 2 4 3 3 4 4 2 5 3 4 3 2 5 3 2 2 4 5 5 5 4 5 4 3 3 2 2 3 5 3 3 2 5 5 3 4 3 3 3 4 5 4 4 4 2 5 3 3 4 3 3 4 4 2 2 4 4 4 3 3 3 4 3 2 3 4 3 4 2 3 3 2 1 2 3 3 3 3 2 2 2 3 3 2 3 1 1 1 2 3 3 3 3 1 1 1 3 2 2 2 2 2 1 2 1 0 1 1" numberOfReceivedObjects="56 56 58 55 55 56 57 55 58 55 57 58 58 56 57 57 56 56 58 55 57 56 57 58 55 57 58 58 56 55 55 55 56 55 56 57 57 58 58 57 55 57 57 58 55 55 57 56 57 57 57 56 55 56 56 56 58 55 57 57 56 57 57 56 56 58 58 56 56 56 57 57 57 56 57 58 57 56 57 56 58 57 57 58 59 58 57 57 57 57 58 58 58 57 57 58 57 59 59 59 58 57 57 57 57 59 59 59 57 58 58 58 58 58 59 58 59 60 59 59" sessionStartTime="3628825149" sessionStopTime="3628832349"></g1:qoeMetrics>
  </g1:statisticalReport>
</g1:receptionReport>

--frontier--
]]></requestXML>
</ueReceptionReport>
<ueReceptionReport>
  <arriveTime>2014-12-29T09:16:25.520+00:00</arriveTime>
  <requestURI>http://mbadp-ohcn01-e.myvzw.com:80/reportingService/ericsson_bmsc/16776210_1001_2001</requestURI>
  <sourceAddress>2001:4888:4:3ee0:b0:d::</sourceAddress>
  <userAgent><![CDATA[TestAgent]]></userAgent>
  <contentType><![CDATA[multipart/mixed; boundary=frontier]]></contentType>
  <requestXML><![CDATA[MIME-Version: 1.0
Content-Type: multipart/mixed; boundary=frontier

--frontier
Content-Type: text/xml

<g1:receptionReport xmlns="urn:3gpp:ns:metadata" xmlns:g1="urn:3gpp:metadata:2008:MBMS:receptionreport" xmlns:xsi="http://www.w3.org/2001/XMLSchema-instance" xsi:schemaLocation="urn:3gpp:metadata:2008:MBMS:receptionreport receptionReportingRequestRestricted.xsd">
  <g1:statisticalReport clientId="990034600050" serviceId="urn:wpst:test:16776210:1001:2001">
    <g1:qoeMetrics networkResourceCellId="240012AF0C968 240012AF0BDDE 240012AF0BF3A 240012AF0CFD0 240012AF0BDDE 240012AF0CD18 240012AF0CD0B 240012AF0BFB3 240012AF0CD18 240012AF0BDDE = 240012AF0CD18 240012AF0BFB3 240012AF0CFD0 240012AF0BDDE 240012AF0CD18 240012AF0D214 240012AF0C968 240012AF0D214 240012AF0C0BD 240012AF0CB25 240012AF0BDDE 240012AF0D214 240012AF0BDDE 240012AF0CD0B 240012AF0BFB3 240012AF0BDDE 240012AF0BF3A 240012AF0CD0B 240012AF0BFB3 240012AF0CD18 240012AF0C968 240012AF0C0BD 240012AF0D214 = 240012AF0BF3A 240012AF0CD0B 240012AF0BDDE 240012AF0C0BD 240012AF0C968 240012AF0CD0B 240012AF0BDDE 240012AF0BF3A = 240012AF0C968 = 240012AF0D214 240012AF0C0BD 240012AF0C968 240012AF0CFD0 = 240012AF0CD18 240012AF0C968 240012AF0CD18 240012AF0CFD0 240012AF0C0BD 240012AF0D214 240012AF0CD18 240012AF0BFB3 240012AF0D214 = 240012AF0BF3A 240012AF0CFD0 = 240012AF0CD18 240012AF0BDDE 240012AF0CB25 240012AF0C968 240012AF0CB25 = 240012AF0CD18 240012AF0C968 240012AF0BDDE 240012AF0D214 240012AF0BDDE 240012AF0CFD0 = 240012AF0CB25 240012AF0BFB3 240012AF0D214 240012AF0C0BD 240012AF0C968 = 240012AF0D214 240012AF0BF3A 240012AF0CFD0 = 240012AF0C968 240012AF0CD0B 240012AF0C0BD = 240012AF0BDDE 240012AF0BFB3 240012AF0BDDE 240012AF0CD18 240012AF0BDDE 240012AF0CD0B 240012AF0BFB3 240012AF0CFD0 240012AF0C968 240012AF0BFB3 240012AF0D214 240012AF0CB25 240012AF0CD0B 240012AF0BFB3 240012AF0BDDE 240012AF0BF3A 240012AF0CB25 240012AF0D214 240012AF0C0BD 240012AF0CD0B 240012AF0BDDE 240012AF0C0BD 240012AF0CD0B 240012AF0BFB3 = 240012AF0CFD0 240012AF0CD0B 240012AF0CD18 240012AF0BF3A" numberOfLostObjects="6 2 4 4 2 5 4 3 3 3 2 3 2 4 3 2 4 2 2 4 2 3 2 3 3 5 5 2 5 2 5 4 2 3 2 2 3 4 3 4 2 3 2 2 5 3 2 3 4 3 2 4 4 2 5 5 5 4 5 4 4 4 3 4 2 3 4 3 2 2 5 2 3 5 2 3 3 2 4 5 3 2 2 4 2 4 3 3 3 3 2 3 2 4 3 3 2 2 3 3 4 3 3 1 2 1 3 2 3 3 2 2 1 2 2 2 2 2 2 0" numberOfReceivedObjects="54 58 56 56 58 55 56 57 57 57 58 57 58 56 57 58 56 58 58 56 58 57 58 57 57 55 55 58 55 58 55 56 58 57 58 58 57 56 57 56 58 57 58 58 55 57 58 57 56 57 58 56 56 58 55 55 55 56 55 56 56 56 57 56 58 57 56 57 58 58 55 58 57 55 58 57 57 58 56 55 57 58 58 56 58 56 57 57 57 57 58 57 58 56 57 57 58 58 57 57 56 57 57 59 58 59 57 58 57 57 58 58 59 58 58 58 58 58 58 60" sessionStartTime="3628825149" sessionStopTime="3628832349"></g1:qoeMetrics>
  </g1:statisticalReport>
</g1:receptionReport>

--frontier--
]]></requestXML>
</ueReceptionReport>
<ueReceptionReport>
  <arriveTime>2014-12-29T07:56:08.520+00:00</arriveTime>
  <requestURI>http://mbadp-ohcn01-e.myvzw.com:80/reportingService/ericsson_bmsc/16776210_1001_2001</requestURI>
  <sourceAddress>2001:4888:4:3ee0:b0:d::</sourceAddress>
  <userAgent><![CDATA[TestAgent]]></userAgent>
  <contentType><![CDATA[multipart/mixed; boundary=frontier]]></contentType>
  <requestXML><![CDATA[MIME-Version: 1.0
Content-Type: multipart/mixed; boundary=frontier

--frontier
Content-Type: text/xml

<g1:receptionReport xmlns="urn:3gpp:ns:metadata" xmlns:g1="urn:3gpp:metadata:2008:MBMS:receptionreport" xmlns:xsi="http://www.w3.org/2001/XMLSchema-instance" xsi:schemaLocation="urn:3gpp:metadata:2008:MBMS:receptionreport receptionReportingRequestRestricted.xsd">
  <g1:statisticalReport clientId="990034600051" serviceId="urn:wpst:test:16776210:1001:2001">
    <g1:qoeMetrics networkResourceCellId="240012AF0BDD4 240012AF0D1E2 240012AF0D167 240012AF0C9F7 240012AF0D1E2 240012AF0CF07 240012AF0C799 240012AF0BDB1 240012AF0CF07 240012AF0C390 240012AF0C9F7 240012AF0CF07 240012AF0C9F7 240012AF0D1E2 240012AF0C799 240012AF0BDD4 240012AF0C003 240012AF0C390 240012AF0BDB1 240012AF0C9F7 = 240012AF0D1E2 240012AF0D167 240012AF0C799 240012AF0C9F7 240012AF0C9DA 240012AF0BDB1 240012AF0C390 240012AF0C9DA = 240012AF0C9F7 240012AF0CF07 240012AF0BDB1 240012AF0D1E2 240012AF0C003 240012AF0C9F7 240012AF0D167 = 240012AF0C9F7 240012AF0BDB1" numberOfLostObjects="10 9 13 16 12 13 18 13 13 16 15 16 10 7 13 8 7 11 13 7 14 11 7 7 9 10 9 11 6 7 6 8 8 4 6 4 5 4 4 0" numberOfReceivedObjects="50 51 47 44 48 47 42 47 47 44 45 44 50 53 47 52 53 49 47 53 46 49 53 53 51 50 51 49 54 53 54 52 52 56 54 56 55 56 56 60" sessionStartTime="3628825149" sessionStopTime="3628827549"></g1:qoeMetrics>
  </g1:statisticalReport>
</g1:receptionReport>

--frontier--
]]></requestXML>
</ueReceptionReport>
<ueReceptionReport>
  <arriveTime>2014-12-29T08:35:58.520+00:00</arriveTime>
  <requestURI>http://mbadp-ohcn01-e.myvzw.com:80/reportingService/ericsson_bmsc/16776210_1001_2001</requestURI>
  <sourceAddress>2001:4888:4:3ee0:b0:d::</sourceAddress>
  <userAgent><![CDATA[TestAgent]]></userAgent>
  <contentType><![CDATA[multipart/mixed; boundary=frontier]]></contentType>
  <requestXML><![CDATA[MIME-Version: 1.0
Content-Type: multipart/mixed; boundary=frontier

--frontier
Content-Type: text/xml

<g1:receptionReport xmlns="urn:3gpp:ns:metadata" xmlns:g1="urn:3gpp:metadata:2008:MBMS:receptionreport" xmlns:xsi="http://www.w3.org/2001/XMLSchema-instance" xsi:schemaLocation="urn:3gpp:metadata:2008:MBMS:receptionreport receptionReportingRequestRestricted.xsd">
  <g1:statisticalReport clientId="990034600051" serviceId="urn:wpst:test:16776210:1001:2001">
    <g1:qoeMetrics networkResourceCellId="240012AF0CF07 240012AF0BDB1 240012AF0C003 240012AF0BDD4 240012AF0C799 240012AF0D167 240012AF0CF07 240012AF0C799 240012AF0BDD4 = 240012AF0C390 240012AF0C799 240012AF0BDD4 240012AF0C799 = 240012AF0C003 240012AF0C799 240012AF0D167 240012AF0CF07 240012AF0D1E2 240012AF0D167 240012AF0C003 240012AF0C799 240012AF0CF07 240012AF0C9DA 240012AF0CF07 240012AF0BDB1 240012AF0D167 240012AF0BDD4 240012AF0C9F7 240012AF0D167 = 240012AF0C9F7 = 240012AF0D167 240012AF0C003 240012AF0C9DA 240012AF0C799 240012AF0D167 240012AF0C799" numberOfLostObjects="18 11 15 17 17 12 11 13 12 14 12 8 11 13 13 13 7 10 7 7 8 9 8 12 9 12 7 8 7 5 7 9 6 6 4 6 8 2 5 1" numberOfReceivedObjects="42 49 45 43 43 48 49 47 48 46 48 52 49 47 47 47 53 50 53 53 52 51 52 48 51 48 53 52 53 55 53 51 54 54 56 54 52 58 55 59" sessionStartTime="3628827549" sessionStopTime="3628829949"></g1:qoeMetrics>
  </g1:statisticalReport>
</g1:receptionReport>

--frontier--
]]></requestXML>
</ueReceptionReport>
<ueReceptionReport>
  <arriveTime>2014-12-29T09:16:29.520+00:00</arriveTime>
  <requestURI>http://mbadp-ohcn01-e.myvzw.com:80/reportingService/ericsson_bmsc/16776210_1001_2001</requestURI>
  <sourceAddress>2001:4888:4:3ee0:b0:d::</sourceAddress>
  <userAgent><![CDATA[TestAgent]]></userAgent>
  <contentType><![CDATA[multipart/mixed; boundary=frontier]]></contentType>
  <requestXML><![CDATA[MIME-Version: 1.0
Content-Type: multipart/mixed; boundary=frontier

--frontier
Content-Type: text/xml

<g1:receptionReport xmlns="urn:3gpp:ns:metadata" xmlns:g1="urn:3gpp:metadata:2008:MBMS:receptionreport" xmlns:xsi="http://www.w3.org/2001/XMLSchema-instance" xsi:schemaLocation="urn:3gpp:metadata:2008:MBMS:receptionreport receptionReportingRequestRestricted.xsd">
  <g1:statisticalReport clientId="990034600052" serviceId="urn:wpst:test:16776210:1001:2001">
    <g1:qoeMetrics networkResourceCellId="240012AF0CAFC 240012AF0D185 240012AF0C86C 240012AF0C1F0 240012AF0D185 240012AF0CF19 240012AF0C912 240012AF0D06B 240012AF0C86C 240012AF0CC1B 240012AF0CA0B 240012AF0C86C 240012AF0C306 240012AF0D06B 240012AF0CAFC 240012AF0CA0B 240012AF0C306 240012AF0CF19 240012AF0D185 240012AF0C86C 240012AF0C1F0 240012AF0D06B 240012AF0C86C 240012AF0CAFC 240012AF0CC1B = 240012AF0CAFC 240012AF0C912 = 240012AF0D185 240012AF0CAFC 240012AF0D185 240012AF0C306 = 240012AF0CA0B 240012AF0C1F0 240012AF0D06B 240012AF0CC1B 240012AF0D06B 240012AF0C912 = 240012AF0CA0B 240012AF0D06B 240012AF0CAFC = 240012AF0C306 240012AF0CF19 240012AF0CC1B 240012AF0CAFC 240012AF0C306 240012AF0CAFC = 240012AF0C912 240012AF0C1F0 240012AF0C306 = 240012AF0C912 240012AF0CC1B 240012AF0CF19 240012AF0C306 240012AF0D06B 240012AF0C912 240012AF0C1F0 240012AF0CC1B 240012AF0CAFC 240012AF0CA0B 240012AF0C912 240012AF0C306 240012AF0CC1B = 240012AF0CAFC 240012AF0C1F0 240012AF0CC1B 240012AF0C306 240012AF0CAFC 240012AF0C86C = 240012AF0C912 240012AF0C86C 240012AF0C912 240012AF0CF19 240012AF0CC1B = 240012AF0C86C 240012AF0C912 240012AF0CF19 240012AF0D185 240012AF0C86C 240012AF0CF19 240012AF0C912 240012AF0D185 240012AF0C1F0 240012AF0C306 240012AF0CA0B 240012AF0C306 240012AF0D06B 240012AF0D185 240012AF0CF19 240012AF0C912 240012AF0CA0B 240012AF0C86C 240012AF0D185 240012AF0CA0B 240012AF0CF19 240012AF0CA0B 240012AF0C86C 240012AF0C1F0 240012AF0C86C 240012AF0CAFC 240012AF0D185 240012AF0CA0B = 240012AF0D06B = 240012AF0C86C 240012AF0C912 240012AF0C1F0 240012AF0C306 240012AF0CAFC =" numberOfLostObjects="6 2 4 2 4 4 3 3 3 5 3 2 3 3 5 4 3 5 2 2 5 2 4 5 5 2 4 4 4 3 5 4 3 3 4 2 5 5 3 3 4 4 3 2 5 2 4 3 2 4 3 5 5 2 4 4 2 2 2 5 4 2 2 2 3 2 5 3 2 3 3 4 2 3 4 4 3 4 3 4 3 3 2 2 4 3 4 4 2 2 1 4 2 1 1 2 3 1 3 2 2 1 3 3 2 2 2 3 2 1 1 1 4 1 1 4 2 1 3 0" numberOfReceivedObjects="54 58 56 58 56 56 57 57 57 55 57 58 57 57 55 56 57 55 58 58 55 58 56 55 55 58 56 56 56 57 55 56 57 57 56 58 55 55 57 57 56 56 57 58 55 58 56 57 58 56 57 55 55 58 56 56 58 58 58 55 56 58 58 58 57 58 55 57 58 57 57 56 58 57 56 56 57 56 57 56 57 57 58 58 56 57 56 56 58 58 59 56 58 59 59 58 57 59 57 58 58 59 57 57 58 58 58 57 58 59 59 59 56 59 59 56 58 59 57 60" sessionStartTime="3628825149" sessionStopTime="3628832349"></g1:qoeMetrics>
  </g1:statisticalReport>
</g1:receptionReport>

--frontier--
]]></requestXML>
</ueReceptionReport>
<ueReceptionReport>
  <arriveTime>2014-12-29T09:15:42.520+00:00</arriveTime>
  <requestURI>http://mbadp-ohcn01-e.myvzw.com:80/reportingService/ericsson_bmsc/16776210_1001_2001</requestURI>
  <sourceAddress>2001:4888:4:3ee0:b0:d::</sourceAddress>
  <userAgent><![CDATA[TestAgent]]></userAgent>
  <contentType><![CDATA[multipart/mixed; boundary=frontier]]></contentType>
  <requestXML><![CDATA[MIME-Version: 1.0
Content-Type: multipart/mixed; boundary=frontier

--frontier
Content-Type: text/xml

<g1:receptionReport xmlns="urn:3gpp:ns:metadata" xmlns:g1="urn:3gpp:metadata:2008:MBMS:receptionreport" xmlns:xsi="http://www.w3.org/2001/XMLSchema-instance" xsi:schemaLocation="urn:3gpp:metadata:2008:MBMS:receptionreport receptionReportingRequestRestricted.xsd">
  <g1:statisticalReport clientId="990034600053" serviceId="urn:wpst:test:16776210:1001:2001">
    <g1:qoeMetrics networkResourceCellId="240012AF0C718 240012AF0C7DC = 240012AF0C78F 240012AF0C7DC 240012AF0C263 240012AF0C78F 240012AF0C7D8 240012AF0BE36 240012AF0C90F 240012AF0BE36 240012AF0C7DC 240012AF0C263 240012AF0C7D8 240012AF0C78F = 240012AF0C7D8 240012AF0C718 240012AF0C78F 240012AF0C263 240012AF0C1E3 240012AF0C263 240012AF0C7DC 240012AF0C03B 240012AF0C718 240012AF0CA16 240012AF0C7DC 240012AF0C7D8 240012AF0C1E3 240012AF0C718 240012AF0C7DC 240012AF0C78F 240012AF0C263 240012AF0C7DC 240012AF0C718 240012AF0CA16 240012AF0C263 240012AF0CA16 240012AF0C718 240012AF0BE36 240012AF0C7D8 240012AF0C718 240012AF0C7DC 240012AF0C718 240012AF0C78F 240012AF0C1E3 240012AF0CA16 240012AF0C90F 240012AF0C7D8 240012AF0C03B 240012AF0CA16 = 240012AF0C7DC 240012AF0CA16 240012AF0C7DC 240012AF0BE36 = 240012AF0C7DC 240012AF0C7D8 240012AF0CA16 240012AF0C263 240012AF0C7D8 240012AF0BE36 240012AF0C90F 240012AF0C1E3 240012AF0C718 240012AF0C1E3 240012AF0BE36 240012AF0C78F 240012AF0C1E3 240012AF0C7D8 240012AF0C7DC 240012AF0C78F 240012AF0C03B 240012AF0C7DC = 240012AF0C78F 240012AF0C1E3 240012AF0C90F 240012AF0C7DC 240012AF0C263 240012AF0C03B 240012AF0C90F 240012AF0CA16 240012AF0C263 240012AF0C90F 240012AF0CA16 240012AF0C718 240012AF0CA16 240012AF0C718 240012AF0CA16 240012AF0C7D8 240012AF0C78F 240012AF0CA16 240012AF0C718 240012AF0C263 240012AF0C78F 240012AF0C7D8 240012AF0C718 240012AF0BE36 240012AF0C263 240012AF0C7D8 240012AF0C718 240012AF0C7D8 240012AF0C1E3 240012AF0C718 240012AF0BE36 240012AF0C718 240012AF0C78F 240012AF0C263 = 240012AF0C03B 240012AF0BE36 240012AF0CA16 240012AF0C263 240012AF0C718 240012AF0C7D8 = 240012AF0C718 240012AF0C263" numberOfLostObjects="5 4 5 2 5 2 3 3 3 4 3 4 2 2 4 5 5 5 2 2 4 2 3 4 3 4 4 5 5 3 2 3 5 2 3 4 2 4 5 3 2 2 2 3 3 4 2 2 3 3 2 5 3 4 4 4 2 2 4 5 3 4 2 2 4 3 4 5 5 2 2 2 3 2 3 4 2 4 3 4 2 4 4 3 3 3 3 4 3 3 4 4 2 3 1 2 4 2 3 1 3 2 1 3 2 1 3 3 1 2 2 2 2 1 1 1 4 2 1 1" numberOfReceivedObjects="55 56 55 58 55 58 57 57 57 56 57 56 58 58 56 55 55 55 58 58 56 58 57 56 57 56 56 55 55 57 58 57 55 58 57 56 58 56 55 57 58 58 58 57 57 56 58 58 57 57 58 55 57 56 56 56 58 58 56 55 57 56 58 58 56 57 56 55 55 58 58 58 57 58 57 56 58 56 57 56 58 56 56 57 57 57 57 56 57 57 56 56 58 57 59 58 56 58 57 59 57 58 59 57 58 59 57 57 59 58 58 58 58 59 59 59 56 58 59 59" sessionStartTime="3628825149" sessionStopTime="3628832349"></g1:qoeMetrics>
  </g1:statisticalReport>
</g1:receptionReport>

--frontier--
]]></requestXML>
</ueReceptionReport>
<ueReceptionReport>
  <arriveTime>2014-12-29T07:56:15.520+00:00</arriveTime>
  <requestURI>http://mbadp-ohcn01-e.myvzw.com:80/reportingService/ericsson_bmsc/16776210_1001_2001</requestURI>
  <sourceAddress>2001:4888:4:3ee0:b0:d::</sourceAddress>
  <userAgent><![CDATA[TestAgent]]></userAgent>
  <contentType><![CDATA[multipart/mixed; boundary=frontier]]></contentType>
  <requestXML><![CDATA[MIME-Version: 1.0
Content-Type: multipart/mixed; boundary=frontier

--frontier
Content-Type: text/xml

<g1:receptionReport xmlns="urn:3gpp:ns:metadata" xmlns:g1="urn:3gpp:metadata:2008:MBMS:receptionreport" xmlns:xsi="http://www.w3.org/2001/XMLSchema-instance" xsi:schemaLocation="urn:3gpp:metadata:2008:MBMS:receptionreport receptionReportingRequestRestricted.xsd">
  <g1:statisticalReport clientId="990034600054" serviceId="urn:wpst:test:16776210:1001:2001">
    <g1:qoeMetrics networkResourceCellId="240012AF0C103 240012AF0C051 240012AF0C103 240012AF0BDE6 240012AF0D2C5 240012AF0C353 240012AF0D207 = 240012AF0C39F 240012AF0C353 240012AF0C103 = 240012AF0D207 240012AF0C051 240012AF0D207 = 240012AF0C9A0 240012AF0C39F 240012AF0C91A 240012AF0D207 240012AF0C91A 240012AF0C39F 240012AF0C353 240012AF0C9A0 240012AF0C91A = 240012AF0C353 240012AF0C91A 240012AF0C9A0 240012AF0C103 240012AF0C91A 240012AF0BDE6 240012AF0D207 240012AF0D0D1 240012AF0C91A 240012AF0C9A0 = 240012AF0BDE6 240012AF0C103 240012AF0C39F" numberOfLostObjects="13 17 18 16 9 14 13 15 9 9 11 14 15 14 8 11 9 8 14 6 12 13 11 6 10 10 8 8 7 4 9 5 6 8 6 5 3 2 2 2" numberOfReceivedObjects="47 43 42 44 51 46 47 45 51 51 49 46 45 46 52 49 51 52 46 54 48 47 49 54 50 50 52 52 53 56 51 55 54 52 54 55 57 58 58 58" sessionStartTime="3628825149" sessionStopTime="3628827549"></g1:qoeMetrics>
  </g1:statisticalReport>
</g1:receptionReport>

--frontier--
]]></requestXML>
</ueReceptionReport>
<ueReceptionReport>
  <arriveTime>2014-12-29T08:35:46.520+00:00</arriveTime>
  <requestURI>http://mbadp-ohcn01-e.myvzw.com:80/reportingService/ericsson_bmsc/16776210_1001_2001</requestURI>
  <sourceAddress>2001:4888:4:3ee0:b0:d::</sourceAddress>
  <userAgent><![CDATA[TestAgent]]></userAgent>
  <contentType><![CDATA[multipart/mixed; boundary=frontier]]></contentType>
  <requestXML><![CDATA[MIME-Version: 1.0
Content-Type: multipart/mixed; boundary=frontier

--frontier
Content-Type: text/xml

<g1:receptionReport xmlns="urn:3gpp:ns:metadata" xmlns:g1="urn:3gpp:metadata:2008:MBMS:receptionreport" xmlns:xsi="http://www.w3.org/2001/XMLSchema-instance" xsi:schemaLocation="urn:3gpp:metadata:2008:MBMS:receptionreport receptionReportingRequestRestricted.xsd">
  <g1:statisticalReport clientId="990034600054" serviceId="urn:wpst:test:16776210:1001:2001">
    <g1:qoeMetrics networkResourceCellId="240012AF0C103 240012AF0C051 240012AF0BDE6 240012AF0D2C5 240012AF0C353 240012AF0C39F 240012AF0D2C5 240012AF0C9A0 240012AF0D207 240012AF0C91A 240012AF0BDE6 240012AF0C051 240012AF0C9A0 240012AF0D2C5 240012AF0C103 240012AF0C353 240012AF0C051 240012AF0C39F 240012AF0BDE6 240012AF0C91A 240012AF0D207 240012AF0C353 240012AF0D0D1 240012AF0C39F = 240012AF0BDE6 240012AF0C39F 240012AF0C9A0 240012AF0C353 240012AF0C9A0 240012AF0BDE6 240012AF0D207 240012AF0C9A0 240012AF0C91A 240012AF0C39F 240012AF0C9A0 240012AF0D2C5 240012AF0C051 240012AF0C39F 240012AF0C9A0" numberOfLostObjects="12 10 18 11 11 13 10 13 10 14 9 15 12 10 14 14 11 15 11 9 6 12 9 11 6 11 8 11 5 10 6 8 4 7 8 4 4 2 3 3" numberOfReceivedObjects="48 50 42 49 49 47 50 47 50 46 51 45 48 50 46 46 49 45 49 51 54 48 51 49 54 49 52 49 55 50 54 52 56 53 52 56 56 58 57 57" sessionStartTime="3628827549" sessionStopTime="3628829949"></g1:qoeMetrics>
  </g1:statisticalReport>
</g1:receptionReport>

--frontier--
]]></requestXML>
</ueReceptionReport>
