<ueReceptionReport>
  <arriveTime>2014-12-29T09:16:05.520+00:00</arriveTime>
  <requestURI>http://mbadp-ohcn01-e.myvzw.com:80/reportingService/ericsson_bmsc/16776210_1001_2001</requestURI>
  <sourceAddress>2001:4888:4:3ee0:b0:d::</sourceAddress>
  <userAgent><![CDATA[TestAgent]]></userAgent>
  <contentType><![CDATA[multipart/mixed; boundary=frontier]]></contentType>
  <requestXML><![CDATA[MIME-Version: 1.0
Content-Type: multipart/mixed; boundary=frontier

--frontier
Content-Type: text/xml

<g1:receptionReport xmlns="urn:3gpp:ns:metadata" xmlns:g1="urn:3gpp:metadata:2008:MBMS:receptionreport" xmlns:xsi="http://www.w3.org/2001/XMLSchema-instance" xsi:schemaLocation="urn:3gpp:metadata:2008:MBMS:receptionreport receptionReportingRequestRestricted.xsd">
  <g1:statisticalReport clientId="990034600079" serviceId="urn:wpst:test:16776210:1001:2001">
    <g1:qoeMetrics networkResourceCellId="240012AF13EA3 240012AF143CA 240012AF146B6 240012AF145DA 240012AF146B6 240012AF14268 240012AF13981 240012AF143CA 240012AF13981 240012AF13EA3 240012AF13981 240012AF13305 240012AF143CA 240012AF13305 240012AF131E9 240012AF13EA3 240012AF145DA 240012AF143CA 240012AF146B1 240012AF143CA 240012AF146B1 240012AF13EA3 240012AF13305 240012AF13981 240012AF146B6 240012AF145DA 240012AF13E9F 240012AF146B6 240012AF13EA3 240012AF146B1 240012AF13E9F 240012AF14268 240012AF145DA 240012AF146B6 240012AF131E9 240012AF13305 240012AF146B6 240012AF146B1 240012AF13981 240012AF13305 = 240012AF143CA = 240012AF14268 240012AF13EA3 240012AF13305 240012AF13E9F 240012AF13981 = 240012AF146B1 240012AF13305 240012AF13E9F 240012AF13305 240012AF143CA 240012AF14268 240012AF131E9 240012AF146B6 240012AF14268 240012AF146B1 240012AF13305 = 240012AF146B1 240012AF13E9F 240012AF13EA3 240012AF13981 240012AF145DA 240012AF13305 = 240012AF13E9F = 240012AF143CA 240012AF13305 240012AF145DA 240012AF14268 240012AF146B1 240012AF14268 240012AF13E9F 240012AF146B6 240012AF143CA 240012AF13EA3 240012AF143CA 240012AF14268 240012AF146B1 240012AF14268 240012AF143CA 240012AF13EA3 240012AF131E9 240012AF145DA 240012AF13E9F 240012AF14268 240012AF13E9F 240012AF13305 240012AF13EA3 240012AF13305 240012AF146B6 240012AF14268 240012AF13E9F 240012AF145DA 240012AF13E9F = = 240012AF13981 240012AF131E9 240012AF13EA3 240012AF13981 240012AF14268 240012AF145DA 240012AF13EA3 240012AF146B1 240012AF146B6 240012AF14268 240012AF145DA 240012AF146B1 = 240012AF145DA 240012AF131E9 240012AF13305 = 240012AF143CA =" numberOfLostObjects="4 2 3 5 3 2 4 5 3 4 3 5 2 2 2 5 4 5 2 5 4 2 4 5 3 5 4 3 4 3 2 5 3 2 3 4 2 2 3 4 4 5 3 5 5 4 4 4 3 4 3 2 4 2 5 5 5 4 3 3 4 4 2 2 4 2 2 3 4 4 3 3 2 2 2 2 3 2 4 2 4 4 3 3 4 4 4 1 2 2 2 1 3 1 3 1 2 3 1 2 4 3 3 1 3 1 1 1 2 1 4 2 1 1 2 4 3 2 1 0" numberOfReceivedObjects="56 58 57 55 57 58 56 55 57 56 57 55 58 58 58 55 56 55 58 55 56 58 56 55 57 55 56 57 56 57 58 55 57 58 57 56 58 58 57 56 56 55 57 55 55 56 56 56 57 56 57 58 56 58 55 55 55 56 57 57 56 56 58 58 56 58 58 57 56 56 57 57 58 58 58 58 57 58 56 58 56 56 57 57 56 56 56 59 58 58 58 59 57 59 57 59 58 57 59 58 56 57 57 59 57 59 59 59 58 59 56 58 59 59 58 56 57 58 59 60" sessionStartTime="3628825149" sessionStopTime="3628832349"></g1:qoeMetrics>
  </g1:statisticalReport>
</g1:receptionReport>

--frontier--
]]></requestXML>
</ueReceptionReport>
<ueReceptionReport>
  <arriveTime>2014-12-29T07:56:19.520+00:00</arriveTime>
  <requestURI>http://mbadp-ohcn01-e.myvzw.com:80/reportingService/ericsson_bmsc/16776210_1001_2001</requestURI>
  <sourceAddress>2001:4888:4:3ee0:b0:d::</sourceAddress>
  <userAgent><![CDATA[TestAgent]]></userAgent>
  <contentType><![CDATA[multipart/mixed; boundary=frontier]]></contentType>
  <requestXML><![CDATA[MIME-Version: 1.0
Content-Type: multipart/mixed; boundary=frontier

--frontier
Content-Type: text/xml

<g1:receptionReport xmlns="urn:3gpp:ns:metadata" xmlns:g1="urn:3gpp:metadata:2008:MBMS:receptionreport" xmlns:xsi="http://www.w3.org/2001/XMLSchema-instance" xsi:schemaLocation="urn:3gpp:metadata:2008:MBMS:receptionreport receptionReportingRequestRestricted.xsd">
  <g1:statisticalReport clientId="990034600080" serviceId="urn:wpst:test:16776210:1001:2001">
    <g1:qoeMetrics networkResourceCellId="240012AF14249 = 240012AF13B34 240012AF13546 240012AF13DA2 240012AF13D6D 240012AF1469C 240012AF13CB0 240012AF1469C 240012AF135FA 240012AF14249 240012AF13D6D 240012AF13DA2 240012AF13CB0 240012AF13546 240012AF1469C 240012AF14249 240012AF1469C 240012AF13CB0 240012AF13B34 240012AF13D6D 240012AF13137 240012AF13DA2 240012AF13B34 240012AF13DA2 240012AF135FA = 240012AF14249 240012AF13D6D 240012AF13137 240012AF135FA 240012AF13546 240012AF13DA2 240012AF135FA 240012AF13A16 240012AF14249 240012AF135FA = 240012AF1469C 240012AF13CB0" numberOfLostObjects="11 13 11 9 18 11 10 15 9 13 12 11 12 14 15 8 15 9 9 9 14 11 9 9 9 12 9 7 9 8 4 6 4 7 7 5 4 6 6 0" numberOfReceivedObjects="49 47 49 51 42 49 50 45 51 47 48 49 48 46 45 52 45 51 51 51 46 49 51 51 51 48 51 53 51 52 56 54 56 53 53 55 56 54 54 60" sessionStartTime="3628825149" sessionStopTime="3628827549"></g1:qoeMetrics>
  </g1:statisticalReport>
</g1:receptionReport>

--frontier--
]]></requestXML>
</ueReceptionReport>
<ueReceptionReport>
  <arriveTime>2014-12-29T08:35:41.520+00:00</arriveTime>
  <requestURI>http://mbadp-ohcn01-e.myvzw.com:80/reportingService/ericsson_bmsc/16776210_1001_2001</requestURI>
  <sourceAddress>2001:4888:4:3ee0:b0:d::</sourceAddress>
  <userAgent><![CDATA[TestAgent]]></userAgent>
  <contentType><![CDATA[multipart/mixed; boundary=frontier]]></contentType>
  <requestXML><![CDATA[MIME-Version: 1.0
Content-Type: multipart/mixed; boundary=frontier

--frontier
Content-Type: text/xml

<g1:receptionReport xmlns="urn:3gpp:ns:metadata" xmlns:g1="urn:3gpp:metadata:2008:MBMS:receptionreport" xmlns:xsi="http://www.w3.org/2001/XMLSchema-instance" xsi:schemaLocation="urn:3gpp:metadata:2008:MBMS:receptionreport receptionReportingRequestRestricted.xsd">
  <g1:statisticalReport clientId="990034600080" serviceId="urn:wpst:test:16776210:1001:2001">
    <g1:qoeMetrics networkResourceCellId="240012AF135FA 240012AF13546 240012AF13B34 240012AF13D6D 240012AF135FA = 240012AF13DA2 240012AF13CB0 240012AF13137 240012AF135FA 240012AF13B34 240012AF1469C 240012AF13DA2 240012AF1469C 240012AF13B34 240012AF13137 240012AF14249 240012AF1469C 240012AF13546 240012AF13CB0 240012AF135FA 240012AF13137 = 240012AF13D6D 240012AF13546 240012AF1469C 240012AF13D6D 240012AF1469C 240012AF13B34 240012AF13A16 240012AF13B34 240012AF13DA2 240012AF13CB0 240012AF13137 240012AF13CB0 240012AF13546 240012AF13CB0 240012AF135FA 240012AF13D6D 240012AF13B34" numberOfLostObjects="16 17 18 17 17 13 9 15 11 9 7 10 12 14 13 7 7 8 14 9 13 9 7 6 12 11 11 8 6 5 9 6 7 7 6 4 2 3 2 3" numberOfReceivedObjects="44 43 42 43 43 47 51 45 49 51 53 50 48 46 47 53 53 52 46 51 47 51 53 54 48 49 49 52 54 55 51 54 53 53 54 56 58 57 58 57" sessionStartTime="3628827549" sessionStopTime="3628829949"></g1:qoeMetrics>
  </g1:statisticalReport>
</g1:receptionReport>

--frontier--
]]></requestXML>
</ueReceptionReport>
<ueReceptionReport>
  <arriveTime>2014-12-29T09:16:33.520+00:00</arriveTime>
  <requestURI>http://mbadp-ohcn01-e.myvzw.com:80/reportingService/ericsson_bmsc/16776210_1001_2001</requestURI>
  <sourceAddress>2001:4888:4:3ee0:b0:d::</sourceAddress>
  <userAgent><![CDATA[TestAgent]]></userAgent>
  <contentType><![CDATA[multipart/mixed; boundary=frontier]]></contentType>
  <requestXML><![CDATA[MIME-Version: 1.0
Content-Type: multipart/mixed; boundary=frontier

--frontier
Content-Type: text/xml

<g1:receptionReport xmlns="urn:3gpp:ns:metadata" xmlns:g1="urn:3gpp:metadata:2008:MBMS:receptionreport" xmlns:xsi="http://www.w3.org/2001/XMLSchema-instance" xsi:schemaLocation="urn:3gpp:metadata:2008:MBMS:receptionreport receptionReportingRequestRestricted.xsd">
  <g1:statisticalReport clientId="990034600081" serviceId="urn:wpst:test:16776210:1001:2001">
    <g1:qoeMetrics networkResourceCellId="240012AF14054 240012AF13E3D 240012AF136FD 240012AF14246 240012AF13E3D 240012AF14054 240012AF13EB0 240012AF13163 240012AF13F5F 240012AF13E3D 240012AF136FD = 240012AF13BD6 240012AF13E3D 240012AF14246 240012AF13E3D 240012AF13163 240012AF13EB0 240012AF14246 240012AF13163 240012AF136FD 240012AF13F5F 240012AF136FD 240012AF13F5F 240012AF13E3D 240012AF136FD 240012AF14054 240012AF13E3D 240012AF136FD 240012AF13E3D 240012AF13163 240012AF13C50 240012AF14246 240012AF13EB0 240012AF13E3D 240012AF14054 240012AF13E3D 240012AF13C50 240012AF13BD6 240012AF13163 240012AF14054 240012AF13163 240012AF1354E 240012AF14054 240012AF13F5F 240012AF13BD6 240012AF14246 240012AF13E3D 240012AF13EB0 240012AF14054 240012AF13F5F = 240012AF13163 240012AF14246 240012AF1354E 240012AF13F5F 240012AF13163 = 240012AF13E3D 240012AF13F5F 240012AF13C50 240012AF13F5F 240012AF13BD6 240012AF14246 240012AF1354E 240012AF13EB0 240012AF1354E 240012AF14246 240012AF1354E = = 240012AF14054 240012AF14246 240012AF14054 240012AF136FD = 240012AF1354E 240012AF13E3D 240012AF13EB0 240012AF13163 240012AF136FD 240012AF1354E 240012AF13E3D 240012AF13EB0 240012AF13F5F 240012AF13E3D 240012AF13EB0 240012AF13E3D 240012AF13C50 240012AF14246 240012AF14054 240012AF13C50 240012AF136FD 240012AF1354E 240012AF136FD 240012AF13C50 240012AF13E3D 240012AF136FD 240012AF13E3D 240012AF13163 240012AF13C50 240012AF13163 240012AF13BD6 240012AF13163 240012AF14246 240012AF13E3D 240012AF13F5F = 240012AF13BD6 240012AF14054 240012AF13E3D 240012AF13163 240012AF13E3D 240012AF13BD6 240012AF13C50 240012AF14054 240012AF13EB0 240012AF1354E 240012AF13C50 240012AF1354E" numberOfLostObjects="5 5 3 5 5 4 5 4 5 2 4 5 2 3 3 5 2 4 2 5 5 3 3 2 3 2 2 2 5 5 2 3 4 4 3 3 2 2 5 2 2 4 5 3 5 2 2 5 4 2 4 3 3 5 3 4 2 3 4 5 2 4 3 4 3 3 2 2 3 3 4 3 4 3 2 3 3 3 4 3 2 3 4 4 4 4 4 2 3 3 3 1 2 3 2 1 2 2 2 1 1 2 3 1 3 3 2 2 1 3 1 1 1 3 3 1 3 2 0 1" numberOfReceivedObjects="55 55 57 55 55 56 55 56 55 58 56 55 58 57 57 55 58 56 58 55 55 57 57 58 57 58 58 58 55 55 58 57 56 56 57 57 58 58 55 58 58 56 55 57 55 58 58 55 56 58 56 57 57 55 57 56 58 57 56 55 58 56 57 56 57 57 58 58 57 57 56 57 56 57 58 57 57 57 56 57 58 57 56 56 56 56 56 58 57 57 57 59 58 57 58 59 58 58 58 59 59 58 57 59 57 57 58 58 59 57 59 59 59 57 57 59 57 58 60 59" sessionStartTime="3628825149" sessionStopTime="3628832349"></g1:qoeMetrics>
  </g1:statisticalReport>
</g1:receptionReport>

--frontier--
]]></requestXML>
</ueReceptionReport>
<ueReceptionReport>
  <arriveTime>2014-12-29T08:16:23.520+00:00</arriveTime>
  <requestURI>http://mbadp-ohcn01-e.myvzw.com:80/reportingService/ericsson_bmsc/16776210_1001_2001</requestURI>
  <sourceAddress>2001:4888:4:3ee0:b0:d::</sourceAddress>
  <userAgent><![CDATA[TestAgent]]></userAgent>
  <contentType><![CDATA[multipart/mixed; boundary=frontier]]></contentType>
  <requestXML><![CDATA[MIME-Version: 1.0
Content-Type: multipart/mixed; boundary=frontier

--frontier
Content-Type: text/xml

<g1:receptionReport xmlns="urn:3gpp:ns:metadata" xmlns:g1="urn:3gpp:metadata:2008:MBMS:receptionreport" xmlns:xsi="http://www.w3.org/2001/XMLSchema-instance" xsi:schemaLocation="urn:3gpp:metadata:2008:MBMS:receptionreport receptionReportingRequestRestricted.xsd">
  <g1:statisticalReport clientId="990034600082" serviceId="urn:wpst:test:16776210:1001:2001">
    <g1:qoeMetrics networkResourceCellId="240012AF13199 240012AF13FA3 240012AF13237 240012AF13199 240012AF13B50 240012AF13F50 240012AF14126 240012AF13F50 240012AF13B50 240012AF13237 240012AF13FA3 240012AF144D5 240012AF13199 240012AF13E4B 240012AF13199 240012AF13B50 240012AF144D5 240012AF13237 240012AF14569 240012AF13B50 240012AF13FA3 240012AF13B50 240012AF13237 = 240012AF13C34 240012AF144D5 240012AF13F50 240012AF144D5 240012AF13237 240012AF13B50 240012AF13237 = 240012AF13B50 240012AF144D5 240012AF13FA3 240012AF13F50 240012AF13237 240012AF13E4B 240012AF13C34 240012AF13FA3 240012AF144D5 240012AF14569 240012AF13F50 240012AF13237 240012AF14569 240012AF13F50 240012AF13C34 240012AF13FA3 240012AF13E4B 240012AF13199 = 240012AF13FA3 240012AF144D5 240012AF13C34 240012AF13F50 240012AF14126 240012AF13B50 240012AF13FA3 240012AF14569 240012AF13E4B" numberOfLostObjects="24 23 18 20 18 15 22 10 10 18 17 15 10 13 12 16 17 17 18 15 13 14 18 10 9 17 11 12 14 15 9 13 12 16 12 9 8 7 13 15 13 8 7 12 11 7 6 8 12 10 10 5 9 5 5 3 3 3 6 2" numberOfReceivedObjects="36 37 42 40 42 45 38 50 50 42 43 45 50 47 48 44 43 43 42 45 47 46 42 50 51 43 49 48 46 45 51 47 48 44 48 51 52 53 47 45 47 52 53 48 49 53 54 52 48 50 50 55 51 55 55 57 57 57 54 58" sessionStartTime="3628825149" sessionStopTime="3628828749"></g1:qoeMetrics>
  </g1:statisticalReport>
</g1:receptionReport>

--frontier--
]]></requestXML>
</ueReceptionReport>
<ueReceptionReport>
  <arriveTime>2014-12-29T07:56:00.520+00:00</arriveTime>
  <requestURI>http://mbadp-ohcn01-e.myvzw.com:80/reportingService/ericsson_bmsc/16776210_1001_2001</requestURI>
  <sourceAddress>2001:4888:4:3ee0:b0:d::</sourceAddress>
  <userAgent><![CDATA[TestAgent]]></userAgent>
  <contentType><![CDATA[multipart/mixed; boundary=frontier]]></contentType>
  <requestXML><![CDATA[MIME-Version: 1.0
Content-Type: multipart/mixed; boundary=frontier

--frontier
Content-Type: text/xml

<g1:receptionReport xmlns="urn:3gpp:ns:metadata" xmlns:g1="urn:3gpp:metadata:2008:MBMS:receptionreport" xmlns:xsi="http://www.w3.org/2001/XMLSchema-instance" xsi:schemaLocation="urn:3gpp:metadata:2008:MBMS:receptionreport receptionReportingRequestRestricted.xsd">
  <g1:statisticalReport clientId="990034600083" serviceId="urn:wpst:test:16776210:1001:2001">
    <g1:qoeMetrics networkResourceCellId="240012AF131D2 240012AF13F80 240012AF131D2 240012AF144F3 240012AF134CB 240012AF13D00 240012AF13C1B 240012AF131D2 240012AF14517 240012AF134CB 240012AF135E6 240012AF14438 240012AF14517 240012AF131D2 240012AF13C1B = 240012AF14517 240012AF13F80 240012AF13E6D 240012AF144F3 240012AF14517 240012AF13F80 240012AF131D2 = = 240012AF14517 = 240012AF131D2 240012AF14438 240012AF13D00 240012AF14438 240012AF135E6 = = 240012AF14517 = 240012AF131D2 = 240012AF13F80 240012AF14517" numberOfLostObjects="13 18 9 9 15 10 12 10 14 13 10 9 9 8 8 8 11 9 8 8 10 14 13 7 10 14 8 11 10 8 9 8 10 9 5 5 8 3 7 0" numberOfReceivedObjects="47 42 51 51 45 50 48 50 46 47 50 51 51 52 52 52 49 51 52 52 50 46 47 53 50 46 52 49 50 52 51 52 50 51 55 55 52 57 53 60" sessionStartTime="3628825149" sessionStopTime="3628827549"></g1:qoeMetrics>
  </g1:statisticalReport>
</g1:receptionReport>

--frontier--
]]></requestXML>
</ueReceptionReport>
<ueReceptionReport>
  <arriveTime>2014-12-29T08:36:17.520+00:00</arriveTime>
  <requestURI>http://mbadp-ohcn01-e.myvzw.com:80/reportingService/ericsson_bmsc/16776210_1001_2001</requestURI>
  <sourceAddress>2001:4888:4:3ee0:b0:d::</sourceAddress>
  <userAgent><![CDATA[TestAgent]]></userAgent>
  <contentType><![CDATA[multipart/mixed; boundary=frontier]]></contentType>
  <requestXML><![CDATA[MIME-Version: 1.0
Content-Type: multipart/mixed; boundary=frontier

--frontier
Content-Type: text/xml

<g1:receptionReport xmlns="urn:3gpp:ns:metadata" xmlns:g1="urn:3gpp:metadata:2008:MBMS:receptionreport" xmlns:xsi="http://www.w3.org/2001/XMLSchema-instance" xsi:schemaLocation="urn:3gpp:metadata:2008:MBMS:receptionreport receptionReportingRequestRestricted.xsd">
  <g1:statisticalReport clientId="990034600083" serviceId="urn:wpst:test:16776210:1001:2001">
    <g1:qoeMetrics networkResourceCellId="240012AF14438 240012AF134CB 240012AF13F80 240012AF144F3 240012AF13C1B 240012AF13F80 = 240012AF134CB 240012AF13F80 240012AF135E6 = 240012AF13D00 240012AF13E6D 240012AF144F3 240012AF13F80 240012AF135E6 240012AF131D2 240012AF14438 240012AF131D2 240012AF13D00 = 240012AF135E6 240012AF13F80 240012AF134CB 240012AF14517 240012AF135E6 240012AF134CB = = 240012AF131D2 240012AF13C1B 240012AF131D2 240012AF134CB 240012AF14517 240012AF135E6 240012AF13E6D 240012AF134CB = 240012AF13E6D =" numberOfLostObjects="13 18 12 17 16 16 8 9 8 8 17 8 10 14 13 15 11 8 12 12 10 8 8 7 9 9 10 6 9 9 9 9 8 4 4 6 5 1 2 2" numberOfReceivedObjects="47 42 48 43 44 44 52 51 52 52 43 52 50 46 47 45 49 52 48 48 50 52 52 53 51 51 50 54 51 51 51 51 52 56 56 54 55 59 58 58" sessionStartTime="3628827549" sessionStopTime="3628829949"></g1:qoeMetrics>
  </g1:statisticalReport>
</g1:receptionReport>

--frontier--
]]></requestXML>
</ueReceptionReport>
<ueReceptionReport>
  <arriveTime>2014-12-29T09:16:03.520+00:00</arriveTime>
  <requestURI>http://mbadp-ohcn01-e.myvzw.com:80/reportingService/ericsson_bmsc/16776210_1001_2001</requestURI>
  <sourceAddress>2001:4888:4:3ee0:b0:d::</sourceAddress>
  <userAgent><![CDATA[TestAgent]]></userAgent>
  <contentType><![CDATA[multipart/mixed; boundary=frontier]]></contentType>
  <requestXML><![CDATA[MIME-Version: 1.0
Content-Type: multipart/mixed; boundary=frontier

--frontier
Content-Type: text/xml

<g1:receptionReport xmlns="urn:3gpp:ns:metadata" xmlns:g1="urn:3gpp:metadata:2008:MBMS:receptionreport" xmlns:xsi="http://www.w3.org/2001/XMLSchema-instance" xsi:schemaLocation="urn:3gpp:metadata:2008:MBMS:receptionreport receptionReportingRequestRestricted.xsd">
  <g1:statisticalReport clientId="990034600084" serviceId="urn:wpst:test:16776210:1001:2001">
    <g1:qoeMetrics networkResourceCellId="240012AF145AC 240012AF13AE2 240012AF145AC 240012AF138D8 240012AF145D0 240012AF145AC 240012AF141F6 240012AF13BF8 240012AF14319 240012AF138CA 240012AF141F6 240012AF145AC 240012AF13BF8 = 240012AF13AE2 240012AF141F6 240012AF138CA = 240012AF13BF8 240012AF13274 240012AF145D0 240012AF138D8 240012AF145AC 240012AF13BF8 240012AF138D8 240012AF14319 = 240012AF13BF8 240012AF13274 240012AF138CA 240012AF13BF8 240012AF145AC 240012AF138D8 240012AF14319 = 240012AF145AC 240012AF138D8 240012AF13274 240012AF145D0 240012AF14319 240012AF145AC 240012AF13274 240012AF138D8 240012AF145D0 240012AF13274 240012AF13BF8 240012AF138D8 240012AF138CA 240012AF13274 240012AF13AE2 240012AF14319 240012AF145D0 240012AF13BF8 240012AF13AE2 240012AF145D0 240012AF13AE2 240012AF138CA 240012AF1320D 240012AF13AE2 240012AF14319 240012AF13AE2 240012AF13BF8 = = 240012AF138CA 240012AF14319 240012AF145D0 = 240012AF1320D = 240012AF13AE2 240012AF13BF8 240012AF1320D 240012AF13BF8 240012AF145D0 240012AF1320D 240012AF141F6 240012AF13274 = 240012AF141F6 240012AF138D8 240012AF141F6 240012AF138D8 240012AF13AE2 240012AF14319 240012AF138CA 240012AF13AE2 240012AF13BF8 240012AF138D8 240012AF141F6 240012AF14319 240012AF141F6 240012AF14319 = 240012AF13AE2 240012AF141F6 240012AF138D8 240012AF13274 = 240012AF14319 240012AF1320D 240012AF13AE2 240012AF14319 240012AF138CA 240012AF141F6 240012AF1320D 240012AF13274 240012AF14319 240012AF13AE2 240012AF13274 240012AF145AC 240012AF13BF8 240012AF141F6 240012AF14319 240012AF13AE2 240012AF138CA 240012AF13AE2 240012AF14319 240012AF138CA 240012AF141F6" numberOfLostObjects="6 3 5 5 3 2 4 2 4 4 2 4 3 2 2 5 5 4 2 2 4 3 2 3 5 4 3 2 2 4 3 5 5 2 5 2 2 3 3 4 5 3 2 2 4 3 2 3 5 2 4 4 3 4 5 2 2 2 3 3 4 4 2 3 4 5 4 4 2 5 2 5 4 3 4 3 3 2 3 2 3 4 3 3 3 3 2 4 4 4 2 4 2 2 1 4 1 3 2 3 3 2 1 3 3 1 3 2 1 1 3 3 2 2 2 2 1 0 1 1" numberOfReceivedObjects="54 57 55 55 57 58 56 58 56 56 58 56 57 58 58 55 55 56 58 58 56 57 58 57 55 56 57 58 58 56 57 55 55 58 55 58 58 57 57 56 55 57 58 58 56 57 58 57 55 58 56 56 57 56 55 58 58 58 57 57 56 56 58 57 56 55 56 56 58 55 58 55 56 57 56 57 57 58 57 58 57 56 57 57 57 57 58 56 56 56 58 56 58 58 59 56 59 57 58 57 57 58 59 57 57 59 57 58 59 59 57 57 58 58 58 58 59 60 59 59" sessionStartTime="3628825149" sessionStopTime="3628832349"></g1:qoeMetrics>
  </g1:statisticalReport>
</g1:receptionReport>

--frontier--
]]></requestXML>
</ueReceptionReport>
