<ueReceptionReport>
  <arriveTime>2014-12-29T07:55:39.520+00:00</arriveTime>
  <requestURI>http://mbadp-ohcn01-e.myvzw.com:80/reportingService/ericsson_bmsc/16776210_1001_2001</requestURI>
  <sourceAddress>2001:4888:4:3ee0:b0:d::</sourceAddress>
  <userAgent><![CDATA[TestAgent]]></userAgent>
  <contentType><![CDATA[multipart/mixed; boundary=frontier]]></contentType>
  <requestXML><![CDATA[MIME-Version: 1.0
Content-Type: multipart/mixed; boundary=frontier

--frontier
Content-Type: text/xml

<g1:receptionReport xmlns="urn:3gpp:ns:metadata" xmlns:g1="urn:3gpp:metadata:2008:MBMS:receptionreport" xmlns:xsi="http://www.w3.org/2001/XMLSchema-instance" xsi:schemaLocation="urn:3gpp:metadata:2008:MBMS:receptionreport receptionReportingRequestRestricted.xsd">
  <g1:statisticalReport clientId="990034600013" serviceId="urn:wpst:test:16776210:1001:2001">
    <g1:qoeMetrics networkResourceCellId="240012AF03D26 240012AF03F2D 240012AF03984 240012AF041A0 240012AF03467 240012AF030E2 240012AF03367 240012AF043A9 240012AF03984 240012AF040AE 240012AF03D26 240012AF03367 240012AF04464 240012AF03367 240012AF040AE 240012AF030E2 240012AF03467 240012AF04464 240012AF041A0 240012AF043A9 240012AF03F2D 240012AF03D26 240012AF030E2 = 240012AF043A9 240012AF03D26 240012AF043A9 = 240012AF030E2 240012AF03984 240012AF04464 240012AF030E2 240012AF03467 240012AF040AE 240012AF03467 240012AF04464 = 240012AF03F2D 240012AF040AE =" numberOfLostObjects="16 10 16 10 16 17 15 12 14 13 8 12 11 10 8 10 8 10 7 10 13 7 9 11 7 8 11 10 5 8 11 9 6 4 7 5 4 8 2 2" numberOfReceivedObjects="44 50 44 50 44 43 45 48 46 47 52 48 49 50 52 50 52 50 53 50 47 53 51 49 53 52 49 50 55 52 49 51 54 56 53 55 56 52 58 58" sessionStartTime="3628825149" sessionStopTime="3628827549"></g1:qoeMetrics>
  </g1:statisticalReport>
</g1:receptionReport>

--frontier--
]]></requestXML>
</ueReceptionReport>
<ueReceptionReport>
  <arriveTime>2014-12-29T08:36:01.520+00:00</arriveTime>
  <requestURI>http://mbadp-ohcn01-e.myvzw.com:80/reportingService/ericsson_bmsc/16776210_1001_2001</requestURI>
  <sourceAddress>2001:4888:4:3ee0:b0:d::</sourceAddress>
  <userAgent><![CDATA[TestAgent]]></userAgent>
  <contentType><![CDATA[multipart/mixed; boundary=frontier]]></contentType>
  <requestXML><![CDATA[MIME-Version: 1.0
Content-Type: multipart/mixed; boundary=frontier

--frontier
Content-Type: text/xml

<g1:receptionReport xmlns="urn:3gpp:ns:metadata" xmlns:g1="urn:3gpp:metadata:2008:MBMS:receptionreport" xmlns:xsi="http://www.w3.org/2001/XMLSchema-instance" xsi:schemaLocation="urn:3gpp:metadata:2008:MBMS:receptionreport receptionReportingRequestRestricted.xsd">
  <g1:statisticalReport clientId="990034600013" serviceId="urn:wpst:test:16776210:1001:2001">
    <g1:qoeMetrics networkResourceCellId="240012AF03467 240012AF03D26 240012AF04464 = 240012AF03367 240012AF03D26 240012AF03984 240012AF03367 240012AF043A9 = 240012AF040AE 240012AF041A0 240012AF03D26 240012AF03F2D 240012AF030E2 240012AF040AE 240012AF041A0 240012AF040AE 240012AF043A9 240012AF03367 240012AF04464 240012AF041A0 240012AF04464 240012AF03367 240012AF030E2 240012AF03F2D 240012AF03467 240012AF040AE 240012AF041A0 240012AF040AE 240012AF03984 240012AF040AE 240012AF03F2D 240012AF040AE = 240012AF03367 240012AF03984 240012AF030E2 240012AF03467 240012AF030E2" numberOfLostObjects="11 14 13 18 14 17 8 13 10 9 16 15 10 11 14 11 13 10 6 10 12 12 12 5 8 11 10 10 9 7 7 4 4 6 6 5 2 3 2 2" numberOfReceivedObjects="49 46 47 42 46 43 52 47 50 51 44 45 50 49 46 49 47 50 54 50 48 48 48 55 52 49 50 50 51 53 53 56 56 54 54 55 58 57 58 58" sessionStartTime="3628827549" sessionStopTime="3628829949"></g1:qoeMetrics>
  </g1:statisticalReport>
</g1:receptionReport>

--frontier--
]]></requestXML>
</ueReceptionReport>
<ueReceptionReport>
  <arriveTime>2014-12-29T09:16:33.520+00:00</arriveTime>
  <requestURI>http://mbadp-ohcn01-e.myvzw.com:80/reportingService/ericsson_bmsc/16776210_1001_2001</requestURI>
  <sourceAddress>2001:4888:4:3ee0:b0:d::</sourceAddress>
  <userAgent><![CDATA[TestAgent]]></userAgent>
  <contentType><![CDATA[multipart/mixed; boundary=frontier]]></contentType>
  <requestXML><![CDATA[MIME-Version: 1.0
Content-Type: multipart/mixed; boundary=frontier

--frontier
Content-Type: text/xml

<g1:receptionReport xmlns="urn:3gpp:ns:metadata" xmlns:g1="urn:3gpp:metadata:2008:MBMS:receptionreport" xmlns:xsi="http://www.w3.org/2001/XMLSchema-instance" xsi:schemaLocation="urn:3gpp:metadata:2008:MBMS:receptionreport receptionReportingRequestRestricted.xsd">
  <g1:statisticalReport clientId="990034600014" serviceId="urn:wpst:test:16776210:1001:2001">
    <g1:qoeMetrics networkResourceCellId="240012AF045A0 240012AF03C01 240012AF03B7E 240012AF04205 240012AF042FE 240012AF04205 240012AF03845 240012AF04642 240012AF03845 240012AF042FE 240012AF04205 240012AF042FE 240012AF03845 240012AF045A0 240012AF03B7E 240012AF042FE 240012AF03845 240012AF042FE 240012AF03B60 240012AF04642 240012AF045A0 240012AF03B7E 240012AF044EF 240012AF03142 240012AF03C01 240012AF04642 240012AF042FE 240012AF03B7E 240012AF04205 240012AF045A0 240012AF044EF 240012AF04642 240012AF044EF 240012AF03142 = 240012AF03845 240012AF03142 240012AF03C01 = = = = 240012AF03B7E 240012AF04205 240012AF044EF 240012AF03B60 240012AF04205 240012AF045A0 240012AF03B60 = 240012AF03845 240012AF045A0 240012AF03142 240012AF04642 240012AF03845 240012AF045A0 240012AF03B7E 240012AF04205 240012AF03C01 240012AF03B7E 240012AF04642 = 240012AF044EF 240012AF042FE 240012AF03C01 240012AF03B60 240012AF04642 240012AF042FE 240012AF03C01 240012AF03B60 240012AF03B7E 240012AF04205 240012AF03845 240012AF03B60 240012AF04642 = 240012AF045A0 240012AF04642 240012AF03845 240012AF042FE 240012AF045A0 240012AF03B60 240012AF044EF 240012AF03845 240012AF045A0 = 240012AF03142 240012AF03B7E 240012AF04642 240012AF03B60 240012AF04205 240012AF03845 240012AF04642 240012AF044EF 240012AF03142 240012AF042FE 240012AF044EF 240012AF03845 240012AF044EF 240012AF03142 240012AF04642 = 240012AF03B7E 240012AF044EF 240012AF045A0 240012AF03C01 240012AF04205 = 240012AF03B60 240012AF03845 240012AF045A0 = 240012AF04642 240012AF03C01 240012AF03142 = 240012AF044EF 240012AF042FE 240012AF044EF 240012AF04205" numberOfLostObjects="6 3 5 4 5 5 3 4 3 2 2 4 5 4 3 4 2 3 5 2 2 4 4 5 2 2 5 4 3 4 4 2 5 3 5 4 3 2 2 4 2 2 2 5 5 3 4 5 4 3 5 4 5 3 3 4 2 4 3 4 2 2 3 4 3 4 3 2 4 3 3 3 4 4 3 4 4 2 4 2 2 2 3 2 3 3 3 2 2 2 3 3 1 2 2 3 1 1 3 3 2 1 2 2 1 1 3 1 2 2 2 3 3 1 3 1 2 2 1 1" numberOfReceivedObjects="54 57 55 56 55 55 57 56 57 58 58 56 55 56 57 56 58 57 55 58 58 56 56 55 58 58 55 56 57 56 56 58 55 57 55 56 57 58 58 56 58 58 58 55 55 57 56 55 56 57 55 56 55 57 57 56 58 56 57 56 58 58 57 56 57 56 57 58 56 57 57 57 56 56 57 56 56 58 56 58 58 58 57 58 57 57 57 58 58 58 57 57 59 58 58 57 59 59 57 57 58 59 58 58 59 59 57 59 58 58 58 57 57 59 57 59 58 58 59 59" sessionStartTime="3628825149" sessionStopTime="3628832349"></g1:qoeMetrics>
  </g1:statisticalReport>
</g1:receptionReport>

--frontier--
]]></requestXML>
</ueReceptionReport>
<ueReceptionReport>
  <arriveTime>2014-12-29T09:15:55.520+00:00</arriveTime>
  <requestURI>http://mbadp-ohcn01-e.myvzw.com:80/reportingService/ericsson_bmsc/16776210_1001_2001</requestURI>
  <sourceAddress>2001:4888:4:3ee0:b0:d::</sourceAddress>
  <userAgent><![CDATA[TestAgent]]></userAgent>
  <contentType><![CDATA[multipart/mixed; boundary=frontier]]></contentType>
  <requestXML><![CDATA[MIME-Version: 1.0
Content-Type: multipart/mixed; boundary=frontier

--frontier
Content-Type: text/xml

<g1:receptionReport xmlns="urn:3gpp:ns:metadata" xmlns:g1="urn:3gpp:metadata:2008:MBMS:receptionreport" xmlns:xsi="http://www.w3.org/2001/XMLSchema-instance" xsi:schemaLocation="urn:3gpp:metadata:2008:MBMS:receptionreport receptionReportingRequestRestricted.xsd">
  <g1:statisticalReport clientId="990034600015" serviceId="urn:wpst:test:16776210:1001:2001">
    <g1:qoeMetrics networkResourceCellId="240012AF043B8 240012AF03042 240012AF038AE 240012AF035BF 240012AF038DC 240012AF03743 240012AF03587 240012AF038DC 240012AF03743 = 240012AF035BF 240012AF03334 240012AF043B8 240012AF03587 = 240012AF0435C 240012AF03743 240012AF038DC 240012AF035BF 240012AF03743 240012AF03334 240012AF03042 240012AF043B8 240012AF045B7 240012AF03743 240012AF045B7 240012AF03334 240012AF038DC 240012AF043B8 = 240012AF038AE 240012AF03743 240012AF03587 240012AF0435C 240012AF038AE 240012AF03334 240012AF038DC 240012AF03042 240012AF03334 240012AF03042 240012AF035BF 240012AF03587 240012AF043B8 240012AF038AE 240012AF0435C 240012AF035BF 240012AF038AE 240012AF03743 240012AF035BF 240012AF03334 240012AF03587 240012AF03042 240012AF0435C 240012AF035BF 240012AF038AE 240012AF03743 240012AF03042 240012AF045B7 240012AF03743 240012AF03587 240012AF035BF 240012AF043B8 240012AF03334 240012AF043B8 240012AF038DC 240012AF035BF 240012AF0435C 240012AF038DC 240012AF03743 240012AF03587 240012AF045B7 240012AF038AE 240012AF038DC 240012AF045B7 240012AF038DC = 240012AF03743 240012AF038AE 240012AF03743 240012AF038DC 240012AF03587 240012AF0435C 240012AF045B7 240012AF03587 240012AF03334 240012AF03587 240012AF0435C 240012AF038AE 240012AF038DC = 240012AF03042 240012AF035BF 240012AF03743 240012AF043B8 240012AF038DC 240012AF03587 240012AF0435C = 240012AF03587 240012AF03743 240012AF03042 240012AF038DC 240012AF03042 240012AF045B7 = 240012AF03743 240012AF03587 240012AF038AE 240012AF043B8 240012AF0435C 240012AF043B8 240012AF035BF 240012AF045B7 = 240012AF043B8 240012AF03042 240012AF038AE = 240012AF03743 240012AF043B8" numberOfLostObjects="3 6 4 4 4 3 4 4 5 2 2 2 2 3 4 5 5 2 5 3 2 2 2 5 5 4 2 3 5 4 4 5 3 3 3 5 4 5 3 3 2 3 4 2 5 2 2 4 2 5 5 2 5 2 2 5 4 2 2 3 5 4 3 2 3 2 2 3 4 4 2 3 2 4 2 2 4 4 2 3 4 4 3 3 4 3 3 2 2 4 3 4 3 3 3 2 1 3 1 3 1 2 1 2 1 2 2 1 2 3 2 1 2 1 3 2 2 1 3 1" numberOfReceivedObjects="57 54 56 56 56 57 56 56 55 58 58 58 58 57 56 55 55 58 55 57 58 58 58 55 55 56 58 57 55 56 56 55 57 57 57 55 56 55 57 57 58 57 56 58 55 58 58 56 58 55 55 58 55 58 58 55 56 58 58 57 55 56 57 58 57 58 58 57 56 56 58 57 58 56 58 58 56 56 58 57 56 56 57 57 56 57 57 58 58 56 57 56 57 57 57 58 59 57 59 57 59 58 59 58 59 58 58 59 58 57 58 59 58 59 57 58 58 59 57 59" sessionStartTime="3628825149" sessionStopTime="3628832349"></g1:qoeMetrics>
  </g1:statisticalReport>
</g1:receptionReport>

--frontier--
]]></requestXML>
</ueReceptionReport>
<ueReceptionReport>
  <arriveTime>2014-12-29T07:56:19.520+00:00</arriveTime>
  <requestURI>http://mbadp-ohcn01-e.myvzw.com:80/reportingService/ericsson_bmsc/16776210_1001_2001</requestURI>
  <sourceAddress>2001:4888:4:3ee0:b0:d::</sourceAddress>
  <userAgent><![CDATA[TestAgent]]></userAgent>
  <contentType><![CDATA[multipart/mixed; boundary=frontier]]></contentType>
  <requestXML><![CDATA[MIME-Version: 1.0
Content-Type: multipart/mixed; boundary=frontier

--frontier
Content-Type: text/xml

<g1:receptionReport xmlns="urn:3gpp:ns:metadata" xmlns:g1="urn:3gpp:metadata:2008:MBMS:receptionreport" xmlns:xsi="http://www.w3.org/2001/XMLSchema-instance" xsi:schemaLocation="urn:3gpp:metadata:2008:MBMS:receptionreport receptionReportingRequestRestricted.xsd">
  <g1:statisticalReport clientId="990034600016" serviceId="urn:wpst:test:16776210:1001:2001">
    <g1:qoeMetrics networkResourceCellId="240012AF03E0A 240012AF043C8 240012AF03E5F 240012AF030AC 240012AF04539 240012AF03F5D 240012AF039F1 240012AF030AC 240012AF03758 240012AF043C8 = 240012AF03F5D 240012AF030AC = 240012AF03E5F 240012AF043C8 240012AF04539 240012AF03F5D 240012AF0430B 240012AF03E0A 240012AF03758 240012AF030AC 240012AF03E5F 240012AF03F5D 240012AF03758 240012AF043C8 240012AF03F5D 240012AF039F1 240012AF043C8 240012AF039F1 240012AF03758 240012AF039F1 240012AF03758 240012AF04539 240012AF043C8 240012AF03AC5 240012AF0430B 240012AF04539 240012AF03758 240012AF030AC" numberOfLostObjects="14 9 13 13 13 12 10 16 11 12 14 12 9 15 10 11 15 10 7 13 10 11 8 10 10 11 8 7 10 10 5 7 8 4 4 3 4 7 3 1" numberOfReceivedObjects="46 51 47 47 47 48 50 44 49 48 46 48 51 45 50 49 45 50 53 47 50 49 52 50 50 49 52 53 50 50 55 53 52 56 56 57 56 53 57 59" sessionStartTime="3628825149" sessionStopTime="3628827549"></g1:qoeMetrics>
  </g1:statisticalReport>
</g1:receptionReport>

--frontier--
]]></requestXML>
</ueReceptionReport>
<ueReceptionReport>
  <arriveTime>2014-12-29T08:36:39.520+00:00</arriveTime>
  <requestURI>http://mbadp-ohcn01-e.myvzw.com:80/reportingService/ericsson_bmsc/16776210_1001_2001</requestURI>
  <sourceAddress>2001:4888:4:3ee0:b0:d::</sourceAddress>
  <userAgent><![CDATA[TestAgent]]></userAgent>
  <contentType><![CDATA[multipart/mixed; boundary=frontier]]></contentType>
  <requestXML><![CDATA[MIME-Version: 1.0
Content-Type: multipart/mixed; boundary=frontier

--frontier
Content-Type: text/xml

<g1:receptionReport xmlns="urn:3gpp:ns:metadata" xmlns:g1="urn:3gpp:metadata:2008:MBMS:receptionreport" xmlns:xsi="http://www.w3.org/2001/XMLSchema-instance" xsi:schemaLocation="urn:3gpp:metadata:2008:MBMS:receptionreport receptionReportingRequestRestricted.xsd">
  <g1:statisticalReport clientId="990034600016" serviceId="urn:wpst:test:16776210:1001:2001">
    <g1:qoeMetrics networkResourceCellId="240012AF04539 240012AF043C8 240012AF039F1 240012AF03E5F 240012AF039F1 240012AF03AC5 240012AF039F1 240012AF03E5F 240012AF03758 240012AF043C8 240012AF03E5F = 240012AF03AC5 240012AF03758 240012AF03F5D 240012AF03758 = 240012AF04539 240012AF03758 240012AF0430B = 240012AF03AC5 240012AF04539 240012AF03758 240012AF030AC 240012AF043C8 240012AF03F5D 240012AF04539 240012AF03AC5 240012AF0430B 240012AF03F5D 240012AF043C8 240012AF03E5F 240012AF039F1 240012AF03E0A 240012AF030AC 240012AF03758 240012AF030AC 240012AF039F1 240012AF030AC" numberOfLostObjects="9 10 10 16 16 13 10 16 15 12 14 13 15 14 9 10 7 13 8 12 12 11 11 8 10 7 6 7 9 8 4 9 6 8 5 6 4 3 2 2" numberOfReceivedObjects="51 50 50 44 44 47 50 44 45 48 46 47 45 46 51 50 53 47 52 48 48 49 49 52 50 53 54 53 51 52 56 51 54 52 55 54 56 57 58 58" sessionStartTime="3628827549" sessionStopTime="3628829949"></g1:qoeMetrics>
  </g1:statisticalReport>
</g1:receptionReport>

--frontier--
]]></requestXML>
</ueReceptionReport>
<ueReceptionReport>
  <arriveTime>2014-12-29T09:16:17.520+00:00</arriveTime>
  <requestURI>http://mbadp-ohcn01-e.myvzw.com:80/reportingService/ericsson_bmsc/16776210_1001_2001</requestURI>
  <sourceAddress>2001:4888:4:3ee0:b0:d::</sourceAddress>
  <userAgent><![CDATA[TestAgent]]></userAgent>
  <contentType><![CDATA[multipart/mixed; boundary=frontier]]></contentType>
  <requestXML><![CDATA[MIME-Version: 1.0
Content-Type: multipart/mixed; boundary=frontier

--frontier
Content-Type: text/xml

<g1:receptionReport xmlns="urn:3gpp:ns:metadata" xmlns:g1="urn:3gpp:metadata:2008:MBMS:receptionreport" xmlns:xsi="http://www.w3.org/2001/XMLSchema-instance" xsi:schemaLocation="urn:3gpp:metadata:2008:MBMS:receptionreport receptionReportingRequestRestricted.xsd">
  <g1:statisticalReport clientId="990034600017" serviceId="urn:wpst:test:16776210:1001:2001">
    <g1:qoeMetrics networkResourceCellId="240012AF03B63 240012AF03BDB 240012AF033B0 240012AF039AA 240012AF03B63 240012AF03B98 240012AF03B63 240012AF032C9 240012AF03B63 240012AF03B98 240012AF045D9 240012AF033B0 240012AF032C9 240012AF038B3 240012AF045D9 240012AF039AA 240012AF03B98 = 240012AF03B39 240012AF038B3 240012AF033B0 = 240012AF03B98 240012AF039AA 240012AF03BDB 240012AF03B98 240012AF038B3 240012AF039AA 240012AF041FF 240012AF03BDB 240012AF041FF 240012AF03B98 240012AF032C9 240012AF03B39 240012AF03BDB 240012AF041FF 240012AF045D9 240012AF03B63 240012AF03BDB 240012AF03B63 240012AF039AA 240012AF03B98 240012AF03B63 240012AF033B0 240012AF03B63 240012AF032C9 240012AF039AA 240012AF045D9 240012AF03B39 240012AF03B63 240012AF03B98 240012AF041FF 240012AF03B63 = 240012AF038B3 240012AF03B63 240012AF045D9 240012AF041FF 240012AF038B3 240012AF03B63 240012AF041FF 240012AF033B0 240012AF039AA 240012AF03BDB 240012AF041FF 240012AF033B0 = 240012AF03B39 = 240012AF033B0 = 240012AF032C9 240012AF03BDB 240012AF038B3 240012AF03B63 240012AF039AA = 240012AF03B98 240012AF039AA 240012AF03B63 240012AF039AA 240012AF03BDB 240012AF03B98 = 240012AF03B39 240012AF03B63 240012AF039AA 240012AF03B39 240012AF038B3 240012AF03B98 240012AF033B0 = 240012AF032C9 240012AF033B0 240012AF032C9 240012AF033B0 240012AF03BDB 240012AF03B98 240012AF041FF = 240012AF03BDB 240012AF03B39 240012AF045D9 240012AF038B3 240012AF03B98 240012AF032C9 = 240012AF03BDB 240012AF03B39 240012AF033B0 240012AF03B39 240012AF038B3 240012AF03B98 240012AF041FF = = 240012AF032C9 240012AF03B63 240012AF03B98 240012AF03B39" numberOfLostObjects="4 3 3 5 4 5 4 4 4 4 4 4 2 5 3 5 5 5 5 3 4 4 2 4 4 2 4 5 2 4 4 3 5 5 3 3 4 5 5 2 4 4 5 2 3 4 4 4 3 3 4 4 4 3 4 3 2 2 2 2 4 4 2 2 4 4 4 2 4 4 2 3 2 3 4 2 4 3 2 1 2 2 1 2 2 2 4 1 2 2 2 1 3 3 2 2 2 2 2 2 1 3 1 3 2 1 3 2 3 2 2 2 1 1 3 1 2 3 2 0" numberOfReceivedObjects="56 57 57 55 56 55 56 56 56 56 56 56 58 55 57 55 55 55 55 57 56 56 58 56 56 58 56 55 58 56 56 57 55 55 57 57 56 55 55 58 56 56 55 58 57 56 56 56 57 57 56 56 56 57 56 57 58 58 58 58 56 56 58 58 56 56 56 58 56 56 58 57 58 57 56 58 56 57 58 59 58 58 59 58 58 58 56 59 58 58 58 59 57 57 58 58 58 58 58 58 59 57 59 57 58 59 57 58 57 58 58 58 59 59 57 59 58 57 58 60" sessionStartTime="3628825149" sessionStopTime="3628832349"></g1:qoeMetrics>
  </g1:statisticalReport>
</g1:receptionReport>

--frontier--
]]></requestXML>
</ueReceptionReport>
<ueReceptionReport>
  <arriveTime>2014-12-29T09:15:57.520+00:00</arriveTime>
  <requestURI>http://mbadp-ohcn01-e.myvzw.com:80/reportingService/ericsson_bmsc/16776210_1001_2001</requestURI>
  <sourceAddress>2001:4888:4:3ee0:b0:d::</sourceAddress>
  <userAgent><![CDATA[TestAgent]]></userAgent>
  <contentType><![CDATA[multipart/mixed; boundary=frontier]]></contentType>
  <requestXML><![CDATA[MIME-Version: 1.0
Content-Type: multipart/mixed; boundary=frontier

--frontier
Content-Type: text/xml

<g1:receptionReport xmlns="urn:3gpp:ns:metadata" xmlns:g1="urn:3gpp:metadata:2008:MBMS:receptionreport" xmlns:xsi="http://www.w3.org/2001/XMLSchema-instance" xsi:schemaLocation="urn:3gpp:metadata:2008:MBMS:receptionreport receptionReportingRequestRestricted.xsd">
  <g1:statisticalReport clientId="990034600018" serviceId="urn:wpst:test:16776210:1001:2001">
    <g1:qoeMetrics networkResourceCellId="240012AF044E4 = 240012AF043B3 240012AF044E4 240012AF02F94 240012AF044E4 240012AF0359B 240012AF044E4 240012AF0342E 240012AF043B3 240012AF045C1 = 240012AF032DD 240012AF044E4 240012AF0342E 240012AF02F94 240012AF045C1 240012AF044E4 240012AF0342E 240012AF043B3 240012AF044E4 240012AF043B3 240012AF0342E 240012AF03E04 240012AF044E4 240012AF02F94 240012AF0359B 240012AF032B3 240012AF043B3 240012AF032B3 240012AF03E04 240012AF044E4 240012AF0342E 240012AF032DD 240012AF02F94 240012AF03E04 240012AF043B3 240012AF032B3 240012AF032DD 240012AF02F94 240012AF044E4 240012AF045C1 240012AF0342E 240012AF043B3 240012AF032B3 240012AF032DD 240012AF03E04 240012AF044E4 = 240012AF032DD 240012AF0342E 240012AF02F94 240012AF043B3 240012AF03E04 240012AF032B3 = = 240012AF032DD 240012AF02F94 240012AF032B3 240012AF032DD 240012AF044E4 = 240012AF0342E 240012AF043B3 240012AF032DD 240012AF032B3 = 240012AF032DD 240012AF032B3 240012AF0359B 240012AF044E4 240012AF043B3 = 240012AF044E4 = 240012AF032DD 240012AF045C1 240012AF02F94 240012AF043B3 240012AF03153 = 240012AF0359B 240012AF045C1 240012AF02F94 240012AF03E04 240012AF043B3 240012AF0359B 240012AF03E04 240012AF0359B 240012AF03E04 = 240012AF03153 240012AF032DD = 240012AF03E04 240012AF0359B 240012AF045C1 240012AF03153 240012AF0359B 240012AF032B3 240012AF02F94 240012AF03153 240012AF032B3 240012AF02F94 240012AF032B3 240012AF0359B 240012AF044E4 240012AF043B3 240012AF032DD 240012AF044E4 240012AF045C1 240012AF03153 240012AF045C1 240012AF03153 240012AF032B3 240012AF0359B 240012AF03153 240012AF032DD 240012AF043B3" numberOfLostObjects="3 6 4 2 5 2 4 2 4 5 5 3 3 2 2 5 4 2 3 2 2 3 4 5 3 5 3 4 4 5 4 5 4 3 5 4 3 3 4 5 2 4 2 3 4 3 2 2 3 3 3 3 4 5 2 5 4 3 4 2 3 2 5 3 2 4 3 2 2 4 4 3 4 4 3 3 3 3 4 3 2 2 2 2 3 3 2 4 3 3 2 4 2 2 2 2 2 2 3 3 1 3 2 3 3 1 2 1 2 1 3 1 2 3 2 1 1 2 3 0" numberOfReceivedObjects="57 54 56 58 55 58 56 58 56 55 55 57 57 58 58 55 56 58 57 58 58 57 56 55 57 55 57 56 56 55 56 55 56 57 55 56 57 57 56 55 58 56 58 57 56 57 58 58 57 57 57 57 56 55 58 55 56 57 56 58 57 58 55 57 58 56 57 58 58 56 56 57 56 56 57 57 57 57 56 57 58 58 58 58 57 57 58 56 57 57 58 56 58 58 58 58 58 58 57 57 59 57 58 57 57 59 58 59 58 59 57 59 58 57 58 59 59 58 57 60" sessionStartTime="3628825149" sessionStopTime="3628832349"></g1:qoeMetrics>
  </g1:statisticalReport>
</g1:receptionReport>

--frontier--
]]></requestXML>
</ueReceptionReport>
