<ueReceptionReport>
  <arriveTime>2014-12-29T07:56:10.520+00:00</arriveTime>
  <requestURI>http://mbadp-ohcn01-e.myvzw.com:80/reportingService/ericsson_bmsc/16776210_1001_2001</requestURI>
  <sourceAddress>2001:4888:4:3ee0:b0:d::</sourceAddress>
  <userAgent><![CDATA[TestAgent]]></userAgent>
  <contentType><![CDATA[multipart/mixed; boundary=frontier]]></contentType>
  <requestXML><![CDATA[MIME-Version: 1.0
Content-Type: multipart/mixed; boundary=frontier

--frontier
Content-Type: text/xml

<g1:receptionReport xmlns="urn:3gpp:ns:metadata" xmlns:g1="urn:3gpp:metadata:2008:MBMS:receptionreport" xmlns:xsi="http://www.w3.org/2001/XMLSchema-instance" xsi:schemaLocation="urn:3gpp:metadata:2008:MBMS:receptionreport receptionReportingRequestRestricted.xsd">
  <g1:statisticalReport clientId="990034600091" serviceId="urn:wpst:test:16776210:1001:2001">
    <g1:qoeMetrics networkResourceCellId="240012AF169E5 240012AF17023 240012AF16703 240012AF169E5 240012AF16AB6 = = = 240012AF17580 240012AF15FBE 240012AF17159 240012AF16703 240012AF17159 240012AF15FBE 240012AF163BA 240012AF16B79 240012AF17023 240012AF15FBE 240012AF169E5 240012AF16703 240012AF15FBE = 240012AF17023 240012AF16AB6 240012AF163BA 240012AF16C83 240012AF169E5 240012AF16703 240012AF16B79 240012AF16C83 240012AF17580 = = = 240012AF17023 240012AF16AB6 = 240012AF16703 240012AF17023 240012AF16C83" numberOfLostObjects="9 13 13 18 18 10 15 13 9 9 11 12 10 15 9 10 13 12 9 10 9 13 8 8 12 6 7 11 9 8 6 7 7 4 6 6 5 6 3 1" numberOfReceivedObjects="51 47 47 42 42 50 45 47 51 51 49 48 50 45 51 50 47 48 51 50 51 47 52 52 48 54 53 49 51 52 54 53 53 56 54 54 55 54 57 59" sessionStartTime="3628825149" sessionStopTime="3628827549"></g1:qoeMetrics>
  </g1:statisticalReport>
</g1:receptionReport>

--frontier--
]]></requestXML>
</ueReceptionReport>
<ueReceptionReport>
  <arriveTime>2014-12-29T08:36:35.520+00:00</arriveTime>
  <requestURI>http://mbadp-ohcn01-e.myvzw.com:80/reportingService/ericsson_bmsc/16776210_1001_2001</requestURI>
  <sourceAddress>2001:4888:4:3ee0:b0:d::</sourceAddress>
  <userAgent><![CDATA[TestAgent]]></userAgent>
  <contentType><![CDATA[multipart/mixed; boundary=frontier]]></contentType>
  <requestXML><![CDATA[MIME-Version: 1.0
Content-Type: multipart/mixed; boundary=frontier

--frontier
Content-Type: text/xml

<g1:receptionReport xmlns="urn:3gpp:ns:metadata" xmlns:g1="urn:3gpp:metadata:2008:MBMS:receptionreport" xmlns:xsi="http://www.w3.org/2001/XMLSchema-instance" xsi:schemaLocation="urn:3gpp:metadata:2008:MBMS:receptionreport receptionReportingRequestRestricted.xsd">
  <g1:statisticalReport clientId="990034600091" serviceId="urn:wpst:test:16776210:1001:2001">
    <g1:qoeMetrics networkResourceCellId="240012AF17580 240012AF17159 = 240012AF163BA 240012AF16703 240012AF15FBE 240012AF169E5 240012AF17580 240012AF169E5 240012AF15FBE 240012AF16703 240012AF163BA 240012AF17159 240012AF17023 240012AF16B79 240012AF169E5 240012AF16B79 240012AF15FBE 240012AF16B79 240012AF17159 240012AF16AB6 240012AF17580 240012AF17023 240012AF17580 240012AF17023 240012AF163BA 240012AF17159 240012AF16B79 240012AF17580 240012AF16AB6 = = = 240012AF16C83 240012AF16B79 240012AF16AB6 240012AF16B79 240012AF169E5 240012AF16C83 240012AF17580" numberOfLostObjects="10 11 14 14 9 11 17 8 13 13 17 14 11 10 14 8 13 9 7 14 7 8 12 12 7 6 10 8 12 10 5 9 4 9 5 3 5 4 3 4" numberOfReceivedObjects="50 49 46 46 51 49 43 52 47 47 43 46 49 50 46 52 47 51 53 46 53 52 48 48 53 54 50 52 48 50 55 51 56 51 55 57 55 56 57 56" sessionStartTime="3628827549" sessionStopTime="3628829949"></g1:qoeMetrics>
  </g1:statisticalReport>
</g1:receptionReport>

--frontier--
]]></requestXML>
</ueReceptionReport>
<ueReceptionReport>
  <arriveTime>2014-12-29T09:16:07.520+00:00</arriveTime>
  <requestURI>http://mbadp-ohcn01-e.myvzw.com:80/reportingService/ericsson_bmsc/16776210_1001_2001</requestURI>
  <sourceAddress>2001:4888:4:3ee0:b0:d::</sourceAddress>
  <userAgent><![CDATA[TestAgent]]></userAgent>
  <contentType><![CDATA[multipart/mixed; boundary=frontier]]></contentType>
  <requestXML><![CDATA[MIME-Version: 1.0
Content-Type: multipart/mixed; boundary=frontier

--frontier
Content-Type: text/xml

<g1:receptionReport xmlns="urn:3gpp:ns:metadata" xmlns:g1="urn:3gpp:metadata:2008:MBMS:receptionreport" xmlns:xsi="http://www.w3.org/2001/XMLSchema-instance" xsi:schemaLocation="urn:3gpp:metadata:2008:MBMS:receptionreport receptionReportingRequestRestricted.xsd">
  <g1:statisticalReport clientId="990034600092" serviceId="urn:wpst:test:16776210:1001:2001">
    <g1:qoeMetrics networkResourceCellId="240012AF16E3C 240012AF168E7 = 240012AF15FFA 240012AF16E3C 240012AF16088 240012AF16C29 240012AF16088 240012AF16FE1 240012AF15FFA 240012AF16A0B 240012AF16088 240012AF15FFA 240012AF16E3C 240012AF16FE1 = 240012AF16905 240012AF16FE1 240012AF16758 240012AF16088 240012AF16FE1 240012AF15FFA 240012AF16E3C 240012AF16A0B 240012AF168E7 240012AF16088 = 240012AF16758 240012AF16FE1 240012AF16A0B 240012AF16905 240012AF16E3C 240012AF16758 240012AF16E3C 240012AF16905 240012AF15FFA 240012AF16C29 240012AF163CB 240012AF16A0B 240012AF16C29 240012AF16FE1 240012AF16088 240012AF16758 240012AF15FFA 240012AF163CB 240012AF16C29 240012AF168E7 240012AF16E3C = 240012AF16A0B 240012AF163CB 240012AF16088 240012AF16905 240012AF16758 240012AF16E3C 240012AF168E7 240012AF16758 240012AF16E3C = 240012AF16758 240012AF16C29 240012AF16FE1 240012AF16905 240012AF16088 240012AF163CB 240012AF15FFA 240012AF16A0B 240012AF16905 240012AF16A0B 240012AF16088 240012AF16E3C 240012AF16A0B 240012AF16088 240012AF15FFA = 240012AF163CB 240012AF16088 = 240012AF168E7 240012AF16C29 240012AF163CB 240012AF15FFA 240012AF16C29 240012AF16E3C 240012AF16C29 240012AF15FFA 240012AF16905 240012AF16A0B 240012AF16088 240012AF16FE1 240012AF15FFA 240012AF16758 240012AF16A0B 240012AF16C29 240012AF16758 240012AF16C29 240012AF163CB 240012AF168E7 240012AF16088 240012AF16E3C 240012AF168E7 240012AF16C29 240012AF16088 240012AF16905 240012AF16088 240012AF15FFA 240012AF16A0B 240012AF163CB 240012AF16A0B 240012AF16758 = 240012AF16C29 = 240012AF16E3C 240012AF15FFA 240012AF16905 = 240012AF168E7 240012AF16FE1 240012AF16A0B" numberOfLostObjects="3 5 4 5 4 2 2 4 2 5 5 3 4 3 2 4 4 5 4 3 5 4 4 2 5 4 3 4 2 5 2 3 4 4 2 2 4 3 4 5 2 3 2 4 4 2 3 2 5 5 3 4 3 5 5 2 4 2 5 2 2 4 2 3 4 2 2 4 2 4 2 2 3 2 4 2 2 2 3 3 2 3 4 4 4 4 2 2 4 4 2 4 4 2 2 3 3 3 2 1 3 2 1 1 3 3 2 1 2 1 3 2 2 1 1 2 3 1 1 1" numberOfReceivedObjects="57 55 56 55 56 58 58 56 58 55 55 57 56 57 58 56 56 55 56 57 55 56 56 58 55 56 57 56 58 55 58 57 56 56 58 58 56 57 56 55 58 57 58 56 56 58 57 58 55 55 57 56 57 55 55 58 56 58 55 58 58 56 58 57 56 58 58 56 58 56 58 58 57 58 56 58 58 58 57 57 58 57 56 56 56 56 58 58 56 56 58 56 56 58 58 57 57 57 58 59 57 58 59 59 57 57 58 59 58 59 57 58 58 59 59 58 57 59 59 59" sessionStartTime="3628825149" sessionStopTime="3628832349"></g1:qoeMetrics>
  </g1:statisticalReport>
</g1:receptionReport>

--frontier--
]]></requestXML>
</ueReceptionReport>
<ueReceptionReport>
  <arriveTime>2014-12-29T09:15:54.520+00:00</arriveTime>
  <requestURI>http://mbadp-ohcn01-e.myvzw.com:80/reportingService/ericsson_bmsc/16776210_1001_2001</requestURI>
  <sourceAddress>2001:4888:4:3ee0:b0:d::</sourceAddress>
  <userAgent><![CDATA[TestAgent]]></userAgent>
  <contentType><![CDATA[multipart/mixed; boundary=frontier]]></contentType>
  <requestXML><![CDATA[MIME-Version: 1.0
Content-Type: multipart/mixed; boundary=frontier

--frontier
Content-Type: text/xml

<g1:receptionReport xmlns="urn:3gpp:ns:metadata" xmlns:g1="urn:3gpp:metadata:2008:MBMS:receptionreport" xmlns:xsi="http://www.w3.org/2001/XMLSchema-instance" xsi:schemaLocation="urn:3gpp:metadata:2008:MBMS:receptionreport receptionReportingRequestRestricted.xsd">
  <g1:statisticalReport clientId="990034600093" serviceId="urn:wpst:test:16776210:1001:2001">
    <g1:qoeMetrics networkResourceCellId="240012AF166E4 240012AF167B2 240012AF1622B 240012AF166E4 240012AF1622B 240012AF16AED = 240012AF1769A 240012AF17317 240012AF1769A 240012AF16D72 240012AF168DD 240012AF16419 240012AF16703 240012AF16D72 240012AF168DD 240012AF167B2 240012AF16703 240012AF16419 240012AF16703 240012AF1622B 240012AF16703 240012AF1769A = 240012AF16703 240012AF16AED 240012AF16419 240012AF16703 240012AF17317 240012AF16AED 240012AF1769A 240012AF168DD 240012AF166E4 240012AF167B2 240012AF166E4 240012AF16AED 240012AF16D72 240012AF1622B 240012AF16D72 240012AF166E4 = 240012AF16AED 240012AF1769A 240012AF167B2 240012AF16AED 240012AF16703 240012AF16AED 240012AF166E4 240012AF16703 = 240012AF16D72 240012AF16419 240012AF167B2 = 240012AF1769A 240012AF167B2 240012AF166E4 240012AF1769A 240012AF167B2 240012AF16703 240012AF17317 = 240012AF167B2 240012AF16703 240012AF1622B 240012AF1769A 240012AF16AED 240012AF166E4 = 240012AF168DD 240012AF17317 240012AF16D72 240012AF167B2 = 240012AF17317 240012AF1769A 240012AF167B2 240012AF1622B 240012AF168DD 240012AF167B2 240012AF168DD 240012AF16D72 240012AF167B2 240012AF16703 240012AF17317 240012AF16D72 240012AF166E4 240012AF16703 240012AF16419 240012AF16D72 240012AF16AED 240012AF17317 240012AF167B2 240012AF166E4 240012AF16419 240012AF16703 240012AF16419 240012AF167B2 240012AF166E4 240012AF167B2 240012AF16AED 240012AF16703 240012AF17317 240012AF1769A 240012AF167B2 240012AF166E4 240012AF16419 240012AF1769A 240012AF16AED 240012AF168DD 240012AF16D72 240012AF166E4 240012AF1769A 240012AF1622B 240012AF16AED 240012AF167B2 240012AF16AED 240012AF1622B 240012AF166E4 240012AF16AED" numberOfLostObjects="5 3 5 5 2 5 4 2 4 5 2 3 3 2 5 2 5 5 4 5 2 4 3 3 3 3 4 3 2 5 2 5 2 5 4 2 4 2 3 3 2 3 4 3 3 3 4 3 2 2 2 2 4 3 3 5 4 5 3 5 4 3 4 4 2 2 5 4 2 4 4 3 3 3 2 3 3 4 4 3 2 3 3 2 4 3 2 3 2 2 4 2 2 4 1 3 1 2 2 2 4 1 3 2 3 1 3 3 3 1 2 1 2 3 2 1 2 1 1 1" numberOfReceivedObjects="55 57 55 55 58 55 56 58 56 55 58 57 57 58 55 58 55 55 56 55 58 56 57 57 57 57 56 57 58 55 58 55 58 55 56 58 56 58 57 57 58 57 56 57 57 57 56 57 58 58 58 58 56 57 57 55 56 55 57 55 56 57 56 56 58 58 55 56 58 56 56 57 57 57 58 57 57 56 56 57 58 57 57 58 56 57 58 57 58 58 56 58 58 56 59 57 59 58 58 58 56 59 57 58 57 59 57 57 57 59 58 59 58 57 58 59 58 59 59 59" sessionStartTime="3628825149" sessionStopTime="3628832349"></g1:qoeMetrics>
  </g1:statisticalReport>
</g1:receptionReport>

--frontier--
]]></requestXML>
</ueReceptionReport>
<ueReceptionReport>
  <arriveTime>2014-12-29T09:16:13.520+00:00</arriveTime>
  <requestURI>http://mbadp-ohcn01-e.myvzw.com:80/reportingService/ericsson_bmsc/16776210_1001_2001</requestURI>
  <sourceAddress>2001:4888:4:3ee0:b0:d::</sourceAddress>
  <userAgent><![CDATA[TestAgent]]></userAgent>
  <contentType><![CDATA[multipart/mixed; boundary=frontier]]></contentType>
  <requestXML><![CDATA[MIME-Version: 1.0
Content-Type: multipart/mixed; boundary=frontier

--frontier
Content-Type: text/xml

<g1:receptionReport xmlns="urn:3gpp:ns:metadata" xmlns:g1="urn:3gpp:metadata:2008:MBMS:receptionreport" xmlns:xsi="http://www.w3.org/2001/XMLSchema-instance" xsi:schemaLocation="urn:3gpp:metadata:2008:MBMS:receptionreport receptionReportingRequestRestricted.xsd">
  <g1:statisticalReport clientId="990034600094" serviceId="urn:wpst:test:16776210:1001:2001">
    <g1:qoeMetrics networkResourceCellId="240012AF1708B 240012AF16798 240012AF1708B 240012AF16367 240012AF167F2 240012AF1708B = 240012AF160FE 240012AF16798 240012AF165D0 240012AF169A5 240012AF16798 240012AF16D07 240012AF1708B 240012AF16658 240012AF1708B 240012AF16D07 240012AF1708B 240012AF16D07 240012AF1708B 240012AF172DB 240012AF169A5 240012AF167F2 240012AF16D07 240012AF160FE 240012AF16367 240012AF16D07 = 240012AF167F2 240012AF160FE 240012AF1708B 240012AF16798 240012AF16367 240012AF16798 240012AF1708B 240012AF16D07 240012AF16798 240012AF167F2 240012AF16798 240012AF160FE = 240012AF172DB 240012AF16367 240012AF165D0 240012AF16D07 240012AF169A5 = 240012AF16367 240012AF169A5 240012AF160FE 240012AF1708B 240012AF160FE 240012AF1708B 240012AF167F2 240012AF165D0 240012AF16658 240012AF167F2 240012AF160FE 240012AF172DB 240012AF165D0 240012AF16367 240012AF172DB 240012AF169A5 240012AF16658 240012AF167F2 240012AF172DB 240012AF169A5 240012AF16798 240012AF16367 240012AF16D07 240012AF16367 240012AF165D0 240012AF16367 240012AF172DB 240012AF16367 240012AF172DB 240012AF16798 = 240012AF16658 240012AF16D07 240012AF16367 240012AF16658 240012AF165D0 240012AF1708B 240012AF16367 240012AF16658 = 240012AF167F2 240012AF16798 240012AF160FE 240012AF16658 240012AF1708B 240012AF167F2 240012AF165D0 240012AF16367 240012AF167F2 240012AF16D07 240012AF169A5 = 240012AF16D07 240012AF165D0 = 240012AF160FE 240012AF167F2 240012AF1708B 240012AF167F2 240012AF16D07 240012AF16798 240012AF169A5 = 240012AF167F2 240012AF165D0 = 240012AF160FE 240012AF16798 240012AF165D0 240012AF16798 240012AF1708B 240012AF169A5 240012AF160FE" numberOfLostObjects="5 3 2 4 3 2 5 4 4 2 5 3 5 4 2 4 5 3 2 2 2 2 3 4 2 5 5 5 4 2 5 2 4 2 4 5 2 3 3 4 3 2 5 3 4 2 5 3 3 5 3 4 5 5 2 2 4 5 5 2 2 4 3 2 4 4 2 3 4 3 2 2 4 2 2 3 2 2 2 2 3 2 3 3 2 4 2 2 3 4 4 2 3 3 3 2 3 3 4 3 1 2 4 3 1 3 1 2 1 3 3 3 1 2 2 1 2 2 2 0" numberOfReceivedObjects="55 57 58 56 57 58 55 56 56 58 55 57 55 56 58 56 55 57 58 58 58 58 57 56 58 55 55 55 56 58 55 58 56 58 56 55 58 57 57 56 57 58 55 57 56 58 55 57 57 55 57 56 55 55 58 58 56 55 55 58 58 56 57 58 56 56 58 57 56 57 58 58 56 58 58 57 58 58 58 58 57 58 57 57 58 56 58 58 57 56 56 58 57 57 57 58 57 57 56 57 59 58 56 57 59 57 59 58 59 57 57 57 59 58 58 59 58 58 58 60" sessionStartTime="3628825149" sessionStopTime="3628832349"></g1:qoeMetrics>
  </g1:statisticalReport>
</g1:receptionReport>

--frontier--
]]></requestXML>
</ueReceptionReport>
<ueReceptionReport>
  <arriveTime>2014-12-29T07:56:36.520+00:00</arriveTime>
  <requestURI>http://mbadp-ohcn01-e.myvzw.com:80/reportingService/ericsson_bmsc/16776210_1001_2001</requestURI>
  <sourceAddress>2001:4888:4:3ee0:b0:d::</sourceAddress>
  <userAgent><![CDATA[TestAgent]]></userAgent>
  <contentType><![CDATA[multipart/mixed; boundary=frontier]]></contentType>
  <requestXML><![CDATA[MIME-Version: 1.0
Content-Type: multipart/mixed; boundary=frontier

--frontier
Content-Type: text/xml

<g1:receptionReport xmlns="urn:3gpp:ns:metadata" xmlns:g1="urn:3gpp:metadata:2008:MBMS:receptionreport" xmlns:xsi="http://www.w3.org/2001/XMLSchema-instance" xsi:schemaLocation="urn:3gpp:metadata:2008:MBMS:receptionreport receptionReportingRequestRestricted.xsd">
  <g1:statisticalReport clientId="990034600095" serviceId="urn:wpst:test:16776210:1001:2001">
    <g1:qoeMetrics networkResourceCellId="240012AF16092 240012AF168D3 240012AF176D6 240012AF16EAA 240012AF168D3 240012AF16EAA 240012AF176D6 240012AF16973 240012AF160E4 240012AF16092 240012AF16973 240012AF168D3 240012AF17266 240012AF172BC 240012AF16AA3 240012AF16EFC = 240012AF16AA3 = 240012AF168D3 240012AF160E4 240012AF172BC 240012AF16EAA 240012AF172BC 240012AF16EAA 240012AF160E4 240012AF168D3 240012AF16EAA 240012AF160E4 240012AF16AA3 240012AF168D3 240012AF16092 240012AF16AA3 240012AF17266 = 240012AF16AA3 240012AF160E4 240012AF16092 240012AF172BC 240012AF176D6" numberOfLostObjects="9 14 18 17 11 11 11 16 17 13 14 13 12 12 7 14 13 11 10 12 12 5 8 5 8 8 10 10 8 7 6 4 4 5 4 4 5 7 4 1" numberOfReceivedObjects="51 46 42 43 49 49 49 44 43 47 46 47 48 48 53 46 47 49 50 48 48 55 52 55 52 52 50 50 52 53 54 56 56 55 56 56 55 53 56 59" sessionStartTime="3628825149" sessionStopTime="3628827549"></g1:qoeMetrics>
  </g1:statisticalReport>
</g1:receptionReport>

--frontier--
]]></requestXML>
</ueReceptionReport>
<ueReceptionReport>
  <arriveTime>2014-12-29T08:35:39.520+00:00</arriveTime>
  <requestURI>http://mbadp-ohcn01-e.myvzw.com:80/reportingService/ericsson_bmsc/16776210_1001_2001</requestURI>
  <sourceAddress>2001:4888:4:3ee0:b0:d::</sourceAddress>
  <userAgent><![CDATA[TestAgent]]></userAgent>
  <contentType><![CDATA[multipart/mixed; boundary=frontier]]></contentType>
  <requestXML><![CDATA[MIME-Version: 1.0
Content-Type: multipart/mixed; boundary=frontier

--frontier
Content-Type: text/xml

<g1:receptionReport xmlns="urn:3gpp:ns:metadata" xmlns:g1="urn:3gpp:metadata:2008:MBMS:receptionreport" xmlns:xsi="http://www.w3.org/2001/XMLSchema-instance" xsi:schemaLocation="urn:3gpp:metadata:2008:MBMS:receptionreport receptionReportingRequestRestricted.xsd">
  <g1:statisticalReport clientId="990034600095" serviceId="urn:wpst:test:16776210:1001:2001">
    <g1:qoeMetrics networkResourceCellId="240012AF16AA3 = 240012AF168D3 240012AF160E4 240012AF16AA3 240012AF16EFC 240012AF168D3 240012AF16092 240012AF172BC 240012AF16AA3 240012AF168D3 240012AF17266 240012AF16EAA 240012AF16973 240012AF16EFC 240012AF160E4 240012AF16973 240012AF176D6 240012AF168D3 240012AF172BC 240012AF168D3 240012AF17266 240012AF16EAA = 240012AF16973 240012AF17266 240012AF172BC 240012AF16973 240012AF16EFC 240012AF176D6 240012AF16EAA 240012AF17266 240012AF16973 240012AF16EFC 240012AF17266 240012AF172BC 240012AF160E4 240012AF17266 240012AF16AA3 240012AF17266" numberOfLostObjects="15 16 15 14 9 17 11 11 16 9 10 14 11 14 11 7 9 10 9 14 10 13 11 10 10 6 6 9 5 7 8 7 9 3 6 6 6 4 2 0" numberOfReceivedObjects="45 44 45 46 51 43 49 49 44 51 50 46 49 46 49 53 51 50 51 46 50 47 49 50 50 54 54 51 55 53 52 53 51 57 54 54 54 56 58 60" sessionStartTime="3628827549" sessionStopTime="3628829949"></g1:qoeMetrics>
  </g1:statisticalReport>
</g1:receptionReport>

--frontier--
]]></requestXML>
</ueReceptionReport>
<ueReceptionReport>
  <arriveTime>2014-12-29T09:15:39.520+00:00</arriveTime>
  <requestURI>http://mbadp-ohcn01-e.myvzw.com:80/reportingService/ericsson_bmsc/16776210_1001_2001</requestURI>
  <sourceAddress>2001:4888:4:3ee0:b0:d::</sourceAddress>
  <userAgent><![CDATA[TestAgent]]></userAgent>
  <contentType><![CDATA[multipart/mixed; boundary=frontier]]></contentType>
  <requestXML><![CDATA[MIME-Version: 1.0
Content-Type: multipart/mixed; boundary=frontier

--frontier
Content-Type: text/xml

<g1:receptionReport xmlns="urn:3gpp:ns:metadata" xmlns:g1="urn:3gpp:metadata:2008:MBMS:receptionreport" xmlns:xsi="http://www.w3.org/2001/XMLSchema-instance" xsi:schemaLocation="urn:3gpp:metadata:2008:MBMS:receptionreport receptionReportingRequestRestricted.xsd">
  <g1:statisticalReport clientId="990034600096" serviceId="urn:wpst:test:16776210:1001:2001">
    <g1:qoeMetrics networkResourceCellId="240012AF168A9 240012AF168C6 240012AF168A9 240012AF165B1 240012AF176FA = 240012AF16D05 240012AF176FA 240012AF1604D 240012AF16DCA 240012AF164AD 240012AF176FA 240012AF1604D 240012AF16DCA 240012AF16751 240012AF168C6 240012AF16DCA 240012AF176FA 240012AF176A5 240012AF164AD 240012AF176FA 240012AF168C6 240012AF1604D 240012AF16D05 240012AF176A5 240012AF16751 240012AF16D05 240012AF168C6 240012AF1604D 240012AF16D05 240012AF1604D 240012AF16DCA 240012AF1604D 240012AF16DCA 240012AF168C6 240012AF16751 240012AF16D05 240012AF1604D 240012AF176A5 240012AF168A9 240012AF164AD 240012AF176A5 240012AF165B1 240012AF16D05 240012AF1604D 240012AF165B1 240012AF16D05 240012AF168C6 = 240012AF16DCA 240012AF164AD 240012AF176FA 240012AF16DCA 240012AF165B1 240012AF16751 = 240012AF164AD 240012AF176A5 240012AF16751 240012AF176A5 240012AF16751 240012AF165B1 240012AF164AD 240012AF176A5 240012AF164AD = 240012AF165B1 240012AF168A9 240012AF16D05 240012AF168A9 240012AF165B1 240012AF16D05 240012AF165B1 240012AF16D05 240012AF164AD 240012AF176A5 240012AF16DCA 240012AF16D05 240012AF165B1 240012AF176FA 240012AF164AD 240012AF1604D 240012AF164AD 240012AF16DCA 240012AF176A5 240012AF164AD 240012AF168C6 240012AF176FA = 240012AF16DCA 240012AF168C6 240012AF176A5 240012AF16751 240012AF164AD 240012AF168A9 240012AF165B1 240012AF164AD 240012AF16751 240012AF168A9 240012AF176A5 240012AF176FA 240012AF16DCA 240012AF16751 240012AF168A9 240012AF176A5 240012AF168C6 = 240012AF16751 240012AF16D05 240012AF165B1 240012AF168A9 240012AF16D05 240012AF176A5 240012AF16DCA 240012AF1604D 240012AF168C6 240012AF16DCA 240012AF164AD 240012AF16D05 240012AF1604D" numberOfLostObjects="3 3 6 3 5 4 4 5 5 4 2 5 3 2 5 5 4 5 4 2 3 2 3 2 5 3 5 4 3 3 3 3 3 2 4 2 4 3 2 4 5 2 3 3 2 2 2 4 2 4 5 3 4 2 3 4 3 2 2 4 3 3 2 5 4 4 5 2 2 2 4 2 3 2 2 4 3 3 2 3 3 3 4 3 3 4 3 2 3 2 2 4 3 4 4 3 1 2 2 3 1 4 2 3 1 3 3 2 2 3 1 3 1 1 2 1 2 2 2 0" numberOfReceivedObjects="57 57 54 57 55 56 56 55 55 56 58 55 57 58 55 55 56 55 56 58 57 58 57 58 55 57 55 56 57 57 57 57 57 58 56 58 56 57 58 56 55 58 57 57 58 58 58 56 58 56 55 57 56 58 57 56 57 58 58 56 57 57 58 55 56 56 55 58 58 58 56 58 57 58 58 56 57 57 58 57 57 57 56 57 57 56 57 58 57 58 58 56 57 56 56 57 59 58 58 57 59 56 58 57 59 57 57 58 58 57 59 57 59 59 58 59 58 58 58 60" sessionStartTime="3628825149" sessionStopTime="3628832349"></g1:qoeMetrics>
  </g1:statisticalReport>
</g1:receptionReport>

--frontier--
]]></requestXML>
</ueReceptionReport>
