<ueReceptionReport>
  <arriveTime>2014-12-29T09:16:24.520+00:00</arriveTime>
  <requestURI>http://mbadp-ohcn01-e.myvzw.com:80/reportingService/ericsson_bmsc/16776210_1001_2001</requestURI>
  <sourceAddress>2001:4888:4:3ee0:b0:d::</sourceAddress>
  <userAgent><![CDATA[TestAgent]]></userAgent>
  <contentType><![CDATA[multipart/mixed; boundary=frontier]]></contentType>
  <requestXML><![CDATA[MIME-Version: 1.0
Content-Type: multipart/mixed; boundary=frontier

--frontier
Content-Type: text/xml

<g1:receptionReport xmlns="urn:3gpp:ns:metadata" xmlns:g1="urn:3gpp:metadata:2008:MBMS:receptionreport" xmlns:xsi="http://www.w3.org/2001/XMLSchema-instance" xsi:schemaLocation="urn:3gpp:metadata:2008:MBMS:receptionreport receptionReportingRequestRestricted.xsd">
  <g1:statisticalReport clientId="990034600007" serviceId="urn:wpst:test:16776210:1001:2001">
    <g1:qoeMetrics networkResourceCellId="240012AF02511 = 240012AF02846 240012AF02511 240012AF0207B 240012AF01B26 240012AF029A8 = 240012AF02511 240012AF02846 240012AF01988 240012AF029A8 240012AF027E6 240012AF01B26 240012AF01C9E 240012AF029A8 = 240012AF0207B 240012AF01C9E = = 240012AF02846 = 240012AF01C9E 240012AF017A6 240012AF027E6 240012AF017A6 240012AF01C9E 240012AF01B26 240012AF0207B 240012AF01C9E 240012AF027E6 240012AF0207B 240012AF017B2 240012AF0207B 240012AF017A6 240012AF02511 240012AF01C9E 240012AF0207B 240012AF027E6 240012AF01C9E 240012AF02511 240012AF01988 240012AF01B26 240012AF029A8 240012AF027E6 240012AF017B2 240012AF01C9E 240012AF02511 240012AF0207B 240012AF017B2 240012AF02511 240012AF027E6 240012AF01988 240012AF02846 240012AF01988 240012AF01B26 240012AF02511 240012AF0207B 240012AF029A8 240012AF0207B 240012AF029A8 240012AF02846 240012AF017A6 240012AF02511 240012AF027E6 240012AF01B26 240012AF027E6 = 240012AF017B2 = 240012AF01B26 240012AF017A6 240012AF0207B = 240012AF029A8 240012AF02511 240012AF01B26 240012AF029A8 240012AF01B26 240012AF01C9E 240012AF017A6 240012AF029A8 240012AF027E6 240012AF01988 240012AF027E6 240012AF02511 240012AF017B2 240012AF027E6 240012AF01988 240012AF01B26 240012AF02511 240012AF02846 240012AF02511 240012AF029A8 240012AF01B26 240012AF017B2 240012AF0207B = 240012AF02511 240012AF027E6 240012AF01B26 240012AF027E6 = 240012AF017B2 240012AF02511 240012AF02846 240012AF01C9E 240012AF0207B 240012AF01B26 = 240012AF029A8 240012AF02511 240012AF017B2 240012AF01988 240012AF02846 240012AF02511 240012AF017B2 240012AF01C9E 240012AF017B2" numberOfLostObjects="4 4 4 4 5 3 5 4 2 4 2 2 2 4 2 3 3 3 3 2 2 3 2 3 4 4 4 3 5 3 5 2 5 3 4 5 5 3 3 5 5 3 2 5 5 2 2 2 4 3 3 4 4 3 5 2 5 3 4 4 4 3 4 2 2 4 3 3 4 3 3 4 3 3 2 4 4 2 4 4 4 3 4 3 4 3 3 1 2 1 1 4 3 1 1 3 3 3 2 3 3 1 1 1 2 1 3 2 1 3 2 1 2 1 1 2 3 1 3 1" numberOfReceivedObjects="56 56 56 56 55 57 55 56 58 56 58 58 58 56 58 57 57 57 57 58 58 57 58 57 56 56 56 57 55 57 55 58 55 57 56 55 55 57 57 55 55 57 58 55 55 58 58 58 56 57 57 56 56 57 55 58 55 57 56 56 56 57 56 58 58 56 57 57 56 57 57 56 57 57 58 56 56 58 56 56 56 57 56 57 56 57 57 59 58 59 59 56 57 59 59 57 57 57 58 57 57 59 59 59 58 59 57 58 59 57 58 59 58 59 59 58 57 59 57 59" sessionStartTime="3628825149" sessionStopTime="3628832349"></g1:qoeMetrics>
  </g1:statisticalReport>
</g1:receptionReport>

--frontier--
]]></requestXML>
</ueReceptionReport>
<ueReceptionReport>
  <arriveTime>2014-12-29T09:16:22.520+00:00</arriveTime>
  <requestURI>http://mbadp-ohcn01-e.myvzw.com:80/reportingService/ericsson_bmsc/16776210_1001_2001</requestURI>
  <sourceAddress>2001:4888:4:3ee0:b0:d::</sourceAddress>
  <userAgent><![CDATA[TestAgent]]></userAgent>
  <contentType><![CDATA[multipart/mixed; boundary=frontier]]></contentType>
  <requestXML><![CDATA[MIME-Version: 1.0
Content-Type: multipart/mixed; boundary=frontier

--frontier
Content-Type: text/xml

<g1:receptionReport xmlns="urn:3gpp:ns:metadata" xmlns:g1="urn:3gpp:metadata:2008:MBMS:receptionreport" xmlns:xsi="http://www.w3.org/2001/XMLSchema-instance" xsi:schemaLocation="urn:3gpp:metadata:2008:MBMS:receptionreport receptionReportingRequestRestricted.xsd">
  <g1:statisticalReport clientId="990034600008" serviceId="urn:wpst:test:16776210:1001:2001">
    <g1:qoeMetrics networkResourceCellId="240012AF02C29 240012AF018C0 240012AF0249F = 240012AF027C6 240012AF0249F 240012AF0229D 240012AF01B8D 240012AF02C29 240012AF027C6 240012AF01B1E 240012AF02B82 240012AF0229D 240012AF02AA8 240012AF01B1E 240012AF02C29 240012AF018C0 = 240012AF02B82 240012AF01B1E = 240012AF027C6 240012AF02AA8 240012AF0249F 240012AF02C29 240012AF02AA8 240012AF0249F 240012AF02AA8 240012AF0229D 240012AF0249F 240012AF02C29 240012AF018C0 240012AF027C6 = 240012AF02AA8 240012AF02B82 = 240012AF02AA8 240012AF02C29 240012AF02B82 240012AF01B1E 240012AF02E4F 240012AF01B8D 240012AF01B1E 240012AF027C6 240012AF02C29 240012AF02B82 240012AF01B8D 240012AF018C0 240012AF01B8D 240012AF0229D 240012AF02B82 = = 240012AF0229D 240012AF0249F 240012AF018C0 240012AF02AA8 240012AF018C0 240012AF0229D 240012AF018C0 240012AF02C29 240012AF018C0 240012AF027C6 240012AF0229D 240012AF0249F 240012AF01B1E 240012AF02B82 240012AF018C0 240012AF01B1E 240012AF027C6 240012AF02E4F 240012AF02B82 240012AF0249F 240012AF02AA8 240012AF02C29 240012AF027C6 240012AF01B8D 240012AF018C0 240012AF01B8D 240012AF02AA8 240012AF02C29 = 240012AF018C0 240012AF02B82 240012AF018C0 240012AF01B8D 240012AF02AA8 240012AF0249F 240012AF027C6 240012AF02E4F 240012AF027C6 240012AF0229D 240012AF01B1E 240012AF02E4F 240012AF0229D 240012AF027C6 240012AF0249F 240012AF01B1E 240012AF0229D 240012AF01B8D 240012AF02C29 = = 240012AF01B8D 240012AF027C6 240012AF02E4F 240012AF0249F 240012AF02AA8 240012AF02E4F 240012AF02B82 240012AF02C29 240012AF02AA8 240012AF0249F 240012AF02E4F 240012AF018C0 240012AF02AA8 240012AF018C0 240012AF02B82 240012AF018C0" numberOfLostObjects="6 4 4 2 3 2 2 4 4 2 4 5 2 2 3 3 5 2 5 5 4 2 5 2 5 5 3 2 4 2 3 4 4 5 4 2 2 4 4 4 4 2 3 4 2 4 2 5 4 5 4 2 5 4 2 4 3 3 4 2 4 2 4 2 5 2 4 4 3 2 4 3 3 3 4 4 4 4 2 3 4 4 2 2 4 2 4 3 1 3 1 2 1 2 4 2 1 3 1 1 4 2 2 3 1 2 2 3 2 3 2 2 2 1 3 2 1 2 0 1" numberOfReceivedObjects="54 56 56 58 57 58 58 56 56 58 56 55 58 58 57 57 55 58 55 55 56 58 55 58 55 55 57 58 56 58 57 56 56 55 56 58 58 56 56 56 56 58 57 56 58 56 58 55 56 55 56 58 55 56 58 56 57 57 56 58 56 58 56 58 55 58 56 56 57 58 56 57 57 57 56 56 56 56 58 57 56 56 58 58 56 58 56 57 59 57 59 58 59 58 56 58 59 57 59 59 56 58 58 57 59 58 58 57 58 57 58 58 58 59 57 58 59 58 60 59" sessionStartTime="3628825149" sessionStopTime="3628832349"></g1:qoeMetrics>
  </g1:statisticalReport>
</g1:receptionReport>

--frontier--
]]></requestXML>
</ueReceptionReport>
<ueReceptionReport>
  <arriveTime>2014-12-29T09:15:43.520+00:00</arriveTime>
  <requestURI>http://mbadp-ohcn01-e.myvzw.com:80/reportingService/ericsson_bmsc/16776210_1001_2001</requestURI>
  <sourceAddress>2001:4888:4:3ee0:b0:d::</sourceAddress>
  <userAgent><![CDATA[TestAgent]]></userAgent>
  <contentType><![CDATA[multipart/mixed; boundary=frontier]]></contentType>
  <requestXML><![CDATA[MIME-Version: 1.0
Content-Type: multipart/mixed; boundary=frontier

--frontier
Content-Type: text/xml

<g1:receptionReport xmlns="urn:3gpp:ns:metadata" xmlns:g1="urn:3gpp:metadata:2008:MBMS:receptionreport" xmlns:xsi="http://www.w3.org/2001/XMLSchema-instance" xsi:schemaLocation="urn:3gpp:metadata:2008:MBMS:receptionreport receptionReportingRequestRestricted.xsd">
  <g1:statisticalReport clientId="990034600009" serviceId="urn:wpst:test:16776210:1001:2001">
    <g1:qoeMetrics networkResourceCellId="240012AF02794 240012AF02368 240012AF01EF9 240012AF01948 240012AF019A9 240012AF0213E 240012AF02368 240012AF01948 240012AF02794 240012AF01EF9 240012AF02368 240012AF019A9 240012AF0288D 240012AF02B78 240012AF01C42 240012AF02794 = 240012AF01EF9 240012AF02368 = 240012AF02B78 240012AF01C42 240012AF02368 240012AF02CDA 240012AF02B78 240012AF01EF9 240012AF01C42 240012AF02B78 240012AF0288D 240012AF01C42 240012AF02368 240012AF019A9 = 240012AF0213E 240012AF01EF9 240012AF01C42 240012AF02CDA 240012AF0213E = 240012AF02CDA 240012AF019A9 240012AF02794 240012AF02B78 240012AF02368 240012AF02B78 240012AF02368 = 240012AF02794 240012AF0213E 240012AF02794 240012AF01EF9 240012AF02CDA = 240012AF0213E 240012AF0288D 240012AF02CDA 240012AF019A9 240012AF0213E 240012AF01EF9 240012AF02368 240012AF01EF9 240012AF0213E 240012AF01C42 240012AF0213E 240012AF02CDA 240012AF0288D 240012AF01EF9 240012AF019A9 240012AF02B78 240012AF01948 = 240012AF019A9 240012AF01948 240012AF0213E 240012AF01C42 240012AF01948 240012AF01EF9 240012AF01948 = 240012AF019A9 240012AF01948 240012AF019A9 240012AF02B78 240012AF01C42 240012AF02794 240012AF01948 240012AF0288D 240012AF019A9 240012AF01C42 = = 240012AF02794 240012AF02368 = 240012AF0213E 240012AF01948 240012AF02CDA 240012AF01948 240012AF01EF9 240012AF02CDA 240012AF02B78 240012AF019A9 240012AF01C42 240012AF01948 240012AF02794 240012AF019A9 240012AF02794 240012AF01EF9 = 240012AF01948 240012AF01C42 240012AF0288D 240012AF019A9 240012AF02368 240012AF0213E 240012AF019A9 240012AF01EF9 240012AF01948 240012AF01C42 240012AF0288D" numberOfLostObjects="4 3 5 5 5 5 4 5 4 5 4 2 4 4 3 4 5 5 3 2 2 3 5 4 3 3 4 2 4 3 4 5 4 3 5 3 2 3 2 4 3 5 4 5 3 5 3 2 4 2 3 4 3 2 2 4 4 4 2 3 3 2 2 3 3 3 3 4 2 4 2 2 2 2 3 3 3 2 4 3 3 4 2 4 4 2 4 2 2 4 2 3 1 2 1 1 2 2 4 3 1 1 3 1 2 2 3 1 2 2 3 1 1 4 1 2 1 2 3 1" numberOfReceivedObjects="56 57 55 55 55 55 56 55 56 55 56 58 56 56 57 56 55 55 57 58 58 57 55 56 57 57 56 58 56 57 56 55 56 57 55 57 58 57 58 56 57 55 56 55 57 55 57 58 56 58 57 56 57 58 58 56 56 56 58 57 57 58 58 57 57 57 57 56 58 56 58 58 58 58 57 57 57 58 56 57 57 56 58 56 56 58 56 58 58 56 58 57 59 58 59 59 58 58 56 57 59 59 57 59 58 58 57 59 58 58 57 59 59 56 59 58 59 58 57 59" sessionStartTime="3628825149" sessionStopTime="3628832349"></g1:qoeMetrics>
  </g1:statisticalReport>
</g1:receptionReport>

--frontier--
]]></requestXML>
</ueReceptionReport>
<ueReceptionReport>
  <arriveTime>2014-12-29T09:16:20.520+00:00</arriveTime>
  <requestURI>http://mbadp-ohcn01-e.myvzw.com:80/reportingService/ericsson_bmsc/16776210_1001_2001</requestURI>
  <sourceAddress>2001:4888:4:3ee0:b0:d::</sourceAddress>
  <userAgent><![CDATA[TestAgent]]></userAgent>
  <contentType><![CDATA[multipart/mixed; boundary=frontier]]></contentType>
  <requestXML><![CDATA[MIME-Version: 1.0
Content-Type: multipart/mixed; boundary=frontier

--frontier
Content-Type: text/xml

<g1:receptionReport xmlns="urn:3gpp:ns:metadata" xmlns:g1="urn:3gpp:metadata:2008:MBMS:receptionreport" xmlns:xsi="http://www.w3.org/2001/XMLSchema-instance" xsi:schemaLocation="urn:3gpp:metadata:2008:MBMS:receptionreport receptionReportingRequestRestricted.xsd">
  <g1:statisticalReport clientId="990034600010" serviceId="urn:wpst:test:16776210:1001:2001">
    <g1:qoeMetrics networkResourceCellId="240012AF0293B 240012AF023DE 240012AF022DC 240012AF023DE 240012AF022DC 240012AF0293B 240012AF023E4 240012AF01C65 240012AF02B63 240012AF0293B 240012AF01AAA 240012AF02D5C 240012AF02B0C 240012AF01C65 240012AF0293B 240012AF0178B 240012AF0293B 240012AF02D5C 240012AF023DE 240012AF01C65 240012AF01AAA 240012AF023E4 240012AF022DC 240012AF02B0C 240012AF01AAA 240012AF023E4 240012AF02D5C = = 240012AF02B63 240012AF0178B 240012AF0293B 240012AF02B0C 240012AF01C65 = 240012AF02B63 240012AF02B0C = 240012AF01C65 240012AF023E4 240012AF02B63 240012AF0293B 240012AF023E4 240012AF02B0C 240012AF023E4 240012AF02B63 240012AF01AAA 240012AF022DC 240012AF023E4 240012AF02B63 240012AF023E4 240012AF022DC 240012AF02D5C 240012AF0293B 240012AF02D5C 240012AF0293B 240012AF022DC 240012AF02D5C 240012AF0293B 240012AF02B63 240012AF02D5C 240012AF023DE 240012AF0293B 240012AF02B0C 240012AF0293B 240012AF023E4 240012AF02B0C 240012AF02D5C 240012AF02B0C 240012AF023DE 240012AF023E4 = 240012AF01C65 240012AF023E4 240012AF02B0C 240012AF01C65 240012AF023E4 240012AF02B63 240012AF02D5C = 240012AF023E4 240012AF02B0C 240012AF023E4 = = = 240012AF022DC 240012AF0293B 240012AF02B0C 240012AF022DC = 240012AF02B0C = 240012AF023DE 240012AF01C65 240012AF02B0C 240012AF023DE 240012AF022DC 240012AF02B0C 240012AF022DC 240012AF02B0C 240012AF023DE 240012AF01AAA 240012AF0178B 240012AF01C65 240012AF02B63 240012AF022DC 240012AF02B0C 240012AF023E4 240012AF02B63 240012AF0178B 240012AF02B63 240012AF02D5C 240012AF023DE 240012AF0293B 240012AF023E4 240012AF01C65 240012AF01AAA 240012AF02B63 240012AF023DE" numberOfLostObjects="4 4 2 5 2 2 2 4 2 4 5 4 2 4 4 4 5 4 2 2 2 4 4 2 5 3 3 3 2 4 2 4 2 2 3 2 2 3 3 3 4 2 5 5 5 3 3 4 5 3 4 5 5 2 2 4 3 3 5 3 5 5 5 2 5 2 2 2 3 4 3 4 4 2 2 4 4 4 3 3 2 4 2 3 4 2 2 4 4 3 4 4 2 2 2 1 3 3 1 1 1 2 2 2 2 3 1 4 2 2 2 3 3 1 1 3 2 1 1 1" numberOfReceivedObjects="56 56 58 55 58 58 58 56 58 56 55 56 58 56 56 56 55 56 58 58 58 56 56 58 55 57 57 57 58 56 58 56 58 58 57 58 58 57 57 57 56 58 55 55 55 57 57 56 55 57 56 55 55 58 58 56 57 57 55 57 55 55 55 58 55 58 58 58 57 56 57 56 56 58 58 56 56 56 57 57 58 56 58 57 56 58 58 56 56 57 56 56 58 58 58 59 57 57 59 59 59 58 58 58 58 57 59 56 58 58 58 57 57 59 59 57 58 59 59 59" sessionStartTime="3628825149" sessionStopTime="3628832349"></g1:qoeMetrics>
  </g1:statisticalReport>
</g1:receptionReport>

--frontier--
]]></requestXML>
</ueReceptionReport>
<ueReceptionReport>
  <arriveTime>2014-12-29T09:16:00.520+00:00</arriveTime>
  <requestURI>http://mbadp-ohcn01-e.myvzw.com:80/reportingService/ericsson_bmsc/16776210_1001_2001</requestURI>
  <sourceAddress>2001:4888:4:3ee0:b0:d::</sourceAddress>
  <userAgent><![CDATA[TestAgent]]></userAgent>
  <contentType><![CDATA[multipart/mixed; boundary=frontier]]></contentType>
  <requestXML><![CDATA[MIME-Version: 1.0
Content-Type: multipart/mixed; boundary=frontier

--frontier
Content-Type: text/xml

<g1:receptionReport xmlns="urn:3gpp:ns:metadata" xmlns:g1="urn:3gpp:metadata:2008:MBMS:receptionreport" xmlns:xsi="http://www.w3.org/2001/XMLSchema-instance" xsi:schemaLocation="urn:3gpp:metadata:2008:MBMS:receptionreport receptionReportingRequestRestricted.xsd">
  <g1:statisticalReport clientId="990034600011" serviceId="urn:wpst:test:16776210:1001:2001">
    <g1:qoeMetrics networkResourceCellId="240012AF02DA0 240012AF01EE1 240012AF02264 240012AF02C1E 240012AF02264 240012AF02DA0 240012AF028BA 240012AF02C7E 240012AF01EE1 240012AF02998 240012AF01EE1 240012AF02C7E 240012AF02C1E 240012AF02264 240012AF02DA0 240012AF02C7E 240012AF01EE1 240012AF0228F 240012AF028A8 240012AF019F2 240012AF02998 240012AF0228F 240012AF028A8 240012AF02264 240012AF028A8 240012AF02264 240012AF02C7E 240012AF0228F 240012AF028BA 240012AF028A8 240012AF02C7E 240012AF02C1E 240012AF02998 240012AF02264 240012AF02C7E = 240012AF01EE1 240012AF02264 240012AF028BA = 240012AF02C7E 240012AF028A8 240012AF028BA 240012AF01EE1 240012AF02C1E = 240012AF01EE1 240012AF028BA 240012AF02DA0 240012AF0228F 240012AF02C7E 240012AF028BA 240012AF028A8 240012AF0228F 240012AF019F2 = 240012AF02C7E 240012AF019F2 240012AF028A8 240012AF028BA = 240012AF0228F 240012AF01EE1 = 240012AF028BA 240012AF02264 240012AF01EE1 240012AF02264 240012AF0228F = 240012AF02998 = 240012AF02C7E 240012AF01EE1 240012AF02C7E 240012AF02C1E 240012AF01EE1 240012AF028BA 240012AF02264 240012AF019F2 240012AF02C7E 240012AF028A8 240012AF02264 240012AF028A8 240012AF02C7E 240012AF01EE1 240012AF02DA0 240012AF028BA 240012AF01EE1 = 240012AF028A8 240012AF02DA0 240012AF019F2 240012AF02998 240012AF0228F 240012AF028BA 240012AF01EE1 240012AF02C1E 240012AF02998 240012AF02C1E 240012AF02DA0 240012AF028A8 240012AF019F2 240012AF02998 = 240012AF02C1E 240012AF019F2 240012AF02C7E 240012AF02264 240012AF028BA 240012AF02C1E 240012AF02264 240012AF0228F 240012AF028BA 240012AF02C1E 240012AF019F2 240012AF02DA0 240012AF028A8 240012AF01EE1 240012AF0228F" numberOfLostObjects="3 6 3 2 5 3 2 2 4 3 5 4 3 2 5 2 5 4 5 2 2 2 5 2 4 2 2 5 5 5 3 5 5 4 5 4 5 5 4 3 2 3 5 3 3 5 3 2 3 2 2 3 2 5 3 4 2 3 3 5 3 2 4 4 4 4 4 3 3 2 2 4 3 4 4 2 4 4 3 2 4 2 3 3 4 2 2 1 4 2 2 1 1 2 4 3 3 3 3 1 1 1 3 3 3 2 3 2 2 2 2 1 2 2 2 0 2 1 0 1" numberOfReceivedObjects="57 54 57 58 55 57 58 58 56 57 55 56 57 58 55 58 55 56 55 58 58 58 55 58 56 58 58 55 55 55 57 55 55 56 55 56 55 55 56 57 58 57 55 57 57 55 57 58 57 58 58 57 58 55 57 56 58 57 57 55 57 58 56 56 56 56 56 57 57 58 58 56 57 56 56 58 56 56 57 58 56 58 57 57 56 58 58 59 56 58 58 59 59 58 56 57 57 57 57 59 59 59 57 57 57 58 57 58 58 58 58 59 58 58 58 60 58 59 60 59" sessionStartTime="3628825149" sessionStopTime="3628832349"></g1:qoeMetrics>
  </g1:statisticalReport>
</g1:receptionReport>

--frontier--
]]></requestXML>
</ueReceptionReport>
<ueReceptionReport>
  <arriveTime>2014-12-29T09:16:21.520+00:00</arriveTime>
  <requestURI>http://mbadp-ohcn01-e.myvzw.com:80/reportingService/ericsson_bmsc/16776210_1001_2001</requestURI>
  <sourceAddress>2001:4888:4:3ee0:b0:d::</sourceAddress>
  <userAgent><![CDATA[TestAgent]]></userAgent>
  <contentType><![CDATA[multipart/mixed; boundary=frontier]]></contentType>
  <requestXML><![CDATA[MIME-Version: 1.0
Content-Type: multipart/mixed; boundary=frontier

--frontier
Content-Type: text/xml

<g1:receptionReport xmlns="urn:3gpp:ns:metadata" xmlns:g1="urn:3gpp:metadata:2008:MBMS:receptionreport" xmlns:xsi="http://www.w3.org/2001/XMLSchema-instance" xsi:schemaLocation="urn:3gpp:metadata:2008:MBMS:receptionreport receptionReportingRequestRestricted.xsd">
  <g1:statisticalReport clientId="990034600012" serviceId="urn:wpst:test:16776210:1001:2001">
    <g1:qoeMetrics networkResourceCellId="240012AF01903 240012AF02ACE = 240012AF0211A 240012AF02ACE 240012AF01E8B 240012AF02A2B 240012AF02445 240012AF02A2B 240012AF0211A 240012AF01E8B 240012AF0211A 240012AF01903 240012AF01E8B 240012AF02D7C 240012AF02445 240012AF0211A = 240012AF01903 240012AF01A2E 240012AF02445 240012AF023EB 240012AF02ACE 240012AF02D7C 240012AF01E8B 240012AF02445 240012AF02D7C 240012AF01903 = 240012AF02445 240012AF01903 240012AF0289B 240012AF02A2B 240012AF023EB 240012AF01A2E 240012AF02445 240012AF02A2B 240012AF0211A = 240012AF01903 = 240012AF023EB 240012AF0289B 240012AF01A2E 240012AF02ACE 240012AF0289B 240012AF02D7C 240012AF01E8B 240012AF01903 240012AF02A2B 240012AF02445 240012AF0211A 240012AF01E8B 240012AF02A2B 240012AF01E8B 240012AF01A2E 240012AF023EB 240012AF01E8B = 240012AF02D7C 240012AF0289B 240012AF02A2B 240012AF0211A 240012AF02ACE 240012AF01A2E 240012AF02ACE 240012AF01903 240012AF01E8B = 240012AF0289B 240012AF02D7C 240012AF02ACE 240012AF023EB 240012AF0289B 240012AF023EB 240012AF01903 240012AF0211A 240012AF023EB 240012AF02445 240012AF02ACE 240012AF01E8B 240012AF01A2E 240012AF0289B 240012AF01903 240012AF01E8B 240012AF023EB 240012AF01E8B 240012AF02A2B 240012AF02ACE 240012AF01A2E 240012AF02D7C = 240012AF01A2E 240012AF0211A 240012AF02ACE 240012AF02A2B 240012AF01A2E 240012AF02445 240012AF01E8B 240012AF023EB 240012AF02445 240012AF01E8B 240012AF01903 240012AF01A2E 240012AF01E8B 240012AF0289B 240012AF02D7C 240012AF023EB 240012AF02445 240012AF02ACE 240012AF01903 240012AF0289B 240012AF023EB 240012AF02445 = 240012AF01903 240012AF01A2E 240012AF02ACE 240012AF01903 240012AF0211A" numberOfLostObjects="6 4 3 5 5 4 4 5 2 2 4 3 3 4 5 5 4 3 4 5 3 4 4 4 4 3 2 4 4 4 2 3 2 3 2 5 2 4 5 2 5 3 3 2 2 2 5 4 3 3 3 4 5 5 3 3 3 3 4 4 4 3 4 4 2 4 4 2 2 3 4 2 4 4 3 2 2 3 2 4 2 2 2 4 3 4 2 1 3 2 1 2 1 4 2 1 1 3 3 1 3 3 2 1 3 3 1 3 2 3 3 1 2 1 1 1 1 3 1 1" numberOfReceivedObjects="54 56 57 55 55 56 56 55 58 58 56 57 57 56 55 55 56 57 56 55 57 56 56 56 56 57 58 56 56 56 58 57 58 57 58 55 58 56 55 58 55 57 57 58 58 58 55 56 57 57 57 56 55 55 57 57 57 57 56 56 56 57 56 56 58 56 56 58 58 57 56 58 56 56 57 58 58 57 58 56 58 58 58 56 57 56 58 59 57 58 59 58 59 56 58 59 59 57 57 59 57 57 58 59 57 57 59 57 58 57 57 59 58 59 59 59 59 57 59 59" sessionStartTime="3628825149" sessionStopTime="3628832349"></g1:qoeMetrics>
  </g1:statisticalReport>
</g1:receptionReport>

--frontier--
]]></requestXML>
</ueReceptionReport>
