<ueReceptionReport>
  <arriveTime>2014-12-29T07:56:22.520+00:00</arriveTime>
  <requestURI>http://mbadp-ohcn01-e.myvzw.com:80/reportingService/test_bdc/16776210_1001_2001</requestURI>
  <sourceAddress>2001:4888:4:3ee0:b0:d::</sourceAddress>
  <userAgent><![CDATA[TestAgent]]></userAgent>
  <contentType><![CDATA[multipart/mixed; boundary=frontier]]></contentType>
  <requestXML><![CDATA[MIME-Version: 1.0
Content-Type: multipart/mixed; boundary=frontier

--frontier
Content-Type: text/xml

<g1:receptionReport xmlns="urn:3gpp:ns:metadata" xmlns:g1="urn:3gpp:metadata:2008:MBMS:receptionreport" xmlns:xsi="http://www.w3.org/2001/XMLSchema-instance" xsi:schemaLocation="urn:3gpp:metadata:2008:MBMS:receptionreport receptionReportingRequestRestricted.xsd">
  <g1:statisticalReport clientId="990034600055" serviceId="urn:wpst:test:16776210:1001:2001">
    <g1:qoeMetrics networkResourceCellId="240012AF0E5A4 240012AF0E84E 240012AF0D87D 240012AF0E84E 240012AF0E37A = 240012AF0D385 240012AF0E0A8 240012AF0E229 240012AF0E5A4 240012AF0D87D 240012AF0E84E 240012AF0E0A8 = 240012AF0D87D 240012AF0D8B4 240012AF0E229 240012AF0D8B4 240012AF0DBB1 240012AF0E0A8 240012AF0D8B4 240012AF0D87D 240012AF0E37A 240012AF0E84E 240012AF0D87D 240012AF0D4EC 240012AF0D385 = 240012AF0D87D 240012AF0DBB1 240012AF0D8B4 240012AF0E37A 240012AF0D4EC 240012AF0E84E 240012AF0D87D 240012AF0E37A 240012AF0D8B4 240012AF0E0A8 240012AF0D385 240012AF0E229" numberOfLostObjects="15 14 10 14 11 18 15 13 15 9 10 12 11 15 11 10 9 9 13 13 8 7 12 9 10 5 9 11 8 8 8 7 5 5 4 5 6 4 2 0" numberOfReceivedObjects="45 46 50 46 49 42 45 47 45 51 50 48 49 45 49 50 51 51 47 47 52 53 48 51 50 55 51 49 52 52 52 53 55 55 56 55 54 56 58 60" sessionStartTime="3628825149" sessionStopTime="3628827549"></g1:qoeMetrics>
  </g1:statisticalReport>
</g1:receptionReport>

--frontier--
]]></requestXML>
</ueReceptionReport>
<ueReceptionReport>
  <arriveTime>2014-12-29T08:36:01.520+00:00</arriveTime>
  <requestURI>http://mbadp-ohcn01-e.myvzw.com:80/reportingService/test_bdc/16776210_1001_2001</requestURI>
  <sourceAddress>2001:4888:4:3ee0:b0:d::</sourceAddress>
  <userAgent><![CDATA[TestAgent]]></userAgent>
  <contentType><![CDATA[multipart/mixed; boundary=frontier]]></contentType>
  <requestXML><![CDATA[MIME-Version: 1.0
Content-Type: multipart/mixed; boundary=frontier

--frontier
Content-Type: text/xml

<g1:receptionReport xmlns="urn:3gpp:ns:metadata" xmlns:g1="urn:3gpp:metadata:2008:MBMS:receptionreport" xmlns:xsi="http://www.w3.org/2001/XMLSchema-instance" xsi:schemaLocation="urn:3gpp:metadata:2008:MBMS:receptionreport receptionReportingRequestRestricted.xsd">
  <g1:statisticalReport clientId="990034600055" serviceId="urn:wpst:test:16776210:1001:2001">
    <g1:qoeMetrics networkResourceCellId="240012AF0E5A4 = 240012AF0E229 240012AF0D385 240012AF0D4EC 240012AF0E229 240012AF0E84E 240012AF0D87D 240012AF0E229 = 240012AF0D87D 240012AF0D4EC 240012AF0E37A 240012AF0D4EC 240012AF0D385 240012AF0D87D 240012AF0E229 240012AF0DBB1 240012AF0E37A 240012AF0E0A8 240012AF0DBB1 = 240012AF0E0A8 240012AF0E84E 240012AF0E0A8 240012AF0D87D 240012AF0D8B4 240012AF0E0A8 240012AF0E84E 240012AF0E5A4 240012AF0D385 240012AF0D4EC 240012AF0D87D 240012AF0E5A4 240012AF0D4EC 240012AF0D87D = 240012AF0E84E = 240012AF0D4EC" numberOfLostObjects="10 13 11 12 15 10 9 18 15 9 13 13 14 13 9 9 10 10 9 13 7 10 11 9 9 8 12 11 11 6 5 7 7 5 7 8 5 2 4 1" numberOfReceivedObjects="50 47 49 48 45 50 51 42 45 51 47 47 46 47 51 51 50 50 51 47 53 50 49 51 51 52 48 49 49 54 55 53 53 55 53 52 55 58 56 59" sessionStartTime="3628827549" sessionStopTime="3628829949"></g1:qoeMetrics>
  </g1:statisticalReport>
</g1:receptionReport>

--frontier--
]]></requestXML>
</ueReceptionReport>
<ueReceptionReport>
  <arriveTime>2014-12-29T09:15:44.520+00:00</arriveTime>
  <requestURI>http://mbadp-ohcn01-e.myvzw.com:80/reportingService/test_bdc/16776210_1001_2001</requestURI>
  <sourceAddress>2001:4888:4:3ee0:b0:d::</sourceAddress>
  <userAgent><![CDATA[TestAgent]]></userAgent>
  <contentType><![CDATA[multipart/mixed; boundary=frontier]]></contentType>
  <requestXML><![CDATA[MIME-Version: 1.0
Content-Type: multipart/mixed; boundary=frontier

--frontier
Content-Type: text/xml

<g1:receptionReport xmlns="urn:3gpp:ns:metadata" xmlns:g1="urn:3gpp:metadata:2008:MBMS:receptionreport" xmlns:xsi="http://www.w3.org/2001/XMLSchema-instance" xsi:schemaLocation="urn:3gpp:metadata:2008:MBMS:receptionreport receptionReportingRequestRestricted.xsd">
  <g1:statisticalReport clientId="990034600056" serviceId="urn:wpst:test:16776210:1001:2001">
    <g1:qoeMetrics networkResourceCellId="240012AF0D682 240012AF0DFF5 240012AF0D3AF 240012AF0E1DE 240012AF0D4D8 240012AF0EA4E 240012AF0DB80 240012AF0EA4E 240012AF0DB80 240012AF0D682 240012AF0D3AF 240012AF0D682 240012AF0E1DE 240012AF0DB80 240012AF0E471 240012AF0D682 240012AF0E1DE 240012AF0DB80 240012AF0EA4E 240012AF0D4D8 240012AF0D57B 240012AF0D682 240012AF0DFF5 240012AF0EA4E 240012AF0D682 240012AF0D57B = 240012AF0D3EB 240012AF0E471 240012AF0DB80 240012AF0D4D8 240012AF0DB80 240012AF0D4D8 240012AF0E1DE 240012AF0D57B 240012AF0DB80 240012AF0E1DE 240012AF0D682 240012AF0DB80 240012AF0E471 240012AF0D682 240012AF0D3EB 240012AF0D3AF 240012AF0D4D8 240012AF0D57B 240012AF0D682 240012AF0E471 240012AF0D3EB 240012AF0DB80 240012AF0D57B 240012AF0D3AF 240012AF0E471 240012AF0EA4E 240012AF0DB80 240012AF0EA4E 240012AF0E471 240012AF0D682 240012AF0E1DE = 240012AF0D3AF 240012AF0E471 240012AF0DB80 240012AF0D682 240012AF0E1DE 240012AF0D57B 240012AF0D3AF 240012AF0EA4E 240012AF0D3EB 240012AF0D3AF 240012AF0DB80 240012AF0DFF5 = 240012AF0D57B 240012AF0E1DE 240012AF0E471 240012AF0D3EB 240012AF0D4D8 240012AF0EA4E = = 240012AF0D4D8 240012AF0E471 240012AF0EA4E 240012AF0D3EB 240012AF0DFF5 240012AF0D4D8 240012AF0D3EB = 240012AF0DFF5 240012AF0D682 240012AF0E1DE 240012AF0DB80 240012AF0DFF5 240012AF0EA4E = 240012AF0DB80 240012AF0EA4E = 240012AF0D4D8 240012AF0D3AF 240012AF0DB80 240012AF0D682 240012AF0DFF5 240012AF0E471 240012AF0D4D8 240012AF0D3EB 240012AF0DFF5 240012AF0D682 240012AF0DFF5 240012AF0DB80 240012AF0E471 = 240012AF0DFF5 240012AF0E471 240012AF0E1DE 240012AF0D4D8 240012AF0D57B 240012AF0D682 240012AF0DB80 240012AF0D3AF" numberOfLostObjects="6 5 3 4 3 3 3 2 5 3 2 5 5 4 5 5 2 2 4 3 2 4 2 3 5 2 3 5 5 2 3 4 5 4 3 3 5 4 3 4 5 3 4 4 5 3 4 2 3 2 3 4 4 4 5 4 2 4 2 2 3 2 4 4 4 3 3 2 3 3 4 4 2 3 4 4 4 4 3 3 2 3 2 3 3 2 3 3 2 3 1 1 1 3 3 3 1 2 2 2 3 2 3 3 3 1 2 2 2 1 1 1 2 1 1 1 2 1 3 0" numberOfReceivedObjects="54 55 57 56 57 57 57 58 55 57 58 55 55 56 55 55 58 58 56 57 58 56 58 57 55 58 57 55 55 58 57 56 55 56 57 57 55 56 57 56 55 57 56 56 55 57 56 58 57 58 57 56 56 56 55 56 58 56 58 58 57 58 56 56 56 57 57 58 57 57 56 56 58 57 56 56 56 56 57 57 58 57 58 57 57 58 57 57 58 57 59 59 59 57 57 57 59 58 58 58 57 58 57 57 57 59 58 58 58 59 59 59 58 59 59 59 58 59 57 60" sessionStartTime="3628825149" sessionStopTime="3628832349"></g1:qoeMetrics>
  </g1:statisticalReport>
</g1:receptionReport>

--frontier--
]]></requestXML>
</ueReceptionReport>
<ueReceptionReport>
  <arriveTime>2014-12-29T09:16:33.520+00:00</arriveTime>
  <requestURI>http://mbadp-ohcn01-e.myvzw.com:80/reportingService/test_bdc/16776210_1001_2001</requestURI>
  <sourceAddress>2001:4888:4:3ee0:b0:d::</sourceAddress>
  <userAgent><![CDATA[TestAgent]]></userAgent>
  <contentType><![CDATA[multipart/mixed; boundary=frontier]]></contentType>
  <requestXML><![CDATA[MIME-Version: 1.0
Content-Type: multipart/mixed; boundary=frontier

--frontier
Content-Type: text/xml

<g1:receptionReport xmlns="urn:3gpp:ns:metadata" xmlns:g1="urn:3gpp:metadata:2008:MBMS:receptionreport" xmlns:xsi="http://www.w3.org/2001/XMLSchema-instance" xsi:schemaLocation="urn:3gpp:metadata:2008:MBMS:receptionreport receptionReportingRequestRestricted.xsd">
  <g1:statisticalReport clientId="990034600057" serviceId="urn:wpst:test:16776210:1001:2001">
    <g1:qoeMetrics networkResourceCellId="240012AF0E40D 240012AF0DE34 240012AF0EA27 240012AF0E976 240012AF0DF68 240012AF0E976 240012AF0DF68 240012AF0E29A 240012AF0E40D = 240012AF0D344 240012AF0E950 240012AF0EA27 240012AF0DF68 = 240012AF0DE34 240012AF0E40D 240012AF0E950 240012AF0DF68 240012AF0DF7D 240012AF0D344 = 240012AF0DF68 240012AF0D341 = 240012AF0E950 240012AF0D344 240012AF0E976 240012AF0DE34 240012AF0E976 240012AF0E950 240012AF0E976 240012AF0DF68 240012AF0E950 240012AF0DF7D 240012AF0E29A 240012AF0E40D = 240012AF0D344 240012AF0E40D 240012AF0E29A 240012AF0D341 240012AF0DF68 240012AF0D344 240012AF0DE34 240012AF0D344 240012AF0E29A 240012AF0EA27 240012AF0DF68 = 240012AF0E950 240012AF0DE34 240012AF0DF7D 240012AF0E40D 240012AF0D344 240012AF0E29A 240012AF0D341 240012AF0E950 240012AF0E976 240012AF0D344 = = 240012AF0E40D 240012AF0DF7D 240012AF0DF68 = 240012AF0EA27 240012AF0DF68 240012AF0DF7D 240012AF0E40D 240012AF0DF7D 240012AF0EA27 240012AF0E950 240012AF0D344 240012AF0E40D 240012AF0D341 = 240012AF0E40D 240012AF0E29A 240012AF0EA27 240012AF0DF7D = 240012AF0EA27 240012AF0D344 240012AF0E976 240012AF0E40D 240012AF0E950 240012AF0EA27 240012AF0DF68 240012AF0D344 = 240012AF0E976 240012AF0E950 240012AF0D344 240012AF0E950 240012AF0E40D 240012AF0DE34 240012AF0D344 240012AF0E950 = 240012AF0D341 240012AF0E29A 240012AF0D344 240012AF0E976 240012AF0DF68 240012AF0D341 240012AF0EA27 240012AF0E976 240012AF0E950 240012AF0D344 240012AF0DE34 240012AF0EA27 240012AF0E976 240012AF0DE34 240012AF0D344 240012AF0E950 240012AF0E976 240012AF0DF68 240012AF0E950 =" numberOfLostObjects="3 4 5 3 4 4 4 3 4 4 4 2 2 3 4 2 5 3 5 2 2 2 5 4 3 4 5 5 5 3 2 5 4 5 2 2 4 4 3 2 2 2 2 3 3 5 3 3 2 2 3 2 2 2 4 3 5 4 3 4 5 3 3 3 3 3 3 5 5 3 2 3 4 3 2 4 2 3 4 2 3 4 4 3 3 3 2 3 2 3 2 3 2 3 3 4 4 3 2 1 2 2 2 3 1 3 2 2 2 2 1 3 1 1 2 2 2 3 2 0" numberOfReceivedObjects="57 56 55 57 56 56 56 57 56 56 56 58 58 57 56 58 55 57 55 58 58 58 55 56 57 56 55 55 55 57 58 55 56 55 58 58 56 56 57 58 58 58 58 57 57 55 57 57 58 58 57 58 58 58 56 57 55 56 57 56 55 57 57 57 57 57 57 55 55 57 58 57 56 57 58 56 58 57 56 58 57 56 56 57 57 57 58 57 58 57 58 57 58 57 57 56 56 57 58 59 58 58 58 57 59 57 58 58 58 58 59 57 59 59 58 58 58 57 58 60" sessionStartTime="3628825149" sessionStopTime="3628832349"></g1:qoeMetrics>
  </g1:statisticalReport>
</g1:receptionReport>

--frontier--
]]></requestXML>
</ueReceptionReport>
<ueReceptionReport>
  <arriveTime>2014-12-29T07:55:43.520+00:00</arriveTime>
  <requestURI>http://mbadp-ohcn01-e.myvzw.com:80/reportingService/test_bdc/16776210_1001_2001</requestURI>
  <sourceAddress>2001:4888:4:3ee0:b0:d::</sourceAddress>
  <userAgent><![CDATA[TestAgent]]></userAgent>
  <contentType><![CDATA[multipart/mixed; boundary=frontier]]></contentType>
  <requestXML><![CDATA[MIME-Version: 1.0
Content-Type: multipart/mixed; boundary=frontier

--frontier
Content-Type: text/xml

<g1:receptionReport xmlns="urn:3gpp:ns:metadata" xmlns:g1="urn:3gpp:metadata:2008:MBMS:receptionreport" xmlns:xsi="http://www.w3.org/2001/XMLSchema-instance" xsi:schemaLocation="urn:3gpp:metadata:2008:MBMS:receptionreport receptionReportingRequestRestricted.xsd">
  <g1:statisticalReport clientId="990034600058" serviceId="urn:wpst:test:16776210:1001:2001">
    <g1:qoeMetrics networkResourceCellId="240012AF0DB0A 240012AF0DBE1 240012AF0D369 240012AF0DE50 240012AF0DC33 240012AF0E8F6 = 240012AF0DBE1 240012AF0D369 240012AF0DB54 240012AF0DBE1 240012AF0D646 240012AF0E8F6 240012AF0D369 240012AF0DC33 240012AF0D646 = 240012AF0DC0C 240012AF0D95B 240012AF0DC33 240012AF0DC0C 240012AF0D95B 240012AF0DB0A 240012AF0D369 240012AF0DC0C 240012AF0E8F6 240012AF0DB54 240012AF0DC33 240012AF0DB54 240012AF0D646 240012AF0D369 240012AF0DB0A 240012AF0D95B 240012AF0DE50 240012AF0DB54 240012AF0E8F6 240012AF0D646 240012AF0E8F6 240012AF0DE50 240012AF0DC0C" numberOfLostObjects="17 15 15 14 11 14 10 8 15 14 15 14 7 10 13 10 12 13 10 11 13 10 12 8 7 6 10 6 8 5 6 4 5 7 8 3 4 6 2 2" numberOfReceivedObjects="43 45 45 46 49 46 50 52 45 46 45 46 53 50 47 50 48 47 50 49 47 50 48 52 53 54 50 54 52 55 54 56 55 53 52 57 56 54 58 58" sessionStartTime="3628825149" sessionStopTime="3628827549"></g1:qoeMetrics>
  </g1:statisticalReport>
</g1:receptionReport>

--frontier--
]]></requestXML>
</ueReceptionReport>
<ueReceptionReport>
  <arriveTime>2014-12-29T08:36:28.520+00:00</arriveTime>
  <requestURI>http://mbadp-ohcn01-e.myvzw.com:80/reportingService/test_bdc/16776210_1001_2001</requestURI>
  <sourceAddress>2001:4888:4:3ee0:b0:d::</sourceAddress>
  <userAgent><![CDATA[TestAgent]]></userAgent>
  <contentType><![CDATA[multipart/mixed; boundary=frontier]]></contentType>
  <requestXML><![CDATA[MIME-Version: 1.0
Content-Type: multipart/mixed; boundary=frontier

--frontier
Content-Type: text/xml

<g1:receptionReport xmlns="urn:3gpp:ns:metadata" xmlns:g1="urn:3gpp:metadata:2008:MBMS:receptionreport" xmlns:xsi="http://www.w3.org/2001/XMLSchema-instance" xsi:schemaLocation="urn:3gpp:metadata:2008:MBMS:receptionreport receptionReportingRequestRestricted.xsd">
  <g1:statisticalReport clientId="990034600058" serviceId="urn:wpst:test:16776210:1001:2001">
    <g1:qoeMetrics networkResourceCellId="240012AF0DE50 240012AF0DB54 = 240012AF0DC33 240012AF0DBE1 240012AF0E8F6 240012AF0DB54 240012AF0D369 240012AF0DBE1 240012AF0DE50 240012AF0DBE1 240012AF0D369 240012AF0DC33 240012AF0D95B 240012AF0D646 240012AF0DBE1 240012AF0D369 240012AF0DE50 240012AF0DB0A 240012AF0D95B 240012AF0DB54 240012AF0DE50 240012AF0E8F6 = 240012AF0DC0C 240012AF0D95B = = 240012AF0D646 240012AF0D369 240012AF0DC0C 240012AF0DBE1 = 240012AF0E8F6 240012AF0DBE1 240012AF0D369 240012AF0D646 = 240012AF0DB54 240012AF0D95B" numberOfLostObjects="14 16 17 15 10 13 12 14 15 8 13 16 15 14 13 12 8 12 10 9 7 12 6 9 5 8 7 8 10 4 7 5 7 6 7 4 3 3 4 2" numberOfReceivedObjects="46 44 43 45 50 47 48 46 45 52 47 44 45 46 47 48 52 48 50 51 53 48 54 51 55 52 53 52 50 56 53 55 53 54 53 56 57 57 56 58" sessionStartTime="3628827549" sessionStopTime="3628829949"></g1:qoeMetrics>
  </g1:statisticalReport>
</g1:receptionReport>

--frontier--
]]></requestXML>
</ueReceptionReport>
<ueReceptionReport>
  <arriveTime>2014-12-29T09:16:35.520+00:00</arriveTime>
  <requestURI>http://mbadp-ohcn01-e.myvzw.com:80/reportingService/test_bdc/16776210_1001_2001</requestURI>
  <sourceAddress>2001:4888:4:3ee0:b0:d::</sourceAddress>
  <userAgent><![CDATA[TestAgent]]></userAgent>
  <contentType><![CDATA[multipart/mixed; boundary=frontier]]></contentType>
  <requestXML><![CDATA[MIME-Version: 1.0
Content-Type: multipart/mixed; boundary=frontier

--frontier
Content-Type: text/xml

<g1:receptionReport xmlns="urn:3gpp:ns:metadata" xmlns:g1="urn:3gpp:metadata:2008:MBMS:receptionreport" xmlns:xsi="http://www.w3.org/2001/XMLSchema-instance" xsi:schemaLocation="urn:3gpp:metadata:2008:MBMS:receptionreport receptionReportingRequestRestricted.xsd">
  <g1:statisticalReport clientId="990034600059" serviceId="urn:wpst:test:16776210:1001:2001">
    <g1:qoeMetrics networkResourceCellId="240012AF0E70D 240012AF0E83C = 240012AF0DCF4 240012AF0D37B 240012AF0E7E8 240012AF0D592 240012AF0E70D 240012AF0E7E8 240012AF0E461 240012AF0E70D 240012AF0D592 240012AF0E70D 240012AF0E049 240012AF0DCF4 240012AF0DFF6 = = 240012AF0D37B 240012AF0E7E8 240012AF0D37B 240012AF0E83C 240012AF0E7E8 240012AF0E049 240012AF0E70D 240012AF0D592 240012AF0DFF6 240012AF0E70D 240012AF0D37B 240012AF0E7E8 240012AF0E83C 240012AF0DCF4 240012AF0E461 = 240012AF0E7E8 240012AF0DFF6 240012AF0DCF4 240012AF0E461 240012AF0E325 240012AF0E7E8 240012AF0D592 240012AF0E7E8 240012AF0D592 240012AF0E461 240012AF0D592 = 240012AF0E83C 240012AF0E7E8 240012AF0E70D 240012AF0E7E8 240012AF0E83C 240012AF0DCF4 240012AF0DFF6 240012AF0E83C = 240012AF0E325 240012AF0E70D 240012AF0E7E8 240012AF0E049 240012AF0DCF4 240012AF0E70D 240012AF0D592 240012AF0E7E8 = 240012AF0DFF6 240012AF0E70D 240012AF0D592 240012AF0DFF6 240012AF0E7E8 240012AF0E461 240012AF0D592 = 240012AF0D37B 240012AF0E83C 240012AF0DFF6 240012AF0E049 240012AF0E7E8 240012AF0E325 240012AF0D592 240012AF0DFF6 240012AF0E70D 240012AF0E325 240012AF0E461 240012AF0D37B 240012AF0DFF6 240012AF0E7E8 240012AF0E461 = 240012AF0E7E8 240012AF0E325 240012AF0E461 240012AF0DFF6 = 240012AF0DCF4 240012AF0DFF6 240012AF0DCF4 240012AF0E83C 240012AF0E049 240012AF0E461 240012AF0E83C 240012AF0E325 240012AF0E049 240012AF0E70D 240012AF0E325 240012AF0D37B 240012AF0E325 240012AF0E83C 240012AF0E7E8 240012AF0DCF4 240012AF0E7E8 240012AF0D592 240012AF0E7E8 240012AF0DCF4 240012AF0E049 240012AF0E325 240012AF0E461 240012AF0E049 240012AF0D592 240012AF0E83C 240012AF0D592" numberOfLostObjects="6 3 5 2 2 2 2 4 2 3 4 3 5 4 2 3 3 3 2 2 2 4 5 4 5 2 5 2 4 5 4 4 2 4 4 2 4 5 5 4 2 3 5 5 2 2 2 3 3 2 3 3 4 2 5 4 2 4 4 5 3 3 3 3 5 5 4 2 3 3 2 3 3 3 4 2 3 4 4 2 4 4 2 3 2 2 4 2 3 2 2 2 2 4 2 4 4 1 3 2 2 2 3 1 3 3 3 2 3 3 2 1 1 2 1 1 2 1 3 0" numberOfReceivedObjects="54 57 55 58 58 58 58 56 58 57 56 57 55 56 58 57 57 57 58 58 58 56 55 56 55 58 55 58 56 55 56 56 58 56 56 58 56 55 55 56 58 57 55 55 58 58 58 57 57 58 57 57 56 58 55 56 58 56 56 55 57 57 57 57 55 55 56 58 57 57 58 57 57 57 56 58 57 56 56 58 56 56 58 57 58 58 56 58 57 58 58 58 58 56 58 56 56 59 57 58 58 58 57 59 57 57 57 58 57 57 58 59 59 58 59 59 58 59 57 60" sessionStartTime="3628825149" sessionStopTime="3628832349"></g1:qoeMetrics>
  </g1:statisticalReport>
</g1:receptionReport>

--frontier--
]]></requestXML>
</ueReceptionReport>
<ueReceptionReport>
  <arriveTime>2014-12-29T09:16:33.520+00:00</arriveTime>
  <requestURI>http://mbadp-ohcn01-e.myvzw.com:80/reportingService/test_bdc/16776210_1001_2001</requestURI>
  <sourceAddress>2001:4888:4:3ee0:b0:d::</sourceAddress>
  <userAgent><![CDATA[TestAgent]]></userAgent>
  <contentType><![CDATA[multipart/mixed; boundary=frontier]]></contentType>
  <requestXML><![CDATA[MIME-Version: 1.0
Content-Type: multipart/mixed; boundary=frontier

--frontier
Content-Type: text/xml

<g1:receptionReport xmlns="urn:3gpp:ns:metadata" xmlns:g1="urn:3gpp:metadata:2008:MBMS:receptionreport" xmlns:xsi="http://www.w3.org/2001/XMLSchema-instance" xsi:schemaLocation="urn:3gpp:metadata:2008:MBMS:receptionreport receptionReportingRequestRestricted.xsd">
  <g1:statisticalReport clientId="990034600060" serviceId="urn:wpst:test:16776210:1001:2001">
    <g1:qoeMetrics networkResourceCellId="240012AF0DE1C 240012AF0DBF7 240012AF0E146 240012AF0E1F8 240012AF0E5D6 240012AF0E870 240012AF0DE1C 240012AF0E870 240012AF0DE1C = 240012AF0E146 = 240012AF0E172 240012AF0DEF0 240012AF0E5D6 240012AF0DE1C 240012AF0E5D6 240012AF0DEF0 240012AF0DBF7 240012AF0E870 240012AF0DEF0 240012AF0D874 240012AF0DBF7 240012AF0DE1C 240012AF0E0CC 240012AF0E5D6 240012AF0E0CC 240012AF0E1F8 240012AF0DE1C 240012AF0DEF0 240012AF0D874 240012AF0E870 240012AF0E5D6 240012AF0E0CC = 240012AF0D874 240012AF0E1F8 240012AF0E0CC 240012AF0E5D6 240012AF0DEF0 240012AF0E172 = 240012AF0E870 240012AF0DEF0 240012AF0DBF7 = 240012AF0E0CC 240012AF0E1F8 240012AF0DEF0 240012AF0E0CC 240012AF0E146 240012AF0E172 240012AF0DBF7 240012AF0E146 240012AF0E870 240012AF0E146 240012AF0E172 240012AF0E870 = 240012AF0E1F8 240012AF0DE1C 240012AF0E5D6 240012AF0E0CC 240012AF0DEF0 240012AF0E870 240012AF0DBF7 = 240012AF0E0CC = 240012AF0E870 240012AF0E5D6 240012AF0D874 240012AF0E146 240012AF0DBF7 = 240012AF0DEF0 240012AF0DBF7 240012AF0DEF0 240012AF0D874 240012AF0DEF0 240012AF0E5D6 240012AF0E0CC 240012AF0E146 240012AF0E5D6 240012AF0DEF0 240012AF0E172 240012AF0E1F8 240012AF0D874 240012AF0E5D6 240012AF0E146 240012AF0E1F8 240012AF0E146 240012AF0E870 240012AF0E5D6 = 240012AF0DBF7 240012AF0E172 = 240012AF0E146 240012AF0DE1C 240012AF0E146 240012AF0E870 = = 240012AF0DE1C 240012AF0D874 240012AF0DE1C 240012AF0D874 240012AF0DEF0 240012AF0DE1C 240012AF0DEF0 240012AF0DE1C 240012AF0E172 240012AF0E5D6 = 240012AF0DBF7 240012AF0DEF0 240012AF0E0CC 240012AF0D874 240012AF0E870" numberOfLostObjects="4 3 4 4 4 2 4 2 4 5 4 3 4 3 4 2 5 5 2 5 2 4 3 4 2 4 2 2 5 3 5 2 4 4 4 2 4 2 3 2 2 5 3 4 2 2 4 2 5 4 5 2 3 2 4 3 4 5 3 4 2 2 4 4 4 3 4 2 3 5 4 3 4 3 4 2 3 2 4 4 2 3 3 4 3 3 3 4 3 4 1 3 3 3 3 3 2 3 3 3 1 1 3 3 1 1 1 1 3 2 2 2 1 2 2 2 1 0 1 1" numberOfReceivedObjects="56 57 56 56 56 58 56 58 56 55 56 57 56 57 56 58 55 55 58 55 58 56 57 56 58 56 58 58 55 57 55 58 56 56 56 58 56 58 57 58 58 55 57 56 58 58 56 58 55 56 55 58 57 58 56 57 56 55 57 56 58 58 56 56 56 57 56 58 57 55 56 57 56 57 56 58 57 58 56 56 58 57 57 56 57 57 57 56 57 56 59 57 57 57 57 57 58 57 57 57 59 59 57 57 59 59 59 59 57 58 58 58 59 58 58 58 59 60 59 59" sessionStartTime="3628825149" sessionStopTime="3628832349"></g1:qoeMetrics>
  </g1:statisticalReport>
</g1:receptionReport>

--frontier--
]]></requestXML>
</ueReceptionReport>
