<ueReceptionReport>
  <arriveTime>2014-12-29T07:56:10.520+00:00</arriveTime>
  <requestURI>http://mbadp-ohcn01-e.myvzw.com:80/reportingService/test_bdc/16776210_1001_2001</requestURI>
  <sourceAddress>2001:4888:4:3ee0:b0:d::</sourceAddress>
  <userAgent><![CDATA[TestAgent]]></userAgent>
  <contentType><![CDATA[multipart/mixed; boundary=frontier]]></contentType>
  <requestXML><![CDATA[MIME-Version: 1.0
Content-Type: multipart/mixed; boundary=frontier

--frontier
Content-Type: text/xml

<g1:receptionReport xmlns="urn:3gpp:ns:metadata" xmlns:g1="urn:3gpp:metadata:2008:MBMS:receptionreport" xmlns:xsi="http://www.w3.org/2001/XMLSchema-instance" xsi:schemaLocation="urn:3gpp:metadata:2008:MBMS:receptionreport receptionReportingRequestRestricted.xsd">
  <g1:statisticalReport clientId="990034600037" serviceId="urn:wpst:test:16776210:1001:2001">
    <g1:qoeMetrics networkResourceCellId="240012AF09B2C 240012AF0A1DA 240012AF09C96 240012AF0A340 240012AF09EDE 240012AF0A340 240012AF08CC6 240012AF09C96 240012AF094B2 240012AF09C96 240012AF09572 240012AF09EDE = 240012AF08CC6 240012AF09B2C 240012AF09D62 240012AF09572 240012AF094B2 240012AF09B2C 240012AF0A1DA 240012AF094B2 240012AF09C96 240012AF0A340 240012AF08CC6 240012AF09B2C 240012AF09EDE = 240012AF09C96 240012AF09D62 240012AF09EDE 240012AF09572 240012AF08CC6 = 240012AF09B2C 240012AF09C96 240012AF09EDE 240012AF0A340 240012AF0A1DA 240012AF09B2C 240012AF094B2" numberOfLostObjects="10 15 18 18 14 15 9 12 14 16 12 10 14 15 7 11 13 13 7 10 10 6 9 7 9 9 7 6 9 5 7 4 8 4 9 7 5 2 4 0" numberOfReceivedObjects="50 45 42 42 46 45 51 48 46 44 48 50 46 45 53 49 47 47 53 50 50 54 51 53 51 51 53 54 51 55 53 56 52 56 51 53 55 58 56 60" sessionStartTime="3628825149" sessionStopTime="3628827549"></g1:qoeMetrics>
  </g1:statisticalReport>
</g1:receptionReport>

--frontier--
]]></requestXML>
</ueReceptionReport>
<ueReceptionReport>
  <arriveTime>2014-12-29T08:35:56.520+00:00</arriveTime>
  <requestURI>http://mbadp-ohcn01-e.myvzw.com:80/reportingService/test_bdc/16776210_1001_2001</requestURI>
  <sourceAddress>2001:4888:4:3ee0:b0:d::</sourceAddress>
  <userAgent><![CDATA[TestAgent]]></userAgent>
  <contentType><![CDATA[multipart/mixed; boundary=frontier]]></contentType>
  <requestXML><![CDATA[MIME-Version: 1.0
Content-Type: multipart/mixed; boundary=frontier

--frontier
Content-Type: text/xml

<g1:receptionReport xmlns="urn:3gpp:ns:metadata" xmlns:g1="urn:3gpp:metadata:2008:MBMS:receptionreport" xmlns:xsi="http://www.w3.org/2001/XMLSchema-instance" xsi:schemaLocation="urn:3gpp:metadata:2008:MBMS:receptionreport receptionReportingRequestRestricted.xsd">
  <g1:statisticalReport clientId="990034600037" serviceId="urn:wpst:test:16776210:1001:2001">
    <g1:qoeMetrics networkResourceCellId="240012AF08CC6 = 240012AF09B2C 240012AF09D62 240012AF0A1DA = 240012AF09B2C 240012AF09D62 240012AF09B2C 240012AF09572 240012AF094B2 240012AF08CC6 240012AF09572 240012AF0A340 240012AF09D62 240012AF09425 240012AF09C96 240012AF09EDE 240012AF09C96 = 240012AF08CC6 240012AF09C96 240012AF0A340 240012AF09B2C 240012AF09C96 240012AF0A1DA = = 240012AF094B2 = 240012AF0A340 240012AF09B2C 240012AF09425 240012AF08CC6 = = 240012AF0A1DA 240012AF09B2C 240012AF09D62 240012AF09C96" numberOfLostObjects="15 9 13 11 18 14 17 10 10 10 12 8 14 10 12 7 9 9 9 10 7 8 13 9 12 8 9 10 6 6 10 11 9 9 4 4 8 6 3 1" numberOfReceivedObjects="45 51 47 49 42 46 43 50 50 50 48 52 46 50 48 53 51 51 51 50 53 52 47 51 48 52 51 50 54 54 50 49 51 51 56 56 52 54 57 59" sessionStartTime="3628827549" sessionStopTime="3628829949"></g1:qoeMetrics>
  </g1:statisticalReport>
</g1:receptionReport>

--frontier--
]]></requestXML>
</ueReceptionReport>
<ueReceptionReport>
  <arriveTime>2014-12-29T09:16:07.520+00:00</arriveTime>
  <requestURI>http://mbadp-ohcn01-e.myvzw.com:80/reportingService/test_bdc/16776210_1001_2001</requestURI>
  <sourceAddress>2001:4888:4:3ee0:b0:d::</sourceAddress>
  <userAgent><![CDATA[TestAgent]]></userAgent>
  <contentType><![CDATA[multipart/mixed; boundary=frontier]]></contentType>
  <requestXML><![CDATA[MIME-Version: 1.0
Content-Type: multipart/mixed; boundary=frontier

--frontier
Content-Type: text/xml

<g1:receptionReport xmlns="urn:3gpp:ns:metadata" xmlns:g1="urn:3gpp:metadata:2008:MBMS:receptionreport" xmlns:xsi="http://www.w3.org/2001/XMLSchema-instance" xsi:schemaLocation="urn:3gpp:metadata:2008:MBMS:receptionreport receptionReportingRequestRestricted.xsd">
  <g1:statisticalReport clientId="990034600038" serviceId="urn:wpst:test:16776210:1001:2001">
    <g1:qoeMetrics networkResourceCellId="240012AF09BFA 240012AF0A114 240012AF09F78 240012AF09220 240012AF099CF 240012AF09F78 240012AF0A114 240012AF09BFA 240012AF093B7 240012AF09BFA 240012AF09B5A 240012AF0A362 240012AF099E6 240012AF0A362 240012AF09220 240012AF09BFA 240012AF099E6 240012AF09220 240012AF09F78 240012AF09BFA 240012AF099CF 240012AF09220 240012AF09B5A 240012AF09F78 240012AF0A114 240012AF09220 240012AF09B5A 240012AF099E6 240012AF0A362 240012AF09B5A 240012AF093B7 240012AF09220 240012AF099CF 240012AF09BFA 240012AF09F78 = 240012AF0A362 240012AF093B7 240012AF099CF 240012AF09942 240012AF09BFA 240012AF0A114 240012AF09220 240012AF099E6 240012AF09B5A 240012AF099CF 240012AF09F78 240012AF099E6 240012AF09F78 240012AF099CF 240012AF09BFA 240012AF093B7 240012AF0A114 240012AF09942 240012AF09F78 240012AF09942 240012AF09B5A 240012AF0A362 240012AF09BFA 240012AF0A362 240012AF09F78 240012AF09B5A 240012AF09BFA 240012AF099E6 240012AF09B5A 240012AF099CF 240012AF0A114 = = 240012AF09BFA 240012AF093B7 240012AF099CF = 240012AF09220 240012AF093B7 240012AF0A362 240012AF09F78 = 240012AF0A362 240012AF0A114 240012AF09BFA 240012AF09220 240012AF0A114 240012AF099CF 240012AF09B5A 240012AF099E6 240012AF09B5A = 240012AF0A362 240012AF099E6 240012AF0A114 240012AF093B7 240012AF09BFA 240012AF099CF 240012AF093B7 240012AF099E6 240012AF09F78 = 240012AF099CF 240012AF093B7 240012AF0A362 240012AF099CF = 240012AF09942 240012AF09F78 = 240012AF099CF = = 240012AF09942 240012AF09F78 240012AF093B7 240012AF09BFA 240012AF099E6 240012AF0A362 240012AF09BFA 240012AF099E6 240012AF0A114 240012AF099E6 240012AF09F78" numberOfLostObjects="6 5 3 5 3 5 5 4 4 5 2 4 5 3 2 2 4 5 5 4 3 2 4 3 5 5 2 3 4 4 2 4 3 3 3 4 2 2 3 4 2 3 2 5 4 3 2 2 2 5 5 3 5 3 4 4 2 4 2 2 2 2 3 3 4 3 2 2 4 3 4 2 3 3 2 4 3 2 4 3 2 2 3 2 2 4 4 4 3 2 2 2 3 4 3 2 2 3 2 1 2 3 2 2 3 2 1 2 3 2 1 1 3 2 2 3 3 1 1 1" numberOfReceivedObjects="54 55 57 55 57 55 55 56 56 55 58 56 55 57 58 58 56 55 55 56 57 58 56 57 55 55 58 57 56 56 58 56 57 57 57 56 58 58 57 56 58 57 58 55 56 57 58 58 58 55 55 57 55 57 56 56 58 56 58 58 58 58 57 57 56 57 58 58 56 57 56 58 57 57 58 56 57 58 56 57 58 58 57 58 58 56 56 56 57 58 58 58 57 56 57 58 58 57 58 59 58 57 58 58 57 58 59 58 57 58 59 59 57 58 58 57 57 59 59 59" sessionStartTime="3628825149" sessionStopTime="3628832349"></g1:qoeMetrics>
  </g1:statisticalReport>
</g1:receptionReport>

--frontier--
]]></requestXML>
</ueReceptionReport>
<ueReceptionReport>
  <arriveTime>2014-12-29T09:16:05.520+00:00</arriveTime>
  <requestURI>http://mbadp-ohcn01-e.myvzw.com:80/reportingService/test_bdc/16776210_1001_2001</requestURI>
  <sourceAddress>2001:4888:4:3ee0:b0:d::</sourceAddress>
  <userAgent><![CDATA[TestAgent]]></userAgent>
  <contentType><![CDATA[multipart/mixed; boundary=frontier]]></contentType>
  <requestXML><![CDATA[MIME-Version: 1.0
Content-Type: multipart/mixed; boundary=frontier

--frontier
Content-Type: text/xml

<g1:receptionReport xmlns="urn:3gpp:ns:metadata" xmlns:g1="urn:3gpp:metadata:2008:MBMS:receptionreport" xmlns:xsi="http://www.w3.org/2001/XMLSchema-instance" xsi:schemaLocation="urn:3gpp:metadata:2008:MBMS:receptionreport receptionReportingRequestRestricted.xsd">
  <g1:statisticalReport clientId="990034600039" serviceId="urn:wpst:test:16776210:1001:2001">
    <g1:qoeMetrics networkResourceCellId="240012AF0A1B8 240012AF0A388 240012AF0A345 240012AF0A1B8 240012AF08FDE 240012AF08E22 = 240012AF08FD5 240012AF08E22 240012AF0A345 240012AF09325 240012AF08FD5 240012AF09325 240012AF0A388 240012AF08E22 240012AF0A1B8 240012AF09528 240012AF09325 240012AF0A1B8 240012AF08E22 240012AF08D96 240012AF09325 240012AF08FD5 240012AF0A388 240012AF08D96 240012AF0A345 240012AF0A1B8 240012AF0A388 240012AF08E22 240012AF0A388 240012AF08D96 240012AF09265 240012AF08FDE 240012AF0A388 240012AF08D96 240012AF08FDE 240012AF09265 240012AF09325 240012AF08FDE 240012AF08FD5 240012AF0A1B8 240012AF09325 240012AF08FDE 240012AF08D96 240012AF0A345 240012AF08FD5 240012AF08E22 240012AF08D96 240012AF0A388 240012AF08FDE 240012AF0A1B8 240012AF08FD5 240012AF09325 240012AF09265 240012AF0A1B8 240012AF08FD5 = 240012AF09528 240012AF09325 240012AF08FD5 240012AF08FDE = = = 240012AF09325 240012AF0A345 240012AF09265 240012AF09528 240012AF08FDE 240012AF09265 240012AF08D96 240012AF0A388 240012AF09528 = 240012AF08E22 240012AF09325 240012AF08D96 240012AF08E22 240012AF08FD5 = 240012AF08E22 240012AF09265 240012AF0A345 240012AF09325 240012AF0A388 240012AF09265 240012AF0A1B8 240012AF09325 240012AF0A345 240012AF09528 240012AF09265 240012AF08E22 240012AF09528 240012AF09325 240012AF08FDE 240012AF08FD5 = 240012AF09325 240012AF08D96 240012AF09265 240012AF0A388 240012AF09265 240012AF0A388 240012AF08FDE 240012AF08FD5 240012AF0A388 = = 240012AF0A1B8 240012AF09325 240012AF08D96 240012AF0A1B8 240012AF09528 240012AF0A388 240012AF08D96 240012AF08FDE 240012AF0A345 240012AF08E22 240012AF0A1B8 240012AF08D96" numberOfLostObjects="3 4 3 2 5 3 2 5 3 5 3 3 4 5 2 3 5 2 3 3 3 3 5 3 3 2 5 5 2 5 4 2 2 5 3 5 2 3 4 3 2 5 5 5 4 5 2 3 5 4 4 2 5 3 3 2 4 2 5 4 2 3 4 4 4 3 3 2 3 4 2 2 4 3 2 3 2 3 4 4 2 3 2 3 3 2 4 4 4 2 2 1 2 3 3 1 1 4 1 2 2 1 3 2 1 4 3 1 1 1 3 1 3 3 3 2 2 1 2 0" numberOfReceivedObjects="57 56 57 58 55 57 58 55 57 55 57 57 56 55 58 57 55 58 57 57 57 57 55 57 57 58 55 55 58 55 56 58 58 55 57 55 58 57 56 57 58 55 55 55 56 55 58 57 55 56 56 58 55 57 57 58 56 58 55 56 58 57 56 56 56 57 57 58 57 56 58 58 56 57 58 57 58 57 56 56 58 57 58 57 57 58 56 56 56 58 58 59 58 57 57 59 59 56 59 58 58 59 57 58 59 56 57 59 59 59 57 59 57 57 57 58 58 59 58 60" sessionStartTime="3628825149" sessionStopTime="3628832349"></g1:qoeMetrics>
  </g1:statisticalReport>
</g1:receptionReport>

--frontier--
]]></requestXML>
</ueReceptionReport>
<ueReceptionReport>
  <arriveTime>2014-12-29T09:16:24.520+00:00</arriveTime>
  <requestURI>http://mbadp-ohcn01-e.myvzw.com:80/reportingService/test_bdc/16776210_1001_2001</requestURI>
  <sourceAddress>2001:4888:4:3ee0:b0:d::</sourceAddress>
  <userAgent><![CDATA[TestAgent]]></userAgent>
  <contentType><![CDATA[multipart/mixed; boundary=frontier]]></contentType>
  <requestXML><![CDATA[MIME-Version: 1.0
Content-Type: multipart/mixed; boundary=frontier

--frontier
Content-Type: text/xml

<g1:receptionReport xmlns="urn:3gpp:ns:metadata" xmlns:g1="urn:3gpp:metadata:2008:MBMS:receptionreport" xmlns:xsi="http://www.w3.org/2001/XMLSchema-instance" xsi:schemaLocation="urn:3gpp:metadata:2008:MBMS:receptionreport receptionReportingRequestRestricted.xsd">
  <g1:statisticalReport clientId="990034600040" serviceId="urn:wpst:test:16776210:1001:2001">
    <g1:qoeMetrics networkResourceCellId="240012AF09DAD 240012AF0A054 = = 240012AF09998 240012AF09DAD 240012AF0937C 240012AF09DAD 240012AF09998 240012AF08D3D 240012AF0A39B 240012AF094F0 240012AF0A054 240012AF094F0 240012AF08D3D 240012AF09DAD 240012AF094F0 240012AF091C6 240012AF0A39B 240012AF08D3D 240012AF0A054 240012AF091C6 240012AF0954F 240012AF0937C 240012AF094F0 240012AF0954F 240012AF0A054 240012AF09DAD 240012AF0A19D 240012AF0A054 240012AF09998 240012AF0A19D 240012AF0A39B 240012AF0954F 240012AF091C6 240012AF094F0 240012AF091C6 240012AF09DAD 240012AF0A054 240012AF0A19D 240012AF091C6 240012AF0954F 240012AF08D3D 240012AF0A19D 240012AF091C6 240012AF09998 240012AF0A19D 240012AF094F0 240012AF0A19D 240012AF094F0 240012AF0954F 240012AF08D3D 240012AF09DAD 240012AF0954F 240012AF091C6 240012AF0937C 240012AF09998 240012AF0937C = 240012AF091C6 240012AF08D3D = 240012AF0A19D 240012AF0A054 240012AF0A39B 240012AF0A054 240012AF0A39B 240012AF08D3D 240012AF09998 240012AF0954F 240012AF0A054 = 240012AF0954F 240012AF09DAD 240012AF08D3D = 240012AF09998 240012AF09DAD = = 240012AF094F0 240012AF08D3D = 240012AF0A054 240012AF09998 240012AF08D3D 240012AF09998 240012AF0937C 240012AF094F0 240012AF0A39B 240012AF09DAD 240012AF08D3D 240012AF09998 240012AF0A19D 240012AF09DAD 240012AF094F0 240012AF08D3D = 240012AF09DAD 240012AF0A054 240012AF09998 240012AF0A054 240012AF0A39B 240012AF0A054 240012AF0937C 240012AF0A054 240012AF0937C 240012AF091C6 240012AF09998 240012AF094F0 240012AF091C6 240012AF0954F 240012AF09DAD 240012AF08D3D 240012AF09DAD 240012AF08D3D 240012AF0A19D 240012AF08D3D 240012AF0954F 240012AF08D3D" numberOfLostObjects="4 2 5 5 2 3 4 3 2 5 2 5 2 2 4 2 4 4 2 5 5 3 4 5 2 4 3 2 3 3 4 5 3 2 4 3 3 2 4 3 5 5 2 2 5 4 2 3 3 2 3 2 4 5 2 4 3 3 5 4 4 3 3 5 3 5 2 5 4 3 2 2 3 2 4 4 4 3 2 3 3 2 4 2 2 2 2 4 4 2 4 4 2 3 2 3 2 2 3 1 3 2 2 3 3 2 2 3 1 3 2 1 2 1 1 3 2 1 1 1" numberOfReceivedObjects="56 58 55 55 58 57 56 57 58 55 58 55 58 58 56 58 56 56 58 55 55 57 56 55 58 56 57 58 57 57 56 55 57 58 56 57 57 58 56 57 55 55 58 58 55 56 58 57 57 58 57 58 56 55 58 56 57 57 55 56 56 57 57 55 57 55 58 55 56 57 58 58 57 58 56 56 56 57 58 57 57 58 56 58 58 58 58 56 56 58 56 56 58 57 58 57 58 58 57 59 57 58 58 57 57 58 58 57 59 57 58 59 58 59 59 57 58 59 59 59" sessionStartTime="3628825149" sessionStopTime="3628832349"></g1:qoeMetrics>
  </g1:statisticalReport>
</g1:receptionReport>

--frontier--
]]></requestXML>
</ueReceptionReport>
<ueReceptionReport>
  <arriveTime>2014-12-29T07:56:39.520+00:00</arriveTime>
  <requestURI>http://mbadp-ohcn01-e.myvzw.com:80/reportingService/test_bdc/16776210_1001_2001</requestURI>
  <sourceAddress>2001:4888:4:3ee0:b0:d::</sourceAddress>
  <userAgent><![CDATA[TestAgent]]></userAgent>
  <contentType><![CDATA[multipart/mixed; boundary=frontier]]></contentType>
  <requestXML><![CDATA[MIME-Version: 1.0
Content-Type: multipart/mixed; boundary=frontier

--frontier
Content-Type: text/xml

<g1:receptionReport xmlns="urn:3gpp:ns:metadata" xmlns:g1="urn:3gpp:metadata:2008:MBMS:receptionreport" xmlns:xsi="http://www.w3.org/2001/XMLSchema-instance" xsi:schemaLocation="urn:3gpp:metadata:2008:MBMS:receptionreport receptionReportingRequestRestricted.xsd">
  <g1:statisticalReport clientId="990034600041" serviceId="urn:wpst:test:16776210:1001:2001">
    <g1:qoeMetrics networkResourceCellId="240012AF0A1A7 240012AF099AC 240012AF0A314 240012AF099AC 240012AF0A2B7 240012AF099AC 240012AF09B39 240012AF0A2B7 240012AF09B39 240012AF09285 240012AF09B39 = 240012AF0A2B7 240012AF0A314 240012AF0A1A7 = 240012AF0A2B7 240012AF0A314 240012AF0A1A7 240012AF0A2B7 240012AF09285 240012AF0A314 240012AF0A1A7 240012AF09285 240012AF0A314 240012AF09285 = 240012AF0A314 240012AF09369 240012AF0A1A7 240012AF09369 240012AF09B39 240012AF0A1A7 240012AF08CBB 240012AF099AC 240012AF098D8 240012AF08CBB 240012AF09B39 240012AF0A314 240012AF09B39" numberOfLostObjects="14 15 15 10 11 11 15 8 16 9 13 12 13 14 7 12 15 12 11 11 11 12 9 12 10 5 5 7 9 7 7 7 7 7 4 4 4 4 5 0" numberOfReceivedObjects="46 45 45 50 49 49 45 52 44 51 47 48 47 46 53 48 45 48 49 49 49 48 51 48 50 55 55 53 51 53 53 53 53 53 56 56 56 56 55 60" sessionStartTime="3628825149" sessionStopTime="3628827549"></g1:qoeMetrics>
  </g1:statisticalReport>
</g1:receptionReport>

--frontier--
]]></requestXML>
</ueReceptionReport>
<ueReceptionReport>
  <arriveTime>2014-12-29T08:35:40.520+00:00</arriveTime>
  <requestURI>http://mbadp-ohcn01-e.myvzw.com:80/reportingService/test_bdc/16776210_1001_2001</requestURI>
  <sourceAddress>2001:4888:4:3ee0:b0:d::</sourceAddress>
  <userAgent><![CDATA[TestAgent]]></userAgent>
  <contentType><![CDATA[multipart/mixed; boundary=frontier]]></contentType>
  <requestXML><![CDATA[MIME-Version: 1.0
Content-Type: multipart/mixed; boundary=frontier

--frontier
Content-Type: text/xml

<g1:receptionReport xmlns="urn:3gpp:ns:metadata" xmlns:g1="urn:3gpp:metadata:2008:MBMS:receptionreport" xmlns:xsi="http://www.w3.org/2001/XMLSchema-instance" xsi:schemaLocation="urn:3gpp:metadata:2008:MBMS:receptionreport receptionReportingRequestRestricted.xsd">
  <g1:statisticalReport clientId="990034600041" serviceId="urn:wpst:test:16776210:1001:2001">
    <g1:qoeMetrics networkResourceCellId="240012AF09B39 240012AF09285 240012AF0A314 240012AF08CBB 240012AF09285 240012AF0A1A7 240012AF0A314 240012AF09B39 240012AF0A314 240012AF09B39 240012AF0A332 240012AF09285 240012AF0A314 240012AF09285 240012AF08CBB 240012AF0A314 240012AF099AC 240012AF0A332 240012AF0A314 240012AF0A1A7 = 240012AF08CBB 240012AF09369 240012AF0A332 240012AF0A314 240012AF0A2B7 240012AF0A1A7 240012AF09369 240012AF09B39 240012AF098D8 240012AF09B39 240012AF099AC 240012AF0A2B7 240012AF0A314 240012AF098D8 240012AF09B39 240012AF08CBB 240012AF099AC 240012AF09B39 240012AF099AC" numberOfLostObjects="18 14 11 13 9 13 10 10 9 17 14 8 16 11 13 7 15 11 12 11 13 6 13 9 10 9 11 6 9 8 4 5 8 7 3 5 5 4 3 0" numberOfReceivedObjects="42 46 49 47 51 47 50 50 51 43 46 52 44 49 47 53 45 49 48 49 47 54 47 51 50 51 49 54 51 52 56 55 52 53 57 55 55 56 57 60" sessionStartTime="3628827549" sessionStopTime="3628829949"></g1:qoeMetrics>
  </g1:statisticalReport>
</g1:receptionReport>

--frontier--
]]></requestXML>
</ueReceptionReport>
<ueReceptionReport>
  <arriveTime>2014-12-29T09:15:51.520+00:00</arriveTime>
  <requestURI>http://mbadp-ohcn01-e.myvzw.com:80/reportingService/test_bdc/16776210_1001_2001</requestURI>
  <sourceAddress>2001:4888:4:3ee0:b0:d::</sourceAddress>
  <userAgent><![CDATA[TestAgent]]></userAgent>
  <contentType><![CDATA[multipart/mixed; boundary=frontier]]></contentType>
  <requestXML><![CDATA[MIME-Version: 1.0
Content-Type: multipart/mixed; boundary=frontier

--frontier
Content-Type: text/xml

<g1:receptionReport xmlns="urn:3gpp:ns:metadata" xmlns:g1="urn:3gpp:metadata:2008:MBMS:receptionreport" xmlns:xsi="http://www.w3.org/2001/XMLSchema-instance" xsi:schemaLocation="urn:3gpp:metadata:2008:MBMS:receptionreport receptionReportingRequestRestricted.xsd">
  <g1:statisticalReport clientId="990034600042" serviceId="urn:wpst:test:16776210:1001:2001">
    <g1:qoeMetrics networkResourceCellId="240012AF08E1C 240012AF09842 240012AF09D8D 240012AF08E1C 240012AF0A08E 240012AF09D8D 240012AF08D5F = 240012AF0A08E = 240012AF09F3E 240012AF0A1BA = 240012AF08E1C 240012AF09D8D 240012AF0A08E 240012AF098B2 240012AF09ACF 240012AF0A08E 240012AF096B9 240012AF0A08E 240012AF09F3E 240012AF098B2 240012AF09F3E 240012AF09ACF 240012AF0A08E 240012AF08E1C = 240012AF09D8D 240012AF096B9 240012AF098B2 240012AF08D5F = 240012AF08E1C 240012AF09F3E 240012AF096B9 240012AF09D8D 240012AF0A1BA 240012AF098B2 240012AF0A08E 240012AF098B2 240012AF09ACF 240012AF09842 240012AF09D8D 240012AF09842 240012AF08E1C 240012AF0A08E = 240012AF09ACF 240012AF08E1C = 240012AF09D8D 240012AF09ACF 240012AF098B2 240012AF09F3E 240012AF098B2 240012AF08D5F 240012AF09F3E 240012AF098B2 240012AF096B9 = 240012AF0A1BA 240012AF09842 240012AF09ACF 240012AF09D8D 240012AF098B2 240012AF096B9 240012AF0A1BA 240012AF08E1C 240012AF09D8D 240012AF09842 240012AF096B9 240012AF09ACF 240012AF0A08E 240012AF096B9 = 240012AF08D5F 240012AF09F3E 240012AF09ACF 240012AF08E1C 240012AF09F3E 240012AF09ACF 240012AF09D8D 240012AF098B2 = 240012AF08D5F 240012AF096B9 240012AF09F3E 240012AF08D5F 240012AF09D8D 240012AF0A08E 240012AF09ACF 240012AF0A1BA 240012AF09D8D 240012AF096B9 = 240012AF098B2 240012AF08E1C 240012AF098B2 240012AF09ACF 240012AF09D8D 240012AF096B9 240012AF0A08E 240012AF09F3E 240012AF09ACF 240012AF09D8D 240012AF09842 240012AF08E1C 240012AF09F3E 240012AF09842 240012AF08E1C 240012AF08D5F 240012AF0A1BA 240012AF08E1C 240012AF09ACF 240012AF09D8D 240012AF09F3E 240012AF096B9 240012AF09D8D 240012AF0A1BA" numberOfLostObjects="3 6 5 3 4 2 3 4 2 4 5 3 4 3 4 5 3 4 3 4 5 3 3 3 5 3 4 2 3 2 3 3 5 2 4 3 2 2 2 3 4 5 4 2 2 2 5 3 4 2 2 3 3 3 5 2 4 3 2 5 3 3 3 2 4 5 4 4 5 2 4 4 4 3 2 4 4 3 2 2 3 2 4 2 4 4 3 4 4 2 4 3 1 3 2 1 1 2 1 2 3 3 3 3 3 2 2 2 1 3 3 2 1 2 1 2 1 1 1 1" numberOfReceivedObjects="57 54 55 57 56 58 57 56 58 56 55 57 56 57 56 55 57 56 57 56 55 57 57 57 55 57 56 58 57 58 57 57 55 58 56 57 58 58 58 57 56 55 56 58 58 58 55 57 56 58 58 57 57 57 55 58 56 57 58 55 57 57 57 58 56 55 56 56 55 58 56 56 56 57 58 56 56 57 58 58 57 58 56 58 56 56 57 56 56 58 56 57 59 57 58 59 59 58 59 58 57 57 57 57 57 58 58 58 59 57 57 58 59 58 59 58 59 59 59 59" sessionStartTime="3628825149" sessionStopTime="3628832349"></g1:qoeMetrics>
  </g1:statisticalReport>
</g1:receptionReport>

--frontier--
]]></requestXML>
</ueReceptionReport>
