<ueReceptionReport>
  <arriveTime>2014-12-29T07:55:44.520+00:00</arriveTime>
  <requestURI>http://mbadp-ohcn01-e.myvzw.com:80/reportingService/test_bdc/16776210_1001_2001</requestURI>
  <sourceAddress>2001:4888:4:3ee0:b0:d::</sourceAddress>
  <userAgent><![CDATA[TestAgent]]></userAgent>
  <contentType><![CDATA[multipart/mixed; boundary=frontier]]></contentType>
  <requestXML><![CDATA[MIME-Version: 1.0
Content-Type: multipart/mixed; boundary=frontier

--frontier
Content-Type: text/xml

<g1:receptionReport xmlns="urn:3gpp:ns:metadata" xmlns:g1="urn:3gpp:metadata:2008:MBMS:receptionreport" xmlns:xsi="http://www.w3.org/2001/XMLSchema-instance" xsi:schemaLocation="urn:3gpp:metadata:2008:MBMS:receptionreport receptionReportingRequestRestricted.xsd">
  <g1:statisticalReport clientId="990034600067" serviceId="urn:wpst:test:16776210:1001:2001">
    <g1:qoeMetrics networkResourceCellId="240012AF109DF 240012AF1087F = 240012AF109DF 240012AF112DD 240012AF109DF 240012AF10C77 240012AF110D9 240012AF106D3 240012AF10D47 240012AF109DF 240012AF110D9 240012AF112DD 240012AF1087F 240012AF109DF 240012AF1054B = 240012AF1087F 240012AF107F4 240012AF112DD 240012AF1087F 240012AF110D9 240012AF112DD 240012AF106D3 240012AF1087F 240012AF106D3 240012AF109DF 240012AF10D47 240012AF106D3 240012AF10C77 240012AF11585 240012AF10C77 240012AF112DD 240012AF107F4 240012AF11585 240012AF10D47 240012AF1054B 240012AF109DF 240012AF10D47 240012AF11585" numberOfLostObjects="13 14 15 17 16 12 10 13 11 13 10 12 15 15 10 7 10 9 10 10 6 9 10 13 10 8 11 5 9 10 4 6 6 5 5 7 3 3 7 1" numberOfReceivedObjects="47 46 45 43 44 48 50 47 49 47 50 48 45 45 50 53 50 51 50 50 54 51 50 47 50 52 49 55 51 50 56 54 54 55 55 53 57 57 53 59" sessionStartTime="3628825149" sessionStopTime="3628827549"></g1:qoeMetrics>
  </g1:statisticalReport>
</g1:receptionReport>

--frontier--
]]></requestXML>
</ueReceptionReport>
<ueReceptionReport>
  <arriveTime>2014-12-29T08:36:01.520+00:00</arriveTime>
  <requestURI>http://mbadp-ohcn01-e.myvzw.com:80/reportingService/test_bdc/16776210_1001_2001</requestURI>
  <sourceAddress>2001:4888:4:3ee0:b0:d::</sourceAddress>
  <userAgent><![CDATA[TestAgent]]></userAgent>
  <contentType><![CDATA[multipart/mixed; boundary=frontier]]></contentType>
  <requestXML><![CDATA[MIME-Version: 1.0
Content-Type: multipart/mixed; boundary=frontier

--frontier
Content-Type: text/xml

<g1:receptionReport xmlns="urn:3gpp:ns:metadata" xmlns:g1="urn:3gpp:metadata:2008:MBMS:receptionreport" xmlns:xsi="http://www.w3.org/2001/XMLSchema-instance" xsi:schemaLocation="urn:3gpp:metadata:2008:MBMS:receptionreport receptionReportingRequestRestricted.xsd">
  <g1:statisticalReport clientId="990034600067" serviceId="urn:wpst:test:16776210:1001:2001">
    <g1:qoeMetrics networkResourceCellId="240012AF112DD 240012AF1087F 240012AF109DF 240012AF11585 240012AF1054B 240012AF106D3 240012AF1054B = 240012AF10C77 240012AF109DF 240012AF11585 240012AF106D3 240012AF11585 240012AF1087F 240012AF1054B = 240012AF11585 240012AF106D3 240012AF11585 240012AF1087F 240012AF11585 240012AF1054B 240012AF1087F 240012AF107F4 240012AF112DD 240012AF106D3 240012AF1054B 240012AF112DD 240012AF109DF 240012AF107F4 240012AF109DF 240012AF10C77 240012AF110D9 240012AF112DD 240012AF107F4 240012AF11585 240012AF107F4 240012AF1087F 240012AF106D3 240012AF11585" numberOfLostObjects="11 18 9 14 11 15 17 9 16 9 14 13 9 7 8 9 15 13 7 12 8 11 12 13 9 6 10 9 11 5 5 9 9 4 5 3 5 6 3 1" numberOfReceivedObjects="49 42 51 46 49 45 43 51 44 51 46 47 51 53 52 51 45 47 53 48 52 49 48 47 51 54 50 51 49 55 55 51 51 56 55 57 55 54 57 59" sessionStartTime="3628827549" sessionStopTime="3628829949"></g1:qoeMetrics>
  </g1:statisticalReport>
</g1:receptionReport>

--frontier--
]]></requestXML>
</ueReceptionReport>
<ueReceptionReport>
  <arriveTime>2014-12-29T09:15:53.520+00:00</arriveTime>
  <requestURI>http://mbadp-ohcn01-e.myvzw.com:80/reportingService/test_bdc/16776210_1001_2001</requestURI>
  <sourceAddress>2001:4888:4:3ee0:b0:d::</sourceAddress>
  <userAgent><![CDATA[TestAgent]]></userAgent>
  <contentType><![CDATA[multipart/mixed; boundary=frontier]]></contentType>
  <requestXML><![CDATA[MIME-Version: 1.0
Content-Type: multipart/mixed; boundary=frontier

--frontier
Content-Type: text/xml

<g1:receptionReport xmlns="urn:3gpp:ns:metadata" xmlns:g1="urn:3gpp:metadata:2008:MBMS:receptionreport" xmlns:xsi="http://www.w3.org/2001/XMLSchema-instance" xsi:schemaLocation="urn:3gpp:metadata:2008:MBMS:receptionreport receptionReportingRequestRestricted.xsd">
  <g1:statisticalReport clientId="990034600068" serviceId="urn:wpst:test:16776210:1001:2001">
    <g1:qoeMetrics networkResourceCellId="240012AF1071D 240012AF109B0 240012AF1071D 240012AF1043C 240012AF11506 240012AF103DE 240012AF109B0 240012AF103DE 240012AF107A8 240012AF1071D 240012AF103DE 240012AF1071D 240012AF11665 240012AF1043C = 240012AF11094 240012AF1043C 240012AF11506 240012AF11665 240012AF107A8 240012AF11665 240012AF103DE 240012AF10A65 240012AF11506 240012AF1071D 240012AF109B0 240012AF10E48 240012AF107A8 240012AF11506 240012AF11665 240012AF11094 240012AF103DE 240012AF109B0 240012AF10A65 240012AF10E48 240012AF11665 240012AF109B0 240012AF11094 240012AF1071D 240012AF11094 240012AF11665 240012AF10E48 240012AF11665 240012AF107A8 240012AF11665 240012AF11094 240012AF109B0 240012AF10A65 240012AF1043C 240012AF11665 = 240012AF10A65 240012AF103DE 240012AF11506 240012AF10E48 240012AF1043C 240012AF11506 240012AF11094 240012AF11665 240012AF11506 240012AF10E48 240012AF11094 240012AF11665 240012AF11506 240012AF11094 240012AF11506 240012AF103DE 240012AF10A65 240012AF10E48 240012AF11094 240012AF107A8 240012AF109B0 240012AF1071D 240012AF10E48 240012AF107A8 240012AF11094 240012AF1071D 240012AF107A8 240012AF1071D 240012AF109B0 240012AF107A8 240012AF11094 240012AF10A65 = 240012AF1043C 240012AF10E48 240012AF1071D 240012AF11094 240012AF1071D 240012AF1043C 240012AF10E48 240012AF103DE 240012AF1071D 240012AF10E48 240012AF103DE 240012AF11506 240012AF10A65 240012AF107A8 240012AF10E48 240012AF1043C 240012AF103DE 240012AF1071D 240012AF1043C 240012AF11094 240012AF109B0 240012AF11665 240012AF103DE 240012AF1043C = 240012AF10E48 = 240012AF11506 240012AF1071D 240012AF1043C 240012AF11506 240012AF109B0 240012AF107A8 240012AF1071D 240012AF1043C 240012AF10E48" numberOfLostObjects="5 4 3 5 3 5 4 5 4 3 2 2 4 5 4 4 2 5 5 2 2 2 3 4 3 5 2 5 2 5 2 4 4 3 3 5 3 5 5 5 2 5 5 4 5 4 2 5 3 4 4 4 3 4 4 2 4 4 3 2 3 2 3 4 3 4 2 2 3 3 2 4 4 3 2 3 3 2 3 3 2 3 3 2 1 3 2 1 2 2 2 3 1 3 3 2 1 1 2 3 2 2 2 1 4 3 1 2 3 3 1 3 1 3 1 1 1 3 1 1" numberOfReceivedObjects="55 56 57 55 57 55 56 55 56 57 58 58 56 55 56 56 58 55 55 58 58 58 57 56 57 55 58 55 58 55 58 56 56 57 57 55 57 55 55 55 58 55 55 56 55 56 58 55 57 56 56 56 57 56 56 58 56 56 57 58 57 58 57 56 57 56 58 58 57 57 58 56 56 57 58 57 57 58 57 57 58 57 57 58 59 57 58 59 58 58 58 57 59 57 57 58 59 59 58 57 58 58 58 59 56 57 59 58 57 57 59 57 59 57 59 59 59 57 59 59" sessionStartTime="3628825149" sessionStopTime="3628832349"></g1:qoeMetrics>
  </g1:statisticalReport>
</g1:receptionReport>

--frontier--
]]></requestXML>
</ueReceptionReport>
<ueReceptionReport>
  <arriveTime>2014-12-29T09:16:18.520+00:00</arriveTime>
  <requestURI>http://mbadp-ohcn01-e.myvzw.com:80/reportingService/test_bdc/16776210_1001_2001</requestURI>
  <sourceAddress>2001:4888:4:3ee0:b0:d::</sourceAddress>
  <userAgent><![CDATA[TestAgent]]></userAgent>
  <contentType><![CDATA[multipart/mixed; boundary=frontier]]></contentType>
  <requestXML><![CDATA[MIME-Version: 1.0
Content-Type: multipart/mixed; boundary=frontier

--frontier
Content-Type: text/xml

<g1:receptionReport xmlns="urn:3gpp:ns:metadata" xmlns:g1="urn:3gpp:metadata:2008:MBMS:receptionreport" xmlns:xsi="http://www.w3.org/2001/XMLSchema-instance" xsi:schemaLocation="urn:3gpp:metadata:2008:MBMS:receptionreport receptionReportingRequestRestricted.xsd">
  <g1:statisticalReport clientId="990034600069" serviceId="urn:wpst:test:16776210:1001:2001">
    <g1:qoeMetrics networkResourceCellId="240012AF10F28 240012AF104F7 240012AF10464 240012AF10F28 240012AF10E6F 240012AF10792 240012AF10E6F 240012AF10464 = 240012AF114BE 240012AF10AD7 240012AF10E6F 240012AF10AD7 240012AF114BE 240012AF10792 240012AF104F7 = 240012AF114BE 240012AF116BC 240012AF10792 240012AF104F7 = 240012AF10F4D 240012AF10E6F 240012AF10AD7 240012AF10464 240012AF114BE 240012AF10F28 240012AF114BE 240012AF10E6F 240012AF116BC 240012AF104F7 240012AF10AD7 240012AF104F7 240012AF10AD7 240012AF10792 240012AF10464 240012AF10E6F 240012AF10F4D 240012AF10F28 240012AF104F7 240012AF116BC 240012AF10464 240012AF10F28 240012AF10792 240012AF10F4D 240012AF114BE 240012AF10F28 240012AF10AD7 240012AF10F4D 240012AF10464 240012AF104F7 = 240012AF10F28 240012AF10AD7 240012AF10F28 240012AF10E6F 240012AF10792 240012AF116BC 240012AF10E6F = 240012AF10464 240012AF116BC 240012AF10E6F 240012AF114BE 240012AF116BC 240012AF10F28 240012AF116BC 240012AF10AD7 240012AF10E6F 240012AF114BE 240012AF10464 240012AF114BE 240012AF10AD7 240012AF10792 = 240012AF10AD7 240012AF10E6F 240012AF10464 240012AF10AD7 240012AF10792 240012AF10F28 = = 240012AF10792 240012AF10613 240012AF10792 240012AF114BE 240012AF10613 240012AF116BC 240012AF10613 240012AF116BC 240012AF10613 240012AF10792 240012AF10AD7 240012AF104F7 240012AF116BC 240012AF104F7 240012AF10F28 240012AF10F4D 240012AF10AD7 240012AF10464 = 240012AF10AD7 240012AF104F7 = 240012AF10AD7 240012AF104F7 240012AF10AD7 240012AF116BC 240012AF10F28 240012AF10AD7 240012AF114BE 240012AF10792 240012AF104F7 240012AF114BE 240012AF10613 240012AF10F28 240012AF10E6F 240012AF10F4D" numberOfLostObjects="6 3 5 5 2 3 4 3 2 4 2 4 2 2 3 4 5 2 3 2 5 5 4 2 5 3 3 4 5 4 4 5 5 3 4 5 4 2 3 5 4 3 3 5 3 4 3 3 4 4 3 3 3 5 3 3 2 4 2 4 3 4 4 4 2 3 3 3 3 4 3 2 3 2 3 3 2 4 3 4 2 4 3 4 1 4 1 1 4 2 1 3 2 2 3 3 3 1 1 3 1 2 3 2 3 2 1 3 2 3 2 1 2 1 2 1 1 1 2 1" numberOfReceivedObjects="54 57 55 55 58 57 56 57 58 56 58 56 58 58 57 56 55 58 57 58 55 55 56 58 55 57 57 56 55 56 56 55 55 57 56 55 56 58 57 55 56 57 57 55 57 56 57 57 56 56 57 57 57 55 57 57 58 56 58 56 57 56 56 56 58 57 57 57 57 56 57 58 57 58 57 57 58 56 57 56 58 56 57 56 59 56 59 59 56 58 59 57 58 58 57 57 57 59 59 57 59 58 57 58 57 58 59 57 58 57 58 59 58 59 58 59 59 59 58 59" sessionStartTime="3628825149" sessionStopTime="3628832349"></g1:qoeMetrics>
  </g1:statisticalReport>
</g1:receptionReport>

--frontier--
]]></requestXML>
</ueReceptionReport>
<ueReceptionReport>
  <arriveTime>2014-12-29T09:16:08.520+00:00</arriveTime>
  <requestURI>http://mbadp-ohcn01-e.myvzw.com:80/reportingService/test_bdc/16776210_1001_2001</requestURI>
  <sourceAddress>2001:4888:4:3ee0:b0:d::</sourceAddress>
  <userAgent><![CDATA[TestAgent]]></userAgent>
  <contentType><![CDATA[multipart/mixed; boundary=frontier]]></contentType>
  <requestXML><![CDATA[MIME-Version: 1.0
Content-Type: multipart/mixed; boundary=frontier

--frontier
Content-Type: text/xml

<g1:receptionReport xmlns="urn:3gpp:ns:metadata" xmlns:g1="urn:3gpp:metadata:2008:MBMS:receptionreport" xmlns:xsi="http://www.w3.org/2001/XMLSchema-instance" xsi:schemaLocation="urn:3gpp:metadata:2008:MBMS:receptionreport receptionReportingRequestRestricted.xsd">
  <g1:statisticalReport clientId="990034600070" serviceId="urn:wpst:test:16776210:1001:2001">
    <g1:qoeMetrics networkResourceCellId="240012AF1049E 240012AF10DF4 240012AF105BA 240012AF1177A 240012AF10E28 240012AF10DF4 240012AF10643 240012AF11670 240012AF10643 240012AF105BA = = 240012AF10A3A 240012AF1049E = = 240012AF10643 240012AF105BA = 240012AF10643 240012AF1049E 240012AF104DF 240012AF10643 = 240012AF1177A 240012AF118DC 240012AF1177A 240012AF104DF 240012AF1177A 240012AF105BA 240012AF104DF = 240012AF1049E 240012AF10E28 = 240012AF118DC 240012AF10DF4 240012AF10643 240012AF1177A = 240012AF118DC 240012AF105BA 240012AF11670 240012AF104DF 240012AF10E28 240012AF1177A 240012AF10643 = 240012AF11670 240012AF104DF 240012AF10E28 240012AF1177A 240012AF1049E = = 240012AF104DF 240012AF10DF4 240012AF10A3A 240012AF1049E 240012AF104DF 240012AF11670 240012AF105BA 240012AF10DF4 240012AF10A3A 240012AF105BA 240012AF1049E 240012AF104DF 240012AF118DC 240012AF1177A 240012AF10A3A = 240012AF1177A = 240012AF105BA 240012AF10E28 240012AF1177A 240012AF10643 240012AF10DF4 240012AF118DC = 240012AF11670 240012AF104DF 240012AF1177A 240012AF118DC 240012AF11670 240012AF104DF = 240012AF10A3A 240012AF118DC 240012AF10DF4 240012AF1049E 240012AF1177A 240012AF1049E 240012AF105BA = 240012AF10E28 240012AF118DC 240012AF1177A 240012AF118DC 240012AF1177A 240012AF10E28 240012AF104DF 240012AF11670 = 240012AF1177A 240012AF11670 240012AF10DF4 240012AF1049E 240012AF104DF 240012AF11670 240012AF1049E 240012AF1177A 240012AF10E28 240012AF104DF 240012AF1177A 240012AF10643 240012AF1049E 240012AF10E28 240012AF10DF4 =" numberOfLostObjects="5 2 5 2 4 5 4 4 2 4 3 3 3 2 4 2 2 3 2 5 4 4 4 2 3 5 5 5 2 5 3 4 5 2 5 3 5 3 5 2 2 2 3 3 3 5 4 3 2 4 2 4 3 5 4 4 4 3 4 4 2 5 2 4 2 4 2 2 2 4 4 4 3 2 4 4 2 2 2 3 4 2 3 3 2 4 3 2 4 3 2 3 4 1 2 1 2 3 3 3 3 2 2 2 3 1 1 3 2 1 2 2 2 3 1 1 1 2 3 0" numberOfReceivedObjects="55 58 55 58 56 55 56 56 58 56 57 57 57 58 56 58 58 57 58 55 56 56 56 58 57 55 55 55 58 55 57 56 55 58 55 57 55 57 55 58 58 58 57 57 57 55 56 57 58 56 58 56 57 55 56 56 56 57 56 56 58 55 58 56 58 56 58 58 58 56 56 56 57 58 56 56 58 58 58 57 56 58 57 57 58 56 57 58 56 57 58 57 56 59 58 59 58 57 57 57 57 58 58 58 57 59 59 57 58 59 58 58 58 57 59 59 59 58 57 60" sessionStartTime="3628825149" sessionStopTime="3628832349"></g1:qoeMetrics>
  </g1:statisticalReport>
</g1:receptionReport>

--frontier--
]]></requestXML>
</ueReceptionReport>
<ueReceptionReport>
  <arriveTime>2014-12-29T09:15:58.520+00:00</arriveTime>
  <requestURI>http://mbadp-ohcn01-e.myvzw.com:80/reportingService/test_bdc/16776210_1001_2001</requestURI>
  <sourceAddress>2001:4888:4:3ee0:b0:d::</sourceAddress>
  <userAgent><![CDATA[TestAgent]]></userAgent>
  <contentType><![CDATA[multipart/mixed; boundary=frontier]]></contentType>
  <requestXML><![CDATA[MIME-Version: 1.0
Content-Type: multipart/mixed; boundary=frontier

--frontier
Content-Type: text/xml

<g1:receptionReport xmlns="urn:3gpp:ns:metadata" xmlns:g1="urn:3gpp:metadata:2008:MBMS:receptionreport" xmlns:xsi="http://www.w3.org/2001/XMLSchema-instance" xsi:schemaLocation="urn:3gpp:metadata:2008:MBMS:receptionreport receptionReportingRequestRestricted.xsd">
  <g1:statisticalReport clientId="990034600071" serviceId="urn:wpst:test:16776210:1001:2001">
    <g1:qoeMetrics networkResourceCellId="240012AF11500 240012AF113A2 240012AF11233 = 240012AF113A2 = 240012AF11694 240012AF11500 240012AF11694 240012AF11500 = 240012AF113A2 240012AF11233 240012AF106E3 240012AF11233 = 240012AF115E2 = 240012AF10DA0 240012AF115E2 240012AF113A2 240012AF11694 240012AF115E2 240012AF11500 240012AF118EA = 240012AF113A2 240012AF10DA0 240012AF11694 240012AF11500 240012AF107A3 240012AF115E2 240012AF10DA0 240012AF107A3 240012AF11233 240012AF11694 240012AF11233 240012AF11694 240012AF113A2 240012AF107A3 240012AF113A2 240012AF11233 = 240012AF113A2 240012AF106E3 240012AF11233 240012AF107A3 240012AF11233 240012AF115E2 240012AF11500 240012AF10DA0 240012AF110BB 240012AF115E2 240012AF107A3 240012AF10DA0 240012AF11233 240012AF113A2 240012AF11500 240012AF11694 240012AF11500 240012AF11694 240012AF106E3 240012AF118EA 240012AF107A3 240012AF110BB 240012AF11233 240012AF106E3 240012AF11500 240012AF110BB 240012AF10DA0 240012AF11694 240012AF106E3 240012AF113A2 240012AF11694 240012AF10DA0 240012AF11694 240012AF110BB 240012AF11500 240012AF107A3 240012AF110BB 240012AF11694 240012AF106E3 240012AF10DA0 240012AF110BB 240012AF11694 240012AF110BB 240012AF118EA 240012AF11500 240012AF113A2 240012AF10DA0 240012AF110BB 240012AF118EA 240012AF11233 240012AF11694 240012AF113A2 240012AF118EA 240012AF107A3 240012AF11694 240012AF11500 240012AF115E2 240012AF118EA 240012AF115E2 240012AF106E3 240012AF113A2 240012AF107A3 240012AF113A2 240012AF110BB 240012AF11233 240012AF106E3 240012AF113A2 240012AF118EA 240012AF107A3 240012AF10DA0 = 240012AF113A2 240012AF110BB 240012AF106E3 240012AF115E2 240012AF107A3 240012AF10DA0" numberOfLostObjects="5 5 2 4 5 3 2 4 3 2 2 4 5 3 5 3 4 3 5 3 4 5 3 2 5 4 2 4 2 5 5 4 4 5 2 4 3 2 2 4 2 2 2 2 3 2 3 2 3 2 3 2 5 4 2 4 3 3 3 3 2 2 5 5 5 5 3 2 5 3 5 2 3 2 2 2 4 2 2 2 3 3 4 4 2 4 4 4 4 4 3 4 2 3 2 2 3 1 1 2 4 2 1 1 4 2 2 2 3 3 2 1 2 2 3 1 2 2 0 1" numberOfReceivedObjects="55 55 58 56 55 57 58 56 57 58 58 56 55 57 55 57 56 57 55 57 56 55 57 58 55 56 58 56 58 55 55 56 56 55 58 56 57 58 58 56 58 58 58 58 57 58 57 58 57 58 57 58 55 56 58 56 57 57 57 57 58 58 55 55 55 55 57 58 55 57 55 58 57 58 58 58 56 58 58 58 57 57 56 56 58 56 56 56 56 56 57 56 58 57 58 58 57 59 59 58 56 58 59 59 56 58 58 58 57 57 58 59 58 58 57 59 58 58 60 59" sessionStartTime="3628825149" sessionStopTime="3628832349"></g1:qoeMetrics>
  </g1:statisticalReport>
</g1:receptionReport>

--frontier--
]]></requestXML>
</ueReceptionReport>
<ueReceptionReport>
  <arriveTime>2014-12-29T09:16:07.520+00:00</arriveTime>
  <requestURI>http://mbadp-ohcn01-e.myvzw.com:80/reportingService/test_bdc/16776210_1001_2001</requestURI>
  <sourceAddress>2001:4888:4:3ee0:b0:d::</sourceAddress>
  <userAgent><![CDATA[TestAgent]]></userAgent>
  <contentType><![CDATA[multipart/mixed; boundary=frontier]]></contentType>
  <requestXML><![CDATA[MIME-Version: 1.0
Content-Type: multipart/mixed; boundary=frontier

--frontier
Content-Type: text/xml

<g1:receptionReport xmlns="urn:3gpp:ns:metadata" xmlns:g1="urn:3gpp:metadata:2008:MBMS:receptionreport" xmlns:xsi="http://www.w3.org/2001/XMLSchema-instance" xsi:schemaLocation="urn:3gpp:metadata:2008:MBMS:receptionreport receptionReportingRequestRestricted.xsd">
  <g1:statisticalReport clientId="990034600072" serviceId="urn:wpst:test:16776210:1001:2001">
    <g1:qoeMetrics networkResourceCellId="240012AF1180F = 240012AF10856 240012AF10718 240012AF11003 240012AF10625 240012AF11003 240012AF1176A 240012AF118A8 240012AF10625 240012AF11003 240012AF1180F 240012AF10625 240012AF11003 240012AF10EB7 240012AF10856 240012AF118A8 240012AF10F05 240012AF111D0 240012AF10F05 240012AF10625 240012AF1180F 240012AF1176A 240012AF10EB7 240012AF10856 240012AF111D0 240012AF10856 240012AF10F05 240012AF10EB7 240012AF1176A 240012AF10F05 240012AF111D0 240012AF10718 240012AF1176A 240012AF111D0 240012AF11003 240012AF1176A 240012AF1180F 240012AF10625 240012AF10856 = 240012AF1180F 240012AF111D0 240012AF10718 240012AF10F05 240012AF118A8 240012AF11003 240012AF10718 = 240012AF10F05 240012AF10856 240012AF10625 240012AF11003 240012AF118A8 = 240012AF10718 240012AF11003 240012AF10856 240012AF10F05 240012AF111D0 240012AF118A8 240012AF1180F 240012AF10856 240012AF118A8 240012AF10EB7 240012AF10F05 240012AF1176A = 240012AF118A8 240012AF1176A 240012AF118A8 240012AF10EB7 = 240012AF1180F 240012AF10F05 = 240012AF1176A 240012AF111D0 240012AF10F05 240012AF1180F 240012AF118A8 240012AF11003 240012AF10856 240012AF11003 240012AF10856 = 240012AF11003 240012AF118A8 240012AF1180F 240012AF10625 240012AF1180F 240012AF10F05 240012AF10856 240012AF10625 240012AF10F05 = = 240012AF111D0 = 240012AF10625 240012AF10EB7 240012AF1180F 240012AF118A8 240012AF10F05 240012AF10718 240012AF10F05 240012AF10856 240012AF11003 240012AF118A8 240012AF11003 240012AF10EB7 240012AF118A8 240012AF10F05 240012AF10856 = 240012AF1176A 240012AF1180F 240012AF10EB7 240012AF1176A 240012AF10718" numberOfLostObjects="6 5 3 5 3 2 4 3 4 5 3 4 3 5 3 5 2 5 2 5 4 4 4 5 4 4 5 4 5 2 4 4 5 5 3 2 2 2 3 4 5 5 2 2 4 3 5 3 3 3 2 2 3 3 4 3 2 3 2 2 4 3 2 3 4 3 2 2 4 4 3 3 4 4 2 3 2 3 4 4 2 3 2 4 2 4 1 2 3 3 1 2 1 4 1 1 2 3 2 3 1 2 1 2 3 2 3 2 1 3 1 2 2 2 1 3 2 3 1 1" numberOfReceivedObjects="54 55 57 55 57 58 56 57 56 55 57 56 57 55 57 55 58 55 58 55 56 56 56 55 56 56 55 56 55 58 56 56 55 55 57 58 58 58 57 56 55 55 58 58 56 57 55 57 57 57 58 58 57 57 56 57 58 57 58 58 56 57 58 57 56 57 58 58 56 56 57 57 56 56 58 57 58 57 56 56 58 57 58 56 58 56 59 58 57 57 59 58 59 56 59 59 58 57 58 57 59 58 59 58 57 58 57 58 59 57 59 58 58 58 59 57 58 57 59 59" sessionStartTime="3628825149" sessionStopTime="3628832349"></g1:qoeMetrics>
  </g1:statisticalReport>
</g1:receptionReport>

--frontier--
]]></requestXML>
</ueReceptionReport>
