<ueReceptionReport>
  <arriveTime>2014-12-29T07:55:52.520+00:00</arriveTime>
  <requestURI>http://mbadp-ohcn01-e.myvzw.com:80/reportingService/test_bdc/16776210_1001_2001</requestURI>
  <sourceAddress>2001:4888:4:3ee0:b0:d::</sourceAddress>
  <userAgent><![CDATA[TestAgent]]></userAgent>
  <contentType><![CDATA[multipart/mixed; boundary=frontier]]></contentType>
  <requestXML><![CDATA[MIME-Version: 1.0
Content-Type: multipart/mixed; boundary=frontier

--frontier
Content-Type: text/xml

<g1:receptionReport xmlns="urn:3gpp:ns:metadata" xmlns:g1="urn:3gpp:metadata:2008:MBMS:receptionreport" xmlns:xsi="http://www.w3.org/2001/XMLSchema-instance" xsi:schemaLocation="urn:3gpp:metadata:2008:MBMS:receptionreport receptionReportingRequestRestricted.xsd">
  <g1:statisticalReport clientId="990034600031" serviceId="urn:wpst:test:16776210:1001:2001">
    <g1:qoeMetrics networkResourceCellId="240012AF0781D 240012AF08186 240012AF08318 240012AF08B2F 240012AF0781D 240012AF08089 = 240012AF078F9 240012AF08186 240012AF0781D = 240012AF07DF3 240012AF08089 240012AF0838C 240012AF078F9 240012AF08089 240012AF08B2F 240012AF076FF 240012AF08089 240012AF08318 = 240012AF08186 240012AF0838C 240012AF0841A 240012AF0838C 240012AF076FF 240012AF078F9 240012AF0841A = = 240012AF0838C 240012AF076FF 240012AF08186 240012AF08089 240012AF08B2F 240012AF0841A 240012AF08089 240012AF08B2F 240012AF0781D 240012AF08186" numberOfLostObjects="11 13 15 17 14 11 15 9 12 16 11 12 14 8 15 7 14 11 12 9 6 12 7 7 10 9 9 5 5 11 8 8 4 8 5 7 6 2 4 1" numberOfReceivedObjects="49 47 45 43 46 49 45 51 48 44 49 48 46 52 45 53 46 49 48 51 54 48 53 53 50 51 51 55 55 49 52 52 56 52 55 53 54 58 56 59" sessionStartTime="3628825149" sessionStopTime="3628827549"></g1:qoeMetrics>
  </g1:statisticalReport>
</g1:receptionReport>

--frontier--
]]></requestXML>
</ueReceptionReport>
<ueReceptionReport>
  <arriveTime>2014-12-29T08:36:28.520+00:00</arriveTime>
  <requestURI>http://mbadp-ohcn01-e.myvzw.com:80/reportingService/test_bdc/16776210_1001_2001</requestURI>
  <sourceAddress>2001:4888:4:3ee0:b0:d::</sourceAddress>
  <userAgent><![CDATA[TestAgent]]></userAgent>
  <contentType><![CDATA[multipart/mixed; boundary=frontier]]></contentType>
  <requestXML><![CDATA[MIME-Version: 1.0
Content-Type: multipart/mixed; boundary=frontier

--frontier
Content-Type: text/xml

<g1:receptionReport xmlns="urn:3gpp:ns:metadata" xmlns:g1="urn:3gpp:metadata:2008:MBMS:receptionreport" xmlns:xsi="http://www.w3.org/2001/XMLSchema-instance" xsi:schemaLocation="urn:3gpp:metadata:2008:MBMS:receptionreport receptionReportingRequestRestricted.xsd">
  <g1:statisticalReport clientId="990034600031" serviceId="urn:wpst:test:16776210:1001:2001">
    <g1:qoeMetrics networkResourceCellId="240012AF08318 240012AF08089 240012AF0838C 240012AF076FF 240012AF0838C 240012AF08B2F 240012AF0838C 240012AF0841A 240012AF08089 = 240012AF0841A 240012AF078F9 240012AF08B2F 240012AF078F9 240012AF08B2F 240012AF07DF3 240012AF0841A 240012AF08089 240012AF076FF 240012AF07DF3 240012AF0841A 240012AF078F9 240012AF08186 240012AF08089 240012AF0838C 240012AF08089 240012AF076FF 240012AF08318 240012AF07DF3 240012AF0781D 240012AF08089 240012AF08186 240012AF08318 240012AF0838C = 240012AF076FF 240012AF08318 240012AF078F9 240012AF076FF 240012AF0781D" numberOfLostObjects="18 11 11 17 15 13 13 8 14 12 10 8 9 12 8 15 14 12 7 8 12 11 12 9 8 11 9 7 5 11 6 6 8 5 6 6 3 6 4 0" numberOfReceivedObjects="42 49 49 43 45 47 47 52 46 48 50 52 51 48 52 45 46 48 53 52 48 49 48 51 52 49 51 53 55 49 54 54 52 55 54 54 57 54 56 60" sessionStartTime="3628827549" sessionStopTime="3628829949"></g1:qoeMetrics>
  </g1:statisticalReport>
</g1:receptionReport>

--frontier--
]]></requestXML>
</ueReceptionReport>
<ueReceptionReport>
  <arriveTime>2014-12-29T09:15:44.520+00:00</arriveTime>
  <requestURI>http://mbadp-ohcn01-e.myvzw.com:80/reportingService/test_bdc/16776210_1001_2001</requestURI>
  <sourceAddress>2001:4888:4:3ee0:b0:d::</sourceAddress>
  <userAgent><![CDATA[TestAgent]]></userAgent>
  <contentType><![CDATA[multipart/mixed; boundary=frontier]]></contentType>
  <requestXML><![CDATA[MIME-Version: 1.0
Content-Type: multipart/mixed; boundary=frontier

--frontier
Content-Type: text/xml

<g1:receptionReport xmlns="urn:3gpp:ns:metadata" xmlns:g1="urn:3gpp:metadata:2008:MBMS:receptionreport" xmlns:xsi="http://www.w3.org/2001/XMLSchema-instance" xsi:schemaLocation="urn:3gpp:metadata:2008:MBMS:receptionreport receptionReportingRequestRestricted.xsd">
  <g1:statisticalReport clientId="990034600032" serviceId="urn:wpst:test:16776210:1001:2001">
    <g1:qoeMetrics networkResourceCellId="240012AF08977 240012AF0832C 240012AF07E3E 240012AF08B0D 240012AF07B96 240012AF07FA9 = 240012AF086E8 240012AF07E3E 240012AF07A60 240012AF0832C 240012AF081D4 240012AF086E8 240012AF08B0D 240012AF07E3E 240012AF08977 240012AF07B96 240012AF081D4 240012AF07FA9 240012AF07E3E = 240012AF086E8 = 240012AF08977 240012AF07FA9 240012AF07581 240012AF07A60 240012AF07E3E = 240012AF0832C 240012AF07E3E 240012AF08977 240012AF07581 240012AF08B0D 240012AF08977 240012AF0832C 240012AF07FA9 240012AF07B96 240012AF081D4 240012AF08B0D 240012AF07581 240012AF08977 240012AF0832C = 240012AF07581 240012AF07FA9 240012AF086E8 240012AF0832C 240012AF08977 240012AF08B0D 240012AF081D4 240012AF0832C 240012AF07581 240012AF07A60 240012AF07E3E = 240012AF07FA9 240012AF07A60 240012AF07B96 240012AF08B0D = 240012AF086E8 240012AF08977 240012AF07581 240012AF086E8 240012AF08B0D = 240012AF07E3E 240012AF07A60 240012AF08B0D 240012AF081D4 240012AF08977 240012AF086E8 240012AF08977 240012AF086E8 240012AF081D4 240012AF07581 240012AF08977 240012AF0832C 240012AF081D4 240012AF08977 240012AF086E8 = 240012AF081D4 240012AF0832C 240012AF08977 240012AF08B0D 240012AF086E8 240012AF081D4 240012AF07E3E 240012AF07B96 240012AF0832C 240012AF07581 240012AF08977 240012AF07A60 240012AF0832C 240012AF08977 240012AF07E3E 240012AF07FA9 240012AF081D4 240012AF07E3E 240012AF0832C 240012AF086E8 240012AF08977 240012AF086E8 240012AF07FA9 240012AF07A60 240012AF0832C 240012AF07B96 240012AF08B0D 240012AF08977 240012AF07FA9 240012AF07B96 240012AF07FA9 240012AF08977 240012AF08B0D 240012AF086E8 240012AF08977 240012AF07B96 240012AF07E3E" numberOfLostObjects="4 2 6 2 4 2 2 4 5 4 2 3 4 2 5 4 2 4 3 4 3 3 2 3 3 4 5 2 3 5 5 4 5 4 5 3 4 5 2 4 3 2 5 5 2 4 3 2 2 4 4 3 5 4 5 3 3 4 3 3 2 4 4 2 3 3 3 2 3 2 4 4 2 4 2 2 3 2 2 4 2 3 4 4 4 3 2 2 3 4 3 4 3 3 3 1 1 2 3 3 2 3 2 3 3 1 1 2 3 1 2 2 2 1 1 2 2 0 2 0" numberOfReceivedObjects="56 58 54 58 56 58 58 56 55 56 58 57 56 58 55 56 58 56 57 56 57 57 58 57 57 56 55 58 57 55 55 56 55 56 55 57 56 55 58 56 57 58 55 55 58 56 57 58 58 56 56 57 55 56 55 57 57 56 57 57 58 56 56 58 57 57 57 58 57 58 56 56 58 56 58 58 57 58 58 56 58 57 56 56 56 57 58 58 57 56 57 56 57 57 57 59 59 58 57 57 58 57 58 57 57 59 59 58 57 59 58 58 58 59 59 58 58 60 58 60" sessionStartTime="3628825149" sessionStopTime="3628832349"></g1:qoeMetrics>
  </g1:statisticalReport>
</g1:receptionReport>

--frontier--
]]></requestXML>
</ueReceptionReport>
<ueReceptionReport>
  <arriveTime>2014-12-29T07:56:16.520+00:00</arriveTime>
  <requestURI>http://mbadp-ohcn01-e.myvzw.com:80/reportingService/test_bdc/16776210_1001_2001</requestURI>
  <sourceAddress>2001:4888:4:3ee0:b0:d::</sourceAddress>
  <userAgent><![CDATA[TestAgent]]></userAgent>
  <contentType><![CDATA[multipart/mixed; boundary=frontier]]></contentType>
  <requestXML><![CDATA[MIME-Version: 1.0
Content-Type: multipart/mixed; boundary=frontier

--frontier
Content-Type: text/xml

<g1:receptionReport xmlns="urn:3gpp:ns:metadata" xmlns:g1="urn:3gpp:metadata:2008:MBMS:receptionreport" xmlns:xsi="http://www.w3.org/2001/XMLSchema-instance" xsi:schemaLocation="urn:3gpp:metadata:2008:MBMS:receptionreport receptionReportingRequestRestricted.xsd">
  <g1:statisticalReport clientId="990034600033" serviceId="urn:wpst:test:16776210:1001:2001">
    <g1:qoeMetrics networkResourceCellId="240012AF08734 240012AF084BA 240012AF0754A 240012AF084BA 240012AF07DBB 240012AF08412 240012AF084BA = 240012AF07DBB 240012AF0754A 240012AF08412 240012AF07DBB 240012AF0796E 240012AF084BA 240012AF08412 240012AF0796E 240012AF084BA 240012AF07704 240012AF0760D 240012AF07A68 240012AF082DC = 240012AF08412 = = 240012AF084BA 240012AF0796E 240012AF084BA 240012AF082DC 240012AF07704 240012AF0754A 240012AF0760D 240012AF07A68 = = = 240012AF0796E 240012AF0754A 240012AF0796E 240012AF08734" numberOfLostObjects="14 12 15 17 14 17 17 14 16 12 12 13 13 11 11 7 6 9 9 13 11 10 6 8 10 7 10 8 9 5 6 6 4 8 6 3 4 4 1 2" numberOfReceivedObjects="46 48 45 43 46 43 43 46 44 48 48 47 47 49 49 53 54 51 51 47 49 50 54 52 50 53 50 52 51 55 54 54 56 52 54 57 56 56 59 58" sessionStartTime="3628825149" sessionStopTime="3628827549"></g1:qoeMetrics>
  </g1:statisticalReport>
</g1:receptionReport>

--frontier--
]]></requestXML>
</ueReceptionReport>
<ueReceptionReport>
  <arriveTime>2014-12-29T08:35:59.520+00:00</arriveTime>
  <requestURI>http://mbadp-ohcn01-e.myvzw.com:80/reportingService/test_bdc/16776210_1001_2001</requestURI>
  <sourceAddress>2001:4888:4:3ee0:b0:d::</sourceAddress>
  <userAgent><![CDATA[TestAgent]]></userAgent>
  <contentType><![CDATA[multipart/mixed; boundary=frontier]]></contentType>
  <requestXML><![CDATA[MIME-Version: 1.0
Content-Type: multipart/mixed; boundary=frontier

--frontier
Content-Type: text/xml

<g1:receptionReport xmlns="urn:3gpp:ns:metadata" xmlns:g1="urn:3gpp:metadata:2008:MBMS:receptionreport" xmlns:xsi="http://www.w3.org/2001/XMLSchema-instance" xsi:schemaLocation="urn:3gpp:metadata:2008:MBMS:receptionreport receptionReportingRequestRestricted.xsd">
  <g1:statisticalReport clientId="990034600033" serviceId="urn:wpst:test:16776210:1001:2001">
    <g1:qoeMetrics networkResourceCellId="240012AF084BA 240012AF08734 240012AF084BA 240012AF082DC = 240012AF0754A 240012AF08734 240012AF084BA 240012AF08734 240012AF08412 240012AF07DBB 240012AF0796E 240012AF07704 240012AF08734 240012AF08412 240012AF084BA 240012AF0796E 240012AF082DC 240012AF0754A 240012AF084BA 240012AF07DBB 240012AF0796E 240012AF07DBB 240012AF07A68 = 240012AF0796E 240012AF07DBB 240012AF0760D 240012AF0754A 240012AF082DC 240012AF07704 = = 240012AF07A68 240012AF0754A = 240012AF08412 240012AF084BA 240012AF07704 240012AF084BA" numberOfLostObjects="10 14 11 13 13 15 14 15 9 8 17 9 16 8 16 10 10 13 14 13 7 11 6 8 10 7 9 6 9 7 10 6 6 8 6 3 6 4 2 1" numberOfReceivedObjects="50 46 49 47 47 45 46 45 51 52 43 51 44 52 44 50 50 47 46 47 53 49 54 52 50 53 51 54 51 53 50 54 54 52 54 57 54 56 58 59" sessionStartTime="3628827549" sessionStopTime="3628829949"></g1:qoeMetrics>
  </g1:statisticalReport>
</g1:receptionReport>

--frontier--
]]></requestXML>
</ueReceptionReport>
<ueReceptionReport>
  <arriveTime>2014-12-29T09:15:56.520+00:00</arriveTime>
  <requestURI>http://mbadp-ohcn01-e.myvzw.com:80/reportingService/test_bdc/16776210_1001_2001</requestURI>
  <sourceAddress>2001:4888:4:3ee0:b0:d::</sourceAddress>
  <userAgent><![CDATA[TestAgent]]></userAgent>
  <contentType><![CDATA[multipart/mixed; boundary=frontier]]></contentType>
  <requestXML><![CDATA[MIME-Version: 1.0
Content-Type: multipart/mixed; boundary=frontier

--frontier
Content-Type: text/xml

<g1:receptionReport xmlns="urn:3gpp:ns:metadata" xmlns:g1="urn:3gpp:metadata:2008:MBMS:receptionreport" xmlns:xsi="http://www.w3.org/2001/XMLSchema-instance" xsi:schemaLocation="urn:3gpp:metadata:2008:MBMS:receptionreport receptionReportingRequestRestricted.xsd">
  <g1:statisticalReport clientId="990034600034" serviceId="urn:wpst:test:16776210:1001:2001">
    <g1:qoeMetrics networkResourceCellId="240012AF084F8 240012AF07967 240012AF08761 240012AF0849A 240012AF07EC8 240012AF08761 240012AF07FE5 240012AF07AC1 240012AF07FE5 240012AF084F8 240012AF07EC8 240012AF08335 240012AF08761 240012AF07823 240012AF07EC8 = 240012AF084F8 240012AF07967 240012AF08335 240012AF07FE5 240012AF084F8 240012AF07823 240012AF0849A 240012AF08761 240012AF08335 240012AF07967 240012AF084F8 = 240012AF07EC8 240012AF08761 240012AF07AC1 240012AF07967 = 240012AF07EC8 240012AF07AC1 240012AF084F8 240012AF07FE5 240012AF08335 240012AF08761 240012AF080FD 240012AF0849A 240012AF07FE5 240012AF080FD 240012AF08761 240012AF07967 240012AF07FE5 240012AF07EC8 240012AF07967 240012AF084F8 240012AF07AC1 = 240012AF08761 240012AF07FE5 240012AF084F8 240012AF08761 240012AF07FE5 240012AF07823 240012AF084F8 240012AF08335 240012AF084F8 = 240012AF0849A 240012AF07EC8 240012AF07967 240012AF07EC8 240012AF08335 240012AF07EC8 240012AF07AC1 240012AF07FE5 240012AF08335 240012AF07967 240012AF07EC8 240012AF07967 240012AF08335 240012AF07EC8 240012AF084F8 240012AF07967 240012AF08761 240012AF07EC8 = 240012AF080FD 240012AF07823 = 240012AF08761 240012AF08335 240012AF07823 240012AF0849A 240012AF080FD 240012AF08335 240012AF07823 240012AF07967 240012AF07FE5 = 240012AF084F8 240012AF07AC1 240012AF08761 240012AF07FE5 240012AF0849A 240012AF07AC1 240012AF080FD 240012AF07823 240012AF08335 240012AF0849A 240012AF08761 240012AF07EC8 = 240012AF084F8 240012AF08761 240012AF07EC8 240012AF07967 240012AF07EC8 240012AF0849A 240012AF07AC1 240012AF084F8 = 240012AF0849A 240012AF08335 240012AF084F8 240012AF080FD 240012AF07EC8" numberOfLostObjects="6 3 4 3 2 4 5 4 2 3 4 3 4 2 5 2 4 3 4 4 4 5 3 5 2 4 3 5 5 5 3 4 2 2 5 2 4 5 4 4 2 2 5 4 2 4 4 4 5 3 3 4 2 4 3 3 2 4 2 3 4 3 3 2 2 2 4 3 2 3 3 4 3 2 3 4 2 2 3 4 3 4 4 3 2 2 2 2 4 2 2 4 2 4 3 1 1 1 2 3 3 2 2 1 1 2 4 1 2 2 3 3 2 1 2 1 1 3 1 2" numberOfReceivedObjects="54 57 56 57 58 56 55 56 58 57 56 57 56 58 55 58 56 57 56 56 56 55 57 55 58 56 57 55 55 55 57 56 58 58 55 58 56 55 56 56 58 58 55 56 58 56 56 56 55 57 57 56 58 56 57 57 58 56 58 57 56 57 57 58 58 58 56 57 58 57 57 56 57 58 57 56 58 58 57 56 57 56 56 57 58 58 58 58 56 58 58 56 58 56 57 59 59 59 58 57 57 58 58 59 59 58 56 59 58 58 57 57 58 59 58 59 59 57 59 58" sessionStartTime="3628825149" sessionStopTime="3628832349"></g1:qoeMetrics>
  </g1:statisticalReport>
</g1:receptionReport>

--frontier--
]]></requestXML>
</ueReceptionReport>
<ueReceptionReport>
  <arriveTime>2014-12-29T09:15:39.520+00:00</arriveTime>
  <requestURI>http://mbadp-ohcn01-e.myvzw.com:80/reportingService/test_bdc/16776210_1001_2001</requestURI>
  <sourceAddress>2001:4888:4:3ee0:b0:d::</sourceAddress>
  <userAgent><![CDATA[TestAgent]]></userAgent>
  <contentType><![CDATA[multipart/mixed; boundary=frontier]]></contentType>
  <requestXML><![CDATA[MIME-Version: 1.0
Content-Type: multipart/mixed; boundary=frontier

--frontier
Content-Type: text/xml

<g1:receptionReport xmlns="urn:3gpp:ns:metadata" xmlns:g1="urn:3gpp:metadata:2008:MBMS:receptionreport" xmlns:xsi="http://www.w3.org/2001/XMLSchema-instance" xsi:schemaLocation="urn:3gpp:metadata:2008:MBMS:receptionreport receptionReportingRequestRestricted.xsd">
  <g1:statisticalReport clientId="990034600035" serviceId="urn:wpst:test:16776210:1001:2001">
    <g1:qoeMetrics networkResourceCellId="240012AF0856D 240012AF08478 = 240012AF085B2 240012AF089D3 240012AF08956 240012AF0856D 240012AF0891F 240012AF085B2 240012AF08478 240012AF08519 240012AF07DAF 240012AF085B2 240012AF089D3 240012AF075E0 240012AF08519 240012AF07AB7 = 240012AF085B2 240012AF0856D 240012AF08519 240012AF0891F 240012AF07DAF 240012AF08478 240012AF075E0 240012AF089D3 240012AF075E0 240012AF08519 = 240012AF085B2 240012AF08956 240012AF07AB7 240012AF0891F 240012AF0856D 240012AF07AB7 240012AF0891F = 240012AF07AB7 240012AF085B2 240012AF08956 240012AF08519 240012AF075E0 240012AF08956 240012AF075E0 240012AF0891F 240012AF07AB7 240012AF0856D 240012AF075E0 = 240012AF089D3 240012AF0891F 240012AF085B2 240012AF08519 = 240012AF08478 240012AF0856D 240012AF08519 240012AF07DAF 240012AF0891F 240012AF08956 240012AF089D3 240012AF085B2 240012AF089D3 240012AF0891F 240012AF0856D 240012AF08478 240012AF085B2 240012AF0891F 240012AF08519 240012AF085B2 240012AF08478 240012AF0856D 240012AF075E0 240012AF0856D 240012AF0891F 240012AF07AB7 240012AF08478 = 240012AF08956 240012AF089D3 240012AF08519 240012AF08478 240012AF089D3 = 240012AF0856D 240012AF08478 240012AF07DAF 240012AF07AB7 = 240012AF08519 240012AF089D3 240012AF08519 = 240012AF0856D 240012AF07DAF 240012AF08519 240012AF085B2 240012AF089D3 = 240012AF08519 240012AF07AB7 240012AF0891F 240012AF07AB7 240012AF0856D 240012AF08478 240012AF07DAF 240012AF089D3 240012AF08956 240012AF08478 240012AF07DAF 240012AF075E0 = 240012AF08478 240012AF07DAF 240012AF0891F 240012AF085B2 240012AF07AB7 240012AF0891F 240012AF08519 240012AF08478" numberOfLostObjects="6 2 5 5 2 4 2 4 5 2 5 2 4 4 2 4 2 3 3 4 3 4 5 3 3 4 5 2 2 2 5 5 2 4 4 2 3 5 4 2 5 3 3 3 5 3 5 5 5 2 3 2 5 3 3 2 5 2 3 5 3 4 2 2 2 4 2 2 4 2 3 2 2 4 4 4 2 3 4 4 2 3 3 2 4 2 4 4 4 2 4 1 3 1 1 3 3 2 3 3 3 1 3 3 1 3 3 1 1 3 2 1 2 2 2 1 2 1 1 0" numberOfReceivedObjects="54 58 55 55 58 56 58 56 55 58 55 58 56 56 58 56 58 57 57 56 57 56 55 57 57 56 55 58 58 58 55 55 58 56 56 58 57 55 56 58 55 57 57 57 55 57 55 55 55 58 57 58 55 57 57 58 55 58 57 55 57 56 58 58 58 56 58 58 56 58 57 58 58 56 56 56 58 57 56 56 58 57 57 58 56 58 56 56 56 58 56 59 57 59 59 57 57 58 57 57 57 59 57 57 59 57 57 59 59 57 58 59 58 58 58 59 58 59 59 60" sessionStartTime="3628825149" sessionStopTime="3628832349"></g1:qoeMetrics>
  </g1:statisticalReport>
</g1:receptionReport>

--frontier--
]]></requestXML>
</ueReceptionReport>
<ueReceptionReport>
  <arriveTime>2014-12-29T09:15:53.520+00:00</arriveTime>
  <requestURI>http://mbadp-ohcn01-e.myvzw.com:80/reportingService/test_bdc/16776210_1001_2001</requestURI>
  <sourceAddress>2001:4888:4:3ee0:b0:d::</sourceAddress>
  <userAgent><![CDATA[TestAgent]]></userAgent>
  <contentType><![CDATA[multipart/mixed; boundary=frontier]]></contentType>
  <requestXML><![CDATA[MIME-Version: 1.0
Content-Type: multipart/mixed; boundary=frontier

--frontier
Content-Type: text/xml

<g1:receptionReport xmlns="urn:3gpp:ns:metadata" xmlns:g1="urn:3gpp:metadata:2008:MBMS:receptionreport" xmlns:xsi="http://www.w3.org/2001/XMLSchema-instance" xsi:schemaLocation="urn:3gpp:metadata:2008:MBMS:receptionreport receptionReportingRequestRestricted.xsd">
  <g1:statisticalReport clientId="990034600036" serviceId="urn:wpst:test:16776210:1001:2001">
    <g1:qoeMetrics networkResourceCellId="240012AF08616 240012AF0788B 240012AF07A27 240012AF07F0E 240012AF0788B 240012AF08B44 = 240012AF07F0E 240012AF075A5 240012AF07FF2 240012AF080A8 240012AF07F0E 240012AF07E95 240012AF0788B = 240012AF07E95 = = = 240012AF080A8 240012AF0788B 240012AF075A5 240012AF07E95 240012AF07F0E = 240012AF07BA2 240012AF080A8 240012AF07E95 240012AF07BA2 240012AF08616 240012AF080A8 240012AF08616 240012AF0788B 240012AF08B44 240012AF0788B 240012AF08616 240012AF075A5 240012AF07FF2 240012AF07F0E 240012AF07BA2 240012AF080A8 240012AF07E95 240012AF080A8 240012AF08616 240012AF080A8 240012AF07E95 = 240012AF08616 240012AF0788B 240012AF07FF2 240012AF07BA2 240012AF08616 240012AF080A8 240012AF07A27 240012AF0788B 240012AF075A5 240012AF08616 240012AF07E95 240012AF08B44 240012AF08616 240012AF075A5 240012AF0788B 240012AF07FF2 240012AF07E95 240012AF08616 240012AF07A27 240012AF075A5 240012AF07A27 240012AF07E95 240012AF07A27 = 240012AF08616 240012AF07F0E 240012AF0788B 240012AF08616 240012AF07A27 = 240012AF07F0E 240012AF07E95 240012AF075A5 240012AF08616 240012AF07A27 240012AF080A8 240012AF07BA2 240012AF07E95 = 240012AF075A5 240012AF07F0E 240012AF07FF2 240012AF075A5 240012AF0788B 240012AF080A8 240012AF07A27 = 240012AF07FF2 240012AF075A5 240012AF080A8 = 240012AF07F0E 240012AF08B44 = 240012AF07FF2 240012AF07A27 240012AF07BA2 240012AF08616 240012AF07E95 240012AF07FF2 240012AF07E95 240012AF07A27 240012AF07F0E 240012AF08B44 240012AF07E95 240012AF08B44 240012AF07F0E 240012AF07A27 240012AF080A8 240012AF075A5 240012AF080A8 240012AF07E95 240012AF080A8" numberOfLostObjects="5 2 5 3 3 5 3 5 5 4 4 4 5 2 3 5 5 5 4 4 4 5 5 5 2 5 5 4 5 2 2 3 2 5 4 3 4 2 2 3 4 5 2 3 5 3 2 4 4 3 3 3 4 4 3 2 4 4 2 4 3 2 4 2 4 2 2 3 2 3 2 4 2 2 4 3 3 3 4 3 3 2 3 2 2 2 4 2 1 3 1 2 3 1 1 4 2 2 2 2 3 2 2 1 1 2 3 3 2 3 3 1 3 1 1 2 2 1 2 0" numberOfReceivedObjects="55 58 55 57 57 55 57 55 55 56 56 56 55 58 57 55 55 55 56 56 56 55 55 55 58 55 55 56 55 58 58 57 58 55 56 57 56 58 58 57 56 55 58 57 55 57 58 56 56 57 57 57 56 56 57 58 56 56 58 56 57 58 56 58 56 58 58 57 58 57 58 56 58 58 56 57 57 57 56 57 57 58 57 58 58 58 56 58 59 57 59 58 57 59 59 56 58 58 58 58 57 58 58 59 59 58 57 57 58 57 57 59 57 59 59 58 58 59 58 60" sessionStartTime="3628825149" sessionStopTime="3628832349"></g1:qoeMetrics>
  </g1:statisticalReport>
</g1:receptionReport>

--frontier--
]]></requestXML>
</ueReceptionReport>
