<ueReceptionReport>
  <arriveTime>2014-12-29T07:56:23.520+00:00</arriveTime>
  <requestURI>http://mbadp-ohcn01-e.myvzw.com:80/reportingService/test_bdc/16776210_1001_2001</requestURI>
  <sourceAddress>2001:4888:4:3ee0:b0:d::</sourceAddress>
  <userAgent><![CDATA[TestAgent]]></userAgent>
  <contentType><![CDATA[multipart/mixed; boundary=frontier]]></contentType>
  <requestXML><![CDATA[MIME-Version: 1.0
Content-Type: multipart/mixed; boundary=frontier

--frontier
Content-Type: text/xml

<g1:receptionReport xmlns="urn:3gpp:ns:metadata" xmlns:g1="urn:3gpp:metadata:2008:MBMS:receptionreport" xmlns:xsi="http://www.w3.org/2001/XMLSchema-instance" xsi:schemaLocation="urn:3gpp:metadata:2008:MBMS:receptionreport receptionReportingRequestRestricted.xsd">
  <g1:statisticalReport clientId="990034600043" serviceId="urn:wpst:test:16776210:1001:2001">
    <g1:qoeMetrics networkResourceCellId="240012AF0AF08 240012AF0B6B2 240012AF0B5B9 240012AF0B797 240012AF0A811 240012AF0B218 = = 240012AF0ADE7 240012AF0AF08 240012AF0B5B9 240012AF0ADE7 240012AF0B546 240012AF0ADE7 240012AF0AF08 240012AF0B546 240012AF0ADE7 240012AF0B797 240012AF0ADE7 240012AF0B5B9 240012AF0B797 240012AF0B5B9 240012AF0B09C 240012AF0ADE7 = 240012AF0B218 240012AF0ADE7 240012AF0A811 240012AF0B546 240012AF0ADE7 240012AF0A86C = = 240012AF0B09C 240012AF0A86C 240012AF0B218 240012AF0B797 240012AF0B5B9 240012AF0B797 240012AF0ADE7" numberOfLostObjects="14 15 16 17 8 8 15 10 8 17 10 8 11 15 14 7 11 11 13 11 8 8 9 6 13 7 7 9 12 6 10 6 8 9 5 6 6 4 1 1" numberOfReceivedObjects="46 45 44 43 52 52 45 50 52 43 50 52 49 45 46 53 49 49 47 49 52 52 51 54 47 53 53 51 48 54 50 54 52 51 55 54 54 56 59 59" sessionStartTime="3628825149" sessionStopTime="3628827549"></g1:qoeMetrics>
  </g1:statisticalReport>
</g1:receptionReport>

--frontier--
]]></requestXML>
</ueReceptionReport>
<ueReceptionReport>
  <arriveTime>2014-12-29T08:36:34.520+00:00</arriveTime>
  <requestURI>http://mbadp-ohcn01-e.myvzw.com:80/reportingService/test_bdc/16776210_1001_2001</requestURI>
  <sourceAddress>2001:4888:4:3ee0:b0:d::</sourceAddress>
  <userAgent><![CDATA[TestAgent]]></userAgent>
  <contentType><![CDATA[multipart/mixed; boundary=frontier]]></contentType>
  <requestXML><![CDATA[MIME-Version: 1.0
Content-Type: multipart/mixed; boundary=frontier

--frontier
Content-Type: text/xml

<g1:receptionReport xmlns="urn:3gpp:ns:metadata" xmlns:g1="urn:3gpp:metadata:2008:MBMS:receptionreport" xmlns:xsi="http://www.w3.org/2001/XMLSchema-instance" xsi:schemaLocation="urn:3gpp:metadata:2008:MBMS:receptionreport receptionReportingRequestRestricted.xsd">
  <g1:statisticalReport clientId="990034600043" serviceId="urn:wpst:test:16776210:1001:2001">
    <g1:qoeMetrics networkResourceCellId="240012AF0B797 240012AF0A86C 240012AF0A811 240012AF0B546 240012AF0B218 = 240012AF0ADE7 240012AF0B218 240012AF0B546 240012AF0B5B9 = 240012AF0ADE7 240012AF0B09C 240012AF0B797 240012AF0A811 240012AF0AF08 240012AF0B09C 240012AF0B5B9 240012AF0ADE7 240012AF0B5B9 240012AF0AF08 240012AF0A811 240012AF0B546 240012AF0B09C 240012AF0B797 240012AF0B218 240012AF0A811 240012AF0B6B2 240012AF0B218 240012AF0B546 240012AF0A811 240012AF0B218 240012AF0A86C 240012AF0B09C 240012AF0B218 = 240012AF0ADE7 240012AF0B09C 240012AF0B797 =" numberOfLostObjects="10 16 13 9 16 17 11 12 13 13 8 16 8 12 11 15 13 10 11 8 11 7 12 12 12 7 7 6 7 5 10 4 8 6 6 5 5 5 2 1" numberOfReceivedObjects="50 44 47 51 44 43 49 48 47 47 52 44 52 48 49 45 47 50 49 52 49 53 48 48 48 53 53 54 53 55 50 56 52 54 54 55 55 55 58 59" sessionStartTime="3628827549" sessionStopTime="3628829949"></g1:qoeMetrics>
  </g1:statisticalReport>
</g1:receptionReport>

--frontier--
]]></requestXML>
</ueReceptionReport>
<ueReceptionReport>
  <arriveTime>2014-12-29T07:56:32.520+00:00</arriveTime>
  <requestURI>http://mbadp-ohcn01-e.myvzw.com:80/reportingService/test_bdc/16776210_1001_2001</requestURI>
  <sourceAddress>2001:4888:4:3ee0:b0:d::</sourceAddress>
  <userAgent><![CDATA[TestAgent]]></userAgent>
  <contentType><![CDATA[multipart/mixed; boundary=frontier]]></contentType>
  <requestXML><![CDATA[MIME-Version: 1.0
Content-Type: multipart/mixed; boundary=frontier

--frontier
Content-Type: text/xml

<g1:receptionReport xmlns="urn:3gpp:ns:metadata" xmlns:g1="urn:3gpp:metadata:2008:MBMS:receptionreport" xmlns:xsi="http://www.w3.org/2001/XMLSchema-instance" xsi:schemaLocation="urn:3gpp:metadata:2008:MBMS:receptionreport receptionReportingRequestRestricted.xsd">
  <g1:statisticalReport clientId="990034600044" serviceId="urn:wpst:test:16776210:1001:2001">
    <g1:qoeMetrics networkResourceCellId="240012AF0B1AE 240012AF0B42C 240012AF0B543 240012AF0B42C 240012AF0AED3 240012AF0B543 240012AF0B19C = 240012AF0B977 240012AF0AAAB 240012AF0AED3 240012AF0B977 240012AF0B42C 240012AF0B19C 240012AF0B1AE 240012AF0B19F 240012AF0AAAB 240012AF0B1AE 240012AF0B19F 240012AF0B19C 240012AF0B543 240012AF0B19F 240012AF0B1AE = 240012AF0B19C 240012AF0B1AA 240012AF0AE2C 240012AF0B19F 240012AF0B1AE = = 240012AF0AED3 240012AF0B42C 240012AF0AE2C 240012AF0AED3 = 240012AF0B19C = 240012AF0B42C 240012AF0AED3" numberOfLostObjects="18 17 10 11 17 9 13 11 10 17 10 11 13 8 9 7 7 9 14 14 9 12 10 8 7 12 12 7 11 8 9 5 5 5 8 4 5 5 1 2" numberOfReceivedObjects="42 43 50 49 43 51 47 49 50 43 50 49 47 52 51 53 53 51 46 46 51 48 50 52 53 48 48 53 49 52 51 55 55 55 52 56 55 55 59 58" sessionStartTime="3628825149" sessionStopTime="3628827549"></g1:qoeMetrics>
  </g1:statisticalReport>
</g1:receptionReport>

--frontier--
]]></requestXML>
</ueReceptionReport>
<ueReceptionReport>
  <arriveTime>2014-12-29T08:35:56.520+00:00</arriveTime>
  <requestURI>http://mbadp-ohcn01-e.myvzw.com:80/reportingService/test_bdc/16776210_1001_2001</requestURI>
  <sourceAddress>2001:4888:4:3ee0:b0:d::</sourceAddress>
  <userAgent><![CDATA[TestAgent]]></userAgent>
  <contentType><![CDATA[multipart/mixed; boundary=frontier]]></contentType>
  <requestXML><![CDATA[MIME-Version: 1.0
Content-Type: multipart/mixed; boundary=frontier

--frontier
Content-Type: text/xml

<g1:receptionReport xmlns="urn:3gpp:ns:metadata" xmlns:g1="urn:3gpp:metadata:2008:MBMS:receptionreport" xmlns:xsi="http://www.w3.org/2001/XMLSchema-instance" xsi:schemaLocation="urn:3gpp:metadata:2008:MBMS:receptionreport receptionReportingRequestRestricted.xsd">
  <g1:statisticalReport clientId="990034600044" serviceId="urn:wpst:test:16776210:1001:2001">
    <g1:qoeMetrics networkResourceCellId="240012AF0B1AA = 240012AF0AE2C 240012AF0B1AE 240012AF0AAAB = 240012AF0B1AA = 240012AF0AED3 240012AF0B1AA 240012AF0B977 240012AF0AAAB 240012AF0B1AA 240012AF0B543 240012AF0AAAB 240012AF0B1AA = 240012AF0AE2C 240012AF0AAAB 240012AF0B19C 240012AF0AAAB 240012AF0B19C 240012AF0B977 240012AF0B1AA 240012AF0B543 240012AF0AED3 240012AF0B19F 240012AF0B1AA 240012AF0AAAB 240012AF0B543 240012AF0B1AA 240012AF0B977 240012AF0B1AE 240012AF0B19F 240012AF0B977 240012AF0AAAB 240012AF0B1AE = 240012AF0B543 240012AF0AED3" numberOfLostObjects="10 13 14 15 17 10 11 14 16 16 12 12 9 15 15 11 8 8 9 8 8 9 6 13 7 8 9 11 9 5 8 6 8 7 5 6 4 2 6 0" numberOfReceivedObjects="50 47 46 45 43 50 49 46 44 44 48 48 51 45 45 49 52 52 51 52 52 51 54 47 53 52 51 49 51 55 52 54 52 53 55 54 56 58 54 60" sessionStartTime="3628827549" sessionStopTime="3628829949"></g1:qoeMetrics>
  </g1:statisticalReport>
</g1:receptionReport>

--frontier--
]]></requestXML>
</ueReceptionReport>
<ueReceptionReport>
  <arriveTime>2014-12-29T07:56:16.520+00:00</arriveTime>
  <requestURI>http://mbadp-ohcn01-e.myvzw.com:80/reportingService/test_bdc/16776210_1001_2001</requestURI>
  <sourceAddress>2001:4888:4:3ee0:b0:d::</sourceAddress>
  <userAgent><![CDATA[TestAgent]]></userAgent>
  <contentType><![CDATA[multipart/mixed; boundary=frontier]]></contentType>
  <requestXML><![CDATA[MIME-Version: 1.0
Content-Type: multipart/mixed; boundary=frontier

--frontier
Content-Type: text/xml

<g1:receptionReport xmlns="urn:3gpp:ns:metadata" xmlns:g1="urn:3gpp:metadata:2008:MBMS:receptionreport" xmlns:xsi="http://www.w3.org/2001/XMLSchema-instance" xsi:schemaLocation="urn:3gpp:metadata:2008:MBMS:receptionreport receptionReportingRequestRestricted.xsd">
  <g1:statisticalReport clientId="990034600045" serviceId="urn:wpst:test:16776210:1001:2001">
    <g1:qoeMetrics networkResourceCellId="240012AF0B24C 240012AF0B0D4 240012AF0B81A 240012AF0AFC5 240012AF0AAA4 240012AF0B6A1 240012AF0AAA4 240012AF0B24C 240012AF0AEA1 240012AF0B81A 240012AF0B554 240012AF0AFC5 240012AF0B87E 240012AF0AEA1 240012AF0B87E 240012AF0B0D4 240012AF0B87E 240012AF0B7C0 240012AF0B6A1 240012AF0AFC5 240012AF0B7C0 240012AF0B24C 240012AF0AEA1 240012AF0B0D4 240012AF0AAA4 = 240012AF0B87E 240012AF0B554 240012AF0B7C0 240012AF0B0D4 240012AF0B24C 240012AF0AEA1 240012AF0B0D4 240012AF0AFC5 240012AF0B24C 240012AF0B87E 240012AF0B7C0 = = 240012AF0B24C" numberOfLostObjects="12 10 17 11 13 14 9 8 12 10 14 12 14 15 15 7 7 10 8 11 10 7 12 8 7 14 8 11 9 7 9 6 6 10 7 6 6 2 3 3" numberOfReceivedObjects="48 50 43 49 47 46 51 52 48 50 46 48 46 45 45 53 53 50 52 49 50 53 48 52 53 46 52 49 51 53 51 54 54 50 53 54 54 58 57 57" sessionStartTime="3628825149" sessionStopTime="3628827549"></g1:qoeMetrics>
  </g1:statisticalReport>
</g1:receptionReport>

--frontier--
]]></requestXML>
</ueReceptionReport>
<ueReceptionReport>
  <arriveTime>2014-12-29T08:36:27.520+00:00</arriveTime>
  <requestURI>http://mbadp-ohcn01-e.myvzw.com:80/reportingService/test_bdc/16776210_1001_2001</requestURI>
  <sourceAddress>2001:4888:4:3ee0:b0:d::</sourceAddress>
  <userAgent><![CDATA[TestAgent]]></userAgent>
  <contentType><![CDATA[multipart/mixed; boundary=frontier]]></contentType>
  <requestXML><![CDATA[MIME-Version: 1.0
Content-Type: multipart/mixed; boundary=frontier

--frontier
Content-Type: text/xml

<g1:receptionReport xmlns="urn:3gpp:ns:metadata" xmlns:g1="urn:3gpp:metadata:2008:MBMS:receptionreport" xmlns:xsi="http://www.w3.org/2001/XMLSchema-instance" xsi:schemaLocation="urn:3gpp:metadata:2008:MBMS:receptionreport receptionReportingRequestRestricted.xsd">
  <g1:statisticalReport clientId="990034600045" serviceId="urn:wpst:test:16776210:1001:2001">
    <g1:qoeMetrics networkResourceCellId="240012AF0B554 240012AF0B87E 240012AF0AAA4 240012AF0AEA1 240012AF0B7C0 240012AF0AEA1 = 240012AF0B24C 240012AF0B6A1 240012AF0B81A 240012AF0AEA1 240012AF0B7C0 240012AF0B6A1 240012AF0B24C 240012AF0B87E 240012AF0B554 240012AF0AAA4 240012AF0B0D4 = 240012AF0AEA1 240012AF0AAA4 240012AF0B6A1 240012AF0B24C 240012AF0B81A 240012AF0AAA4 240012AF0B81A 240012AF0B7C0 240012AF0AEA1 240012AF0B0D4 240012AF0B7C0 240012AF0AFC5 240012AF0B554 240012AF0B81A 240012AF0AFC5 240012AF0B87E 240012AF0AFC5 240012AF0B7C0 240012AF0B554 240012AF0B0D4 240012AF0B554" numberOfLostObjects="19 11 10 17 14 14 17 12 15 16 11 15 14 12 12 10 11 7 7 12 6 8 7 6 8 11 11 6 7 5 7 9 7 3 4 7 3 6 3 0" numberOfReceivedObjects="41 49 50 43 46 46 43 48 45 44 49 45 46 48 48 50 49 53 53 48 54 52 53 54 52 49 49 54 53 55 53 51 53 57 56 53 57 54 57 60" sessionStartTime="3628827549" sessionStopTime="3628829949"></g1:qoeMetrics>
  </g1:statisticalReport>
</g1:receptionReport>

--frontier--
]]></requestXML>
</ueReceptionReport>
<ueReceptionReport>
  <arriveTime>2014-12-29T09:16:25.520+00:00</arriveTime>
  <requestURI>http://mbadp-ohcn01-e.myvzw.com:80/reportingService/test_bdc/16776210_1001_2001</requestURI>
  <sourceAddress>2001:4888:4:3ee0:b0:d::</sourceAddress>
  <userAgent><![CDATA[TestAgent]]></userAgent>
  <contentType><![CDATA[multipart/mixed; boundary=frontier]]></contentType>
  <requestXML><![CDATA[MIME-Version: 1.0
Content-Type: multipart/mixed; boundary=frontier

--frontier
Content-Type: text/xml

<g1:receptionReport xmlns="urn:3gpp:ns:metadata" xmlns:g1="urn:3gpp:metadata:2008:MBMS:receptionreport" xmlns:xsi="http://www.w3.org/2001/XMLSchema-instance" xsi:schemaLocation="urn:3gpp:metadata:2008:MBMS:receptionreport receptionReportingRequestRestricted.xsd">
  <g1:statisticalReport clientId="990034600046" serviceId="urn:wpst:test:16776210:1001:2001">
    <g1:qoeMetrics networkResourceCellId="240012AF0AB38 240012AF0AD14 240012AF0AD29 240012AF0AE5E 240012AF0AD14 240012AF0A99D 240012AF0AE5E 240012AF0AD14 240012AF0AB60 240012AF0AB38 240012AF0AA57 240012AF0AB60 240012AF0AA57 240012AF0A99D 240012AF0AE5E 240012AF0A99D 240012AF0B3F9 240012AF0AA57 240012AF0A99D 240012AF0AB60 240012AF0AD14 240012AF0AE5E 240012AF0AD29 240012AF0A99D = 240012AF0AA57 240012AF0B3F9 = 240012AF0A99D 240012AF0A7C8 240012AF0AB60 240012AF0AE5E 240012AF0AD29 240012AF0AA57 240012AF0B486 240012AF0AE5E 240012AF0A7C8 240012AF0AD29 240012AF0A7C8 240012AF0AB38 240012AF0AA57 = 240012AF0AB60 = 240012AF0A7C8 = 240012AF0A99D 240012AF0A7C8 240012AF0AD14 240012AF0AB60 = 240012AF0AA57 240012AF0A7C8 240012AF0AD29 240012AF0A7C8 240012AF0AA57 240012AF0A7C8 = 240012AF0AD14 240012AF0A99D 240012AF0AB60 240012AF0AA57 240012AF0AD14 240012AF0AD29 240012AF0AB60 240012AF0B3F9 240012AF0AB60 = 240012AF0AD29 240012AF0AB60 240012AF0AB38 240012AF0A7C8 240012AF0B486 240012AF0AB38 240012AF0A7C8 240012AF0A99D 240012AF0AB38 240012AF0AA57 = 240012AF0AD29 240012AF0B486 = 240012AF0AE5E = 240012AF0B3F9 = 240012AF0AD29 240012AF0AE5E = = 240012AF0AA57 240012AF0B3F9 240012AF0AB38 240012AF0B486 240012AF0AD29 240012AF0AD14 240012AF0B486 240012AF0AD14 = 240012AF0A7C8 240012AF0AA57 240012AF0AD29 240012AF0B3F9 240012AF0AB60 240012AF0A99D 240012AF0A7C8 240012AF0AE5E 240012AF0B3F9 240012AF0A99D 240012AF0AD29 240012AF0AB38 = 240012AF0B3F9 240012AF0AB60 = 240012AF0B3F9 = 240012AF0AD29 240012AF0A99D 240012AF0AE5E" numberOfLostObjects="5 2 3 2 3 6 2 3 3 4 4 3 3 3 5 4 2 4 4 4 5 3 3 3 5 4 3 3 3 3 5 2 3 2 2 3 5 2 4 2 4 3 3 5 4 2 4 4 4 2 2 4 4 4 5 3 2 3 5 3 4 4 3 5 4 4 3 2 2 4 4 2 3 2 4 2 3 2 2 4 3 2 3 4 2 4 4 2 2 3 4 4 4 2 3 1 1 3 2 3 2 2 1 1 2 3 1 1 2 3 3 1 2 2 1 4 3 1 2 0" numberOfReceivedObjects="55 58 57 58 57 54 58 57 57 56 56 57 57 57 55 56 58 56 56 56 55 57 57 57 55 56 57 57 57 57 55 58 57 58 58 57 55 58 56 58 56 57 57 55 56 58 56 56 56 58 58 56 56 56 55 57 58 57 55 57 56 56 57 55 56 56 57 58 58 56 56 58 57 58 56 58 57 58 58 56 57 58 57 56 58 56 56 58 58 57 56 56 56 58 57 59 59 57 58 57 58 58 59 59 58 57 59 59 58 57 57 59 58 58 59 56 57 59 58 60" sessionStartTime="3628825149" sessionStopTime="3628832349"></g1:qoeMetrics>
  </g1:statisticalReport>
</g1:receptionReport>

--frontier--
]]></requestXML>
</ueReceptionReport>
<ueReceptionReport>
  <arriveTime>2014-12-29T09:16:25.520+00:00</arriveTime>
  <requestURI>http://mbadp-ohcn01-e.myvzw.com:80/reportingService/test_bdc/16776210_1001_2001</requestURI>
  <sourceAddress>2001:4888:4:3ee0:b0:d::</sourceAddress>
  <userAgent><![CDATA[TestAgent]]></userAgent>
  <contentType><![CDATA[multipart/mixed; boundary=frontier]]></contentType>
  <requestXML><![CDATA[MIME-Version: 1.0
Content-Type: multipart/mixed; boundary=frontier

--frontier
Content-Type: text/xml

<g1:receptionReport xmlns="urn:3gpp:ns:metadata" xmlns:g1="urn:3gpp:metadata:2008:MBMS:receptionreport" xmlns:xsi="http://www.w3.org/2001/XMLSchema-instance" xsi:schemaLocation="urn:3gpp:metadata:2008:MBMS:receptionreport receptionReportingRequestRestricted.xsd">
  <g1:statisticalReport clientId="990034600047" serviceId="urn:wpst:test:16776210:1001:2001">
    <g1:qoeMetrics networkResourceCellId="240012AF0B14C 240012AF0AEA7 240012AF0B1AA 240012AF0AAB7 240012AF0B294 240012AF0A856 240012AF0AEA7 240012AF0B5FD 240012AF0B1AA 240012AF0A52C 240012AF0BB09 240012AF0A856 240012AF0AEA7 240012AF0B5FD 240012AF0BB09 240012AF0AEA7 240012AF0AAB7 240012AF0A856 240012AF0AAB7 240012AF0B294 = 240012AF0AEA7 240012AF0A856 240012AF0B6D2 240012AF0B294 240012AF0B5FD 240012AF0AAB7 240012AF0AEA7 240012AF0B1AA 240012AF0B5FD 240012AF0A52C 240012AF0AAB7 240012AF0AEA7 240012AF0A52C 240012AF0B14C 240012AF0B5FD 240012AF0BB09 240012AF0A856 240012AF0AEA7 240012AF0B1AA 240012AF0BB09 240012AF0B5FD 240012AF0B294 240012AF0AEA7 = 240012AF0B6D2 240012AF0B14C 240012AF0A856 240012AF0B14C 240012AF0A52C 240012AF0B14C 240012AF0B6D2 = = 240012AF0A52C 240012AF0AAB7 240012AF0A856 240012AF0B294 240012AF0B6D2 240012AF0B294 240012AF0B14C 240012AF0BB09 240012AF0A856 240012AF0B5FD 240012AF0B294 240012AF0B6D2 240012AF0AEA7 240012AF0B294 = 240012AF0BB09 240012AF0B294 = 240012AF0B5FD = 240012AF0BB09 240012AF0AEA7 240012AF0B294 240012AF0B14C 240012AF0AAB7 240012AF0B6D2 240012AF0A856 240012AF0BB09 240012AF0AEA7 240012AF0B14C 240012AF0B1AA = 240012AF0B294 = 240012AF0A52C 240012AF0AAB7 240012AF0B5FD 240012AF0A856 240012AF0AAB7 240012AF0AEA7 240012AF0A52C 240012AF0AEA7 240012AF0A52C 240012AF0B6D2 240012AF0AAB7 240012AF0A856 240012AF0B1AA 240012AF0B294 240012AF0B14C 240012AF0B6D2 240012AF0A52C 240012AF0B294 240012AF0BB09 240012AF0A856 240012AF0B6D2 240012AF0B14C 240012AF0B294 240012AF0B14C 240012AF0AEA7 240012AF0B5FD 240012AF0A52C = 240012AF0B5FD 240012AF0A856 240012AF0B6D2 240012AF0AAB7" numberOfLostObjects="5 3 2 2 4 4 2 3 4 4 2 3 3 3 5 3 4 5 2 4 4 5 3 4 2 4 3 5 3 5 5 2 2 5 2 3 4 2 4 2 4 4 3 5 2 2 2 4 5 2 3 4 5 4 2 5 2 3 5 4 2 4 4 2 3 4 3 3 4 2 4 3 2 3 2 3 2 2 4 4 3 3 3 3 3 4 3 2 3 3 2 4 3 3 3 3 3 3 2 3 1 1 2 1 1 3 2 1 3 3 1 3 2 1 2 3 2 1 1 1" numberOfReceivedObjects="55 57 58 58 56 56 58 57 56 56 58 57 57 57 55 57 56 55 58 56 56 55 57 56 58 56 57 55 57 55 55 58 58 55 58 57 56 58 56 58 56 56 57 55 58 58 58 56 55 58 57 56 55 56 58 55 58 57 55 56 58 56 56 58 57 56 57 57 56 58 56 57 58 57 58 57 58 58 56 56 57 57 57 57 57 56 57 58 57 57 58 56 57 57 57 57 57 57 58 57 59 59 58 59 59 57 58 59 57 57 59 57 58 59 58 57 58 59 59 59" sessionStartTime="3628825149" sessionStopTime="3628832349"></g1:qoeMetrics>
  </g1:statisticalReport>
</g1:receptionReport>

--frontier--
]]></requestXML>
</ueReceptionReport>
<ueReceptionReport>
  <arriveTime>2014-12-29T09:16:22.520+00:00</arriveTime>
  <requestURI>http://mbadp-ohcn01-e.myvzw.com:80/reportingService/test_bdc/16776210_1001_2001</requestURI>
  <sourceAddress>2001:4888:4:3ee0:b0:d::</sourceAddress>
  <userAgent><![CDATA[TestAgent]]></userAgent>
  <contentType><![CDATA[multipart/mixed; boundary=frontier]]></contentType>
  <requestXML><![CDATA[MIME-Version: 1.0
Content-Type: multipart/mixed; boundary=frontier

--frontier
Content-Type: text/xml

<g1:receptionReport xmlns="urn:3gpp:ns:metadata" xmlns:g1="urn:3gpp:metadata:2008:MBMS:receptionreport" xmlns:xsi="http://www.w3.org/2001/XMLSchema-instance" xsi:schemaLocation="urn:3gpp:metadata:2008:MBMS:receptionreport receptionReportingRequestRestricted.xsd">
  <g1:statisticalReport clientId="990034600048" serviceId="urn:wpst:test:16776210:1001:2001">
    <g1:qoeMetrics networkResourceCellId="240012AF0B3EF 240012AF0A63C 240012AF0AED3 = 240012AF0B9F8 240012AF0B478 240012AF0A63C = 240012AF0B9F8 240012AF0B75A 240012AF0B478 240012AF0B9F8 240012AF0AD3E 240012AF0A93F 240012AF0AED3 240012AF0A93F 240012AF0AED3 240012AF0AD3E 240012AF0B11F 240012AF0AED3 240012AF0A93F 240012AF0B478 240012AF0AD3E 240012AF0A93F 240012AF0B75A 240012AF0AED3 240012AF0B3EF 240012AF0B75A 240012AF0A93F 240012AF0A9F9 240012AF0AED3 240012AF0A9F9 240012AF0A93F 240012AF0B9F8 240012AF0B478 240012AF0B75A 240012AF0AED3 240012AF0B75A 240012AF0B11F 240012AF0B9F8 = = 240012AF0AD3E 240012AF0A9F9 240012AF0B75A 240012AF0B478 240012AF0AD3E 240012AF0A63C 240012AF0B75A 240012AF0A93F 240012AF0A9F9 240012AF0A93F 240012AF0B3EF 240012AF0B75A 240012AF0B478 = 240012AF0AED3 240012AF0B478 240012AF0A93F = 240012AF0A63C 240012AF0B75A 240012AF0B478 240012AF0B9F8 240012AF0AD3E = = 240012AF0A9F9 = 240012AF0A93F 240012AF0B3EF = 240012AF0B75A 240012AF0AD3E 240012AF0B11F 240012AF0B9F8 240012AF0B75A 240012AF0A93F 240012AF0B478 240012AF0B9F8 240012AF0B75A 240012AF0B9F8 240012AF0A63C 240012AF0A93F 240012AF0B9F8 = 240012AF0A9F9 240012AF0AD3E 240012AF0AED3 240012AF0B478 240012AF0B11F 240012AF0AD3E 240012AF0B3EF 240012AF0B9F8 240012AF0B478 240012AF0AD3E 240012AF0B3EF 240012AF0AED3 240012AF0B75A 240012AF0AD3E 240012AF0AED3 240012AF0B75A 240012AF0AD3E 240012AF0A63C 240012AF0B11F 240012AF0A93F 240012AF0B11F 240012AF0B478 240012AF0B75A 240012AF0AD3E 240012AF0A93F 240012AF0AED3 240012AF0A9F9 240012AF0AD3E 240012AF0B75A 240012AF0B478 240012AF0B11F 240012AF0B3EF 240012AF0A63C 240012AF0B3EF" numberOfLostObjects="6 2 3 5 2 2 4 2 5 4 2 4 3 2 5 2 2 2 5 4 3 4 3 3 4 3 4 3 5 5 4 5 5 5 4 5 5 2 5 4 5 5 3 2 2 2 2 2 3 5 4 4 3 2 5 5 3 2 2 2 3 2 2 3 4 4 2 3 2 2 3 2 3 4 2 4 4 3 3 4 4 4 4 4 3 2 3 2 2 3 2 3 3 2 1 1 4 2 2 3 2 2 3 1 2 1 1 2 2 3 2 2 2 1 1 2 3 3 1 1" numberOfReceivedObjects="54 58 57 55 58 58 56 58 55 56 58 56 57 58 55 58 58 58 55 56 57 56 57 57 56 57 56 57 55 55 56 55 55 55 56 55 55 58 55 56 55 55 57 58 58 58 58 58 57 55 56 56 57 58 55 55 57 58 58 58 57 58 58 57 56 56 58 57 58 58 57 58 57 56 58 56 56 57 57 56 56 56 56 56 57 58 57 58 58 57 58 57 57 58 59 59 56 58 58 57 58 58 57 59 58 59 59 58 58 57 58 58 58 59 59 58 57 57 59 59" sessionStartTime="3628825149" sessionStopTime="3628832349"></g1:qoeMetrics>
  </g1:statisticalReport>
</g1:receptionReport>

--frontier--
]]></requestXML>
</ueReceptionReport>
