<ueReceptionReport>
  <arriveTime>2014-12-29T09:16:27.520+00:00</arriveTime>
  <requestURI>http://mbadp-ohcn01-e.myvzw.com:80/reportingService/test_bdc/16776210_1001_2001</requestURI>
  <sourceAddress>2001:4888:4:3ee0:b0:d::</sourceAddress>
  <userAgent><![CDATA[TestAgent]]></userAgent>
  <contentType><![CDATA[multipart/mixed; boundary=frontier]]></contentType>
  <requestXML><![CDATA[MIME-Version: 1.0
Content-Type: multipart/mixed; boundary=frontier

--frontier
Content-Type: text/xml

<g1:receptionReport xmlns="urn:3gpp:ns:metadata" xmlns:g1="urn:3gpp:metadata:2008:MBMS:receptionreport" xmlns:xsi="http://www.w3.org/2001/XMLSchema-instance" xsi:schemaLocation="urn:3gpp:metadata:2008:MBMS:receptionreport receptionReportingRequestRestricted.xsd">
  <g1:statisticalReport clientId="990034600001" serviceId="urn:wpst:test:16776210:1001:2001">
    <g1:qoeMetrics networkResourceCellId="240012AF01263 240012AF00021 240012AF002FC 240012AF01263 240012AF00AEB 240012AF0043B 240012AF0112F 240012AF00AEB 240012AF012DF 240012AF0043B 240012AF01063 240012AF00021 = 240012AF01063 240012AF00AEB 240012AF002FC 240012AF01263 = 240012AF00021 240012AF01063 240012AF0043B 240012AF01063 240012AF0043B 240012AF01063 240012AF012DF 240012AF00021 = 240012AF01263 = 240012AF0112F = 240012AF01263 = 240012AF00AEB 240012AF012DF 240012AF00AEB 240012AF0112F 240012AF01063 240012AF002FC 240012AF01063 240012AF002FC 240012AF00AEB 240012AF012DF 240012AF00BD6 240012AF000AF 240012AF00021 240012AF01063 240012AF01263 240012AF01063 240012AF0043B 240012AF01063 240012AF012DF 240012AF00BD6 240012AF00AEB 240012AF00BD6 240012AF000AF 240012AF002FC 240012AF00AEB 240012AF00021 240012AF000AF 240012AF00BD6 240012AF0112F = 240012AF00AEB = 240012AF012DF = 240012AF00AEB = 240012AF0112F 240012AF000AF 240012AF0043B 240012AF00AEB 240012AF0043B 240012AF0112F 240012AF00AEB 240012AF012DF 240012AF01263 240012AF0112F 240012AF002FC 240012AF0043B 240012AF01063 240012AF0112F = 240012AF000AF 240012AF002FC 240012AF000AF 240012AF012DF 240012AF01063 240012AF000AF 240012AF01263 240012AF000AF = 240012AF01263 240012AF00BD6 240012AF012DF 240012AF002FC 240012AF00021 = 240012AF0043B 240012AF00021 240012AF0112F 240012AF00BD6 240012AF000AF 240012AF01063 240012AF00BD6 240012AF002FC 240012AF00AEB = 240012AF012DF 240012AF01063 = 240012AF002FC 240012AF0043B 240012AF00021 240012AF0043B 240012AF000AF = = 240012AF01263" numberOfLostObjects="5 4 3 3 4 3 4 4 4 3 4 3 3 4 3 2 4 2 5 5 2 4 4 3 4 5 5 5 2 5 3 4 3 5 5 5 2 3 3 5 4 5 2 2 3 3 2 2 4 5 5 4 4 2 3 4 4 2 2 3 2 2 3 4 2 3 2 4 4 2 2 3 3 2 2 3 3 3 2 3 3 4 3 2 2 4 2 2 2 2 4 3 3 2 3 3 4 3 1 3 1 2 2 3 3 2 1 2 1 2 1 3 1 2 3 3 1 1 3 0" numberOfReceivedObjects="55 56 57 57 56 57 56 56 56 57 56 57 57 56 57 58 56 58 55 55 58 56 56 57 56 55 55 55 58 55 57 56 57 55 55 55 58 57 57 55 56 55 58 58 57 57 58 58 56 55 55 56 56 58 57 56 56 58 58 57 58 58 57 56 58 57 58 56 56 58 58 57 57 58 58 57 57 57 58 57 57 56 57 58 58 56 58 58 58 58 56 57 57 58 57 57 56 57 59 57 59 58 58 57 57 58 59 58 59 58 59 57 59 58 57 57 59 59 57 60" sessionStartTime="3628825149" sessionStopTime="3628832349"></g1:qoeMetrics>
  </g1:statisticalReport>
</g1:receptionReport>

--frontier--
]]></requestXML>
</ueReceptionReport>
<ueReceptionReport>
  <arriveTime>2014-12-29T09:16:18.520+00:00</arriveTime>
  <requestURI>http://mbadp-ohcn01-e.myvzw.com:80/reportingService/test_bdc/16776210_1001_2001</requestURI>
  <sourceAddress>2001:4888:4:3ee0:b0:d::</sourceAddress>
  <userAgent><![CDATA[TestAgent]]></userAgent>
  <contentType><![CDATA[multipart/mixed; boundary=frontier]]></contentType>
  <requestXML><![CDATA[MIME-Version: 1.0
Content-Type: multipart/mixed; boundary=frontier

--frontier
Content-Type: text/xml

<g1:receptionReport xmlns="urn:3gpp:ns:metadata" xmlns:g1="urn:3gpp:metadata:2008:MBMS:receptionreport" xmlns:xsi="http://www.w3.org/2001/XMLSchema-instance" xsi:schemaLocation="urn:3gpp:metadata:2008:MBMS:receptionreport receptionReportingRequestRestricted.xsd">
  <g1:statisticalReport clientId="990034600002" serviceId="urn:wpst:test:16776210:1001:2001">
    <g1:qoeMetrics networkResourceCellId="240012AF002B6 240012AF01064 240012AF004DA 240012AF0023B 240012AF01064 240012AF01501 240012AF004DA 240012AF0023B 240012AF004DA 240012AF002B6 240012AF00513 = 240012AF01501 240012AF01064 240012AF01501 240012AF00227 240012AF00513 240012AF0023B 240012AF01064 240012AF0023B 240012AF01501 = 240012AF007F3 240012AF01501 240012AF00513 240012AF007F3 240012AF01501 240012AF00227 240012AF002B6 240012AF00859 240012AF00513 240012AF004DA 240012AF0023B 240012AF00513 240012AF0027E 240012AF00859 240012AF007F3 240012AF0023B 240012AF004DA 240012AF002B6 240012AF0027E 240012AF00859 240012AF00227 240012AF0027E 240012AF01501 240012AF00513 240012AF00859 240012AF00513 240012AF007F3 240012AF01501 240012AF007F3 240012AF004DA 240012AF00227 240012AF01064 240012AF01501 240012AF002B6 240012AF00227 240012AF0023B 240012AF01064 240012AF00227 240012AF01501 240012AF004DA 240012AF0023B 240012AF00227 240012AF00859 240012AF00513 240012AF0027E 240012AF00513 240012AF002B6 240012AF0023B 240012AF00227 240012AF0027E 240012AF002B6 = 240012AF0023B 240012AF002B6 240012AF00227 240012AF004DA 240012AF00513 240012AF00227 240012AF0027E 240012AF0023B = 240012AF00859 240012AF002B6 240012AF01064 240012AF007F3 240012AF00227 240012AF007F3 240012AF0027E 240012AF007F3 240012AF004DA 240012AF0023B 240012AF0027E 240012AF0023B 240012AF004DA = 240012AF01064 240012AF00859 240012AF007F3 240012AF00859 240012AF01501 240012AF002B6 240012AF007F3 240012AF002B6 240012AF0023B 240012AF00513 240012AF01064 240012AF00227 = 240012AF007F3 = = 240012AF0027E 240012AF00227 240012AF00859 = 240012AF01501 240012AF0027E 240012AF00513" numberOfLostObjects="6 4 4 2 4 3 3 3 5 5 2 5 5 2 4 2 4 4 4 4 3 5 5 4 4 2 4 2 3 2 3 2 4 2 2 2 3 3 3 2 3 3 5 2 3 4 2 2 2 4 4 3 3 3 5 2 3 4 2 4 4 4 5 2 4 5 3 5 3 4 4 3 2 4 3 4 2 2 3 2 4 2 4 2 3 2 3 3 3 3 3 4 3 2 2 2 2 3 4 3 3 3 2 3 1 1 2 1 1 2 3 2 2 3 1 1 3 2 0 1" numberOfReceivedObjects="54 56 56 58 56 57 57 57 55 55 58 55 55 58 56 58 56 56 56 56 57 55 55 56 56 58 56 58 57 58 57 58 56 58 58 58 57 57 57 58 57 57 55 58 57 56 58 58 58 56 56 57 57 57 55 58 57 56 58 56 56 56 55 58 56 55 57 55 57 56 56 57 58 56 57 56 58 58 57 58 56 58 56 58 57 58 57 57 57 57 57 56 57 58 58 58 58 57 56 57 57 57 58 57 59 59 58 59 59 58 57 58 58 57 59 59 57 58 60 59" sessionStartTime="3628825149" sessionStopTime="3628832349"></g1:qoeMetrics>
  </g1:statisticalReport>
</g1:receptionReport>

--frontier--
]]></requestXML>
</ueReceptionReport>
<ueReceptionReport>
  <arriveTime>2014-12-29T09:16:18.520+00:00</arriveTime>
  <requestURI>http://mbadp-ohcn01-e.myvzw.com:80/reportingService/test_bdc/16776210_1001_2001</requestURI>
  <sourceAddress>2001:4888:4:3ee0:b0:d::</sourceAddress>
  <userAgent><![CDATA[TestAgent]]></userAgent>
  <contentType><![CDATA[multipart/mixed; boundary=frontier]]></contentType>
  <requestXML><![CDATA[MIME-Version: 1.0
Content-Type: multipart/mixed; boundary=frontier

--frontier
Content-Type: text/xml

<g1:receptionReport xmlns="urn:3gpp:ns:metadata" xmlns:g1="urn:3gpp:metadata:2008:MBMS:receptionreport" xmlns:xsi="http://www.w3.org/2001/XMLSchema-instance" xsi:schemaLocation="urn:3gpp:metadata:2008:MBMS:receptionreport receptionReportingRequestRestricted.xsd">
  <g1:statisticalReport clientId="990034600003" serviceId="urn:wpst:test:16776210:1001:2001">
    <g1:qoeMetrics networkResourceCellId="240012AF011AE 240012AF0068D = 240012AF013D6 240012AF00749 240012AF011AE 240012AF013D6 240012AF011AE 240012AF00749 240012AF0068D = = 240012AF013D6 240012AF003B8 240012AF013C9 240012AF0068D 240012AF003B8 240012AF00A2B 240012AF011AE 240012AF0068D 240012AF013D6 240012AF013C9 240012AF00A2B = = = 240012AF00749 240012AF013D6 240012AF00FD1 240012AF00A2B 240012AF00749 240012AF013C9 240012AF00C22 240012AF00749 240012AF00A2B 240012AF00749 240012AF001A8 240012AF00C22 240012AF00FD1 240012AF00C22 240012AF0068D 240012AF001A8 240012AF011AE 240012AF003B8 240012AF0068D 240012AF00C22 240012AF013D6 240012AF00749 240012AF00A2B 240012AF00749 = 240012AF00C22 240012AF013D6 240012AF011AE 240012AF00A2B 240012AF011AE 240012AF00C22 240012AF00749 240012AF003B8 240012AF00FD1 240012AF003B8 240012AF00A2B 240012AF011AE = 240012AF003B8 240012AF0068D 240012AF00749 240012AF00A2B 240012AF0068D = 240012AF00C22 = 240012AF001A8 240012AF011AE = 240012AF013C9 240012AF00C22 240012AF00FD1 240012AF011AE 240012AF001A8 240012AF00A2B 240012AF00749 240012AF001A8 240012AF0068D 240012AF001A8 240012AF00749 240012AF0068D 240012AF00749 240012AF00C22 240012AF00749 240012AF0068D 240012AF011AE 240012AF013D6 240012AF0068D 240012AF011AE 240012AF001A8 240012AF011AE 240012AF001A8 240012AF00749 240012AF0068D 240012AF001A8 240012AF00749 240012AF00A2B 240012AF003B8 240012AF00749 240012AF011AE 240012AF00C22 240012AF013D6 240012AF00FD1 240012AF00C22 240012AF013C9 240012AF00749 = = 240012AF003B8 240012AF0068D 240012AF013C9 240012AF00FD1 = =" numberOfLostObjects="4 2 5 4 5 2 2 2 4 3 3 3 2 5 3 5 5 3 2 5 4 4 2 3 5 3 4 4 3 3 2 4 3 5 3 2 5 3 2 3 4 4 4 4 3 5 3 2 3 3 5 5 5 5 2 4 2 5 2 3 2 3 2 3 2 3 3 5 3 2 2 3 2 2 2 4 2 2 2 2 2 2 5 4 2 4 4 2 2 4 2 4 2 2 2 3 4 4 3 3 4 2 3 1 1 3 3 2 3 1 3 3 2 2 1 1 1 1 3 0" numberOfReceivedObjects="56 58 55 56 55 58 58 58 56 57 57 57 58 55 57 55 55 57 58 55 56 56 58 57 55 57 56 56 57 57 58 56 57 55 57 58 55 57 58 57 56 56 56 56 57 55 57 58 57 57 55 55 55 55 58 56 58 55 58 57 58 57 58 57 58 57 57 55 57 58 58 57 58 58 58 56 58 58 58 58 58 58 55 56 58 56 56 58 58 56 58 56 58 58 58 57 56 56 57 57 56 58 57 59 59 57 57 58 57 59 57 57 58 58 59 59 59 59 57 60" sessionStartTime="3628825149" sessionStopTime="3628832349"></g1:qoeMetrics>
  </g1:statisticalReport>
</g1:receptionReport>

--frontier--
]]></requestXML>
</ueReceptionReport>
<ueReceptionReport>
  <arriveTime>2014-12-29T07:56:28.520+00:00</arriveTime>
  <requestURI>http://mbadp-ohcn01-e.myvzw.com:80/reportingService/test_bdc/16776210_1001_2001</requestURI>
  <sourceAddress>2001:4888:4:3ee0:b0:d::</sourceAddress>
  <userAgent><![CDATA[TestAgent]]></userAgent>
  <contentType><![CDATA[multipart/mixed; boundary=frontier]]></contentType>
  <requestXML><![CDATA[MIME-Version: 1.0
Content-Type: multipart/mixed; boundary=frontier

--frontier
Content-Type: text/xml

<g1:receptionReport xmlns="urn:3gpp:ns:metadata" xmlns:g1="urn:3gpp:metadata:2008:MBMS:receptionreport" xmlns:xsi="http://www.w3.org/2001/XMLSchema-instance" xsi:schemaLocation="urn:3gpp:metadata:2008:MBMS:receptionreport receptionReportingRequestRestricted.xsd">
  <g1:statisticalReport clientId="990034600004" serviceId="urn:wpst:test:16776210:1001:2001">
    <g1:qoeMetrics networkResourceCellId="240012AF00F35 240012AF00791 = 240012AF00497 240012AF00791 240012AF0168C 240012AF00F35 240012AF011F2 240012AF01520 240012AF011F2 240012AF00E07 240012AF00F35 240012AF013E5 240012AF011F2 = = 240012AF0052A = 240012AF00497 240012AF0168C 240012AF0052A 240012AF01520 240012AF013E5 240012AF011F2 240012AF01194 240012AF013E5 240012AF01194 240012AF00E07 240012AF00497 240012AF00F35 240012AF00791 240012AF01520 240012AF00497 = 240012AF00F35 240012AF0168C 240012AF013E5 240012AF00791 240012AF01520 240012AF01194" numberOfLostObjects="14 18 12 15 16 8 13 15 11 10 14 13 12 8 9 12 8 13 11 13 13 12 6 8 12 7 6 10 6 9 4 6 4 5 9 5 6 2 3 2" numberOfReceivedObjects="46 42 48 45 44 52 47 45 49 50 46 47 48 52 51 48 52 47 49 47 47 48 54 52 48 53 54 50 54 51 56 54 56 55 51 55 54 58 57 58" sessionStartTime="3628825149" sessionStopTime="3628827549"></g1:qoeMetrics>
  </g1:statisticalReport>
</g1:receptionReport>

--frontier--
]]></requestXML>
</ueReceptionReport>
<ueReceptionReport>
  <arriveTime>2014-12-29T08:35:58.520+00:00</arriveTime>
  <requestURI>http://mbadp-ohcn01-e.myvzw.com:80/reportingService/test_bdc/16776210_1001_2001</requestURI>
  <sourceAddress>2001:4888:4:3ee0:b0:d::</sourceAddress>
  <userAgent><![CDATA[TestAgent]]></userAgent>
  <contentType><![CDATA[multipart/mixed; boundary=frontier]]></contentType>
  <requestXML><![CDATA[MIME-Version: 1.0
Content-Type: multipart/mixed; boundary=frontier

--frontier
Content-Type: text/xml

<g1:receptionReport xmlns="urn:3gpp:ns:metadata" xmlns:g1="urn:3gpp:metadata:2008:MBMS:receptionreport" xmlns:xsi="http://www.w3.org/2001/XMLSchema-instance" xsi:schemaLocation="urn:3gpp:metadata:2008:MBMS:receptionreport receptionReportingRequestRestricted.xsd">
  <g1:statisticalReport clientId="990034600004" serviceId="urn:wpst:test:16776210:1001:2001">
    <g1:qoeMetrics networkResourceCellId="240012AF01194 240012AF00497 = 240012AF01520 240012AF01194 240012AF00E07 240012AF0052A 240012AF00791 240012AF01520 = 240012AF00E07 240012AF00791 240012AF0052A 240012AF00F35 240012AF013E5 = 240012AF011F2 240012AF00791 240012AF00497 240012AF01194 = 240012AF01520 240012AF011F2 240012AF00497 240012AF011F2 240012AF00791 240012AF00F35 240012AF00497 240012AF013E5 240012AF00E07 240012AF00F35 240012AF011F2 240012AF0168C 240012AF00497 240012AF013E5 240012AF01194 240012AF011F2 240012AF01520 240012AF00E07 240012AF013E5" numberOfLostObjects="13 17 9 12 17 13 8 15 15 12 14 10 14 12 7 11 14 14 10 10 8 6 11 7 6 9 9 6 11 7 6 6 9 5 4 6 8 5 3 1" numberOfReceivedObjects="47 43 51 48 43 47 52 45 45 48 46 50 46 48 53 49 46 46 50 50 52 54 49 53 54 51 51 54 49 53 54 54 51 55 56 54 52 55 57 59" sessionStartTime="3628827549" sessionStopTime="3628829949"></g1:qoeMetrics>
  </g1:statisticalReport>
</g1:receptionReport>

--frontier--
]]></requestXML>
</ueReceptionReport>
<ueReceptionReport>
  <arriveTime>2014-12-29T09:16:11.520+00:00</arriveTime>
  <requestURI>http://mbadp-ohcn01-e.myvzw.com:80/reportingService/test_bdc/16776210_1001_2001</requestURI>
  <sourceAddress>2001:4888:4:3ee0:b0:d::</sourceAddress>
  <userAgent><![CDATA[TestAgent]]></userAgent>
  <contentType><![CDATA[multipart/mixed; boundary=frontier]]></contentType>
  <requestXML><![CDATA[MIME-Version: 1.0
Content-Type: multipart/mixed; boundary=frontier

--frontier
Content-Type: text/xml

<g1:receptionReport xmlns="urn:3gpp:ns:metadata" xmlns:g1="urn:3gpp:metadata:2008:MBMS:receptionreport" xmlns:xsi="http://www.w3.org/2001/XMLSchema-instance" xsi:schemaLocation="urn:3gpp:metadata:2008:MBMS:receptionreport receptionReportingRequestRestricted.xsd">
  <g1:statisticalReport clientId="990034600005" serviceId="urn:wpst:test:16776210:1001:2001">
    <g1:qoeMetrics networkResourceCellId="240012AF00492 240012AF00129 240012AF00CFD 240012AF008B5 240012AF00492 240012AF0054F 240012AF0075D = = 240012AF00425 240012AF00CFD 240012AF008B5 240012AF0075D 240012AF00129 = 240012AF00492 240012AF0075D 240012AF00129 = 240012AF00467 240012AF001B7 240012AF00425 240012AF00ABF 240012AF008B5 240012AF00492 240012AF00CFD 240012AF0075D 240012AF001B7 240012AF00467 240012AF00129 240012AF00ABF = 240012AF0054F = 240012AF00492 240012AF008B5 240012AF00425 240012AF0075D 240012AF00492 240012AF001B7 = = = 240012AF00ABF 240012AF00467 = 240012AF00ABF 240012AF00129 240012AF00425 240012AF0054F 240012AF00425 240012AF00492 240012AF0075D 240012AF001B7 240012AF00492 240012AF0075D = = 240012AF008B5 240012AF00129 240012AF001B7 240012AF00467 240012AF0054F 240012AF00CFD 240012AF0054F = 240012AF0075D = 240012AF00467 240012AF00425 240012AF00467 240012AF008B5 240012AF00492 240012AF00CFD 240012AF00467 240012AF00ABF 240012AF0054F 240012AF00ABF 240012AF0054F 240012AF0075D 240012AF001B7 240012AF00492 240012AF00425 240012AF008B5 240012AF001B7 240012AF00425 240012AF00492 240012AF00ABF 240012AF008B5 240012AF00492 240012AF00425 240012AF00CFD 240012AF00492 = 240012AF00ABF 240012AF0054F 240012AF001B7 240012AF00129 240012AF00492 240012AF0054F 240012AF001B7 240012AF008B5 240012AF00425 240012AF00467 240012AF00CFD = 240012AF0075D 240012AF00ABF 240012AF0054F 240012AF008B5 240012AF00CFD 240012AF00425 240012AF00492 240012AF008B5 240012AF0075D 240012AF00467 240012AF0075D 240012AF00425 240012AF00492 240012AF00ABF" numberOfLostObjects="4 2 5 5 5 3 3 2 4 5 4 2 5 2 5 4 5 2 5 4 4 5 2 5 5 4 4 3 4 3 4 5 3 3 4 2 4 5 2 3 5 4 3 4 4 2 3 4 2 2 2 5 5 2 3 3 3 4 3 3 3 3 4 2 3 4 4 3 2 4 2 2 4 2 2 3 2 4 2 2 2 3 4 3 3 3 2 2 2 4 2 1 2 2 3 1 3 1 4 2 1 1 4 2 1 3 1 1 2 2 2 2 4 1 2 2 3 2 1 1" numberOfReceivedObjects="56 58 55 55 55 57 57 58 56 55 56 58 55 58 55 56 55 58 55 56 56 55 58 55 55 56 56 57 56 57 56 55 57 57 56 58 56 55 58 57 55 56 57 56 56 58 57 56 58 58 58 55 55 58 57 57 57 56 57 57 57 57 56 58 57 56 56 57 58 56 58 58 56 58 58 57 58 56 58 58 58 57 56 57 57 57 58 58 58 56 58 59 58 58 57 59 57 59 56 58 59 59 56 58 59 57 59 59 58 58 58 58 56 59 58 58 57 58 59 59" sessionStartTime="3628825149" sessionStopTime="3628832349"></g1:qoeMetrics>
  </g1:statisticalReport>
</g1:receptionReport>

--frontier--
]]></requestXML>
</ueReceptionReport>
<ueReceptionReport>
  <arriveTime>2014-12-29T07:56:13.520+00:00</arriveTime>
  <requestURI>http://mbadp-ohcn01-e.myvzw.com:80/reportingService/test_bdc/16776210_1001_2001</requestURI>
  <sourceAddress>2001:4888:4:3ee0:b0:d::</sourceAddress>
  <userAgent><![CDATA[TestAgent]]></userAgent>
  <contentType><![CDATA[multipart/mixed; boundary=frontier]]></contentType>
  <requestXML><![CDATA[MIME-Version: 1.0
Content-Type: multipart/mixed; boundary=frontier

--frontier
Content-Type: text/xml

<g1:receptionReport xmlns="urn:3gpp:ns:metadata" xmlns:g1="urn:3gpp:metadata:2008:MBMS:receptionreport" xmlns:xsi="http://www.w3.org/2001/XMLSchema-instance" xsi:schemaLocation="urn:3gpp:metadata:2008:MBMS:receptionreport receptionReportingRequestRestricted.xsd">
  <g1:statisticalReport clientId="990034600006" serviceId="urn:wpst:test:16776210:1001:2001">
    <g1:qoeMetrics networkResourceCellId="240012AF0160B = 240012AF00B8C 240012AF006FA 240012AF000C3 240012AF016FE 240012AF00B8C 240012AF011D4 240012AF00B8C 240012AF011D4 240012AF0102D 240012AF0175A 240012AF016FE 240012AF011D4 240012AF0175A 240012AF016FE 240012AF0160B 240012AF000C3 240012AF011D4 240012AF0160B 240012AF016FE 240012AF0160B 240012AF006FA 240012AF0005E 240012AF016FE 240012AF00B8C 240012AF006FA 240012AF00B8C 240012AF016FE 240012AF0102D = 240012AF016FE 240012AF0175A 240012AF000C3 240012AF0102D 240012AF006FA 240012AF0102D 240012AF000C3 240012AF016FE 240012AF006FA" numberOfLostObjects="16 16 18 16 9 8 11 9 15 8 16 14 15 13 13 13 11 6 11 9 6 8 12 12 5 12 7 7 6 7 10 9 4 7 5 3 4 6 3 0" numberOfReceivedObjects="44 44 42 44 51 52 49 51 45 52 44 46 45 47 47 47 49 54 49 51 54 52 48 48 55 48 53 53 54 53 50 51 56 53 55 57 56 54 57 60" sessionStartTime="3628825149" sessionStopTime="3628827549"></g1:qoeMetrics>
  </g1:statisticalReport>
</g1:receptionReport>

--frontier--
]]></requestXML>
</ueReceptionReport>
<ueReceptionReport>
  <arriveTime>2014-12-29T08:35:46.520+00:00</arriveTime>
  <requestURI>http://mbadp-ohcn01-e.myvzw.com:80/reportingService/test_bdc/16776210_1001_2001</requestURI>
  <sourceAddress>2001:4888:4:3ee0:b0:d::</sourceAddress>
  <userAgent><![CDATA[TestAgent]]></userAgent>
  <contentType><![CDATA[multipart/mixed; boundary=frontier]]></contentType>
  <requestXML><![CDATA[MIME-Version: 1.0
Content-Type: multipart/mixed; boundary=frontier

--frontier
Content-Type: text/xml

<g1:receptionReport xmlns="urn:3gpp:ns:metadata" xmlns:g1="urn:3gpp:metadata:2008:MBMS:receptionreport" xmlns:xsi="http://www.w3.org/2001/XMLSchema-instance" xsi:schemaLocation="urn:3gpp:metadata:2008:MBMS:receptionreport receptionReportingRequestRestricted.xsd">
  <g1:statisticalReport clientId="990034600006" serviceId="urn:wpst:test:16776210:1001:2001">
    <g1:qoeMetrics networkResourceCellId="240012AF006FA 240012AF000C3 240012AF0160B 240012AF0175A 240012AF0160B = 240012AF0005E 240012AF00147 240012AF0160B 240012AF000C3 = 240012AF0160B 240012AF00147 240012AF0102D 240012AF006FA 240012AF000C3 = 240012AF016FE = 240012AF0160B 240012AF000C3 240012AF011D4 240012AF00B8C 240012AF0102D 240012AF00147 240012AF011D4 240012AF006FA 240012AF011D4 = 240012AF016FE 240012AF00B8C = 240012AF016FE 240012AF00B8C 240012AF0160B 240012AF00147 240012AF00B8C 240012AF011D4 = 240012AF016FE" numberOfLostObjects="17 11 12 14 15 11 11 13 14 8 14 13 12 8 7 13 12 10 11 14 9 13 12 8 7 6 11 9 6 8 6 10 8 6 3 5 4 4 4 1" numberOfReceivedObjects="43 49 48 46 45 49 49 47 46 52 46 47 48 52 53 47 48 50 49 46 51 47 48 52 53 54 49 51 54 52 54 50 52 54 57 55 56 56 56 59" sessionStartTime="3628827549" sessionStopTime="3628829949"></g1:qoeMetrics>
  </g1:statisticalReport>
</g1:receptionReport>

--frontier--
]]></requestXML>
</ueReceptionReport>
