<ueReceptionReport>
  <arriveTime>2014-12-29T09:16:22.520+00:00</arriveTime>
  <requestURI>http://mbadp-ohcn01-e.myvzw.com:80/reportingService/test_bdc/16776210_1001_2001</requestURI>
  <sourceAddress>2001:4888:4:3ee0:b0:d::</sourceAddress>
  <userAgent><![CDATA[TestAgent]]></userAgent>
  <contentType><![CDATA[multipart/mixed; boundary=frontier]]></contentType>
  <requestXML><![CDATA[MIME-Version: 1.0
Content-Type: multipart/mixed; boundary=frontier

--frontier
Content-Type: text/xml

<g1:receptionReport xmlns="urn:3gpp:ns:metadata" xmlns:g1="urn:3gpp:metadata:2008:MBMS:receptionreport" xmlns:xsi="http://www.w3.org/2001/XMLSchema-instance" xsi:schemaLocation="urn:3gpp:metadata:2008:MBMS:receptionreport receptionReportingRequestRestricted.xsd">
  <g1:statisticalReport clientId="990034600073" serviceId="urn:wpst:test:16776210:1001:2001">
    <g1:qoeMetrics networkResourceCellId="240012AF12A8B 240012AF12487 240012AF11B34 240012AF12ADA 240012AF12E7E = 240012AF12ADA 240012AF12487 240012AF12E7E 240012AF12A8B 240012AF125B3 240012AF12294 240012AF12ADA 240012AF12A8B 240012AF12ADA 240012AF11C79 240012AF12DB7 240012AF12A8B 240012AF125B3 240012AF11B34 240012AF12885 240012AF11B34 240012AF11C79 240012AF12A8B 240012AF11B34 240012AF12ADA 240012AF12A8B 240012AF12ADA 240012AF12487 240012AF12ADA 240012AF12885 240012AF12A8B 240012AF12DB7 240012AF12ADA 240012AF12DB7 240012AF12885 240012AF12A8B = 240012AF125B3 240012AF12ADA 240012AF12E7E 240012AF11C79 240012AF125B3 240012AF12A8B 240012AF12294 = 240012AF12885 240012AF12ADA 240012AF12487 240012AF12E7E 240012AF12487 240012AF12885 240012AF12DB7 240012AF12ADA 240012AF12A8B 240012AF12294 240012AF12E7E 240012AF12DB7 240012AF12E7E = 240012AF12A8B 240012AF12E7E 240012AF12ADA 240012AF12487 240012AF12A8B 240012AF12ADA 240012AF125B3 240012AF12885 240012AF12DB7 240012AF11C79 240012AF12ADA 240012AF11B34 240012AF12ADA 240012AF12294 240012AF11C79 240012AF125B3 = 240012AF11C79 240012AF11B34 240012AF125B3 240012AF12A8B 240012AF12885 240012AF11C79 240012AF12A8B = 240012AF12294 240012AF12885 240012AF12ADA = 240012AF12885 240012AF12A8B 240012AF12487 240012AF12DB7 240012AF12E7E 240012AF12487 240012AF12A8B = 240012AF125B3 240012AF12A8B 240012AF125B3 240012AF12294 240012AF12885 240012AF12E7E = 240012AF12294 240012AF12A8B 240012AF125B3 240012AF11B34 240012AF12294 240012AF12E7E 240012AF12487 240012AF125B3 240012AF12DB7 240012AF12ADA = 240012AF12487 240012AF12E7E 240012AF11C79 240012AF12ADA =" numberOfLostObjects="3 4 4 4 3 4 5 2 4 4 5 5 4 5 5 4 2 2 4 2 5 4 3 2 2 3 5 2 3 3 2 4 5 4 2 2 2 5 2 4 3 2 4 2 5 3 4 5 3 2 5 2 5 2 2 5 3 5 5 5 2 3 2 2 3 2 2 4 4 3 3 2 2 2 4 4 4 2 3 2 4 3 2 3 3 3 4 3 4 4 3 4 1 2 1 2 4 1 1 3 1 3 3 1 1 4 2 3 1 3 2 1 2 2 2 3 2 2 1 0" numberOfReceivedObjects="57 56 56 56 57 56 55 58 56 56 55 55 56 55 55 56 58 58 56 58 55 56 57 58 58 57 55 58 57 57 58 56 55 56 58 58 58 55 58 56 57 58 56 58 55 57 56 55 57 58 55 58 55 58 58 55 57 55 55 55 58 57 58 58 57 58 58 56 56 57 57 58 58 58 56 56 56 58 57 58 56 57 58 57 57 57 56 57 56 56 57 56 59 58 59 58 56 59 59 57 59 57 57 59 59 56 58 57 59 57 58 59 58 58 58 57 58 58 59 60" sessionStartTime="3628825149" sessionStopTime="3628832349"></g1:qoeMetrics>
  </g1:statisticalReport>
</g1:receptionReport>

--frontier--
]]></requestXML>
</ueReceptionReport>
<ueReceptionReport>
  <arriveTime>2014-12-29T07:56:12.520+00:00</arriveTime>
  <requestURI>http://mbadp-ohcn01-e.myvzw.com:80/reportingService/test_bdc/16776210_1001_2001</requestURI>
  <sourceAddress>2001:4888:4:3ee0:b0:d::</sourceAddress>
  <userAgent><![CDATA[TestAgent]]></userAgent>
  <contentType><![CDATA[multipart/mixed; boundary=frontier]]></contentType>
  <requestXML><![CDATA[MIME-Version: 1.0
Content-Type: multipart/mixed; boundary=frontier

--frontier
Content-Type: text/xml

<g1:receptionReport xmlns="urn:3gpp:ns:metadata" xmlns:g1="urn:3gpp:metadata:2008:MBMS:receptionreport" xmlns:xsi="http://www.w3.org/2001/XMLSchema-instance" xsi:schemaLocation="urn:3gpp:metadata:2008:MBMS:receptionreport receptionReportingRequestRestricted.xsd">
  <g1:statisticalReport clientId="990034600074" serviceId="urn:wpst:test:16776210:1001:2001">
    <g1:qoeMetrics networkResourceCellId="240012AF12564 240012AF123A3 240012AF12423 = 240012AF120FA 240012AF11D51 240012AF1245E 240012AF12BDB = 240012AF11D51 240012AF123A3 240012AF12423 240012AF11D51 240012AF12A09 240012AF11ACA 240012AF12A09 240012AF120FA 240012AF12423 240012AF12564 240012AF12A09 240012AF120FA 240012AF1245E 240012AF11ACA 240012AF12BDB 240012AF12423 240012AF12D3C 240012AF11ACA 240012AF123A3 240012AF11D51 240012AF12D3C 240012AF12BDB 240012AF120FA 240012AF11ACA 240012AF12BDB 240012AF12564 240012AF12A09 240012AF123A3 240012AF12564 = 240012AF1245E" numberOfLostObjects="19 9 9 12 18 16 11 11 16 14 8 16 14 11 8 9 7 12 7 12 13 13 11 11 5 5 7 6 5 10 10 9 4 5 9 6 5 4 2 1" numberOfReceivedObjects="41 51 51 48 42 44 49 49 44 46 52 44 46 49 52 51 53 48 53 48 47 47 49 49 55 55 53 54 55 50 50 51 56 55 51 54 55 56 58 59" sessionStartTime="3628825149" sessionStopTime="3628827549"></g1:qoeMetrics>
  </g1:statisticalReport>
</g1:receptionReport>

--frontier--
]]></requestXML>
</ueReceptionReport>
<ueReceptionReport>
  <arriveTime>2014-12-29T08:35:59.520+00:00</arriveTime>
  <requestURI>http://mbadp-ohcn01-e.myvzw.com:80/reportingService/test_bdc/16776210_1001_2001</requestURI>
  <sourceAddress>2001:4888:4:3ee0:b0:d::</sourceAddress>
  <userAgent><![CDATA[TestAgent]]></userAgent>
  <contentType><![CDATA[multipart/mixed; boundary=frontier]]></contentType>
  <requestXML><![CDATA[MIME-Version: 1.0
Content-Type: multipart/mixed; boundary=frontier

--frontier
Content-Type: text/xml

<g1:receptionReport xmlns="urn:3gpp:ns:metadata" xmlns:g1="urn:3gpp:metadata:2008:MBMS:receptionreport" xmlns:xsi="http://www.w3.org/2001/XMLSchema-instance" xsi:schemaLocation="urn:3gpp:metadata:2008:MBMS:receptionreport receptionReportingRequestRestricted.xsd">
  <g1:statisticalReport clientId="990034600074" serviceId="urn:wpst:test:16776210:1001:2001">
    <g1:qoeMetrics networkResourceCellId="240012AF120FA 240012AF12564 240012AF120FA 240012AF12564 240012AF120FA 240012AF12564 240012AF12A09 = 240012AF12D3C 240012AF12423 240012AF1245E 240012AF12BDB 240012AF11ACA 240012AF123A3 240012AF120FA 240012AF12A09 = 240012AF12564 240012AF11D51 240012AF120FA 240012AF11ACA 240012AF12A09 240012AF11ACA 240012AF12A09 240012AF11D51 240012AF12423 240012AF12A09 240012AF11D51 240012AF12A09 240012AF120FA 240012AF12423 240012AF123A3 240012AF11D51 240012AF120FA 240012AF1245E 240012AF120FA 240012AF12A09 = 240012AF123A3 240012AF12D3C" numberOfLostObjects="19 10 16 17 14 17 8 15 16 8 16 14 9 11 11 14 10 7 13 6 7 6 9 8 11 10 9 8 8 8 8 7 6 5 4 3 4 4 3 1" numberOfReceivedObjects="41 50 44 43 46 43 52 45 44 52 44 46 51 49 49 46 50 53 47 54 53 54 51 52 49 50 51 52 52 52 52 53 54 55 56 57 56 56 57 59" sessionStartTime="3628827549" sessionStopTime="3628829949"></g1:qoeMetrics>
  </g1:statisticalReport>
</g1:receptionReport>

--frontier--
]]></requestXML>
</ueReceptionReport>
<ueReceptionReport>
  <arriveTime>2014-12-29T09:16:00.520+00:00</arriveTime>
  <requestURI>http://mbadp-ohcn01-e.myvzw.com:80/reportingService/test_bdc/16776210_1001_2001</requestURI>
  <sourceAddress>2001:4888:4:3ee0:b0:d::</sourceAddress>
  <userAgent><![CDATA[TestAgent]]></userAgent>
  <contentType><![CDATA[multipart/mixed; boundary=frontier]]></contentType>
  <requestXML><![CDATA[MIME-Version: 1.0
Content-Type: multipart/mixed; boundary=frontier

--frontier
Content-Type: text/xml

<g1:receptionReport xmlns="urn:3gpp:ns:metadata" xmlns:g1="urn:3gpp:metadata:2008:MBMS:receptionreport" xmlns:xsi="http://www.w3.org/2001/XMLSchema-instance" xsi:schemaLocation="urn:3gpp:metadata:2008:MBMS:receptionreport receptionReportingRequestRestricted.xsd">
  <g1:statisticalReport clientId="990034600075" serviceId="urn:wpst:test:16776210:1001:2001">
    <g1:qoeMetrics networkResourceCellId="240012AF12B4C 240012AF12729 240012AF11D90 240012AF12729 240012AF12473 240012AF11F68 = 240012AF12C6F 240012AF11EEA 240012AF12C6F 240012AF11D90 240012AF11969 240012AF11F68 240012AF11969 = 240012AF11F68 240012AF12C6F 240012AF12729 240012AF11EEA 240012AF12C6F 240012AF12B4C 240012AF12C6F 240012AF12473 240012AF12028 240012AF11F68 240012AF11D90 240012AF11EEA 240012AF12028 = 240012AF11F68 240012AF12028 240012AF12473 240012AF12B4C 240012AF12028 240012AF12EEE 240012AF12C6F 240012AF12B4C 240012AF11EEA 240012AF12EEE 240012AF11969 240012AF12028 240012AF12729 240012AF12B4C 240012AF11F68 240012AF12028 240012AF12B4C 240012AF12028 240012AF12473 240012AF11969 240012AF12729 240012AF11F68 240012AF12C6F 240012AF12EEE 240012AF11D90 240012AF12473 240012AF12C6F 240012AF11F68 240012AF12028 240012AF11F68 240012AF11EEA 240012AF12B4C 240012AF11F68 240012AF12028 240012AF11D90 240012AF12B4C 240012AF11D90 240012AF11969 240012AF11D90 240012AF11F68 240012AF12EEE = 240012AF11F68 240012AF11D90 240012AF12473 240012AF12EEE 240012AF11EEA = 240012AF12EEE 240012AF12028 240012AF11EEA = = 240012AF12028 240012AF11EEA 240012AF12B4C = 240012AF11969 240012AF12EEE 240012AF12B4C 240012AF11F68 = 240012AF11D90 240012AF12473 240012AF12B4C 240012AF11F68 240012AF11EEA 240012AF12473 240012AF11F68 = 240012AF11D90 240012AF12729 240012AF12C6F 240012AF12473 240012AF11EEA 240012AF11F68 240012AF12B4C 240012AF12C6F 240012AF12473 240012AF12B4C 240012AF12473 240012AF12EEE = 240012AF12028 240012AF11D90 240012AF12729 240012AF12473 = 240012AF11D90 240012AF12B4C 240012AF11F68" numberOfLostObjects="4 4 3 2 2 4 4 5 3 2 4 3 2 5 5 4 2 2 2 2 5 5 3 2 2 4 5 4 3 5 2 4 3 3 5 3 4 3 2 5 3 4 3 3 3 2 2 3 2 2 3 5 5 5 5 5 3 4 3 4 3 3 2 4 4 5 2 4 3 4 3 4 4 3 2 2 4 3 4 4 2 3 4 2 4 4 3 4 1 1 2 2 2 4 1 2 2 2 2 3 2 1 3 2 2 1 3 2 3 2 2 1 1 1 3 3 1 1 3 1" numberOfReceivedObjects="56 56 57 58 58 56 56 55 57 58 56 57 58 55 55 56 58 58 58 58 55 55 57 58 58 56 55 56 57 55 58 56 57 57 55 57 56 57 58 55 57 56 57 57 57 58 58 57 58 58 57 55 55 55 55 55 57 56 57 56 57 57 58 56 56 55 58 56 57 56 57 56 56 57 58 58 56 57 56 56 58 57 56 58 56 56 57 56 59 59 58 58 58 56 59 58 58 58 58 57 58 59 57 58 58 59 57 58 57 58 58 59 59 59 57 57 59 59 57 59" sessionStartTime="3628825149" sessionStopTime="3628832349"></g1:qoeMetrics>
  </g1:statisticalReport>
</g1:receptionReport>

--frontier--
]]></requestXML>
</ueReceptionReport>
<ueReceptionReport>
  <arriveTime>2014-12-29T09:16:39.520+00:00</arriveTime>
  <requestURI>http://mbadp-ohcn01-e.myvzw.com:80/reportingService/test_bdc/16776210_1001_2001</requestURI>
  <sourceAddress>2001:4888:4:3ee0:b0:d::</sourceAddress>
  <userAgent><![CDATA[TestAgent]]></userAgent>
  <contentType><![CDATA[multipart/mixed; boundary=frontier]]></contentType>
  <requestXML><![CDATA[MIME-Version: 1.0
Content-Type: multipart/mixed; boundary=frontier

--frontier
Content-Type: text/xml

<g1:receptionReport xmlns="urn:3gpp:ns:metadata" xmlns:g1="urn:3gpp:metadata:2008:MBMS:receptionreport" xmlns:xsi="http://www.w3.org/2001/XMLSchema-instance" xsi:schemaLocation="urn:3gpp:metadata:2008:MBMS:receptionreport receptionReportingRequestRestricted.xsd">
  <g1:statisticalReport clientId="990034600076" serviceId="urn:wpst:test:16776210:1001:2001">
    <g1:qoeMetrics networkResourceCellId="240012AF11EE7 240012AF124CB 240012AF12BB0 240012AF12692 240012AF1271F 240012AF11A26 240012AF12692 240012AF130A8 240012AF12A56 240012AF1271F 240012AF12692 240012AF124CB 240012AF1271F 240012AF11EE7 240012AF11A26 240012AF124CB 240012AF127E9 240012AF1271F 240012AF12BB0 240012AF1271F = 240012AF124CB 240012AF11DD4 240012AF11EE7 240012AF12A56 240012AF11DD4 240012AF127E9 240012AF11DD4 240012AF12692 240012AF127E9 240012AF12692 240012AF1271F 240012AF127E9 240012AF11EE7 240012AF130A8 240012AF11DD4 240012AF127E9 240012AF130A8 240012AF12692 = 240012AF11A26 240012AF11DD4 240012AF124CB 240012AF12A56 240012AF130A8 240012AF124CB 240012AF1271F 240012AF11DD4 240012AF130A8 240012AF124CB 240012AF130A8 240012AF11EE7 240012AF12BB0 240012AF12692 240012AF11DD4 240012AF130A8 240012AF12BB0 240012AF11EE7 240012AF12692 240012AF12A56 240012AF130A8 240012AF11DD4 = 240012AF12BB0 240012AF1271F 240012AF127E9 240012AF1271F 240012AF12692 240012AF124CB 240012AF130A8 240012AF12692 240012AF130A8 240012AF124CB 240012AF127E9 240012AF12A56 240012AF12692 240012AF11EE7 240012AF11DD4 240012AF127E9 240012AF12A56 = 240012AF12BB0 240012AF127E9 240012AF130A8 240012AF11EE7 = 240012AF130A8 240012AF124CB 240012AF11DD4 240012AF124CB 240012AF11A26 240012AF127E9 = 240012AF11DD4 240012AF11EE7 240012AF12692 240012AF12A56 240012AF127E9 240012AF11DD4 240012AF11EE7 240012AF12BB0 = 240012AF11EE7 240012AF12A56 240012AF1271F 240012AF127E9 240012AF11EE7 240012AF12BB0 240012AF12A56 240012AF130A8 = 240012AF12692 240012AF127E9 240012AF124CB = 240012AF12692 240012AF1271F 240012AF12692 240012AF124CB 240012AF130A8" numberOfLostObjects="4 5 2 3 3 4 3 4 5 2 3 5 2 3 3 2 2 5 4 5 2 3 5 3 2 4 5 3 3 4 2 4 3 3 5 4 5 3 3 5 3 4 4 3 5 5 3 5 4 5 4 4 3 3 2 3 5 4 3 4 4 4 3 4 2 3 4 2 4 3 4 3 3 2 2 2 4 4 4 3 4 1 2 2 2 1 3 1 4 1 2 3 1 1 4 1 2 2 2 3 1 2 1 3 3 1 2 3 2 2 1 1 3 3 3 2 2 2 0 1" numberOfReceivedObjects="56 55 58 57 57 56 57 56 55 58 57 55 58 57 57 58 58 55 56 55 58 57 55 57 58 56 55 57 57 56 58 56 57 57 55 56 55 57 57 55 57 56 56 57 55 55 57 55 56 55 56 56 57 57 58 57 55 56 57 56 56 56 57 56 58 57 56 58 56 57 56 57 57 58 58 58 56 56 56 57 56 59 58 58 58 59 57 59 56 59 58 57 59 59 56 59 58 58 58 57 59 58 59 57 57 59 58 57 58 58 59 59 57 57 57 58 58 58 60 59" sessionStartTime="3628825149" sessionStopTime="3628832349"></g1:qoeMetrics>
  </g1:statisticalReport>
</g1:receptionReport>

--frontier--
]]></requestXML>
</ueReceptionReport>
<ueReceptionReport>
  <arriveTime>2014-12-29T07:56:21.520+00:00</arriveTime>
  <requestURI>http://mbadp-ohcn01-e.myvzw.com:80/reportingService/test_bdc/16776210_1001_2001</requestURI>
  <sourceAddress>2001:4888:4:3ee0:b0:d::</sourceAddress>
  <userAgent><![CDATA[TestAgent]]></userAgent>
  <contentType><![CDATA[multipart/mixed; boundary=frontier]]></contentType>
  <requestXML><![CDATA[MIME-Version: 1.0
Content-Type: multipart/mixed; boundary=frontier

--frontier
Content-Type: text/xml

<g1:receptionReport xmlns="urn:3gpp:ns:metadata" xmlns:g1="urn:3gpp:metadata:2008:MBMS:receptionreport" xmlns:xsi="http://www.w3.org/2001/XMLSchema-instance" xsi:schemaLocation="urn:3gpp:metadata:2008:MBMS:receptionreport receptionReportingRequestRestricted.xsd">
  <g1:statisticalReport clientId="990034600077" serviceId="urn:wpst:test:16776210:1001:2001">
    <g1:qoeMetrics networkResourceCellId="240012AF13043 240012AF11F88 240012AF13043 240012AF12C96 240012AF13043 = 240012AF123DF 240012AF122F7 240012AF11F88 240012AF12C96 240012AF120B6 240012AF11D6C 240012AF12F93 240012AF12C3C 240012AF13043 240012AF12F93 240012AF13043 240012AF122F7 240012AF123DF 240012AF11D6C 240012AF13043 240012AF123DF 240012AF11F88 240012AF12F93 240012AF122F7 240012AF11F88 240012AF120B6 240012AF12C96 = 240012AF122F7 = 240012AF123DF 240012AF12CEC 240012AF12C96 240012AF12F93 240012AF12C3C 240012AF12CEC 240012AF122F7 240012AF12F93 240012AF120B6" numberOfLostObjects="17 11 11 13 9 15 11 12 16 12 8 8 10 12 15 8 14 9 9 9 12 14 9 6 7 8 10 7 9 8 6 8 11 9 7 6 5 3 6 0" numberOfReceivedObjects="43 49 49 47 51 45 49 48 44 48 52 52 50 48 45 52 46 51 51 51 48 46 51 54 53 52 50 53 51 52 54 52 49 51 53 54 55 57 54 60" sessionStartTime="3628825149" sessionStopTime="3628827549"></g1:qoeMetrics>
  </g1:statisticalReport>
</g1:receptionReport>

--frontier--
]]></requestXML>
</ueReceptionReport>
<ueReceptionReport>
  <arriveTime>2014-12-29T08:35:48.520+00:00</arriveTime>
  <requestURI>http://mbadp-ohcn01-e.myvzw.com:80/reportingService/test_bdc/16776210_1001_2001</requestURI>
  <sourceAddress>2001:4888:4:3ee0:b0:d::</sourceAddress>
  <userAgent><![CDATA[TestAgent]]></userAgent>
  <contentType><![CDATA[multipart/mixed; boundary=frontier]]></contentType>
  <requestXML><![CDATA[MIME-Version: 1.0
Content-Type: multipart/mixed; boundary=frontier

--frontier
Content-Type: text/xml

<g1:receptionReport xmlns="urn:3gpp:ns:metadata" xmlns:g1="urn:3gpp:metadata:2008:MBMS:receptionreport" xmlns:xsi="http://www.w3.org/2001/XMLSchema-instance" xsi:schemaLocation="urn:3gpp:metadata:2008:MBMS:receptionreport receptionReportingRequestRestricted.xsd">
  <g1:statisticalReport clientId="990034600077" serviceId="urn:wpst:test:16776210:1001:2001">
    <g1:qoeMetrics networkResourceCellId="240012AF120B6 240012AF122F7 240012AF123DF 240012AF122F7 240012AF11F88 240012AF12C96 240012AF11F88 240012AF123DF 240012AF12C3C = = 240012AF122F7 240012AF12C96 240012AF123DF = 240012AF11F88 240012AF12CEC 240012AF11F88 240012AF12C3C 240012AF122F7 240012AF123DF 240012AF122F7 240012AF11F88 240012AF123DF 240012AF11D6C = 240012AF122F7 240012AF12C3C 240012AF12C96 240012AF11D6C 240012AF120B6 240012AF12C3C = 240012AF12C96 240012AF123DF 240012AF11F88 = = = 240012AF122F7" numberOfLostObjects="11 10 9 15 10 10 18 12 12 15 12 10 12 15 14 10 13 11 14 10 9 8 11 6 7 8 7 9 12 6 6 6 7 9 6 5 7 2 3 3" numberOfReceivedObjects="49 50 51 45 50 50 42 48 48 45 48 50 48 45 46 50 47 49 46 50 51 52 49 54 53 52 53 51 48 54 54 54 53 51 54 55 53 58 57 57" sessionStartTime="3628827549" sessionStopTime="3628829949"></g1:qoeMetrics>
  </g1:statisticalReport>
</g1:receptionReport>

--frontier--
]]></requestXML>
</ueReceptionReport>
<ueReceptionReport>
  <arriveTime>2014-12-29T09:15:54.520+00:00</arriveTime>
  <requestURI>http://mbadp-ohcn01-e.myvzw.com:80/reportingService/test_bdc/16776210_1001_2001</requestURI>
  <sourceAddress>2001:4888:4:3ee0:b0:d::</sourceAddress>
  <userAgent><![CDATA[TestAgent]]></userAgent>
  <contentType><![CDATA[multipart/mixed; boundary=frontier]]></contentType>
  <requestXML><![CDATA[MIME-Version: 1.0
Content-Type: multipart/mixed; boundary=frontier

--frontier
Content-Type: text/xml

<g1:receptionReport xmlns="urn:3gpp:ns:metadata" xmlns:g1="urn:3gpp:metadata:2008:MBMS:receptionreport" xmlns:xsi="http://www.w3.org/2001/XMLSchema-instance" xsi:schemaLocation="urn:3gpp:metadata:2008:MBMS:receptionreport receptionReportingRequestRestricted.xsd">
  <g1:statisticalReport clientId="990034600078" serviceId="urn:wpst:test:16776210:1001:2001">
    <g1:qoeMetrics networkResourceCellId="240012AF12AEB 240012AF1229F 240012AF1298E 240012AF13058 240012AF12508 240012AF12DF3 240012AF1229F 240012AF13058 240012AF12508 240012AF12757 240012AF13058 240012AF12DF3 240012AF12D8E 240012AF12508 240012AF13058 240012AF128A8 240012AF13058 240012AF12508 240012AF11FD9 240012AF128A8 240012AF12757 240012AF1298E 240012AF128A8 240012AF11FD9 240012AF12757 240012AF12508 240012AF12DF3 240012AF12AEB 240012AF12757 = 240012AF1229F 240012AF1298E 240012AF1229F 240012AF12DF3 240012AF128A8 240012AF13058 240012AF128A8 = 240012AF12AEB 240012AF1298E 240012AF128A8 240012AF1298E 240012AF1229F 240012AF1298E 240012AF12508 240012AF128A8 240012AF13058 240012AF12DF3 240012AF12AEB 240012AF12D8E 240012AF11FD9 240012AF1298E 240012AF12AEB 240012AF12DF3 240012AF12757 240012AF1298E 240012AF12508 240012AF12757 240012AF12D8E 240012AF128A8 240012AF12757 240012AF13058 = 240012AF12757 240012AF12508 240012AF12DF3 240012AF13058 240012AF1229F 240012AF11FD9 240012AF12757 240012AF1298E 240012AF12D8E 240012AF11FD9 240012AF1229F 240012AF12DF3 240012AF13058 240012AF128A8 240012AF12508 = 240012AF12757 240012AF12DF3 240012AF128A8 240012AF11FD9 240012AF12AEB 240012AF13058 240012AF128A8 240012AF12D8E = 240012AF128A8 240012AF12508 = 240012AF12AEB 240012AF12D8E = 240012AF12AEB 240012AF1298E 240012AF12D8E 240012AF12757 240012AF12DF3 240012AF1229F 240012AF12508 240012AF12DF3 240012AF12AEB 240012AF12D8E 240012AF12DF3 240012AF12D8E 240012AF11FD9 = 240012AF12DF3 240012AF13058 = 240012AF12D8E 240012AF1298E 240012AF12D8E 240012AF13058 = 240012AF1298E 240012AF1229F 240012AF12757 240012AF13058" numberOfLostObjects="3 3 4 5 4 5 2 3 3 5 5 3 4 5 3 3 2 4 2 2 5 2 3 5 3 4 2 4 4 2 5 4 3 2 3 5 5 3 2 3 2 5 4 5 5 5 2 5 3 3 5 3 3 2 2 4 4 2 2 2 2 5 4 3 2 4 2 2 4 2 4 3 4 4 2 4 3 3 4 3 2 3 2 3 4 4 4 2 2 2 3 2 2 4 3 2 2 3 3 3 1 2 1 1 2 2 1 1 3 3 3 2 2 2 2 2 2 0 1 1" numberOfReceivedObjects="57 57 56 55 56 55 58 57 57 55 55 57 56 55 57 57 58 56 58 58 55 58 57 55 57 56 58 56 56 58 55 56 57 58 57 55 55 57 58 57 58 55 56 55 55 55 58 55 57 57 55 57 57 58 58 56 56 58 58 58 58 55 56 57 58 56 58 58 56 58 56 57 56 56 58 56 57 57 56 57 58 57 58 57 56 56 56 58 58 58 57 58 58 56 57 58 58 57 57 57 59 58 59 59 58 58 59 59 57 57 57 58 58 58 58 58 58 60 59 59" sessionStartTime="3628825149" sessionStopTime="3628832349"></g1:qoeMetrics>
  </g1:statisticalReport>
</g1:receptionReport>

--frontier--
]]></requestXML>
</ueReceptionReport>
