<ueReceptionReport>
  <arriveTime>2014-12-29T09:15:43.520+00:00</arriveTime>
  <requestURI>http://mbadp-ohcn01-e.myvzw.com:80/reportingService/test_bdc/16776210_1001_2001</requestURI>
  <sourceAddress>2001:4888:4:3ee0:b0:d::</sourceAddress>
  <userAgent><![CDATA[TestAgent]]></userAgent>
  <contentType><![CDATA[multipart/mixed; boundary=frontier]]></contentType>
  <requestXML><![CDATA[MIME-Version: 1.0
Content-Type: multipart/mixed; boundary=frontier

--frontier
Content-Type: text/xml

<g1:receptionReport xmlns="urn:3gpp:ns:metadata" xmlns:g1="urn:3gpp:metadata:2008:MBMS:receptionreport" xmlns:xsi="http://www.w3.org/2001/XMLSchema-instance" xsi:schemaLocation="urn:3gpp:metadata:2008:MBMS:receptionreport receptionReportingRequestRestricted.xsd">
  <g1:statisticalReport clientId="990034600085" serviceId="urn:wpst:test:16776210:1001:2001">
    <g1:qoeMetrics networkResourceCellId="240012AF15DC5 240012AF14EB6 = = 240012AF15DC5 240012AF158DE 240012AF15DC5 = 240012AF158DE 240012AF15DC5 240012AF15DE9 240012AF14EB6 240012AF1540D 240012AF158DE = 240012AF156BF = 240012AF1550E 240012AF15CBD 240012AF1550E 240012AF14EB6 240012AF15DE9 240012AF14F87 240012AF1540D 240012AF156BF 240012AF158DE 240012AF15DE9 240012AF1550E 240012AF14F87 240012AF15DC5 240012AF15CBD 240012AF1540D 240012AF15DE9 240012AF156BF 240012AF158DE 240012AF156BF 240012AF15007 240012AF156BF 240012AF15CBD 240012AF1550E = 240012AF158DE 240012AF15DE9 240012AF1550E 240012AF14EB6 240012AF15DC5 240012AF14EB6 240012AF15DC5 240012AF14F87 240012AF1550E 240012AF14EB6 240012AF1550E = = 240012AF15CBD 240012AF1540D 240012AF1550E 240012AF14EB6 = 240012AF1550E 240012AF15DE9 240012AF156BF 240012AF14EB6 240012AF15DC5 240012AF14F87 = 240012AF15CBD 240012AF15007 240012AF15DE9 240012AF15DC5 240012AF14F87 240012AF15CBD 240012AF156BF 240012AF15DE9 240012AF156BF 240012AF1540D 240012AF156BF 240012AF15DC5 240012AF156BF = 240012AF15CBD 240012AF1540D 240012AF14EB6 240012AF156BF 240012AF15CBD 240012AF1550E = 240012AF156BF 240012AF15007 240012AF15DC5 240012AF1540D 240012AF1550E 240012AF15CBD 240012AF14EB6 = 240012AF15CBD 240012AF1550E = 240012AF158DE 240012AF14F87 240012AF158DE = 240012AF15CBD 240012AF15DE9 240012AF1540D 240012AF158DE 240012AF15DE9 240012AF1550E 240012AF1540D 240012AF15CBD 240012AF14EB6 240012AF14F87 240012AF14EB6 240012AF15CBD 240012AF15DE9 240012AF156BF 240012AF15DE9 240012AF15CBD 240012AF14F87 240012AF1550E" numberOfLostObjects="5 4 2 2 3 3 3 2 4 2 3 3 4 4 3 3 5 5 2 3 3 3 5 2 3 2 5 2 2 3 3 5 5 3 5 2 5 2 2 2 2 2 2 3 4 4 4 4 3 5 5 4 2 5 5 4 5 4 4 2 2 2 5 5 3 4 2 2 5 2 2 5 4 2 4 3 4 4 4 3 2 3 2 2 4 2 3 3 3 4 2 3 4 4 2 3 1 1 2 3 2 3 2 2 1 1 3 1 1 2 4 2 2 1 2 2 2 3 1 1" numberOfReceivedObjects="55 56 58 58 57 57 57 58 56 58 57 57 56 56 57 57 55 55 58 57 57 57 55 58 57 58 55 58 58 57 57 55 55 57 55 58 55 58 58 58 58 58 58 57 56 56 56 56 57 55 55 56 58 55 55 56 55 56 56 58 58 58 55 55 57 56 58 58 55 58 58 55 56 58 56 57 56 56 56 57 58 57 58 58 56 58 57 57 57 56 58 57 56 56 58 57 59 59 58 57 58 57 58 58 59 59 57 59 59 58 56 58 58 59 58 58 58 57 59 59" sessionStartTime="3628825149" sessionStopTime="3628832349"></g1:qoeMetrics>
  </g1:statisticalReport>
</g1:receptionReport>

--frontier--
]]></requestXML>
</ueReceptionReport>
<ueReceptionReport>
  <arriveTime>2014-12-29T09:15:46.520+00:00</arriveTime>
  <requestURI>http://mbadp-ohcn01-e.myvzw.com:80/reportingService/test_bdc/16776210_1001_2001</requestURI>
  <sourceAddress>2001:4888:4:3ee0:b0:d::</sourceAddress>
  <userAgent><![CDATA[TestAgent]]></userAgent>
  <contentType><![CDATA[multipart/mixed; boundary=frontier]]></contentType>
  <requestXML><![CDATA[MIME-Version: 1.0
Content-Type: multipart/mixed; boundary=frontier

--frontier
Content-Type: text/xml

<g1:receptionReport xmlns="urn:3gpp:ns:metadata" xmlns:g1="urn:3gpp:metadata:2008:MBMS:receptionreport" xmlns:xsi="http://www.w3.org/2001/XMLSchema-instance" xsi:schemaLocation="urn:3gpp:metadata:2008:MBMS:receptionreport receptionReportingRequestRestricted.xsd">
  <g1:statisticalReport clientId="990034600086" serviceId="urn:wpst:test:16776210:1001:2001">
    <g1:qoeMetrics networkResourceCellId="240012AF14962 240012AF14B1F 240012AF14962 240012AF15B04 240012AF150E0 240012AF15DBA 240012AF15B04 240012AF14B1F 240012AF15B04 240012AF157A3 240012AF14ECA 240012AF15B04 240012AF157A3 240012AF15DBA = 240012AF157A3 240012AF15B25 240012AF14E71 240012AF15DBA 240012AF14ECA 240012AF15DBA 240012AF150E0 240012AF14962 240012AF14B1F 240012AF15DBA = 240012AF157A3 240012AF15B04 240012AF15B25 = = = 240012AF150E0 240012AF15B25 240012AF157A3 240012AF14E71 240012AF14B61 240012AF15B04 240012AF150E0 240012AF15B04 = 240012AF15B25 240012AF14ECA 240012AF15B04 240012AF157A3 240012AF14B61 240012AF14E71 240012AF15B25 240012AF14E71 240012AF15B25 240012AF150E0 240012AF14E71 240012AF14B61 240012AF157A3 = 240012AF15DBA 240012AF15B04 240012AF150E0 240012AF14E71 240012AF15DBA 240012AF14962 240012AF15B04 240012AF14B61 240012AF15B04 240012AF157A3 240012AF14B61 240012AF14962 240012AF15B25 240012AF15B04 240012AF15DBA 240012AF150E0 240012AF14B1F 240012AF14B61 240012AF15B25 240012AF15DBA 240012AF157A3 240012AF14B1F 240012AF15B25 = 240012AF157A3 240012AF14ECA 240012AF14B61 240012AF14E71 240012AF14ECA 240012AF157A3 240012AF14B1F = 240012AF14ECA 240012AF14B61 240012AF150E0 240012AF14B1F 240012AF14B61 240012AF14ECA 240012AF14E71 240012AF15DBA 240012AF14B1F 240012AF14E71 240012AF15DBA 240012AF14ECA 240012AF15B25 240012AF14E71 240012AF15B25 240012AF14ECA 240012AF15DBA 240012AF14ECA 240012AF15B25 240012AF15DBA = 240012AF14B1F 240012AF14962 240012AF15DBA = 240012AF14962 240012AF14B1F = 240012AF14962 240012AF150E0 = 240012AF14E71 240012AF15DBA" numberOfLostObjects="3 4 3 4 5 4 4 2 3 5 3 4 2 3 3 5 4 4 4 2 5 2 2 4 2 4 3 4 5 2 3 5 3 4 3 2 3 5 2 4 4 4 2 5 5 3 4 3 2 3 3 5 3 3 4 3 2 5 5 5 2 4 3 4 3 4 2 4 3 3 4 3 4 2 4 4 2 2 3 2 2 3 3 4 4 4 3 3 3 3 1 1 2 3 1 1 2 2 2 3 3 1 2 1 1 1 4 2 2 3 3 3 2 1 1 2 1 1 1 2" numberOfReceivedObjects="57 56 57 56 55 56 56 58 57 55 57 56 58 57 57 55 56 56 56 58 55 58 58 56 58 56 57 56 55 58 57 55 57 56 57 58 57 55 58 56 56 56 58 55 55 57 56 57 58 57 57 55 57 57 56 57 58 55 55 55 58 56 57 56 57 56 58 56 57 57 56 57 56 58 56 56 58 58 57 58 58 57 57 56 56 56 57 57 57 57 59 59 58 57 59 59 58 58 58 57 57 59 58 59 59 59 56 58 58 57 57 57 58 59 59 58 59 59 59 58" sessionStartTime="3628825149" sessionStopTime="3628832349"></g1:qoeMetrics>
  </g1:statisticalReport>
</g1:receptionReport>

--frontier--
]]></requestXML>
</ueReceptionReport>
<ueReceptionReport>
  <arriveTime>2014-12-29T07:56:38.520+00:00</arriveTime>
  <requestURI>http://mbadp-ohcn01-e.myvzw.com:80/reportingService/test_bdc/16776210_1001_2001</requestURI>
  <sourceAddress>2001:4888:4:3ee0:b0:d::</sourceAddress>
  <userAgent><![CDATA[TestAgent]]></userAgent>
  <contentType><![CDATA[multipart/mixed; boundary=frontier]]></contentType>
  <requestXML><![CDATA[MIME-Version: 1.0
Content-Type: multipart/mixed; boundary=frontier

--frontier
Content-Type: text/xml

<g1:receptionReport xmlns="urn:3gpp:ns:metadata" xmlns:g1="urn:3gpp:metadata:2008:MBMS:receptionreport" xmlns:xsi="http://www.w3.org/2001/XMLSchema-instance" xsi:schemaLocation="urn:3gpp:metadata:2008:MBMS:receptionreport receptionReportingRequestRestricted.xsd">
  <g1:statisticalReport clientId="990034600087" serviceId="urn:wpst:test:16776210:1001:2001">
    <g1:qoeMetrics networkResourceCellId="240012AF14D07 240012AF15F38 240012AF14921 240012AF15006 240012AF153EA 240012AF15F38 240012AF15691 240012AF15F38 240012AF14921 240012AF15691 240012AF15566 240012AF15356 240012AF14921 240012AF14D07 240012AF15566 240012AF15006 240012AF15F38 240012AF14D13 240012AF14D07 240012AF15356 240012AF15566 240012AF15691 240012AF153EA 240012AF15566 240012AF15006 240012AF15566 240012AF153EA 240012AF15ACB 240012AF15F38 240012AF14D07 = 240012AF15F38 240012AF15006 240012AF14921 = 240012AF15356 240012AF15691 240012AF153EA 240012AF15F38 240012AF153EA" numberOfLostObjects="14 13 13 12 15 9 15 13 16 13 10 15 13 14 7 10 14 14 13 11 11 6 10 6 5 9 9 5 9 8 8 6 8 3 6 4 5 3 5 0" numberOfReceivedObjects="46 47 47 48 45 51 45 47 44 47 50 45 47 46 53 50 46 46 47 49 49 54 50 54 55 51 51 55 51 52 52 54 52 57 54 56 55 57 55 60" sessionStartTime="3628825149" sessionStopTime="3628827549"></g1:qoeMetrics>
  </g1:statisticalReport>
</g1:receptionReport>

--frontier--
]]></requestXML>
</ueReceptionReport>
<ueReceptionReport>
  <arriveTime>2014-12-29T08:35:55.520+00:00</arriveTime>
  <requestURI>http://mbadp-ohcn01-e.myvzw.com:80/reportingService/test_bdc/16776210_1001_2001</requestURI>
  <sourceAddress>2001:4888:4:3ee0:b0:d::</sourceAddress>
  <userAgent><![CDATA[TestAgent]]></userAgent>
  <contentType><![CDATA[multipart/mixed; boundary=frontier]]></contentType>
  <requestXML><![CDATA[MIME-Version: 1.0
Content-Type: multipart/mixed; boundary=frontier

--frontier
Content-Type: text/xml

<g1:receptionReport xmlns="urn:3gpp:ns:metadata" xmlns:g1="urn:3gpp:metadata:2008:MBMS:receptionreport" xmlns:xsi="http://www.w3.org/2001/XMLSchema-instance" xsi:schemaLocation="urn:3gpp:metadata:2008:MBMS:receptionreport receptionReportingRequestRestricted.xsd">
  <g1:statisticalReport clientId="990034600087" serviceId="urn:wpst:test:16776210:1001:2001">
    <g1:qoeMetrics networkResourceCellId="240012AF15F38 240012AF15356 240012AF15566 240012AF15691 240012AF14D07 = 240012AF15566 240012AF15F38 240012AF15006 240012AF153EA 240012AF14921 240012AF15566 240012AF15356 240012AF14D13 240012AF14D07 240012AF15006 240012AF14921 240012AF14D07 240012AF15691 240012AF153EA = 240012AF15566 = 240012AF15F38 240012AF15691 240012AF14921 = = 240012AF153EA 240012AF15566 240012AF15ACB 240012AF15566 240012AF15ACB 240012AF14921 240012AF14D07 240012AF153EA 240012AF15006 240012AF14D13 240012AF15566 240012AF153EA" numberOfLostObjects="19 18 10 11 14 12 14 8 12 9 9 10 10 9 16 9 7 10 12 11 9 14 9 8 11 10 12 9 9 7 8 9 8 4 5 5 5 2 6 0" numberOfReceivedObjects="41 42 50 49 46 48 46 52 48 51 51 50 50 51 44 51 53 50 48 49 51 46 51 52 49 50 48 51 51 53 52 51 52 56 55 55 55 58 54 60" sessionStartTime="3628827549" sessionStopTime="3628829949"></g1:qoeMetrics>
  </g1:statisticalReport>
</g1:receptionReport>

--frontier--
]]></requestXML>
</ueReceptionReport>
<ueReceptionReport>
  <arriveTime>2014-12-29T09:16:03.520+00:00</arriveTime>
  <requestURI>http://mbadp-ohcn01-e.myvzw.com:80/reportingService/test_bdc/16776210_1001_2001</requestURI>
  <sourceAddress>2001:4888:4:3ee0:b0:d::</sourceAddress>
  <userAgent><![CDATA[TestAgent]]></userAgent>
  <contentType><![CDATA[multipart/mixed; boundary=frontier]]></contentType>
  <requestXML><![CDATA[MIME-Version: 1.0
Content-Type: multipart/mixed; boundary=frontier

--frontier
Content-Type: text/xml

<g1:receptionReport xmlns="urn:3gpp:ns:metadata" xmlns:g1="urn:3gpp:metadata:2008:MBMS:receptionreport" xmlns:xsi="http://www.w3.org/2001/XMLSchema-instance" xsi:schemaLocation="urn:3gpp:metadata:2008:MBMS:receptionreport receptionReportingRequestRestricted.xsd">
  <g1:statisticalReport clientId="990034600088" serviceId="urn:wpst:test:16776210:1001:2001">
    <g1:qoeMetrics networkResourceCellId="240012AF15474 240012AF1558D 240012AF154CC = 240012AF15AD4 240012AF159DB 240012AF15474 240012AF15AD4 240012AF1558D 240012AF14D55 240012AF15474 240012AF154CC 240012AF15474 240012AF159DB = 240012AF14D55 240012AF159DB 240012AF152DF 240012AF1558D 240012AF15AD4 = = 240012AF15BAB 240012AF1558D 240012AF154CC 240012AF14D55 240012AF15AD4 240012AF152DF 240012AF1558D 240012AF15565 240012AF15BAB 240012AF1558D 240012AF154CC 240012AF14D55 240012AF15AD4 240012AF14D55 240012AF15565 240012AF15AD4 = 240012AF154CC 240012AF15AD4 = 240012AF1558D = 240012AF157BA 240012AF14D55 240012AF1558D 240012AF14D55 240012AF15565 240012AF14D55 240012AF159DB 240012AF157BA 240012AF159DB 240012AF15565 240012AF159DB 240012AF15AD4 = 240012AF15565 240012AF157BA = = = 240012AF159DB 240012AF152DF 240012AF1558D = 240012AF152DF 240012AF154CC = = 240012AF157BA 240012AF15AD4 240012AF15474 = 240012AF152DF 240012AF157BA 240012AF14D55 240012AF15BAB 240012AF154CC 240012AF15565 240012AF15474 240012AF15BAB 240012AF159DB = = 240012AF1558D 240012AF15565 240012AF152DF 240012AF15474 240012AF159DB 240012AF15AD4 240012AF14D55 = 240012AF1558D = = 240012AF15474 240012AF15AD4 240012AF1558D 240012AF15BAB 240012AF14D55 240012AF159DB 240012AF15474 240012AF15AD4 240012AF15565 240012AF154CC = 240012AF15565 240012AF15BAB 240012AF157BA 240012AF15BAB = 240012AF152DF 240012AF15565 = 240012AF15BAB 240012AF154CC 240012AF157BA 240012AF152DF 240012AF15BAB" numberOfLostObjects="3 3 5 2 2 5 3 4 5 3 4 4 3 4 3 4 2 4 2 5 3 3 4 2 2 5 4 3 5 5 5 2 5 3 2 2 5 3 4 4 4 2 2 2 5 3 4 5 2 4 4 3 5 2 3 5 5 5 2 4 4 3 4 3 2 2 3 2 2 4 4 4 2 4 4 4 3 3 3 3 3 2 2 3 2 2 3 2 3 4 3 2 2 1 1 3 2 3 2 2 2 1 2 3 1 1 3 3 3 1 1 2 2 3 3 2 1 1 3 0" numberOfReceivedObjects="57 57 55 58 58 55 57 56 55 57 56 56 57 56 57 56 58 56 58 55 57 57 56 58 58 55 56 57 55 55 55 58 55 57 58 58 55 57 56 56 56 58 58 58 55 57 56 55 58 56 56 57 55 58 57 55 55 55 58 56 56 57 56 57 58 58 57 58 58 56 56 56 58 56 56 56 57 57 57 57 57 58 58 57 58 58 57 58 57 56 57 58 58 59 59 57 58 57 58 58 58 59 58 57 59 59 57 57 57 59 59 58 58 57 57 58 59 59 57 60" sessionStartTime="3628825149" sessionStopTime="3628832349"></g1:qoeMetrics>
  </g1:statisticalReport>
</g1:receptionReport>

--frontier--
]]></requestXML>
</ueReceptionReport>
<ueReceptionReport>
  <arriveTime>2014-12-29T09:16:14.520+00:00</arriveTime>
  <requestURI>http://mbadp-ohcn01-e.myvzw.com:80/reportingService/test_bdc/16776210_1001_2001</requestURI>
  <sourceAddress>2001:4888:4:3ee0:b0:d::</sourceAddress>
  <userAgent><![CDATA[TestAgent]]></userAgent>
  <contentType><![CDATA[multipart/mixed; boundary=frontier]]></contentType>
  <requestXML><![CDATA[MIME-Version: 1.0
Content-Type: multipart/mixed; boundary=frontier

--frontier
Content-Type: text/xml

<g1:receptionReport xmlns="urn:3gpp:ns:metadata" xmlns:g1="urn:3gpp:metadata:2008:MBMS:receptionreport" xmlns:xsi="http://www.w3.org/2001/XMLSchema-instance" xsi:schemaLocation="urn:3gpp:metadata:2008:MBMS:receptionreport receptionReportingRequestRestricted.xsd">
  <g1:statisticalReport clientId="990034600089" serviceId="urn:wpst:test:16776210:1001:2001">
    <g1:qoeMetrics networkResourceCellId="240012AF14E28 240012AF157E1 240012AF14D31 240012AF157E1 = 240012AF14D31 240012AF14DD2 240012AF14D31 240012AF14D10 240012AF157BB 240012AF14DD2 240012AF157E1 = 240012AF14AC6 240012AF15CE3 240012AF157BB = 240012AF14F43 240012AF157E1 240012AF14DD2 240012AF14F43 240012AF14D31 240012AF14DD2 240012AF15CE3 240012AF14D31 = = 240012AF14AC6 240012AF14DD2 240012AF14D31 240012AF14AC6 240012AF15CE3 240012AF14D10 240012AF15CE3 240012AF14DD2 240012AF15CE3 240012AF14DD2 = 240012AF14B15 240012AF14F43 240012AF15CE3 240012AF14D31 240012AF14D10 240012AF14D31 240012AF14AC6 240012AF14DD2 240012AF157BB 240012AF14DD2 240012AF14D10 240012AF14B15 240012AF14D31 240012AF14B15 = 240012AF157E1 240012AF14AC6 240012AF157E1 = 240012AF14AC6 240012AF157BB 240012AF14F43 240012AF15CE3 240012AF157E1 = = 240012AF14D31 = = 240012AF14DD2 240012AF157E1 240012AF14B15 240012AF157E1 240012AF14B15 240012AF14D31 240012AF157BB 240012AF14D31 240012AF14AC6 240012AF15CE3 240012AF14E28 240012AF15CE3 240012AF14F43 240012AF157BB 240012AF14B15 240012AF14D31 240012AF15CE3 240012AF14D31 240012AF15CE3 240012AF14E28 240012AF14D10 240012AF14F43 240012AF14AC6 240012AF15CE3 240012AF14DD2 240012AF157BB 240012AF14E28 240012AF14F43 240012AF157BB 240012AF14E28 240012AF14F43 240012AF14AC6 240012AF14DD2 240012AF14D10 240012AF15CE3 240012AF14DD2 240012AF14D10 = 240012AF14DD2 240012AF14B15 240012AF157E1 240012AF14B15 240012AF15CE3 240012AF157BB 240012AF14D10 240012AF15CE3 240012AF157BB 240012AF157E1 240012AF15CE3 240012AF14D10 240012AF14B15 240012AF14F43 240012AF15CE3" numberOfLostObjects="3 5 5 2 5 3 5 4 2 4 3 5 2 4 4 5 3 2 4 5 2 2 3 5 3 2 5 3 3 5 5 3 3 4 3 2 5 3 5 5 5 2 4 5 5 3 4 2 3 2 2 4 2 3 3 4 3 2 5 4 4 3 4 2 2 3 2 3 2 2 2 2 2 3 2 2 4 4 2 3 3 4 2 2 4 2 3 4 2 3 4 2 2 4 3 2 2 4 1 2 1 3 3 1 3 1 3 3 1 3 1 3 2 2 1 2 3 1 2 0" numberOfReceivedObjects="57 55 55 58 55 57 55 56 58 56 57 55 58 56 56 55 57 58 56 55 58 58 57 55 57 58 55 57 57 55 55 57 57 56 57 58 55 57 55 55 55 58 56 55 55 57 56 58 57 58 58 56 58 57 57 56 57 58 55 56 56 57 56 58 58 57 58 57 58 58 58 58 58 57 58 58 56 56 58 57 57 56 58 58 56 58 57 56 58 57 56 58 58 56 57 58 58 56 59 58 59 57 57 59 57 59 57 57 59 57 59 57 58 58 59 58 57 59 58 60" sessionStartTime="3628825149" sessionStopTime="3628832349"></g1:qoeMetrics>
  </g1:statisticalReport>
</g1:receptionReport>

--frontier--
]]></requestXML>
</ueReceptionReport>
<ueReceptionReport>
  <arriveTime>2014-12-29T07:56:26.520+00:00</arriveTime>
  <requestURI>http://mbadp-ohcn01-e.myvzw.com:80/reportingService/test_bdc/16776210_1001_2001</requestURI>
  <sourceAddress>2001:4888:4:3ee0:b0:d::</sourceAddress>
  <userAgent><![CDATA[TestAgent]]></userAgent>
  <contentType><![CDATA[multipart/mixed; boundary=frontier]]></contentType>
  <requestXML><![CDATA[MIME-Version: 1.0
Content-Type: multipart/mixed; boundary=frontier

--frontier
Content-Type: text/xml

<g1:receptionReport xmlns="urn:3gpp:ns:metadata" xmlns:g1="urn:3gpp:metadata:2008:MBMS:receptionreport" xmlns:xsi="http://www.w3.org/2001/XMLSchema-instance" xsi:schemaLocation="urn:3gpp:metadata:2008:MBMS:receptionreport receptionReportingRequestRestricted.xsd">
  <g1:statisticalReport clientId="990034600090" serviceId="urn:wpst:test:16776210:1001:2001">
    <g1:qoeMetrics networkResourceCellId="240012AF14E0F 240012AF15A94 240012AF14D46 240012AF14EAA 240012AF14E0F 240012AF15500 240012AF15676 = 240012AF1499B 240012AF15500 240012AF14D46 240012AF14E0F 240012AF14D46 240012AF148E5 240012AF14D69 240012AF15EE4 = 240012AF14EAA 240012AF14D46 240012AF15676 240012AF148E5 240012AF14EAA 240012AF15EE4 240012AF15A94 240012AF148E5 240012AF14EAA 240012AF14D46 240012AF15676 240012AF15500 240012AF14EAA 240012AF15A94 240012AF148E5 240012AF15676 240012AF14D69 240012AF14EAA 240012AF15500 = 240012AF14D69 240012AF14EAA 240012AF15EE4" numberOfLostObjects="9 19 12 10 15 12 10 15 9 16 9 15 16 14 8 8 13 11 14 6 9 11 10 10 10 8 8 8 10 10 8 6 6 6 3 3 3 5 4 1" numberOfReceivedObjects="51 41 48 50 45 48 50 45 51 44 51 45 44 46 52 52 47 49 46 54 51 49 50 50 50 52 52 52 50 50 52 54 54 54 57 57 57 55 56 59" sessionStartTime="3628825149" sessionStopTime="3628827549"></g1:qoeMetrics>
  </g1:statisticalReport>
</g1:receptionReport>

--frontier--
]]></requestXML>
</ueReceptionReport>
<ueReceptionReport>
  <arriveTime>2014-12-29T08:36:30.520+00:00</arriveTime>
  <requestURI>http://mbadp-ohcn01-e.myvzw.com:80/reportingService/test_bdc/16776210_1001_2001</requestURI>
  <sourceAddress>2001:4888:4:3ee0:b0:d::</sourceAddress>
  <userAgent><![CDATA[TestAgent]]></userAgent>
  <contentType><![CDATA[multipart/mixed; boundary=frontier]]></contentType>
  <requestXML><![CDATA[MIME-Version: 1.0
Content-Type: multipart/mixed; boundary=frontier

--frontier
Content-Type: text/xml

<g1:receptionReport xmlns="urn:3gpp:ns:metadata" xmlns:g1="urn:3gpp:metadata:2008:MBMS:receptionreport" xmlns:xsi="http://www.w3.org/2001/XMLSchema-instance" xsi:schemaLocation="urn:3gpp:metadata:2008:MBMS:receptionreport receptionReportingRequestRestricted.xsd">
  <g1:statisticalReport clientId="990034600090" serviceId="urn:wpst:test:16776210:1001:2001">
    <g1:qoeMetrics networkResourceCellId="240012AF14EAA 240012AF15676 = 240012AF14EAA = 240012AF15676 240012AF1499B 240012AF15EE4 240012AF15A94 240012AF15EE4 240012AF14D69 240012AF14EAA 240012AF14E0F 240012AF148E5 240012AF14E0F 240012AF14D46 = 240012AF15500 240012AF15EE4 240012AF15676 240012AF15500 240012AF14D46 240012AF15EE4 = 240012AF14EAA 240012AF14D69 240012AF1499B 240012AF15EE4 240012AF15500 240012AF14EAA 240012AF15A94 240012AF14E0F 240012AF148E5 240012AF14E0F 240012AF148E5 240012AF15EE4 240012AF14D46 240012AF14EAA 240012AF14D69 240012AF148E5" numberOfLostObjects="10 17 9 12 9 12 18 14 15 8 15 15 10 15 13 13 13 11 11 6 9 6 11 10 8 8 9 5 7 6 10 5 5 5 8 5 7 4 3 3" numberOfReceivedObjects="50 43 51 48 51 48 42 46 45 52 45 45 50 45 47 47 47 49 49 54 51 54 49 50 52 52 51 55 53 54 50 55 55 55 52 55 53 56 57 57" sessionStartTime="3628827549" sessionStopTime="3628829949"></g1:qoeMetrics>
  </g1:statisticalReport>
</g1:receptionReport>

--frontier--
]]></requestXML>
</ueReceptionReport>
