<ueReceptionReport>
  <arriveTime>2014-12-29T07:55:43.520+00:00</arriveTime>
  <requestURI>http://mbadp-ohcn01-e.myvzw.com:80/reportingService/test_bdc/16776210_1001_2001</requestURI>
  <sourceAddress>2001:4888:4:3ee0:b0:d::</sourceAddress>
  <userAgent><![CDATA[TestAgent]]></userAgent>
  <contentType><![CDATA[multipart/mixed; boundary=frontier]]></contentType>
  <requestXML><![CDATA[MIME-Version: 1.0
Content-Type: multipart/mixed; boundary=frontier

--frontier
Content-Type: text/xml

<g1:receptionReport xmlns="urn:3gpp:ns:metadata" xmlns:g1="urn:3gpp:metadata:2008:MBMS:receptionreport" xmlns:xsi="http://www.w3.org/2001/XMLSchema-instance" xsi:schemaLocation="urn:3gpp:metadata:2008:MBMS:receptionreport receptionReportingRequestRestricted.xsd">
  <g1:statisticalReport clientId="990034600061" serviceId="urn:wpst:test:16776210:1001:2001">
    <g1:qoeMetrics networkResourceCellId="240012AF0FB38 240012AF101BB = 240012AF0EDDA 240012AF10174 240012AF0EAFA 240012AF10174 240012AF10007 240012AF0FB25 240012AF0EAFA 240012AF0ED48 240012AF101BB 240012AF0ED48 240012AF0EAFA 240012AF0FB25 240012AF0EAFA 240012AF0F8D5 240012AF0FB25 240012AF0ED48 240012AF10174 240012AF0FB25 = 240012AF0FB38 240012AF10007 = 240012AF0ED48 240012AF10007 240012AF10174 240012AF0F8D5 240012AF0FB38 240012AF0FB25 240012AF10174 240012AF10007 240012AF101BB 240012AF0FB38 240012AF101BB 240012AF0FB38 240012AF0FB25 240012AF100EB 240012AF0FB25" numberOfLostObjects="14 16 9 12 18 8 13 13 8 14 16 15 13 14 13 12 14 7 12 11 12 12 10 5 8 8 7 6 8 8 4 8 6 3 3 7 5 4 3 1" numberOfReceivedObjects="46 44 51 48 42 52 47 47 52 46 44 45 47 46 47 48 46 53 48 49 48 48 50 55 52 52 53 54 52 52 56 52 54 57 57 53 55 56 57 59" sessionStartTime="3628825149" sessionStopTime="3628827549"></g1:qoeMetrics>
  </g1:statisticalReport>
</g1:receptionReport>

--frontier--
]]></requestXML>
</ueReceptionReport>
<ueReceptionReport>
  <arriveTime>2014-12-29T08:36:02.520+00:00</arriveTime>
  <requestURI>http://mbadp-ohcn01-e.myvzw.com:80/reportingService/test_bdc/16776210_1001_2001</requestURI>
  <sourceAddress>2001:4888:4:3ee0:b0:d::</sourceAddress>
  <userAgent><![CDATA[TestAgent]]></userAgent>
  <contentType><![CDATA[multipart/mixed; boundary=frontier]]></contentType>
  <requestXML><![CDATA[MIME-Version: 1.0
Content-Type: multipart/mixed; boundary=frontier

--frontier
Content-Type: text/xml

<g1:receptionReport xmlns="urn:3gpp:ns:metadata" xmlns:g1="urn:3gpp:metadata:2008:MBMS:receptionreport" xmlns:xsi="http://www.w3.org/2001/XMLSchema-instance" xsi:schemaLocation="urn:3gpp:metadata:2008:MBMS:receptionreport receptionReportingRequestRestricted.xsd">
  <g1:statisticalReport clientId="990034600061" serviceId="urn:wpst:test:16776210:1001:2001">
    <g1:qoeMetrics networkResourceCellId="240012AF101BB 240012AF0ED48 240012AF100EB = 240012AF101BB 240012AF0ED48 240012AF10007 240012AF10174 240012AF0FB38 240012AF0FB25 240012AF0F8D5 240012AF10007 240012AF101BB 240012AF0EDDA 240012AF0ED48 240012AF10174 240012AF0FB25 240012AF100EB 240012AF0FB25 240012AF10007 240012AF0EDDA 240012AF0FB25 240012AF0FB38 = = 240012AF0FB25 240012AF10007 240012AF0FB38 240012AF0FB25 240012AF0F8D5 240012AF0FB38 240012AF101BB 240012AF0FB38 240012AF10174 240012AF0F8D5 240012AF10007 240012AF0F8D5 240012AF0ED48 = 240012AF10174" numberOfLostObjects="16 16 17 17 9 9 12 9 15 15 16 15 8 14 14 9 12 12 13 11 9 8 5 8 9 9 10 9 8 5 8 5 3 7 4 2 4 5 2 1" numberOfReceivedObjects="44 44 43 43 51 51 48 51 45 45 44 45 52 46 46 51 48 48 47 49 51 52 55 52 51 51 50 51 52 55 52 55 57 53 56 58 56 55 58 59" sessionStartTime="3628827549" sessionStopTime="3628829949"></g1:qoeMetrics>
  </g1:statisticalReport>
</g1:receptionReport>

--frontier--
]]></requestXML>
</ueReceptionReport>
<ueReceptionReport>
  <arriveTime>2014-12-29T09:15:54.520+00:00</arriveTime>
  <requestURI>http://mbadp-ohcn01-e.myvzw.com:80/reportingService/test_bdc/16776210_1001_2001</requestURI>
  <sourceAddress>2001:4888:4:3ee0:b0:d::</sourceAddress>
  <userAgent><![CDATA[TestAgent]]></userAgent>
  <contentType><![CDATA[multipart/mixed; boundary=frontier]]></contentType>
  <requestXML><![CDATA[MIME-Version: 1.0
Content-Type: multipart/mixed; boundary=frontier

--frontier
Content-Type: text/xml

<g1:receptionReport xmlns="urn:3gpp:ns:metadata" xmlns:g1="urn:3gpp:metadata:2008:MBMS:receptionreport" xmlns:xsi="http://www.w3.org/2001/XMLSchema-instance" xsi:schemaLocation="urn:3gpp:metadata:2008:MBMS:receptionreport receptionReportingRequestRestricted.xsd">
  <g1:statisticalReport clientId="990034600062" serviceId="urn:wpst:test:16776210:1001:2001">
    <g1:qoeMetrics networkResourceCellId="240012AF0EB3D 240012AF0EBD5 240012AF1009C 240012AF0FC23 240012AF1009C 240012AF0EE6F 240012AF0EBD5 240012AF0FD08 240012AF0F8C2 240012AF0ED69 240012AF0FD08 = 240012AF0EBD5 240012AF1009C 240012AF0EE6F 240012AF0EB7D 240012AF0EB3D 240012AF0FE7D 240012AF0EB3D 240012AF0FD08 240012AF0EB7D 240012AF0EBD5 240012AF0ED69 240012AF0FC23 240012AF0FE7D = 240012AF0EE6F 240012AF0FC23 240012AF0ED69 240012AF0EE6F = 240012AF0EB7D 240012AF0EBD5 240012AF0EB3D 240012AF0EBD5 240012AF0ED69 240012AF0FC23 240012AF0EB7D 240012AF0EBD5 240012AF0EB3D 240012AF0FD08 240012AF0FE7D 240012AF0ED69 240012AF0FD08 240012AF0EE6F = 240012AF0ED69 240012AF1009C 240012AF0FD08 240012AF0FE7D 240012AF0ED69 240012AF1009C 240012AF0EB7D 240012AF0EB3D 240012AF0FD08 240012AF0ED69 = 240012AF0FE7D = 240012AF0ED69 240012AF0EBD5 240012AF0FD08 240012AF0EB7D 240012AF0FD08 240012AF0F8C2 240012AF1009C 240012AF0F8C2 240012AF0EB7D 240012AF0EBD5 = 240012AF0F8C2 240012AF0FD08 240012AF0FC23 240012AF0F8C2 240012AF0EB3D = 240012AF0ED69 240012AF0EB7D 240012AF0FE7D 240012AF0FD08 240012AF0EE6F 240012AF0EBD5 240012AF0EE6F 240012AF0FD08 240012AF0EB3D 240012AF0F8C2 240012AF0FD08 240012AF0EB3D 240012AF0FC23 240012AF1009C 240012AF0EB7D 240012AF0EB3D 240012AF0EBD5 240012AF0ED69 240012AF0F8C2 240012AF0EBD5 240012AF0FC23 240012AF0EBD5 240012AF1009C 240012AF0EB3D 240012AF0EB7D 240012AF0EE6F 240012AF0F8C2 240012AF0EE6F 240012AF0ED69 = 240012AF0FC23 240012AF0ED69 240012AF0EBD5 240012AF0EE6F 240012AF0FD08 240012AF0F8C2 = = 240012AF0EB7D 240012AF0ED69 240012AF0FD08 240012AF0EB3D 240012AF0EB7D 240012AF1009C" numberOfLostObjects="4 2 3 5 2 4 2 3 3 3 2 3 6 2 3 3 3 3 5 2 4 3 4 2 3 3 3 3 5 3 3 3 4 3 5 4 5 5 2 3 3 2 3 2 2 4 3 3 5 2 3 3 3 2 4 5 3 5 2 2 2 3 3 4 4 3 3 4 2 3 5 3 3 2 3 3 4 4 5 4 4 3 3 3 3 2 4 3 4 4 4 4 4 4 3 3 3 3 3 1 2 3 1 1 1 2 2 2 3 1 1 3 2 1 2 1 1 2 3 0" numberOfReceivedObjects="56 58 57 55 58 56 58 57 57 57 58 57 54 58 57 57 57 57 55 58 56 57 56 58 57 57 57 57 55 57 57 57 56 57 55 56 55 55 58 57 57 58 57 58 58 56 57 57 55 58 57 57 57 58 56 55 57 55 58 58 58 57 57 56 56 57 57 56 58 57 55 57 57 58 57 57 56 56 55 56 56 57 57 57 57 58 56 57 56 56 56 56 56 56 57 57 57 57 57 59 58 57 59 59 59 58 58 58 57 59 59 57 58 59 58 59 59 58 57 60" sessionStartTime="3628825149" sessionStopTime="3628832349"></g1:qoeMetrics>
  </g1:statisticalReport>
</g1:receptionReport>

--frontier--
]]></requestXML>
</ueReceptionReport>
<ueReceptionReport>
  <arriveTime>2014-12-29T09:16:22.520+00:00</arriveTime>
  <requestURI>http://mbadp-ohcn01-e.myvzw.com:80/reportingService/test_bdc/16776210_1001_2001</requestURI>
  <sourceAddress>2001:4888:4:3ee0:b0:d::</sourceAddress>
  <userAgent><![CDATA[TestAgent]]></userAgent>
  <contentType><![CDATA[multipart/mixed; boundary=frontier]]></contentType>
  <requestXML><![CDATA[MIME-Version: 1.0
Content-Type: multipart/mixed; boundary=frontier

--frontier
Content-Type: text/xml

<g1:receptionReport xmlns="urn:3gpp:ns:metadata" xmlns:g1="urn:3gpp:metadata:2008:MBMS:receptionreport" xmlns:xsi="http://www.w3.org/2001/XMLSchema-instance" xsi:schemaLocation="urn:3gpp:metadata:2008:MBMS:receptionreport receptionReportingRequestRestricted.xsd">
  <g1:statisticalReport clientId="990034600063" serviceId="urn:wpst:test:16776210:1001:2001">
    <g1:qoeMetrics networkResourceCellId="240012AF0ECF0 240012AF0FE65 240012AF0F589 240012AF0ECF0 240012AF0FE65 240012AF0F701 240012AF0FBE7 240012AF0F974 240012AF0F589 240012AF1013F 240012AF0ECF0 240012AF0F589 240012AF0F701 240012AF1013F = 240012AF0F974 240012AF0EAEB 240012AF0F589 240012AF0EAEB 240012AF0F589 240012AF1013F 240012AF0ECF0 240012AF0FC3D 240012AF0F974 240012AF0FE65 240012AF0F974 240012AF1013F 240012AF0F974 240012AF0F701 240012AF0F974 240012AF0F701 240012AF0EE1C 240012AF0EAEB 240012AF0FE65 240012AF1013F 240012AF0ECF0 240012AF0FE65 240012AF0EAEB 240012AF0F589 240012AF0F974 240012AF0FE65 240012AF0EE1C 240012AF0ECF0 240012AF0EAEB 240012AF0ECF0 240012AF0F974 240012AF1013F 240012AF0FC3D 240012AF0F701 240012AF0F589 240012AF0FBE7 = 240012AF1013F 240012AF0FC3D 240012AF0F701 = 240012AF0F974 = 240012AF0FBE7 = = 240012AF0ECF0 240012AF0EAEB = 240012AF1013F 240012AF0F589 240012AF0F974 240012AF0EE1C 240012AF0FBE7 = 240012AF0FE65 240012AF1013F 240012AF0EAEB 240012AF0FC3D 240012AF0FE65 240012AF0F974 = 240012AF0F589 240012AF1013F 240012AF0F974 240012AF0EAEB 240012AF0F974 240012AF0F701 240012AF0F589 240012AF1013F 240012AF0F701 240012AF0ECF0 240012AF0FE65 240012AF0FBE7 240012AF0ECF0 240012AF1013F 240012AF0FBE7 240012AF0FC3D 240012AF0F589 240012AF0FC3D 240012AF1013F 240012AF0EAEB 240012AF1013F 240012AF0F701 240012AF0FC3D 240012AF0F974 240012AF0FC3D 240012AF0FE65 240012AF1013F 240012AF0FE65 240012AF0FBE7 240012AF0FE65 240012AF0EE1C 240012AF0F589 240012AF0EE1C 240012AF0FE65 240012AF1013F 240012AF0F589 240012AF1013F 240012AF0F974 240012AF0F701 240012AF0FC3D 240012AF0EE1C 240012AF0FC3D 240012AF0FBE7" numberOfLostObjects="4 2 3 4 4 2 5 4 5 4 4 3 5 5 4 4 3 3 4 3 4 4 2 4 3 3 3 3 5 2 5 2 2 5 4 4 5 3 2 4 5 4 5 4 3 4 2 4 5 5 5 2 3 4 3 3 3 4 2 2 4 2 4 3 4 4 2 4 4 4 3 3 2 3 2 2 2 2 3 3 2 3 4 4 2 2 2 2 1 3 2 1 4 2 2 2 3 3 2 2 3 1 3 3 2 1 1 2 2 2 2 3 1 1 2 2 1 2 1 1" numberOfReceivedObjects="56 58 57 56 56 58 55 56 55 56 56 57 55 55 56 56 57 57 56 57 56 56 58 56 57 57 57 57 55 58 55 58 58 55 56 56 55 57 58 56 55 56 55 56 57 56 58 56 55 55 55 58 57 56 57 57 57 56 58 58 56 58 56 57 56 56 58 56 56 56 57 57 58 57 58 58 58 58 57 57 58 57 56 56 58 58 58 58 59 57 58 59 56 58 58 58 57 57 58 58 57 59 57 57 58 59 59 58 58 58 58 57 59 59 58 58 59 58 59 59" sessionStartTime="3628825149" sessionStopTime="3628832349"></g1:qoeMetrics>
  </g1:statisticalReport>
</g1:receptionReport>

--frontier--
]]></requestXML>
</ueReceptionReport>
<ueReceptionReport>
  <arriveTime>2014-12-29T09:16:33.520+00:00</arriveTime>
  <requestURI>http://mbadp-ohcn01-e.myvzw.com:80/reportingService/test_bdc/16776210_1001_2001</requestURI>
  <sourceAddress>2001:4888:4:3ee0:b0:d::</sourceAddress>
  <userAgent><![CDATA[TestAgent]]></userAgent>
  <contentType><![CDATA[multipart/mixed; boundary=frontier]]></contentType>
  <requestXML><![CDATA[MIME-Version: 1.0
Content-Type: multipart/mixed; boundary=frontier

--frontier
Content-Type: text/xml

<g1:receptionReport xmlns="urn:3gpp:ns:metadata" xmlns:g1="urn:3gpp:metadata:2008:MBMS:receptionreport" xmlns:xsi="http://www.w3.org/2001/XMLSchema-instance" xsi:schemaLocation="urn:3gpp:metadata:2008:MBMS:receptionreport receptionReportingRequestRestricted.xsd">
  <g1:statisticalReport clientId="990034600064" serviceId="urn:wpst:test:16776210:1001:2001">
    <g1:qoeMetrics networkResourceCellId="240012AF0F89D 240012AF0EE17 240012AF0F063 240012AF0F72A 240012AF0EC6A 240012AF0F7DC 240012AF0EF52 240012AF0FA7F 240012AF0F063 240012AF0FA7F 240012AF0EE17 240012AF0F063 = 240012AF0F7DC 240012AF0F1C5 240012AF0F89D 240012AF0EC6A 240012AF0F89D 240012AF0F7DC = 240012AF0EEBE 240012AF0F7DC 240012AF0FA7F 240012AF0F89D 240012AF0EEBE 240012AF0EF52 240012AF0F89D 240012AF0EC6A 240012AF0EE17 240012AF0F7DC 240012AF0F1C5 240012AF0EF52 240012AF0F72A 240012AF0EF52 240012AF0EEBE 240012AF0F89D 240012AF0F7DC = 240012AF0F89D 240012AF0F7DC 240012AF0EE17 240012AF0EF52 240012AF0FA7F 240012AF0F7DC 240012AF0F1C5 = 240012AF0F72A 240012AF0F7DC 240012AF0EC6A 240012AF0F063 240012AF0F72A 240012AF0F063 240012AF0EC6A 240012AF0F72A 240012AF0F89D 240012AF0F063 240012AF0EC6A = = 240012AF0F1C5 240012AF0EEBE 240012AF0F7DC 240012AF0F72A 240012AF0EC6A 240012AF0F7DC 240012AF0EC6A 240012AF0EE17 = 240012AF0EF52 = 240012AF0F72A 240012AF0F7DC 240012AF0EEBE 240012AF0F063 240012AF0EE17 = 240012AF0FA7F 240012AF0F7DC 240012AF0F1C5 240012AF0EEBE 240012AF0EC6A 240012AF0EEBE = 240012AF0F72A 240012AF0EE17 240012AF0EF52 240012AF0F72A 240012AF0F1C5 240012AF0FA7F 240012AF0F1C5 = 240012AF0EF52 240012AF0F89D 240012AF0EF52 240012AF0FA7F 240012AF0EEBE 240012AF0F89D 240012AF0F72A 240012AF0F89D 240012AF0F063 240012AF0EC6A 240012AF0F1C5 240012AF0FA7F = 240012AF0F063 240012AF0EF52 240012AF0EEBE 240012AF0FA7F 240012AF0F89D 240012AF0F72A 240012AF0EEBE 240012AF0EE17 240012AF0F89D 240012AF0FA7F 240012AF0F7DC 240012AF0EF52 240012AF0F1C5 240012AF0F063 240012AF0EF52 240012AF0F1C5" numberOfLostObjects="4 4 2 5 5 2 4 2 4 2 5 2 5 3 4 5 4 3 3 2 5 4 4 3 5 3 4 4 3 5 2 5 3 2 4 3 3 2 3 5 2 2 5 2 4 4 5 2 5 3 2 5 5 5 2 4 2 4 3 2 4 2 2 4 3 3 2 4 3 2 4 4 3 3 4 3 4 2 3 2 3 3 3 2 2 2 2 2 4 2 3 3 3 3 3 1 2 3 1 3 3 3 2 3 1 2 2 1 3 3 2 1 2 1 1 3 2 2 2 0" numberOfReceivedObjects="56 56 58 55 55 58 56 58 56 58 55 58 55 57 56 55 56 57 57 58 55 56 56 57 55 57 56 56 57 55 58 55 57 58 56 57 57 58 57 55 58 58 55 58 56 56 55 58 55 57 58 55 55 55 58 56 58 56 57 58 56 58 58 56 57 57 58 56 57 58 56 56 57 57 56 57 56 58 57 58 57 57 57 58 58 58 58 58 56 58 57 57 57 57 57 59 58 57 59 57 57 57 58 57 59 58 58 59 57 57 58 59 58 59 59 57 58 58 58 60" sessionStartTime="3628825149" sessionStopTime="3628832349"></g1:qoeMetrics>
  </g1:statisticalReport>
</g1:receptionReport>

--frontier--
]]></requestXML>
</ueReceptionReport>
<ueReceptionReport>
  <arriveTime>2014-12-29T07:56:37.520+00:00</arriveTime>
  <requestURI>http://mbadp-ohcn01-e.myvzw.com:80/reportingService/test_bdc/16776210_1001_2001</requestURI>
  <sourceAddress>2001:4888:4:3ee0:b0:d::</sourceAddress>
  <userAgent><![CDATA[TestAgent]]></userAgent>
  <contentType><![CDATA[multipart/mixed; boundary=frontier]]></contentType>
  <requestXML><![CDATA[MIME-Version: 1.0
Content-Type: multipart/mixed; boundary=frontier

--frontier
Content-Type: text/xml

<g1:receptionReport xmlns="urn:3gpp:ns:metadata" xmlns:g1="urn:3gpp:metadata:2008:MBMS:receptionreport" xmlns:xsi="http://www.w3.org/2001/XMLSchema-instance" xsi:schemaLocation="urn:3gpp:metadata:2008:MBMS:receptionreport receptionReportingRequestRestricted.xsd">
  <g1:statisticalReport clientId="990034600065" serviceId="urn:wpst:test:16776210:1001:2001">
    <g1:qoeMetrics networkResourceCellId="240012AF0EC48 240012AF0FD1B 240012AF0FE9A 240012AF0EC48 240012AF0FEEB 240012AF0FE9A 240012AF0ECF0 240012AF0F1CA 240012AF0FEEB = 240012AF0FF4D 240012AF0FBD7 240012AF0FD70 240012AF0FE9A 240012AF0FEEB 240012AF0F1CA 240012AF0FB77 240012AF0FBD7 240012AF0F1CA 240012AF0FE9A 240012AF0FD1B 240012AF0FF4D 240012AF0ECF0 240012AF0FB77 240012AF0F1CA 240012AF0ECF0 240012AF0FF4D 240012AF0FB77 240012AF0F1CA 240012AF0FD1B 240012AF0ECF0 240012AF0FB77 240012AF0FE9A 240012AF0FB77 240012AF0FBD7 240012AF0FD70 240012AF0FF4D 240012AF0FB77 240012AF0FF4D 240012AF0FEEB" numberOfLostObjects="16 17 10 11 18 12 15 14 11 12 15 7 11 11 15 13 8 13 7 6 13 11 10 8 12 5 9 10 8 4 9 6 7 4 7 6 2 2 3 2" numberOfReceivedObjects="44 43 50 49 42 48 45 46 49 48 45 53 49 49 45 47 52 47 53 54 47 49 50 52 48 55 51 50 52 56 51 54 53 56 53 54 58 58 57 58" sessionStartTime="3628825149" sessionStopTime="3628827549"></g1:qoeMetrics>
  </g1:statisticalReport>
</g1:receptionReport>

--frontier--
]]></requestXML>
</ueReceptionReport>
<ueReceptionReport>
  <arriveTime>2014-12-29T08:36:20.520+00:00</arriveTime>
  <requestURI>http://mbadp-ohcn01-e.myvzw.com:80/reportingService/test_bdc/16776210_1001_2001</requestURI>
  <sourceAddress>2001:4888:4:3ee0:b0:d::</sourceAddress>
  <userAgent><![CDATA[TestAgent]]></userAgent>
  <contentType><![CDATA[multipart/mixed; boundary=frontier]]></contentType>
  <requestXML><![CDATA[MIME-Version: 1.0
Content-Type: multipart/mixed; boundary=frontier

--frontier
Content-Type: text/xml

<g1:receptionReport xmlns="urn:3gpp:ns:metadata" xmlns:g1="urn:3gpp:metadata:2008:MBMS:receptionreport" xmlns:xsi="http://www.w3.org/2001/XMLSchema-instance" xsi:schemaLocation="urn:3gpp:metadata:2008:MBMS:receptionreport receptionReportingRequestRestricted.xsd">
  <g1:statisticalReport clientId="990034600065" serviceId="urn:wpst:test:16776210:1001:2001">
    <g1:qoeMetrics networkResourceCellId="240012AF0EC48 240012AF0FF4D 240012AF0FBD7 = 240012AF0FB77 240012AF0FD1B 240012AF0FD70 240012AF0FB77 240012AF0FE9A = 240012AF0FD70 240012AF0FEEB 240012AF0ECF0 240012AF0FBD7 = 240012AF0EC48 240012AF0FBD7 240012AF0ECF0 240012AF0FD1B 240012AF0FE9A 240012AF0FD1B 240012AF0FBD7 = 240012AF0ECF0 240012AF0FD70 240012AF0FF4D 240012AF0FD70 240012AF0FBD7 240012AF0FD70 240012AF0FE9A 240012AF0ECF0 240012AF0FB77 240012AF0FE9A 240012AF0FB77 = 240012AF0FE9A 240012AF0EC48 240012AF0FEEB 240012AF0FF4D 240012AF0FD70" numberOfLostObjects="14 12 15 16 11 13 9 12 11 16 16 11 15 10 9 8 13 11 14 11 8 11 8 12 8 9 9 6 5 8 8 5 4 6 7 5 5 6 3 0" numberOfReceivedObjects="46 48 45 44 49 47 51 48 49 44 44 49 45 50 51 52 47 49 46 49 52 49 52 48 52 51 51 54 55 52 52 55 56 54 53 55 55 54 57 60" sessionStartTime="3628827549" sessionStopTime="3628829949"></g1:qoeMetrics>
  </g1:statisticalReport>
</g1:receptionReport>

--frontier--
]]></requestXML>
</ueReceptionReport>
<ueReceptionReport>
  <arriveTime>2014-12-29T09:16:24.520+00:00</arriveTime>
  <requestURI>http://mbadp-ohcn01-e.myvzw.com:80/reportingService/test_bdc/16776210_1001_2001</requestURI>
  <sourceAddress>2001:4888:4:3ee0:b0:d::</sourceAddress>
  <userAgent><![CDATA[TestAgent]]></userAgent>
  <contentType><![CDATA[multipart/mixed; boundary=frontier]]></contentType>
  <requestXML><![CDATA[MIME-Version: 1.0
Content-Type: multipart/mixed; boundary=frontier

--frontier
Content-Type: text/xml

<g1:receptionReport xmlns="urn:3gpp:ns:metadata" xmlns:g1="urn:3gpp:metadata:2008:MBMS:receptionreport" xmlns:xsi="http://www.w3.org/2001/XMLSchema-instance" xsi:schemaLocation="urn:3gpp:metadata:2008:MBMS:receptionreport receptionReportingRequestRestricted.xsd">
  <g1:statisticalReport clientId="990034600066" serviceId="urn:wpst:test:16776210:1001:2001">
    <g1:qoeMetrics networkResourceCellId="240012AF0F46F 240012AF0F1BE = 240012AF0FD33 240012AF0FCFD 240012AF101A5 240012AF0F7BC 240012AF0F024 240012AF0EE63 240012AF0F1BE 240012AF0F50B 240012AF0FCFD 240012AF0F024 240012AF101A5 240012AF0EE63 240012AF0F50B 240012AF0EE63 240012AF0F46F 240012AF0FD33 240012AF0F50B 240012AF101A5 240012AF0F46A 240012AF0EE63 240012AF0F7BC 240012AF0F50B 240012AF0FD33 240012AF0F50B 240012AF0FD33 240012AF0F46F = 240012AF0F46A 240012AF0F7BC = 240012AF0FD33 240012AF0F1BE 240012AF0F46A 240012AF0F7BC = 240012AF101A5 240012AF0FD33 240012AF0F7BC 240012AF0F1BE 240012AF0F7BC 240012AF0F46F 240012AF101A5 = 240012AF0FD33 240012AF0F024 240012AF0F46A 240012AF101A5 240012AF0F50B 240012AF0F46F 240012AF0F7BC = 240012AF0EE63 240012AF0F46F 240012AF0F7BC 240012AF0F46F 240012AF0F50B 240012AF0FCFD 240012AF0F024 240012AF0EE63 = 240012AF0F7BC = 240012AF101A5 240012AF0F50B 240012AF101A5 240012AF0FD33 240012AF0F1BE 240012AF0EE63 240012AF0F7BC 240012AF0F1BE 240012AF101A5 240012AF0FCFD 240012AF0FD33 240012AF0F024 240012AF0F1BE 240012AF0FD33 240012AF0F50B 240012AF101A5 240012AF0EE63 240012AF0F46A 240012AF0F024 240012AF0F50B 240012AF0F1BE 240012AF0FD33 = 240012AF0F46F 240012AF0F50B 240012AF0F1BE 240012AF0F46F = 240012AF0F46A 240012AF0FCFD = 240012AF0F7BC 240012AF0F46F 240012AF0FD33 240012AF0F46F 240012AF0F7BC 240012AF0F1BE 240012AF0FCFD 240012AF101A5 240012AF0FD33 240012AF101A5 240012AF0F7BC 240012AF0FD33 240012AF101A5 240012AF0F024 240012AF0EE63 240012AF0F7BC 240012AF0EE63 240012AF0F7BC 240012AF0F46F = 240012AF0F7BC 240012AF0F024 240012AF0F46F 240012AF0EE63" numberOfLostObjects="5 5 4 4 4 5 2 4 2 3 3 3 4 5 5 3 5 2 4 2 4 4 3 3 5 2 5 4 4 2 3 3 5 2 5 3 5 5 5 5 3 2 2 5 5 2 2 5 2 4 5 4 3 3 2 2 2 2 4 4 4 2 2 3 3 3 3 3 2 3 2 3 2 3 4 4 2 2 4 4 4 4 3 4 2 4 1 3 1 4 2 1 2 3 2 3 3 1 3 3 3 3 1 3 1 1 3 1 1 3 1 1 2 3 1 1 3 2 1 0" numberOfReceivedObjects="55 55 56 56 56 55 58 56 58 57 57 57 56 55 55 57 55 58 56 58 56 56 57 57 55 58 55 56 56 58 57 57 55 58 55 57 55 55 55 55 57 58 58 55 55 58 58 55 58 56 55 56 57 57 58 58 58 58 56 56 56 58 58 57 57 57 57 57 58 57 58 57 58 57 56 56 58 58 56 56 56 56 57 56 58 56 59 57 59 56 58 59 58 57 58 57 57 59 57 57 57 57 59 57 59 59 57 59 59 57 59 59 58 57 59 59 57 58 59 60" sessionStartTime="3628825149" sessionStopTime="3628832349"></g1:qoeMetrics>
  </g1:statisticalReport>
</g1:receptionReport>

--frontier--
]]></requestXML>
</ueReceptionReport>
